                    {
                        "values": {
                            "RuleName": "-",
                            "CurrentDirectory": "C:\\Program Files (x86)\\AutoIt3\\",
                            "LogonId": "274222",
                            "OriginalFileName": "sc.exe",
                            "UtcTime": "2022-08-18 08:36:59.292",
                            "Description": "Service Control Manager Configuration Tool",
                            "User": "DESKTOP-B0T93D6\\george",
                            "Hashes": "MD5=24A3E2603E63BCB9695A2935D3B24695,SHA256=3047D5C22A245D1E4294FCD547EC5FB0F2E5EF030B764424ACC74E7744FBE32E,IMPHASH=B037D0ADB81BF9CFC651DE01742089F1",
                            "ParentImage": "C:\\Windows\\SysWOW64\\cmd.exe",
                            "IntegrityLevel": "High",
                            "TerminalSessionId": "1",
                            "Image": "C:\\Windows\\SysWOW64\\sc.exe",
                            "ParentProcessId": "3784",
                            "ParentProcessGuid": "C784477D-FA2B-62FD-1A0A-000000004700",
                            "Product": "Microsoft\u00ae Windows\u00ae Operating System",
                            "LogonGuid": "C784477D-F8DA-62FD-2E2F-040000000000",
                            "EventID": "1",
                            "ProcessGuid": "C784477D-FA2B-62FD-1C0A-000000004700",
                            "CommandLine": "sc  config AdobeARMservice start= disabled",
                            "ParentCommandLine": "C:\\Windows\\system32\\cmd.exe /c sc config AdobeARMservice start= disabled",
                            "ProcessId": "4992",
                            "FileVersion": "10.0.17134.1 (WinBuild.160101.0800)",
                            "Company": "Microsoft Corporation"
                        }
                    },
                    {
                        "values": {
                            "RuleName": "-",
                            "CurrentDirectory": "C:\\Program Files (x86)\\AutoIt3\\",
                            "LogonId": "274222",
                            "OriginalFileName": "sc.exe",
                            "UtcTime": "2022-08-18 08:36:59.910",
                            "Description": "Service Control Manager Configuration Tool",
                            "User": "DESKTOP-B0T93D6\\george",
                            "Hashes": "MD5=24A3E2603E63BCB9695A2935D3B24695,SHA256=3047D5C22A245D1E4294FCD547EC5FB0F2E5EF030B764424ACC74E7744FBE32E,IMPHASH=B037D0ADB81BF9CFC651DE01742089F1",
                            "ParentImage": "C:\\Windows\\SysWOW64\\cmd.exe",
                            "IntegrityLevel": "High",
                            "TerminalSessionId": "1",
                            "Image": "C:\\Windows\\SysWOW64\\sc.exe",
                            "ParentProcessId": "4216",
                            "ParentProcessGuid": "C784477D-FA2B-62FD-1F0A-000000004700",
                            "Product": "Microsoft\u00ae Windows\u00ae Operating System",
                            "LogonGuid": "C784477D-F8DA-62FD-2E2F-040000000000",
                            "EventID": "1",
                            "ProcessGuid": "C784477D-FA2B-62FD-230A-000000004700",
                            "CommandLine": "sc  config gupdate start= disabled",
                            "ParentCommandLine": "C:\\Windows\\system32\\cmd.exe /c sc config gupdate start= disabled",
                            "ProcessId": "7116",
                            "FileVersion": "10.0.17134.1 (WinBuild.160101.0800)",
                            "Company": "Microsoft Corporation"
                        }
                    },
                    {
                        "values": {
                            "RuleName": "-",
                            "CurrentDirectory": "C:\\Program Files (x86)\\AutoIt3\\",
                            "LogonId": "274222",
                            "OriginalFileName": "sc.exe",
                            "UtcTime": "2022-08-18 08:37:00.105",
                            "Description": "Service Control Manager Configuration Tool",
                            "User": "DESKTOP-B0T93D6\\george",
                            "Hashes": "MD5=24A3E2603E63BCB9695A2935D3B24695,SHA256=3047D5C22A245D1E4294FCD547EC5FB0F2E5EF030B764424ACC74E7744FBE32E,IMPHASH=B037D0ADB81BF9CFC651DE01742089F1",
                            "ParentImage": "C:\\Windows\\SysWOW64\\cmd.exe",
                            "IntegrityLevel": "High",
                            "TerminalSessionId": "1",
                            "Image": "C:\\Windows\\SysWOW64\\sc.exe",
                            "ParentProcessId": "7076",
                            "ParentProcessGuid": "C784477D-FA2C-62FD-240A-000000004700",
                            "Product": "Microsoft\u00ae Windows\u00ae Operating System",
                            "LogonGuid": "C784477D-F8DA-62FD-2E2F-040000000000",
                            "EventID": "1",
                            "ProcessGuid": "C784477D-FA2C-62FD-260A-000000004700",
                            "CommandLine": "sc  config gupdatem start= disabled",
                            "ParentCommandLine": "C:\\Windows\\system32\\cmd.exe /c sc config gupdatem start= disabled",
                            "ProcessId": "4316",
                            "FileVersion": "10.0.17134.1 (WinBuild.160101.0800)",
                            "Company": "Microsoft Corporation"
                        }
                    },
                    {
                        "values": {
                            "RuleName": "-",
                            "CurrentDirectory": "C:\\Program Files (x86)\\AutoIt3\\",
                            "LogonId": "274222",
                            "OriginalFileName": "sc.exe",
                            "UtcTime": "2022-08-18 08:37:00.256",
                            "Description": "Service Control Manager Configuration Tool",
                            "User": "DESKTOP-B0T93D6\\george",
                            "Hashes": "MD5=24A3E2603E63BCB9695A2935D3B24695,SHA256=3047D5C22A245D1E4294FCD547EC5FB0F2E5EF030B764424ACC74E7744FBE32E,IMPHASH=B037D0ADB81BF9CFC651DE01742089F1",
                            "ParentImage": "C:\\Windows\\SysWOW64\\cmd.exe",
                            "IntegrityLevel": "High",
                            "TerminalSessionId": "1",
                            "Image": "C:\\Windows\\SysWOW64\\sc.exe",
                            "ParentProcessId": "6476",
                            "ParentProcessGuid": "C784477D-FA2C-62FD-2B0A-000000004700",
                            "Product": "Microsoft\u00ae Windows\u00ae Operating System",
                            "LogonGuid": "C784477D-F8DA-62FD-2E2F-040000000000",
                            "EventID": "1",
                            "ProcessGuid": "C784477D-FA2C-62FD-310A-000000004700",
                            "CommandLine": "sc  config MozillaMaintenance start= disabled",
                            "ParentCommandLine": "C:\\Windows\\system32\\cmd.exe /c sc config MozillaMaintenance start= disabled",
                            "ProcessId": "6192",
                            "FileVersion": "10.0.17134.1 (WinBuild.160101.0800)",
                            "Company": "Microsoft Corporation"
                        }
                    },
                    {
                        "values": {
                            "RuleName": "-",
                            "CurrentDirectory": "C:\\Program Files (x86)\\AutoIt3\\",
                            "LogonId": "274222",
                            "OriginalFileName": "sc.exe",
                            "UtcTime": "2022-08-18 08:37:00.324",
                            "Description": "Service Control Manager Configuration Tool",
                            "User": "DESKTOP-B0T93D6\\george",
                            "Hashes": "MD5=24A3E2603E63BCB9695A2935D3B24695,SHA256=3047D5C22A245D1E4294FCD547EC5FB0F2E5EF030B764424ACC74E7744FBE32E,IMPHASH=B037D0ADB81BF9CFC651DE01742089F1",
                            "ParentImage": "C:\\Windows\\SysWOW64\\cmd.exe",
                            "IntegrityLevel": "High",
                            "TerminalSessionId": "1",
                            "Image": "C:\\Windows\\SysWOW64\\sc.exe",
                            "ParentProcessId": "4068",
                            "ParentProcessGuid": "C784477D-FA2C-62FD-330A-000000004700",
                            "Product": "Microsoft\u00ae Windows\u00ae Operating System",
                            "LogonGuid": "C784477D-F8DA-62FD-2E2F-040000000000",
                            "EventID": "1",
                            "ProcessGuid": "C784477D-FA2C-62FD-370A-000000004700",
                            "CommandLine": "sc  config edgeupdatem start= disabled",
                            "ParentCommandLine": "C:\\Windows\\system32\\cmd.exe /c sc config edgeupdatem start= disabled",
                            "ProcessId": "3552",
                            "FileVersion": "10.0.17134.1 (WinBuild.160101.0800)",
                            "Company": "Microsoft Corporation"
                        }
                    },
                    {
                        "values": {
                            "RuleName": "-",
                            "CurrentDirectory": "C:\\Program Files (x86)\\AutoIt3\\",
                            "LogonId": "274222",
                            "OriginalFileName": "sc.exe",
                            "UtcTime": "2022-08-18 08:37:00.421",
                            "Description": "Service Control Manager Configuration Tool",
                            "User": "DESKTOP-B0T93D6\\george",
                            "Hashes": "MD5=24A3E2603E63BCB9695A2935D3B24695,SHA256=3047D5C22A245D1E4294FCD547EC5FB0F2E5EF030B764424ACC74E7744FBE32E,IMPHASH=B037D0ADB81BF9CFC651DE01742089F1",
                            "ParentImage": "C:\\Windows\\SysWOW64\\cmd.exe",
                            "IntegrityLevel": "High",
                            "TerminalSessionId": "1",
                            "Image": "C:\\Windows\\SysWOW64\\sc.exe",
                            "ParentProcessId": "6540",
                            "ParentProcessGuid": "C784477D-FA2C-62FD-3A0A-000000004700",
                            "Product": "Microsoft\u00ae Windows\u00ae Operating System",
                            "LogonGuid": "C784477D-F8DA-62FD-2E2F-040000000000",
                            "EventID": "1",
                            "ProcessGuid": "C784477D-FA2C-62FD-3E0A-000000004700",
                            "CommandLine": "sc  config dnscache start= disabled",
                            "ParentCommandLine": "C:\\Windows\\system32\\cmd.exe /c sc config dnscache start= disabled",
                            "ProcessId": "6380",
                            "FileVersion": "10.0.17134.1 (WinBuild.160101.0800)",
                            "Company": "Microsoft Corporation"
                        }
                    },
                    {
                        "values": {
                            "RuleName": "-",
                            "CurrentDirectory": "C:\\Program Files (x86)\\AutoIt3\\",
                            "LogonId": "274222",
                            "OriginalFileName": "sc.exe",
                            "UtcTime": "2022-08-18 08:37:00.514",
                            "Description": "Service Control Manager Configuration Tool",
                            "User": "DESKTOP-B0T93D6\\george",
                            "Hashes": "MD5=24A3E2603E63BCB9695A2935D3B24695,SHA256=3047D5C22A245D1E4294FCD547EC5FB0F2E5EF030B764424ACC74E7744FBE32E,IMPHASH=B037D0ADB81BF9CFC651DE01742089F1",
                            "ParentImage": "C:\\Windows\\SysWOW64\\cmd.exe",
                            "IntegrityLevel": "High",
                            "TerminalSessionId": "1",
                            "Image": "C:\\Windows\\SysWOW64\\sc.exe",
                            "ParentProcessId": "6492",
                            "ParentProcessGuid": "C784477D-FA2C-62FD-410A-000000004700",
                            "Product": "Microsoft\u00ae Windows\u00ae Operating System",
                            "LogonGuid": "C784477D-F8DA-62FD-2E2F-040000000000",
                            "EventID": "1",
                            "ProcessGuid": "C784477D-FA2C-62FD-440A-000000004700",
                            "CommandLine": "sc  config sedsvc start= disabled",
                            "ParentCommandLine": "C:\\Windows\\system32\\cmd.exe /c sc config sedsvc start= disabled",
                            "ProcessId": "6644",
                            "FileVersion": "10.0.17134.1 (WinBuild.160101.0800)",
                            "Company": "Microsoft Corporation"
                        }
                    },
                    {
                        "values": {
                            "RuleName": "-",
                            "CurrentDirectory": "C:\\Program Files (x86)\\AutoIt3\\",
                            "LogonId": "274222",
                            "OriginalFileName": "sc.exe",
                            "UtcTime": "2022-08-18 08:37:00.603",
                            "Description": "Service Control Manager Configuration Tool",
                            "User": "DESKTOP-B0T93D6\\george",
                            "Hashes": "MD5=24A3E2603E63BCB9695A2935D3B24695,SHA256=3047D5C22A245D1E4294FCD547EC5FB0F2E5EF030B764424ACC74E7744FBE32E,IMPHASH=B037D0ADB81BF9CFC651DE01742089F1",
                            "ParentImage": "C:\\Windows\\SysWOW64\\cmd.exe",
                            "IntegrityLevel": "High",
                            "TerminalSessionId": "1",
                            "Image": "C:\\Windows\\SysWOW64\\sc.exe",
                            "ParentProcessId": "6488",
                            "ParentProcessGuid": "C784477D-FA2C-62FD-480A-000000004700",
                            "Product": "Microsoft\u00ae Windows\u00ae Operating System",
                            "LogonGuid": "C784477D-F8DA-62FD-2E2F-040000000000",
                            "EventID": "1",
                            "ProcessGuid": "C784477D-FA2C-62FD-4C0A-000000004700",
                            "CommandLine": "sc  config PcaSvc start= disabled",
                            "ParentCommandLine": "C:\\Windows\\system32\\cmd.exe /c sc config PcaSvc start= disabled",
                            "ProcessId": "6688",
                            "FileVersion": "10.0.17134.1 (WinBuild.160101.0800)",
                            "Company": "Microsoft Corporation"
                        }
                    },
                    {
                        "values": {
                            "RuleName": "-",
                            "CurrentDirectory": "C:\\Program Files (x86)\\AutoIt3\\",
                            "LogonId": "274222",
                            "OriginalFileName": "sc.exe",
                            "UtcTime": "2022-08-18 08:37:00.674",
                            "Description": "Service Control Manager Configuration Tool",
                            "User": "DESKTOP-B0T93D6\\george",
                            "Hashes": "MD5=24A3E2603E63BCB9695A2935D3B24695,SHA256=3047D5C22A245D1E4294FCD547EC5FB0F2E5EF030B764424ACC74E7744FBE32E,IMPHASH=B037D0ADB81BF9CFC651DE01742089F1",
                            "ParentImage": "C:\\Windows\\SysWOW64\\cmd.exe",
                            "IntegrityLevel": "High",
                            "TerminalSessionId": "1",
                            "Image": "C:\\Windows\\SysWOW64\\sc.exe",
                            "ParentProcessId": "6776",
                            "ParentProcessGuid": "C784477D-FA2C-62FD-4F0A-000000004700",
                            "Product": "Microsoft\u00ae Windows\u00ae Operating System",
                            "LogonGuid": "C784477D-F8DA-62FD-2E2F-040000000000",
                            "EventID": "1",
                            "ProcessGuid": "C784477D-FA2C-62FD-530A-000000004700",
                            "CommandLine": "sc  config \"OneDrive Updater Service\" start= disabled",
                            "ParentCommandLine": "C:\\Windows\\system32\\cmd.exe /c sc config \"OneDrive Updater Service\" start= disabled",
                            "ProcessId": "1988",
                            "FileVersion": "10.0.17134.1 (WinBuild.160101.0800)",
                            "Company": "Microsoft Corporation"
                        }
                    },
                    {
                        "values": {
                            "RuleName": "-",
                            "CurrentDirectory": "C:\\Program Files (x86)\\AutoIt3\\",
                            "LogonId": "274222",
                            "OriginalFileName": "sc.exe",
                            "UtcTime": "2022-08-18 08:37:00.753",
                            "Description": "Service Control Manager Configuration Tool",
                            "User": "DESKTOP-B0T93D6\\george",
                            "Hashes": "MD5=24A3E2603E63BCB9695A2935D3B24695,SHA256=3047D5C22A245D1E4294FCD547EC5FB0F2E5EF030B764424ACC74E7744FBE32E,IMPHASH=B037D0ADB81BF9CFC651DE01742089F1",
                            "ParentImage": "C:\\Windows\\SysWOW64\\cmd.exe",
                            "IntegrityLevel": "High",
                            "TerminalSessionId": "1",
                            "Image": "C:\\Windows\\SysWOW64\\sc.exe",
                            "ParentProcessId": "7092",
                            "ParentProcessGuid": "C784477D-FA2C-62FD-580A-000000004700",
                            "Product": "Microsoft\u00ae Windows\u00ae Operating System",
                            "LogonGuid": "C784477D-F8DA-62FD-2E2F-040000000000",
                            "EventID": "1",
                            "ProcessGuid": "C784477D-FA2C-62FD-5B0A-000000004700",
                            "CommandLine": "sc  config DPS start= disabled",
                            "ParentCommandLine": "C:\\Windows\\system32\\cmd.exe /c sc config DPS start= disabled",
                            "ProcessId": "4284",
                            "FileVersion": "10.0.17134.1 (WinBuild.160101.0800)",
                            "Company": "Microsoft Corporation"
                        }
                    },
                    {
                        "values": {
                            "RuleName": "-",
                            "CurrentDirectory": "C:\\Program Files (x86)\\AutoIt3\\",
                            "LogonId": "274222",
                            "OriginalFileName": "sc.exe",
                            "UtcTime": "2022-08-18 08:37:00.829",
                            "Description": "Service Control Manager Configuration Tool",
                            "User": "DESKTOP-B0T93D6\\george",
                            "Hashes": "MD5=24A3E2603E63BCB9695A2935D3B24695,SHA256=3047D5C22A245D1E4294FCD547EC5FB0F2E5EF030B764424ACC74E7744FBE32E,IMPHASH=B037D0ADB81BF9CFC651DE01742089F1",
                            "ParentImage": "C:\\Windows\\SysWOW64\\cmd.exe",
                            "IntegrityLevel": "High",
                            "TerminalSessionId": "1",
                            "Image": "C:\\Windows\\SysWOW64\\sc.exe",
                            "ParentProcessId": "6460",
                            "ParentProcessGuid": "C784477D-FA2C-62FD-5E0A-000000004700",
                            "Product": "Microsoft\u00ae Windows\u00ae Operating System",
                            "LogonGuid": "C784477D-F8DA-62FD-2E2F-040000000000",
                            "EventID": "1",
                            "ProcessGuid": "C784477D-FA2C-62FD-640A-000000004700",
                            "CommandLine": "sc  config TrustedInstaller start= disabled",
                            "ParentCommandLine": "C:\\Windows\\system32\\cmd.exe /c sc config TrustedInstaller start= disabled",
                            "ProcessId": "292",
                            "FileVersion": "10.0.17134.1 (WinBuild.160101.0800)",
                            "Company": "Microsoft Corporation"
                        }
                    },
                    {
                        "values": {
                            "RuleName": "-",
                            "CurrentDirectory": "C:\\Program Files (x86)\\AutoIt3\\",
                            "LogonId": "274222",
                            "OriginalFileName": "sc.exe",
                            "UtcTime": "2022-08-18 08:37:00.895",
                            "Description": "Service Control Manager Configuration Tool",
                            "User": "DESKTOP-B0T93D6\\george",
                            "Hashes": "MD5=24A3E2603E63BCB9695A2935D3B24695,SHA256=3047D5C22A245D1E4294FCD547EC5FB0F2E5EF030B764424ACC74E7744FBE32E,IMPHASH=B037D0ADB81BF9CFC651DE01742089F1",
                            "ParentImage": "C:\\Windows\\SysWOW64\\cmd.exe",
                            "IntegrityLevel": "High",
                            "TerminalSessionId": "1",
                            "Image": "C:\\Windows\\SysWOW64\\sc.exe",
                            "ParentProcessId": "7164",
                            "ParentProcessGuid": "C784477D-FA2C-62FD-680A-000000004700",
                            "Product": "Microsoft\u00ae Windows\u00ae Operating System",
                            "LogonGuid": "C784477D-F8DA-62FD-2E2F-040000000000",
                            "EventID": "1",
                            "ProcessGuid": "C784477D-FA2C-62FD-6B0A-000000004700",
                            "CommandLine": "sc  config \".NET Runtime Optimization Service\" start= disabled",
                            "ParentCommandLine": "C:\\Windows\\system32\\cmd.exe /c sc config \".NET Runtime Optimization Service\" start= disabled",
                            "ProcessId": "6416",
                            "FileVersion": "10.0.17134.1 (WinBuild.160101.0800)",
                            "Company": "Microsoft Corporation"
                        }
                    },
                    {
                        "values": {
                            "RuleName": "-",
                            "CurrentDirectory": "C:\\Program Files (x86)\\AutoIt3\\",
                            "LogonId": "274222",
                            "OriginalFileName": "sc.exe",
                            "UtcTime": "2022-08-18 08:37:00.974",
                            "Description": "Service Control Manager Configuration Tool",
                            "User": "DESKTOP-B0T93D6\\george",
                            "Hashes": "MD5=24A3E2603E63BCB9695A2935D3B24695,SHA256=3047D5C22A245D1E4294FCD547EC5FB0F2E5EF030B764424ACC74E7744FBE32E,IMPHASH=B037D0ADB81BF9CFC651DE01742089F1",
                            "ParentImage": "C:\\Windows\\SysWOW64\\cmd.exe",
                            "IntegrityLevel": "High",
                            "TerminalSessionId": "1",
                            "Image": "C:\\Windows\\SysWOW64\\sc.exe",
                            "ParentProcessId": "5176",
                            "ParentProcessGuid": "C784477D-FA2C-62FD-6E0A-000000004700",
                            "Product": "Microsoft\u00ae Windows\u00ae Operating System",
                            "LogonGuid": "C784477D-F8DA-62FD-2E2F-040000000000",
                            "EventID": "1",
                            "ProcessGuid": "C784477D-FA2C-62FD-720A-000000004700",
                            "CommandLine": "sc  config \"BITS\" start= demand",
                            "ParentCommandLine": "C:\\Windows\\system32\\cmd.exe /c sc config \"BITS\" start= demand",
                            "ProcessId": "6496",
                            "FileVersion": "10.0.17134.1 (WinBuild.160101.0800)",
                            "Company": "Microsoft Corporation"
                        }
                    },
                    {
                        "values": {
                            "RuleName": "-",
                            "CurrentDirectory": "C:\\Program Files (x86)\\AutoIt3\\",
                            "LogonId": "274222",
                            "OriginalFileName": "sc.exe",
                            "UtcTime": "2022-08-18 08:37:01.057",
                            "Description": "Service Control Manager Configuration Tool",
                            "User": "DESKTOP-B0T93D6\\george",
                            "Hashes": "MD5=24A3E2603E63BCB9695A2935D3B24695,SHA256=3047D5C22A245D1E4294FCD547EC5FB0F2E5EF030B764424ACC74E7744FBE32E,IMPHASH=B037D0ADB81BF9CFC651DE01742089F1",
                            "ParentImage": "C:\\Windows\\SysWOW64\\cmd.exe",
                            "IntegrityLevel": "High",
                            "TerminalSessionId": "1",
                            "Image": "C:\\Windows\\SysWOW64\\sc.exe",
                            "ParentProcessId": "4660",
                            "ParentProcessGuid": "C784477D-FA2D-62FD-760A-000000004700",
                            "Product": "Microsoft\u00ae Windows\u00ae Operating System",
                            "LogonGuid": "C784477D-F8DA-62FD-2E2F-040000000000",
                            "EventID": "1",
                            "ProcessGuid": "C784477D-FA2D-62FD-7A0A-000000004700",
                            "CommandLine": "sc  config msiserver start= demand",
                            "ParentCommandLine": "C:\\Windows\\system32\\cmd.exe /c sc config msiserver start= demand",
                            "ProcessId": "6040",
                            "FileVersion": "10.0.17134.1 (WinBuild.160101.0800)",
                            "Company": "Microsoft Corporation"
                        }
                    },
                    {
                        "values": {
                            "RuleName": "-",
                            "CurrentDirectory": "C:\\Program Files (x86)\\AutoIt3\\",
                            "LogonId": "274222",
                            "OriginalFileName": "sc.exe",
                            "UtcTime": "2022-08-18 08:37:01.444",
                            "Description": "Service Control Manager Configuration Tool",
                            "User": "DESKTOP-B0T93D6\\george",
                            "Hashes": "MD5=24A3E2603E63BCB9695A2935D3B24695,SHA256=3047D5C22A245D1E4294FCD547EC5FB0F2E5EF030B764424ACC74E7744FBE32E,IMPHASH=B037D0ADB81BF9CFC651DE01742089F1",
                            "ParentImage": "C:\\Windows\\SysWOW64\\cmd.exe",
                            "IntegrityLevel": "High",
                            "TerminalSessionId": "1",
                            "Image": "C:\\Windows\\SysWOW64\\sc.exe",
                            "ParentProcessId": "3140",
                            "ParentProcessGuid": "C784477D-FA2D-62FD-8E0A-000000004700",
                            "Product": "Microsoft\u00ae Windows\u00ae Operating System",
                            "LogonGuid": "C784477D-F8DA-62FD-2E2F-040000000000",
                            "EventID": "1",
                            "ProcessGuid": "C784477D-FA2D-62FD-900A-000000004700",
                            "CommandLine": "sc  config NlaSvc start= demand",
                            "ParentCommandLine": "C:\\Windows\\system32\\cmd.exe /c sc config NlaSvc start= demand",
                            "ProcessId": "6576",
                            "FileVersion": "10.0.17134.1 (WinBuild.160101.0800)",
                            "Company": "Microsoft Corporation"
                        }
                    },
                    {
                        "values": {
                            "RuleName": "-",
                            "CurrentDirectory": "C:\\Program Files (x86)\\AutoIt3\\",
                            "LogonId": "274222",
                            "OriginalFileName": "sc.exe",
                            "UtcTime": "2022-08-18 08:37:01.515",
                            "Description": "Service Control Manager Configuration Tool",
                            "User": "DESKTOP-B0T93D6\\george",
                            "Hashes": "MD5=24A3E2603E63BCB9695A2935D3B24695,SHA256=3047D5C22A245D1E4294FCD547EC5FB0F2E5EF030B764424ACC74E7744FBE32E,IMPHASH=B037D0ADB81BF9CFC651DE01742089F1",
                            "ParentImage": "C:\\Windows\\SysWOW64\\cmd.exe",
                            "IntegrityLevel": "High",
                            "TerminalSessionId": "1",
                            "Image": "C:\\Windows\\SysWOW64\\sc.exe",
                            "ParentProcessId": "6552",
                            "ParentProcessGuid": "C784477D-FA2D-62FD-920A-000000004700",
                            "Product": "Microsoft\u00ae Windows\u00ae Operating System",
                            "LogonGuid": "C784477D-F8DA-62FD-2E2F-040000000000",
                            "EventID": "1",
                            "ProcessGuid": "C784477D-FA2D-62FD-950A-000000004700",
                            "CommandLine": "sc  config netprofm start= demand",
                            "ParentCommandLine": "C:\\Windows\\system32\\cmd.exe /c sc config netprofm start= demand",
                            "ProcessId": "4360",
                            "FileVersion": "10.0.17134.1 (WinBuild.160101.0800)",
                            "Company": "Microsoft Corporation"
                        }
                    }
                ],
                "rule_level": "medium",
                "rule_id": "b55af83c751d2c7bca8dbba245a97017e34109bff34fd50b02f60a91111ea703",
                "rule_source": "Sigma Integrated Rule Set (GitHub)",
                "rule_title": "Sc Or Set-Service Cmdlet Execution to Disable Services",
                "rule_description": "Detects when attackers use \"sc.exe\" or the powershell \"Set-Service\" cmdlet to change the startup type of a service to \"disabled\"",
                "rule_author": "Nasreddine Bencherchali"
            },
            {
                "match_context": [
                    {
                        "values": {
                            "param1": "\\Device\\HarddiskVolume4\\Windows\\System32\\drivers\\filetrace.sys",
                            "EventID": "5038"
                        }
                    },
                    {
                        "values": {
                            "param1": "\\Device\\HarddiskVolume4\\Program Files (x86)\\sandbox\\driver\\sandbox-driver.sys",
                            "EventID": "5038"
                        }
                    }
                ],
                "rule_level": "low",
                "rule_id": "134564d292d785dff102940b8a1ee06dba2d462c5fb852124b3771a49d7885f1",
                "rule_source": "Sigma Integrated Rule Set (GitHub)",
                "rule_title": "Failed Code Integrity Checks",
                "rule_description": "Code integrity failures may indicate tampered executables.",
                "rule_author": "Thomas Patzke"
            },
            {
                "match_context": [
                    {
                        "values": {
                            "RuleName": "-",
                            "CurrentDirectory": "C:\\Windows\\system32\\",
                            "LogonId": "274222",
                            "OriginalFileName": "PowerShell.EXE",
                            "UtcTime": "2022-08-18 08:36:36.678",
                            "Description": "Windows PowerShell",
                            "User": "DESKTOP-B0T93D6\\george",
                            "Hashes": "MD5=DBA3E6449E97D4E3DF64527EF7012A10,SHA256=E0C662D10B852B23F2D8A240AFC82A72B099519FA71CDDF9D5D0F0BE08169B6E,IMPHASH=D1A922C94A1F407CB2BBCAD033C8ED7A",
                            "ParentImage": "C:\\Windows\\SysWOW64\\cmd.exe",
                            "IntegrityLevel": "High",
                            "TerminalSessionId": "1",
                            "Image": "C:\\Windows\\SysWOW64\\WindowsPowerShell\\v1.0\\powershell.exe",
                            "ParentProcessId": "3156",
                            "ParentProcessGuid": "C784477D-FA14-62FD-E709-000000004700",
                            "Product": "Microsoft\u00ae Windows\u00ae Operating System",
                            "LogonGuid": "C784477D-F8DA-62FD-2E2F-040000000000",
                            "EventID": "1",
                            "ProcessGuid": "C784477D-FA14-62FD-EC09-000000004700",
                            "CommandLine": "powershell.exe  -ex bypass -command \"Get-ScheduledTask | Disable-ScheduledTask",
                            "ParentCommandLine": "C:\\Windows\\system32\\cmd.exe /c powershell.exe -ex bypass -command \"Get-ScheduledTask | Disable-ScheduledTask",
                            "ProcessId": "3312",
                            "FileVersion": "10.0.17134.1 (WinBuild.160101.0800)",
                            "Company": "Microsoft Corporation"
                        }
                    },
                    {
                        "values": {
                            "RuleName": "-",
                            "CurrentDirectory": "C:\\Windows\\system32\\",
                            "LogonId": "274222",
                            "OriginalFileName": "PowerShell.EXE",
                            "UtcTime": "2022-08-18 08:36:36.678",
                            "Description": "Windows PowerShell",
                            "User": "DESKTOP-B0T93D6\\george",
                            "Hashes": "MD5=DBA3E6449E97D4E3DF64527EF7012A10,SHA256=E0C662D10B852B23F2D8A240AFC82A72B099519FA71CDDF9D5D0F0BE08169B6E,IMPHASH=D1A922C94A1F407CB2BBCAD033C8ED7A",
                            "ParentImage": "C:\\Windows\\SysWOW64\\cmd.exe",
                            "IntegrityLevel": "High",
                            "TerminalSessionId": "1",
                            "Image": "C:\\Windows\\SysWOW64\\WindowsPowerShell\\v1.0\\powershell.exe",
                            "ParentProcessId": "3120",
                            "ParentProcessGuid": "C784477D-FA14-62FD-E809-000000004700",
                            "Product": "Microsoft\u00ae Windows\u00ae Operating System",
                            "LogonGuid": "C784477D-F8DA-62FD-2E2F-040000000000",
                            "EventID": "1",
                            "ProcessGuid": "C784477D-FA14-62FD-EB09-000000004700",
                            "CommandLine": "powershell.exe  -ex bypass -command \"Get-ScheduledTask | Stop-ScheduledTask",
                            "ParentCommandLine": "C:\\Windows\\system32\\cmd.exe /c powershell.exe -ex bypass -command \"Get-ScheduledTask | Stop-ScheduledTask",
                            "ProcessId": "5580",
                            "FileVersion": "10.0.17134.1 (WinBuild.160101.0800)",
                            "Company": "Microsoft Corporation"
                        }
                    },
                    {
                        "values": {
                            "RuleName": "-",
                            "CurrentDirectory": "C:\\Windows\\system32\\",
                            "LogonId": "274222",
                            "OriginalFileName": "PowerShell.EXE",
                            "UtcTime": "2022-08-18 08:36:37.452",
                            "Description": "Windows PowerShell",
                            "User": "DESKTOP-B0T93D6\\george",
                            "Hashes": "MD5=DBA3E6449E97D4E3DF64527EF7012A10,SHA256=E0C662D10B852B23F2D8A240AFC82A72B099519FA71CDDF9D5D0F0BE08169B6E,IMPHASH=D1A922C94A1F407CB2BBCAD033C8ED7A",
                            "ParentImage": "C:\\Windows\\SysWOW64\\cmd.exe",
                            "IntegrityLevel": "High",
                            "TerminalSessionId": "1",
                            "Image": "C:\\Windows\\SysWOW64\\WindowsPowerShell\\v1.0\\powershell.exe",
                            "ParentProcessId": "3440",
                            "ParentProcessGuid": "C784477D-FA15-62FD-F009-000000004700",
                            "Product": "Microsoft\u00ae Windows\u00ae Operating System",
                            "LogonGuid": "C784477D-F8DA-62FD-2E2F-040000000000",
                            "EventID": "1",
                            "ProcessGuid": "C784477D-FA15-62FD-F209-000000004700",
                            "CommandLine": "powershell.exe  -executionpolicy bypass -File \"C:\\Program Files (x86)\\Joebox\\unpack\\wmievasions.ps1\" ",
                            "ParentCommandLine": "cmd /C powershell.exe -executionpolicy bypass -File \"C:\\Program Files (x86)\\Joebox\\unpack\\wmievasions.ps1\" > wmi.log 2>&1",
                            "ProcessId": "3108",
                            "FileVersion": "10.0.17134.1 (WinBuild.160101.0800)",
                            "Company": "Microsoft Corporation"
                        }
                    },
                    {
                        "values": {
                            "RuleName": "-",
                            "CurrentDirectory": "C:\\Program Files (x86)\\AutoIt3\\",
                            "LogonId": "274222",
                            "OriginalFileName": "PowerShell.EXE",
                            "UtcTime": "2022-08-18 08:36:59.047",
                            "Description": "Windows PowerShell",
                            "User": "DESKTOP-B0T93D6\\george",
                            "Hashes": "MD5=DBA3E6449E97D4E3DF64527EF7012A10,SHA256=E0C662D10B852B23F2D8A240AFC82A72B099519FA71CDDF9D5D0F0BE08169B6E,IMPHASH=D1A922C94A1F407CB2BBCAD033C8ED7A",
                            "ParentImage": "C:\\Windows\\SysWOW64\\cmd.exe",
                            "IntegrityLevel": "High",
                            "TerminalSessionId": "1",
                            "Image": "C:\\Windows\\SysWOW64\\WindowsPowerShell\\v1.0\\powershell.exe",
                            "ParentProcessId": "6780",
                            "ParentProcessGuid": "C784477D-FA2B-62FD-130A-000000004700",
                            "Product": "Microsoft\u00ae Windows\u00ae Operating System",
                            "LogonGuid": "C784477D-F8DA-62FD-2E2F-040000000000",
                            "EventID": "1",
                            "ProcessGuid": "C784477D-FA2B-62FD-170A-000000004700",
                            "CommandLine": "powershell.exe  -ex bypass -command \"Get-ScheduledTask | Stop-ScheduledTask\" ",
                            "ParentCommandLine": "C:\\Windows\\system32\\cmd.exe /c powershell.exe -ex bypass -command \"Get-ScheduledTask | Stop-ScheduledTask\" > \\\\192.168.2.1\\joe-windows-g12-0\\logs\\taskstop.log 2>&1",
                            "ProcessId": "6908",
                            "FileVersion": "10.0.17134.1 (WinBuild.160101.0800)",
                            "Company": "Microsoft Corporation"
                        }
                    },
