                    {
                        "values": {
                            "RuleName": "-",
                            "CurrentDirectory": "C:\\Program Files (x86)\\AutoIt3\\",
                            "LogonId": "274222",
                            "OriginalFileName": "net.exe",
                            "UtcTime": "2022-08-18 08:37:00.599",
                            "Description": "Net Command",
                            "User": "DESKTOP-B0T93D6\\george",
                            "Hashes": "MD5=DD0561156F62BC1958CE0E370B23711B,SHA256=FD41D0261C6D22572DA448BCB5CBBB98F78A2922D1F1074D25237CC82C8CE432,IMPHASH=86350518EAE83E4A09BBF6317BA1C570",
                            "ParentImage": "C:\\Windows\\SysWOW64\\cmd.exe",
                            "IntegrityLevel": "High",
                            "TerminalSessionId": "1",
                            "Image": "C:\\Windows\\SysWOW64\\net.exe",
                            "ParentProcessId": "5624",
                            "ParentProcessGuid": "C784477D-FA2C-62FD-470A-000000004700",
                            "Product": "Microsoft\u00ae Windows\u00ae Operating System",
                            "LogonGuid": "C784477D-F8DA-62FD-2E2F-040000000000",
                            "EventID": "1",
                            "ProcessGuid": "C784477D-FA2C-62FD-4B0A-000000004700",
                            "CommandLine": "net  stop sedsvc",
                            "ParentCommandLine": "C:\\Windows\\system32\\cmd.exe /c net stop sedsvc",
                            "ProcessId": "6692",
                            "FileVersion": "10.0.17134.1 (WinBuild.160101.0800)",
                            "Company": "Microsoft Corporation"
                        }
                    },
                    {
                        "values": {
                            "RuleName": "-",
                            "CurrentDirectory": "C:\\Program Files (x86)\\AutoIt3\\",
                            "LogonId": "274222",
                            "OriginalFileName": "net1.exe",
                            "UtcTime": "2022-08-18 08:37:00.608",
                            "Description": "Net Command",
                            "User": "DESKTOP-B0T93D6\\george",
                            "Hashes": "MD5=B5A26C2BF17222E86B91D26F1247AF3E,SHA256=14CC5BE4C833ACC652195DEAD113E1C3B4AC0B98EA1AEAD11957836F9AE721CF,IMPHASH=3D3E7537BD3BA07738DC5CA8AD01B073",
                            "ParentImage": "C:\\Windows\\SysWOW64\\net.exe",
                            "IntegrityLevel": "High",
                            "TerminalSessionId": "1",
                            "Image": "C:\\Windows\\SysWOW64\\net1.exe",
                            "ParentProcessId": "6692",
                            "ParentProcessGuid": "C784477D-FA2C-62FD-4B0A-000000004700",
                            "Product": "Microsoft\u00ae Windows\u00ae Operating System",
                            "LogonGuid": "C784477D-F8DA-62FD-2E2F-040000000000",
                            "EventID": "1",
                            "ProcessGuid": "C784477D-FA2C-62FD-4D0A-000000004700",
                            "CommandLine": "C:\\Windows\\system32\\net1  stop sedsvc",
                            "ParentCommandLine": "net  stop sedsvc",
                            "ProcessId": "6680",
                            "FileVersion": "10.0.17134.1 (WinBuild.160101.0800)",
                            "Company": "Microsoft Corporation"
                        }
                    },
                    {
                        "values": {
                            "RuleName": "-",
                            "CurrentDirectory": "C:\\Program Files (x86)\\AutoIt3\\",
                            "LogonId": "274222",
                            "OriginalFileName": "net.exe",
                            "UtcTime": "2022-08-18 08:37:00.672",
                            "Description": "Net Command",
                            "User": "DESKTOP-B0T93D6\\george",
                            "Hashes": "MD5=DD0561156F62BC1958CE0E370B23711B,SHA256=FD41D0261C6D22572DA448BCB5CBBB98F78A2922D1F1074D25237CC82C8CE432,IMPHASH=86350518EAE83E4A09BBF6317BA1C570",
                            "ParentImage": "C:\\Windows\\SysWOW64\\cmd.exe",
                            "IntegrityLevel": "High",
                            "TerminalSessionId": "1",
                            "Image": "C:\\Windows\\SysWOW64\\net.exe",
                            "ParentProcessId": "3128",
                            "ParentProcessGuid": "C784477D-FA2C-62FD-4E0A-000000004700",
                            "Product": "Microsoft\u00ae Windows\u00ae Operating System",
                            "LogonGuid": "C784477D-F8DA-62FD-2E2F-040000000000",
                            "EventID": "1",
                            "ProcessGuid": "C784477D-FA2C-62FD-520A-000000004700",
                            "CommandLine": "net  stop PcaSvc",
                            "ParentCommandLine": "C:\\Windows\\system32\\cmd.exe /c net stop PcaSvc",
                            "ProcessId": "1352",
                            "FileVersion": "10.0.17134.1 (WinBuild.160101.0800)",
                            "Company": "Microsoft Corporation"
                        }
                    },
                    {
                        "values": {
                            "RuleName": "-",
                            "CurrentDirectory": "C:\\Program Files (x86)\\AutoIt3\\",
                            "LogonId": "274222",
                            "OriginalFileName": "net1.exe",
                            "UtcTime": "2022-08-18 08:37:00.684",
                            "Description": "Net Command",
                            "User": "DESKTOP-B0T93D6\\george",
                            "Hashes": "MD5=B5A26C2BF17222E86B91D26F1247AF3E,SHA256=14CC5BE4C833ACC652195DEAD113E1C3B4AC0B98EA1AEAD11957836F9AE721CF,IMPHASH=3D3E7537BD3BA07738DC5CA8AD01B073",
                            "ParentImage": "C:\\Windows\\SysWOW64\\net.exe",
                            "IntegrityLevel": "High",
                            "TerminalSessionId": "1",
                            "Image": "C:\\Windows\\SysWOW64\\net1.exe",
                            "ParentProcessId": "1352",
                            "ParentProcessGuid": "C784477D-FA2C-62FD-520A-000000004700",
                            "Product": "Microsoft\u00ae Windows\u00ae Operating System",
                            "LogonGuid": "C784477D-F8DA-62FD-2E2F-040000000000",
                            "EventID": "1",
                            "ProcessGuid": "C784477D-FA2C-62FD-540A-000000004700",
                            "CommandLine": "C:\\Windows\\system32\\net1  stop PcaSvc",
                            "ParentCommandLine": "net  stop PcaSvc",
                            "ProcessId": "7116",
                            "FileVersion": "10.0.17134.1 (WinBuild.160101.0800)",
                            "Company": "Microsoft Corporation"
                        }
                    },
                    {
                        "values": {
                            "RuleName": "-",
                            "CurrentDirectory": "C:\\Program Files (x86)\\AutoIt3\\",
                            "LogonId": "274222",
                            "OriginalFileName": "net.exe",
                            "UtcTime": "2022-08-18 08:37:00.761",
                            "Description": "Net Command",
                            "User": "DESKTOP-B0T93D6\\george",
                            "Hashes": "MD5=DD0561156F62BC1958CE0E370B23711B,SHA256=FD41D0261C6D22572DA448BCB5CBBB98F78A2922D1F1074D25237CC82C8CE432,IMPHASH=86350518EAE83E4A09BBF6317BA1C570",
                            "ParentImage": "C:\\Windows\\SysWOW64\\cmd.exe",
                            "IntegrityLevel": "High",
                            "TerminalSessionId": "1",
                            "Image": "C:\\Windows\\SysWOW64\\net.exe",
                            "ParentProcessId": "7128",
                            "ParentProcessGuid": "C784477D-FA2C-62FD-550A-000000004700",
                            "Product": "Microsoft\u00ae Windows\u00ae Operating System",
                            "LogonGuid": "C784477D-F8DA-62FD-2E2F-040000000000",
                            "EventID": "1",
                            "ProcessGuid": "C784477D-FA2C-62FD-5C0A-000000004700",
                            "CommandLine": "net  stop \"OneDrive Updater Service\"",
                            "ParentCommandLine": "C:\\Windows\\system32\\cmd.exe /c net stop \"OneDrive Updater Service\"",
                            "ProcessId": "6452",
                            "FileVersion": "10.0.17134.1 (WinBuild.160101.0800)",
                            "Company": "Microsoft Corporation"
                        }
                    },
                    {
                        "values": {
                            "RuleName": "-",
                            "CurrentDirectory": "C:\\Program Files (x86)\\AutoIt3\\",
                            "LogonId": "274222",
                            "OriginalFileName": "net1.exe",
                            "UtcTime": "2022-08-18 08:37:00.773",
                            "Description": "Net Command",
                            "User": "DESKTOP-B0T93D6\\george",
                            "Hashes": "MD5=B5A26C2BF17222E86B91D26F1247AF3E,SHA256=14CC5BE4C833ACC652195DEAD113E1C3B4AC0B98EA1AEAD11957836F9AE721CF,IMPHASH=3D3E7537BD3BA07738DC5CA8AD01B073",
                            "ParentImage": "C:\\Windows\\SysWOW64\\net.exe",
                            "IntegrityLevel": "High",
                            "TerminalSessionId": "1",
                            "Image": "C:\\Windows\\SysWOW64\\net1.exe",
                            "ParentProcessId": "6452",
                            "ParentProcessGuid": "C784477D-FA2C-62FD-5C0A-000000004700",
                            "Product": "Microsoft\u00ae Windows\u00ae Operating System",
                            "LogonGuid": "C784477D-F8DA-62FD-2E2F-040000000000",
                            "EventID": "1",
                            "ProcessGuid": "C784477D-FA2C-62FD-5F0A-000000004700",
                            "CommandLine": "C:\\Windows\\system32\\net1  stop \"OneDrive Updater Service\"",
                            "ParentCommandLine": "net  stop \"OneDrive Updater Service\"",
                            "ProcessId": "5628",
                            "FileVersion": "10.0.17134.1 (WinBuild.160101.0800)",
                            "Company": "Microsoft Corporation"
                        }
                    },
                    {
                        "values": {
                            "RuleName": "-",
                            "CurrentDirectory": "C:\\Program Files (x86)\\AutoIt3\\",
                            "LogonId": "274222",
                            "OriginalFileName": "net.exe",
                            "UtcTime": "2022-08-18 08:37:00.778",
                            "Description": "Net Command",
                            "User": "DESKTOP-B0T93D6\\george",
                            "Hashes": "MD5=DD0561156F62BC1958CE0E370B23711B,SHA256=FD41D0261C6D22572DA448BCB5CBBB98F78A2922D1F1074D25237CC82C8CE432,IMPHASH=86350518EAE83E4A09BBF6317BA1C570",
                            "ParentImage": "C:\\Windows\\SysWOW64\\cmd.exe",
                            "IntegrityLevel": "High",
                            "TerminalSessionId": "1",
                            "Image": "C:\\Windows\\SysWOW64\\net.exe",
                            "ParentProcessId": "7088",
                            "ParentProcessGuid": "C784477D-FA2C-62FD-570A-000000004700",
                            "Product": "Microsoft\u00ae Windows\u00ae Operating System",
                            "LogonGuid": "C784477D-F8DA-62FD-2E2F-040000000000",
                            "EventID": "1",
                            "ProcessGuid": "C784477D-FA2C-62FD-600A-000000004700",
                            "CommandLine": "net  stop sppsvc",
                            "ParentCommandLine": "C:\\Windows\\system32\\cmd.exe /c net stop sppsvc",
                            "ProcessId": "2364",
                            "FileVersion": "10.0.17134.1 (WinBuild.160101.0800)",
                            "Company": "Microsoft Corporation"
                        }
                    },
                    {
                        "values": {
                            "RuleName": "-",
                            "CurrentDirectory": "C:\\Program Files (x86)\\AutoIt3\\",
                            "LogonId": "274222",
                            "OriginalFileName": "net1.exe",
                            "UtcTime": "2022-08-18 08:37:00.794",
                            "Description": "Net Command",
                            "User": "DESKTOP-B0T93D6\\george",
                            "Hashes": "MD5=B5A26C2BF17222E86B91D26F1247AF3E,SHA256=14CC5BE4C833ACC652195DEAD113E1C3B4AC0B98EA1AEAD11957836F9AE721CF,IMPHASH=3D3E7537BD3BA07738DC5CA8AD01B073",
                            "ParentImage": "C:\\Windows\\SysWOW64\\net.exe",
                            "IntegrityLevel": "High",
                            "TerminalSessionId": "1",
                            "Image": "C:\\Windows\\SysWOW64\\net1.exe",
                            "ParentProcessId": "2364",
                            "ParentProcessGuid": "C784477D-FA2C-62FD-600A-000000004700",
                            "Product": "Microsoft\u00ae Windows\u00ae Operating System",
                            "LogonGuid": "C784477D-F8DA-62FD-2E2F-040000000000",
                            "EventID": "1",
                            "ProcessGuid": "C784477D-FA2C-62FD-630A-000000004700",
                            "CommandLine": "C:\\Windows\\system32\\net1  stop sppsvc",
                            "ParentCommandLine": "net  stop sppsvc",
                            "ProcessId": "6064",
                            "FileVersion": "10.0.17134.1 (WinBuild.160101.0800)",
                            "Company": "Microsoft Corporation"
                        }
                    },
                    {
                        "values": {
                            "RuleName": "-",
                            "CurrentDirectory": "C:\\Program Files (x86)\\AutoIt3\\",
                            "LogonId": "274222",
                            "OriginalFileName": "net.exe",
                            "UtcTime": "2022-08-18 08:37:00.832",
                            "Description": "Net Command",
                            "User": "DESKTOP-B0T93D6\\george",
                            "Hashes": "MD5=DD0561156F62BC1958CE0E370B23711B,SHA256=FD41D0261C6D22572DA448BCB5CBBB98F78A2922D1F1074D25237CC82C8CE432,IMPHASH=86350518EAE83E4A09BBF6317BA1C570",
                            "ParentImage": "C:\\Windows\\SysWOW64\\cmd.exe",
                            "IntegrityLevel": "High",
                            "TerminalSessionId": "1",
                            "Image": "C:\\Windows\\SysWOW64\\net.exe",
                            "ParentProcessId": "4748",
                            "ParentProcessGuid": "C784477D-FA2C-62FD-5D0A-000000004700",
                            "Product": "Microsoft\u00ae Windows\u00ae Operating System",
                            "LogonGuid": "C784477D-F8DA-62FD-2E2F-040000000000",
                            "EventID": "1",
                            "ProcessGuid": "C784477D-FA2C-62FD-650A-000000004700",
                            "CommandLine": "net  stop DPS",
                            "ParentCommandLine": "C:\\Windows\\system32\\cmd.exe /c net stop DPS",
                            "ProcessId": "6192",
                            "FileVersion": "10.0.17134.1 (WinBuild.160101.0800)",
                            "Company": "Microsoft Corporation"
                        }
                    },
                    {
                        "values": {
                            "RuleName": "-",
                            "CurrentDirectory": "C:\\Program Files (x86)\\AutoIt3\\",
                            "LogonId": "274222",
                            "OriginalFileName": "net1.exe",
                            "UtcTime": "2022-08-18 08:37:00.845",
                            "Description": "Net Command",
                            "User": "DESKTOP-B0T93D6\\george",
                            "Hashes": "MD5=B5A26C2BF17222E86B91D26F1247AF3E,SHA256=14CC5BE4C833ACC652195DEAD113E1C3B4AC0B98EA1AEAD11957836F9AE721CF,IMPHASH=3D3E7537BD3BA07738DC5CA8AD01B073",
                            "ParentImage": "C:\\Windows\\SysWOW64\\net.exe",
                            "IntegrityLevel": "High",
                            "TerminalSessionId": "1",
                            "Image": "C:\\Windows\\SysWOW64\\net1.exe",
                            "ParentProcessId": "6192",
                            "ParentProcessGuid": "C784477D-FA2C-62FD-650A-000000004700",
                            "Product": "Microsoft\u00ae Windows\u00ae Operating System",
                            "LogonGuid": "C784477D-F8DA-62FD-2E2F-040000000000",
                            "EventID": "1",
                            "ProcessGuid": "C784477D-FA2C-62FD-660A-000000004700",
                            "CommandLine": "C:\\Windows\\system32\\net1  stop DPS",
                            "ParentCommandLine": "net  stop DPS",
                            "ProcessId": "5644",
                            "FileVersion": "10.0.17134.1 (WinBuild.160101.0800)",
                            "Company": "Microsoft Corporation"
                        }
                    },
                    {
                        "values": {
                            "RuleName": "-",
                            "CurrentDirectory": "C:\\Program Files (x86)\\AutoIt3\\",
                            "LogonId": "274222",
                            "OriginalFileName": "net.exe",
                            "UtcTime": "2022-08-18 08:37:00.898",
                            "Description": "Net Command",
                            "User": "DESKTOP-B0T93D6\\george",
                            "Hashes": "MD5=DD0561156F62BC1958CE0E370B23711B,SHA256=FD41D0261C6D22572DA448BCB5CBBB98F78A2922D1F1074D25237CC82C8CE432,IMPHASH=86350518EAE83E4A09BBF6317BA1C570",
                            "ParentImage": "C:\\Windows\\SysWOW64\\cmd.exe",
                            "IntegrityLevel": "High",
                            "TerminalSessionId": "1",
                            "Image": "C:\\Windows\\SysWOW64\\net.exe",
                            "ParentProcessId": "5340",
                            "ParentProcessGuid": "C784477D-FA2C-62FD-670A-000000004700",
                            "Product": "Microsoft\u00ae Windows\u00ae Operating System",
                            "LogonGuid": "C784477D-F8DA-62FD-2E2F-040000000000",
                            "EventID": "1",
                            "ProcessGuid": "C784477D-FA2C-62FD-6C0A-000000004700",
                            "CommandLine": "net  stop TrustedInstaller",
                            "ParentCommandLine": "C:\\Windows\\system32\\cmd.exe /c net stop TrustedInstaller",
                            "ProcessId": "6480",
                            "FileVersion": "10.0.17134.1 (WinBuild.160101.0800)",
                            "Company": "Microsoft Corporation"
                        }
                    },
                    {
                        "values": {
                            "RuleName": "-",
                            "CurrentDirectory": "C:\\Program Files (x86)\\AutoIt3\\",
                            "LogonId": "274222",
                            "OriginalFileName": "net1.exe",
                            "UtcTime": "2022-08-18 08:37:00.919",
                            "Description": "Net Command",
                            "User": "DESKTOP-B0T93D6\\george",
                            "Hashes": "MD5=B5A26C2BF17222E86B91D26F1247AF3E,SHA256=14CC5BE4C833ACC652195DEAD113E1C3B4AC0B98EA1AEAD11957836F9AE721CF,IMPHASH=3D3E7537BD3BA07738DC5CA8AD01B073",
                            "ParentImage": "C:\\Windows\\SysWOW64\\net.exe",
                            "IntegrityLevel": "High",
                            "TerminalSessionId": "1",
                            "Image": "C:\\Windows\\SysWOW64\\net1.exe",
                            "ParentProcessId": "6480",
                            "ParentProcessGuid": "C784477D-FA2C-62FD-6C0A-000000004700",
                            "Product": "Microsoft\u00ae Windows\u00ae Operating System",
                            "LogonGuid": "C784477D-F8DA-62FD-2E2F-040000000000",
                            "EventID": "1",
                            "ProcessGuid": "C784477D-FA2C-62FD-6F0A-000000004700",
                            "CommandLine": "C:\\Windows\\system32\\net1  stop TrustedInstaller",
                            "ParentCommandLine": "net  stop TrustedInstaller",
                            "ProcessId": "4612",
                            "FileVersion": "10.0.17134.1 (WinBuild.160101.0800)",
                            "Company": "Microsoft Corporation"
                        }
                    },
                    {
                        "values": {
                            "RuleName": "-",
                            "CurrentDirectory": "C:\\Program Files (x86)\\AutoIt3\\",
                            "LogonId": "274222",
                            "OriginalFileName": "net.exe",
                            "UtcTime": "2022-08-18 08:37:00.975",
                            "Description": "Net Command",
                            "User": "DESKTOP-B0T93D6\\george",
                            "Hashes": "MD5=DD0561156F62BC1958CE0E370B23711B,SHA256=FD41D0261C6D22572DA448BCB5CBBB98F78A2922D1F1074D25237CC82C8CE432,IMPHASH=86350518EAE83E4A09BBF6317BA1C570",
                            "ParentImage": "C:\\Windows\\SysWOW64\\cmd.exe",
                            "IntegrityLevel": "High",
                            "TerminalSessionId": "1",
                            "Image": "C:\\Windows\\SysWOW64\\net.exe",
                            "ParentProcessId": "2416",
                            "ParentProcessGuid": "C784477D-FA2C-62FD-6D0A-000000004700",
                            "Product": "Microsoft\u00ae Windows\u00ae Operating System",
                            "LogonGuid": "C784477D-F8DA-62FD-2E2F-040000000000",
                            "EventID": "1",
                            "ProcessGuid": "C784477D-FA2C-62FD-730A-000000004700",
                            "CommandLine": "net  stop \".NET Runtime Optimization Service\"",
                            "ParentCommandLine": "C:\\Windows\\system32\\cmd.exe /c net stop \".NET Runtime Optimization Service\"",
                            "ProcessId": "1348",
                            "FileVersion": "10.0.17134.1 (WinBuild.160101.0800)",
                            "Company": "Microsoft Corporation"
                        }
                    },
                    {
                        "values": {
                            "RuleName": "-",
                            "CurrentDirectory": "C:\\Program Files (x86)\\AutoIt3\\",
                            "LogonId": "274222",
                            "OriginalFileName": "net1.exe",
                            "UtcTime": "2022-08-18 08:37:00.986",
                            "Description": "Net Command",
                            "User": "DESKTOP-B0T93D6\\george",
                            "Hashes": "MD5=B5A26C2BF17222E86B91D26F1247AF3E,SHA256=14CC5BE4C833ACC652195DEAD113E1C3B4AC0B98EA1AEAD11957836F9AE721CF,IMPHASH=3D3E7537BD3BA07738DC5CA8AD01B073",
                            "ParentImage": "C:\\Windows\\SysWOW64\\net.exe",
                            "IntegrityLevel": "High",
                            "TerminalSessionId": "1",
                            "Image": "C:\\Windows\\SysWOW64\\net1.exe",
                            "ParentProcessId": "1348",
                            "ParentProcessGuid": "C784477D-FA2C-62FD-730A-000000004700",
                            "Product": "Microsoft\u00ae Windows\u00ae Operating System",
                            "LogonGuid": "C784477D-F8DA-62FD-2E2F-040000000000",
                            "EventID": "1",
                            "ProcessGuid": "C784477D-FA2C-62FD-740A-000000004700",
                            "CommandLine": "C:\\Windows\\system32\\net1  stop \".NET Runtime Optimization Service\"",
                            "ParentCommandLine": "net  stop \".NET Runtime Optimization Service\"",
                            "ProcessId": "5332",
                            "FileVersion": "10.0.17134.1 (WinBuild.160101.0800)",
                            "Company": "Microsoft Corporation"
                        }
                    },
                    {
                        "values": {
                            "RuleName": "-",
                            "CurrentDirectory": "C:\\Program Files (x86)\\AutoIt3\\",
                            "LogonId": "274222",
                            "OriginalFileName": "net.exe",
                            "UtcTime": "2022-08-18 08:37:01.139",
                            "Description": "Net Command",
                            "User": "DESKTOP-B0T93D6\\george",
                            "Hashes": "MD5=DD0561156F62BC1958CE0E370B23711B,SHA256=FD41D0261C6D22572DA448BCB5CBBB98F78A2922D1F1074D25237CC82C8CE432,IMPHASH=86350518EAE83E4A09BBF6317BA1C570",
                            "ParentImage": "C:\\Windows\\SysWOW64\\cmd.exe",
                            "IntegrityLevel": "High",
                            "TerminalSessionId": "1",
                            "Image": "C:\\Windows\\SysWOW64\\net.exe",
                            "ParentProcessId": "6444",
                            "ParentProcessGuid": "C784477D-FA2D-62FD-7D0A-000000004700",
                            "Product": "Microsoft\u00ae Windows\u00ae Operating System",
                            "LogonGuid": "C784477D-F8DA-62FD-2E2F-040000000000",
                            "EventID": "1",
                            "ProcessGuid": "C784477D-FA2D-62FD-830A-000000004700",
                            "CommandLine": "net  stop OfficeClickToRun",
                            "ParentCommandLine": "C:\\Windows\\system32\\cmd.exe /c net stop OfficeClickToRun",
                            "ProcessId": "7084",
                            "FileVersion": "10.0.17134.1 (WinBuild.160101.0800)",
                            "Company": "Microsoft Corporation"
                        }
                    },
                    {
                        "values": {
                            "RuleName": "-",
                            "CurrentDirectory": "C:\\Program Files (x86)\\AutoIt3\\",
                            "LogonId": "274222",
                            "OriginalFileName": "net.exe",
                            "UtcTime": "2022-08-18 08:37:01.141",
                            "Description": "Net Command",
                            "User": "DESKTOP-B0T93D6\\george",
                            "Hashes": "MD5=DD0561156F62BC1958CE0E370B23711B,SHA256=FD41D0261C6D22572DA448BCB5CBBB98F78A2922D1F1074D25237CC82C8CE432,IMPHASH=86350518EAE83E4A09BBF6317BA1C570",
                            "ParentImage": "C:\\Windows\\SysWOW64\\cmd.exe",
                            "IntegrityLevel": "High",
                            "TerminalSessionId": "1",
                            "Image": "C:\\Windows\\SysWOW64\\net.exe",
                            "ParentProcessId": "6376",
                            "ParentProcessGuid": "C784477D-FA2D-62FD-7C0A-000000004700",
                            "Product": "Microsoft\u00ae Windows\u00ae Operating System",
                            "LogonGuid": "C784477D-F8DA-62FD-2E2F-040000000000",
                            "EventID": "1",
                            "ProcessGuid": "C784477D-FA2D-62FD-840A-000000004700",
                            "CommandLine": "net  stop msiserver",
                            "ParentCommandLine": "C:\\Windows\\system32\\cmd.exe /c net stop msiserver",
                            "ProcessId": "1988",
                            "FileVersion": "10.0.17134.1 (WinBuild.160101.0800)",
                            "Company": "Microsoft Corporation"
                        }
                    },
                    {
                        "values": {
                            "RuleName": "-",
                            "CurrentDirectory": "C:\\Program Files (x86)\\AutoIt3\\",
                            "LogonId": "274222",
                            "OriginalFileName": "net1.exe",
                            "UtcTime": "2022-08-18 08:37:01.152",
                            "Description": "Net Command",
                            "User": "DESKTOP-B0T93D6\\george",
                            "Hashes": "MD5=B5A26C2BF17222E86B91D26F1247AF3E,SHA256=14CC5BE4C833ACC652195DEAD113E1C3B4AC0B98EA1AEAD11957836F9AE721CF,IMPHASH=3D3E7537BD3BA07738DC5CA8AD01B073",
                            "ParentImage": "C:\\Windows\\SysWOW64\\net.exe",
                            "IntegrityLevel": "High",
                            "TerminalSessionId": "1",
                            "Image": "C:\\Windows\\SysWOW64\\net1.exe",
                            "ParentProcessId": "7084",
                            "ParentProcessGuid": "C784477D-FA2D-62FD-830A-000000004700",
                            "Product": "Microsoft\u00ae Windows\u00ae Operating System",
                            "LogonGuid": "C784477D-F8DA-62FD-2E2F-040000000000",
                            "EventID": "1",
                            "ProcessGuid": "C784477D-FA2D-62FD-860A-000000004700",
                            "CommandLine": "C:\\Windows\\system32\\net1  stop OfficeClickToRun",
                            "ParentCommandLine": "net  stop OfficeClickToRun",
                            "ProcessId": "4552",
                            "FileVersion": "10.0.17134.1 (WinBuild.160101.0800)",
                            "Company": "Microsoft Corporation"
                        }
                    },
                    {
                        "values": {
                            "RuleName": "-",
                            "CurrentDirectory": "C:\\Program Files (x86)\\AutoIt3\\",
                            "LogonId": "274222",
                            "OriginalFileName": "net1.exe",
                            "UtcTime": "2022-08-18 08:37:01.153",
                            "Description": "Net Command",
                            "User": "DESKTOP-B0T93D6\\george",
                            "Hashes": "MD5=B5A26C2BF17222E86B91D26F1247AF3E,SHA256=14CC5BE4C833ACC652195DEAD113E1C3B4AC0B98EA1AEAD11957836F9AE721CF,IMPHASH=3D3E7537BD3BA07738DC5CA8AD01B073",
                            "ParentImage": "C:\\Windows\\SysWOW64\\net.exe",
                            "IntegrityLevel": "High",
                            "TerminalSessionId": "1",
                            "Image": "C:\\Windows\\SysWOW64\\net1.exe",
                            "ParentProcessId": "1988",
                            "ParentProcessGuid": "C784477D-FA2D-62FD-840A-000000004700",
                            "Product": "Microsoft\u00ae Windows\u00ae Operating System",
                            "LogonGuid": "C784477D-F8DA-62FD-2E2F-040000000000",
                            "EventID": "1",
                            "ProcessGuid": "C784477D-FA2D-62FD-870A-000000004700",
                            "CommandLine": "C:\\Windows\\system32\\net1  stop msiserver",
                            "ParentCommandLine": "net  stop msiserver",
                            "ProcessId": "7140",
                            "FileVersion": "10.0.17134.1 (WinBuild.160101.0800)",
                            "Company": "Microsoft Corporation"
                        }
                    }
                ],
                "rule_level": "low",
                "rule_id": "9afc79c8a56e6e5c4cbd55d203a7dce8efc4ed28aa315b736c842a88b1d3dd0e",
                "rule_source": "Sigma Integrated Rule Set (GitHub)",
                "rule_title": "Stop Windows Service",
                "rule_description": "Detects a windows service to be stopped",
                "rule_author": "Jakob Weinzettl, oscd.community, Nasreddine Bencherchali"
            },
            {
                "match_context": [
                    {
                        "values": {
                            "ScriptBlockText": "lue -match 'VBox' -or $pr.Value -match 'VMWARE' -or $pr.Value -match 'VirtualBox' -or $pr.Value -match 'VMware' -or $pr.Value -match 'Oracle Corporation' -or $pr.Value -match 'Microsoft Basic Display Adapter'))\r\n\t\t{\r\n\t\t\t$value = Get-RandomCharacters -length 8 -characters 'ABCDEFGHKLMNOPRSTUVWXYZ123456789_'\r\n\t\t\t$value = $pr.Value.replace(\"VBOX\", $value).replace(\"VBox\", $value).replace(\"VMWARE\", $value).replace(\"VMware\", $value).replace(\"VirtualBox\", $value).replace(\"Oracle Corporation\", $value).replace(\"Microsoft Basic Display Adapter\", $value)\r\n\t\t\t\t\r\n\t\t\t$args.add($pr.Name, $value)\r\n\t\t\r\n\r\n\t\t} elseif($pr.Name -eq \"DriverVersion\")\r\n\t\t{\r\n\t\t\t$value = Get-RandomCharacters -length 8 -characters '1234567890.'\r\n\t\t\t$args.add($pr.Name, $value)\r\n\t\t} elseif($pr.Name -eq \"AdapterRAM\" -and $pr.Value -lt 1000000000)\r\n\t\t{\r\n\t\t\t$args.add($pr.Name, 1073741824)\r\n\t\t} else\r\n\t\t{\r\n\t\t\t$args.add($pr.Name, $pr.Value)\r\n\t\t}\r\n\t}\r\n\t\r\n\tSet-WmiInstance -Path \\\\.\\root\\cimv2:Win32_VideoController -Arguments $args\r\n}\r\n\r\n#Joebox\r\n\r\n# Creating Win32_BaseBoard fake class\r\n$newClass = New-Object System.Management.ManagementClass(\"root\\cimv2\", [String]::Empty, $null); \r\n$newClass[\"__CLASS\"] = \"Win32_BaseBoard\";\r\n$newClass.Qualifiers.Add(\"Static\", $true)\r\n\u00e2\u20ac\u2039\r\n$objWMi = get-wmiobject -computername localhost -Namespace root\\CIMV2 -Query \"Select * from Win32_BaseBoard\"\r\n\u00e2\u20ac\u2039\r\nforeach ($obj in $objWmi)\r\n{\r\n\tforeach ($pr in $obj.Properties)\r\n\t{\r\n\t\t$name = $pr.Name\r\n\t\t$value = $pr.Value\r\n\t\t$qualifier = $false\r\n\u00e2\u20ac\u2039\r\n\t\tswitch ($name)\r\n\t\t{\r\n\t\t\t\"Tag\" {\r\n\t\t\t\t$qualifier = $true\r\n\t\t\t}\r\n\t\t\t\"SerialNumber\" {\r\n\t\t\t\t$value = Get-RandomCharacters -length 16 -characters '1234567890'\r\n\t\t\t}\r\n\t\t\t{\"Product\", \"Manufacturer\" -eq $_} {\r\n\t\t\t\t$value = Get-RandomCharacters -length 10 -characters 'ABCDEFGHKLMNOPRSTUVWXYZ123456789'\r\n\t\t\t}\r\n\t\t}\r\n\u00e2\u20ac\u2039\r\n\t\t$newClass.Properties.Add($name, $value, $pr.Type)\r\n\t\tif ($qualifier) {\r\n\t\t\t$newClass.Properties[$name].Qualifiers.Add(\"Key\", $true)\r\n\t\t}\r\n\t}\r\n}\r\n\u00e2\u20ac\u2039\r\n$newClass.Put()\r\nSet-WmiInstance -Path \\\\.\\root\\cimv2:Win32_BaseBoard\r\n\r\n\r\n#Creating Win32_ComputerSystemProduct fake class\r\n$newClass = New-Object System.Management.ManagementClass(\"root\\cimv2\", [String]::Empty, $null); \r\n$newClass[\"__CLASS\"] = \"Win32_ComputerSystemProduct\";\r\n$newClass.Qualifiers.Add(\"Static\", $true)\r\n\r\n$objWMi = get-wmiobject -computername localhost -Namespace root\\CIMV2 -Query \"Select * from Win32_ComputerSystemProduct\"\r\n\r\nforeach ($obj in $objWmi)\r\n{\r\n\tforeach ($pr in $obj.Properties)\r\n\t{\r\n\t\tif($pr.Name -eq \"Name\")\r\n\t\t{\t\r\n\t\t\t$newClass.Properties.Add($pr.Name, $pr.$value, $pr.Type)\r\n\t\t\t$newClass.Properties[$pr.Name].Qualifiers.Add(\"Key\", $true)\r\n\t\t} elseif($pr.Name -eq \"IdentifyingNumber\")\r\n\t\t{\r\n\t\t\t$value = Get-RandomCharacters -length 6 -characters 'ABCDEFGHKLMNOPRSTUVWXYZ123456789'\r\n\t\t\t$newClass.Properties.Add($pr.Name, $value, $pr.Type)\r\n\t\t} else\r\n\t\t{\r\n\t\t\t$newClass.Properties.Add($pr.Name, $pr.Value, $pr.Type)\r\n\t\t}\r\n\t}\r\n}\r\n\r\n$newClass.Put()\r\nSet-WmiInstance -Path \\\\.\\root\\cimv2:Win32_ComputerSystemProduct\r\n\r\n\r\n\r\n#Creating Win32_LogicalDisk fake class\r\n$newClass = New-Object System.Management.ManagementClass(\"root\\cimv2\", [String]::Empty, $null); \r\n$newClass[\"__CLASS\"] = \"Win32_LogicalDisk\";\r\n$newClass.Qualifiers.Add(\"Static\", $true);\r\n\r\n$objWMi = get-wmiobject -computername localhost -Namespace root\\CIMV2 -Query \"Select * from Win32_LogicalDisk WHERE DriveType = 3\"\r\n\r\nif(-Not ($objWMi -is [array]))\r\n{\r\n\t$objWMi = @($objWMi)\r\n}\r\n\r\nforeach ($pr in $objWmi[0].Properties)\r\n{\r\n\t$newClass.Properties.Add($pr.Name, $pr.Type, $false)\t\r\n\tif($pr.Name -eq \"DeviceID\")\r\n\t{\r\n\t\t$newClass.Properties[$pr.Name].Qualifiers.Add(\"Key\", $true)\r\n\t}\r\n\t$newClass.Properties[$pr.Name].Qualifiers.Add(\"read\", $true)\r\n}\r\n\r\n$newClass.Put()\r\n\r\nforeach ($obj in $objWmi)\r\n{\t\r\n\t$args = @{}\r\n\tforeach ($pr in $obj.Properties)\r\n\t{\t\r\n\t\tif($pr.Name -eq \"Size\")\r\n\t\t{\r\n\t\t\t$args.add($pr.Name, \"223496729601\")\r\n\t\t} else\r\n\t\t{\r\n\t\t\t$args.add($pr.Name, $pr.Value)\r\n\t\t}\r\n\t}\r\n\t\r\n\tSet-WmiInstance -Path \\\\.\\root\\cimv2:Win32_LogicalDisk -Arguments $args\r\n}\r\n\r\n\r\n#Creating Win32_ComputerSystemProduct fake class\r\n$newClass = New-Object System.Management.ManagementClass(\"root\\cimv2\", [String]::Empty, $null); \r\n$newClass[\"__CLASS\"] = \"Win32_OperatingSystem\";\r\n$newClass.Qualifiers.Add(\"Static\", $true)\r\n\r\n$objWMi = get-wmiobject -computername localhost -Namespace root\\CIMV2 -Query \"Select * from Win32_OperatingSystem\"\r\n\r\n\r\nforeach ($obj in $objWmi)\r\n{\r\n\tforeach ($pr in $obj.Properties)\r\n\t{\r\n\t\tif($pr.Name -eq \"CreationClassName\")\r\n\t\t{\t\r\n\t\t\t$newClass.Properties.Add($pr.Name, $pr.$value, $pr.Type)\r\n\t\t\t$newClass.Properties[$pr.Name].Qualifiers.Add(\"Key\", $true)\r\n\t\t} elseif($pr.Name -eq \"LastBootUpTime\")\r\n\t\t{\r\n\t\t\t$d = [System.Management.ManagementDateTimeConverter]::ToDateTime($pr.Value)\r\n\t\t\t$d = $d.addDays(-10)\r\n\t\t\t$d = [System.Management.ManagementDateTimeConverter]::ToDmtfDateTime($d)\r\n\t\t\t\r\n\t\t\t$newClass.Properties.Add($pr.Name, $d, $pr.Type)\r\n\t\t\t\r\n\t\t} else\r\n\t\t{\r\n\t\t\t$newClass.Properties.Add($pr.Name, $pr.Value, $pr.Type)\r\n\t\t}\r\n\t}\r\n}\r\n\r\n$newClass.Put()\r\nSet-WmiInstance -Path \\\\.\\root\\cimv2:Win32_OperatingSystem\r\n\r\n\r\nfunction Delete() {\r\n    $Invocation = (Get-Variable MyInvocation -Scope 1).Value\r\n    $Path =  $Invocation.MyCommand.Path \r\n    Write-Host $Path\r\n    Remove-Item $Path -force\r\n} \r\n     \r\nDelete \r\n",
                            "Path": "C:\\Program Files (x86)\\Joebox\\unpack\\wmievasions.ps1",
                            "ScriptBlockId": "1fa47c21-e881-413f-a56f-474f2ad5b74a",
                            "MessageTotal": "\u0002",
                            "MessageNumber": "\u0002",
                            "EventID": "4104"
                        }
                    }
                ],
                "rule_level": "low",
                "rule_id": "d9b2eb00753c3049fbb4ed4f7d88f29b65a0c50bec45ff4723b95bb637f8f83d",
                "rule_source": "Sigma Integrated Rule Set (GitHub)",
                "rule_title": "Use Remove-Item to Delete File",
                "rule_description": "Powershell Remove-Item  with -Path to delete a file or a folder with \"-Recurse\"",
                "rule_author": "frack113"
            },
            {
                "match_context": [
                    {
                        "values": {
                            "RuleName": "-",
                            "CurrentDirectory": "C:\\Windows\\system32\\",
                            "LogonId": "274222",
                            "OriginalFileName": "Cmd.Exe",
                            "UtcTime": "2022-08-18 08:36:37.414",
                            "Description": "Windows Command Processor",
                            "User": "DESKTOP-B0T93D6\\george",
                            "Hashes": "MD5=F3BDBE3BB6F734E357235F4D5898582D,SHA256=3685495D051137B1C4EFDE22C26DF0883614B6453B762FA84588DA55ED2E7744,IMPHASH=0AF8419BE362159398343D7B31721726",
                            "ParentImage": "C:\\Program Files (x86)\\AutoIt3\\AutoIt3.exe",
                            "IntegrityLevel": "High",
                            "TerminalSessionId": "1",
                            "Image": "C:\\Windows\\SysWOW64\\cmd.exe",
                            "ParentProcessId": "4672",
                            "ParentProcessGuid": "C784477D-FA14-62FD-E609-000000004700",
                            "Product": "Microsoft\u00ae Windows\u00ae Operating System",
                            "LogonGuid": "C784477D-F8DA-62FD-2E2F-040000000000",
                            "EventID": "1",
                            "ProcessGuid": "C784477D-FA15-62FD-F009-000000004700",
                            "CommandLine": "cmd /C powershell.exe -executionpolicy bypass -File \"C:\\Program Files (x86)\\Joebox\\unpack\\wmievasions.ps1\" > wmi.log 2>&1",
                            "ParentCommandLine": "\"C:\\Program Files (x86)\\AutoIt3\\AutoIt3.exe\" X:\\loadjoeboxvm.au3",
                            "ProcessId": "3440",
                            "FileVersion": "10.0.17134.1 (WinBuild.160101.0800)",
                            "Company": "Microsoft Corporation"
                        }
                    },
                    {
                        "values": {
                            "RuleName": "-",
                            "CurrentDirectory": "C:\\Program Files (x86)\\Joebox\\control\\",
                            "LogonId": "274222",
                            "OriginalFileName": "Cmd.Exe",
                            "UtcTime": "2022-08-18 08:36:52.373",
                            "Description": "Windows Command Processor",
                            "User": "DESKTOP-B0T93D6\\george",
                            "Hashes": "MD5=4E2ACF4F8A396486AB4268C94A6A245F,SHA256=9A7C58BD98D70631AA1473F7B57B426DB367D72429A5455B433A05EE251F3236,IMPHASH=8542FB14699D84D7E8DA92F66145C7FE",
                            "ParentImage": "C:\\Program Files (x86)\\Joebox\\control\\joeboxcontrol.exe",
                            "IntegrityLevel": "High",
                            "TerminalSessionId": "1",
                            "Image": "C:\\Windows\\System32\\cmd.exe",
                            "ParentProcessId": "4432",
                            "ParentProcessGuid": "C784477D-FA24-62FD-F909-000000004700",
                            "Product": "Microsoft\u00ae Windows\u00ae Operating System",
                            "LogonGuid": "C784477D-F8DA-62FD-2E2F-040000000000",
                            "EventID": "1",
                            "ProcessGuid": "C784477D-FA24-62FD-FB09-000000004700",
                            "CommandLine": "C:\\Windows\\system32\\cmd.exe /c icacls \\\\192.168.2.1\\joe-windows-g12-0\\syscalls\\ /setintegritylevel (CI)(OI)L > nul",
                            "ParentCommandLine": "\"C:\\Program Files (x86)\\Joebox\\control\\joeboxcontrol.exe\"",
                            "ProcessId": "6516",
                            "FileVersion": "10.0.17134.1 (WinBuild.160101.0800)",
                            "Company": "Microsoft Corporation"
                        }
                    },
                    {
                        "values": {
                            "RuleName": "-",
                            "CurrentDirectory": "C:\\Program Files (x86)\\AutoIt3\\",
                            "LogonId": "274222",
                            "OriginalFileName": "Cmd.Exe",
                            "UtcTime": "2022-08-18 08:36:58.194",
                            "Description": "Windows Command Processor",
                            "User": "DESKTOP-B0T93D6\\george",
                            "Hashes": "MD5=F3BDBE3BB6F734E357235F4D5898582D,SHA256=3685495D051137B1C4EFDE22C26DF0883614B6453B762FA84588DA55ED2E7744,IMPHASH=0AF8419BE362159398343D7B31721726",
                            "ParentImage": "C:\\Program Files (x86)\\AutoIt3\\AutoIt3.exe",
                            "IntegrityLevel": "High",
                            "TerminalSessionId": "1",
                            "Image": "C:\\Windows\\SysWOW64\\cmd.exe",
                            "ParentProcessId": "6612",
                            "ParentProcessGuid": "C784477D-FA29-62FD-010A-000000004700",
                            "Product": "Microsoft\u00ae Windows\u00ae Operating System",
                            "LogonGuid": "C784477D-F8DA-62FD-2E2F-040000000000",
                            "EventID": "1",
                            "ProcessGuid": "C784477D-FA2A-62FD-050A-000000004700",
                            "CommandLine": "C:\\Windows\\system32\\cmd.exe /c arp -a > C:\\windows\\runiso.out 2>&1",
                            "ParentCommandLine": "\"C:\\Program Files (x86)\\AutoIt3\\AutoIt3.exe\" \"C:\\Users\\george\\Desktop\\script.0.au3\"",
                            "ProcessId": "6376",
                            "FileVersion": "10.0.17134.1 (WinBuild.160101.0800)",
                            "Company": "Microsoft Corporation"
                        }
                    },
                    {
                        "values": {
                            "RuleName": "-",
                            "CurrentDirectory": "C:\\Program Files (x86)\\AutoIt3\\",
                            "LogonId": "274222",
                            "OriginalFileName": "Cmd.Exe",
                            "UtcTime": "2022-08-18 08:36:58.995",
                            "Description": "Windows Command Processor",
                            "User": "DESKTOP-B0T93D6\\george",
                            "Hashes": "MD5=F3BDBE3BB6F734E357235F4D5898582D,SHA256=3685495D051137B1C4EFDE22C26DF0883614B6453B762FA84588DA55ED2E7744,IMPHASH=0AF8419BE362159398343D7B31721726",
                            "ParentImage": "C:\\Program Files (x86)\\AutoIt3\\AutoIt3.exe",
                            "IntegrityLevel": "High",
                            "TerminalSessionId": "1",
                            "Image": "C:\\Windows\\SysWOW64\\cmd.exe",
                            "ParentProcessId": "6612",
                            "ParentProcessGuid": "C784477D-FA29-62FD-010A-000000004700",
                            "Product": "Microsoft\u00ae Windows\u00ae Operating System",
                            "LogonGuid": "C784477D-F8DA-62FD-2E2F-040000000000",
                            "EventID": "1",
                            "ProcessGuid": "C784477D-FA2A-62FD-100A-000000004700",
                            "CommandLine": "C:\\Windows\\system32\\cmd.exe /c tasklist /svc | find \"svchost.exe\" >> \\\\192.168.2.1\\joe-windows-g12-0\\logs\\services.log",
                            "ParentCommandLine": "\"C:\\Program Files (x86)\\AutoIt3\\AutoIt3.exe\" \"C:\\Users\\george\\Desktop\\script.0.au3\"",
                            "ProcessId": "2300",
                            "FileVersion": "10.0.17134.1 (WinBuild.160101.0800)",
                            "Company": "Microsoft Corporation"
                        }
                    },
                    {
                        "values": {
                            "RuleName": "-",
                            "CurrentDirectory": "C:\\Program Files (x86)\\AutoIt3\\",
                            "LogonId": "274222",
                            "OriginalFileName": "Cmd.Exe",
                            "UtcTime": "2022-08-18 08:36:58.999",
                            "Description": "Windows Command Processor",
                            "User": "DESKTOP-B0T93D6\\george",
                            "Hashes": "MD5=F3BDBE3BB6F734E357235F4D5898582D,SHA256=3685495D051137B1C4EFDE22C26DF0883614B6453B762FA84588DA55ED2E7744,IMPHASH=0AF8419BE362159398343D7B31721726",
                            "ParentImage": "C:\\Program Files (x86)\\AutoIt3\\AutoIt3.exe",
                            "IntegrityLevel": "High",
                            "TerminalSessionId": "1",
                            "Image": "C:\\Windows\\SysWOW64\\cmd.exe",
                            "ParentProcessId": "6612",
                            "ParentProcessGuid": "C784477D-FA29-62FD-010A-000000004700",
                            "Product": "Microsoft\u00ae Windows\u00ae Operating System",
                            "LogonGuid": "C784477D-F8DA-62FD-2E2F-040000000000",
                            "EventID": "1",
                            "ProcessGuid": "C784477D-FA2A-62FD-110A-000000004700",
                            "CommandLine": "C:\\Windows\\system32\\cmd.exe /c powershell.exe -ex bypass -command \"Get-ScheduledTask | Disable-ScheduledTask\" > \\\\192.168.2.1\\joe-windows-g12-0\\logs\\taskdeletion.log 2>&1",
                            "ParentCommandLine": "\"C:\\Program Files (x86)\\AutoIt3\\AutoIt3.exe\" \"C:\\Users\\george\\Desktop\\script.0.au3\"",
                            "ProcessId": "6760",
                            "FileVersion": "10.0.17134.1 (WinBuild.160101.0800)",
                            "Company": "Microsoft Corporation"
                        }
                    },
