                    {
                        "values": {
                            "RuleName": "-",
                            "CurrentDirectory": "C:\\Windows\\system32\\",
                            "LogonId": "274222",
                            "OriginalFileName": "wevtutil.exe",
                            "UtcTime": "2022-08-18 08:31:51.039",
                            "Description": "Eventing Command Line Utility",
                            "User": "DESKTOP-B0T93D6\\george",
                            "Hashes": "MD5=0269064AA2DD91125F13635FB194F499,SHA256=AB86C6C090FA85C2920A637D2BE274335A86FBC0A7FB706E893493B50840DC0A,IMPHASH=89A3D9DE9FED48F734C9553D16342280",
                            "ParentImage": "C:\\Windows\\System32\\cmd.exe",
                            "IntegrityLevel": "High",
                            "TerminalSessionId": "1",
                            "Image": "C:\\Windows\\System32\\wevtutil.exe",
                            "ParentProcessId": "4212",
                            "ParentProcessGuid": "C784477D-F8DA-62FD-7700-000000004700",
                            "Product": "Microsoft\u00ae Windows\u00ae Operating System",
                            "LogonGuid": "C784477D-F8DA-62FD-2E2F-040000000000",
                            "EventID": "1",
                            "ProcessGuid": "C784477D-F8F7-62FD-9907-000000004700",
                            "CommandLine": "wevtutil  cl \"Microsoft-Windows-TaskScheduler/Maintenance\"",
                            "ParentCommandLine": "C:\\Windows\\SYSTEM32\\cmd.exe /c \"C:\\startup.bat\"",
                            "ProcessId": "1644",
                            "FileVersion": "10.0.17134.81 (WinBuild.160101.0800)",
                            "Company": "Microsoft Corporation"
                        }
                    },
                    {
                        "values": {
                            "RuleName": "-",
                            "CurrentDirectory": "C:\\",
                            "LogonId": "274222",
                            "OriginalFileName": "wevtutil.exe",
                            "UtcTime": "2022-08-18 08:31:51.057",
                            "Description": "Eventing Command Line Utility",
                            "User": "DESKTOP-B0T93D6\\george",
                            "Hashes": "MD5=0269064AA2DD91125F13635FB194F499,SHA256=AB86C6C090FA85C2920A637D2BE274335A86FBC0A7FB706E893493B50840DC0A,IMPHASH=89A3D9DE9FED48F734C9553D16342280",
                            "ParentImage": "C:\\Windows\\System32\\cmd.exe",
                            "IntegrityLevel": "High",
                            "TerminalSessionId": "1",
                            "Image": "C:\\Windows\\System32\\wevtutil.exe",
                            "ParentProcessId": "2880",
                            "ParentProcessGuid": "C784477D-F8E7-62FD-9B00-000000004700",
                            "Product": "Microsoft\u00ae Windows\u00ae Operating System",
                            "LogonGuid": "C784477D-F8DA-62FD-2E2F-040000000000",
                            "EventID": "1",
                            "ProcessGuid": "C784477D-F8F7-62FD-9A07-000000004700",
                            "CommandLine": "wevtutil  cl \"Microsoft-Windows-TerminalServices-ServerUSBDevices/Admin\"",
                            "ParentCommandLine": "\"C:\\Windows\\System32\\cmd.exe\" /C \"C:\\startup.bat\" ",
                            "ProcessId": "1652",
                            "FileVersion": "10.0.17134.81 (WinBuild.160101.0800)",
                            "Company": "Microsoft Corporation"
                        }
                    },
                    {
                        "values": {
                            "RuleName": "-",
                            "CurrentDirectory": "C:\\Windows\\system32\\",
                            "LogonId": "274222",
                            "OriginalFileName": "wevtutil.exe",
                            "UtcTime": "2022-08-18 08:31:51.064",
                            "Description": "Eventing Command Line Utility",
                            "User": "DESKTOP-B0T93D6\\george",
                            "Hashes": "MD5=0269064AA2DD91125F13635FB194F499,SHA256=AB86C6C090FA85C2920A637D2BE274335A86FBC0A7FB706E893493B50840DC0A,IMPHASH=89A3D9DE9FED48F734C9553D16342280",
                            "ParentImage": "C:\\Windows\\System32\\cmd.exe",
                            "IntegrityLevel": "High",
                            "TerminalSessionId": "1",
                            "Image": "C:\\Windows\\System32\\wevtutil.exe",
                            "ParentProcessId": "4212",
                            "ParentProcessGuid": "C784477D-F8DA-62FD-7700-000000004700",
                            "Product": "Microsoft\u00ae Windows\u00ae Operating System",
                            "LogonGuid": "C784477D-F8DA-62FD-2E2F-040000000000",
                            "EventID": "1",
                            "ProcessGuid": "C784477D-F8F7-62FD-9B07-000000004700",
                            "CommandLine": "wevtutil  cl \"Microsoft-Windows-TaskScheduler/Operational\"",
                            "ParentCommandLine": "C:\\Windows\\SYSTEM32\\cmd.exe /c \"C:\\startup.bat\"",
                            "ProcessId": "5816",
                            "FileVersion": "10.0.17134.81 (WinBuild.160101.0800)",
                            "Company": "Microsoft Corporation"
                        }
                    },
                    {
                        "values": {
                            "RuleName": "-",
                            "CurrentDirectory": "C:\\Windows\\system32\\",
                            "LogonId": "274222",
                            "OriginalFileName": "wevtutil.exe",
                            "UtcTime": "2022-08-18 08:31:51.083",
                            "Description": "Eventing Command Line Utility",
                            "User": "DESKTOP-B0T93D6\\george",
                            "Hashes": "MD5=0269064AA2DD91125F13635FB194F499,SHA256=AB86C6C090FA85C2920A637D2BE274335A86FBC0A7FB706E893493B50840DC0A,IMPHASH=89A3D9DE9FED48F734C9553D16342280",
                            "ParentImage": "C:\\Windows\\System32\\cmd.exe",
                            "IntegrityLevel": "High",
                            "TerminalSessionId": "1",
                            "Image": "C:\\Windows\\System32\\wevtutil.exe",
                            "ParentProcessId": "4212",
                            "ParentProcessGuid": "C784477D-F8DA-62FD-7700-000000004700",
                            "Product": "Microsoft\u00ae Windows\u00ae Operating System",
                            "LogonGuid": "C784477D-F8DA-62FD-2E2F-040000000000",
                            "EventID": "1",
                            "ProcessGuid": "C784477D-F8F7-62FD-9C07-000000004700",
                            "CommandLine": "wevtutil  cl \"Microsoft-Windows-TaskbarCPL/Diagnostic\"",
                            "ParentCommandLine": "C:\\Windows\\SYSTEM32\\cmd.exe /c \"C:\\startup.bat\"",
                            "ProcessId": "72",
                            "FileVersion": "10.0.17134.81 (WinBuild.160101.0800)",
                            "Company": "Microsoft Corporation"
                        }
                    },
                    {
                        "values": {
                            "RuleName": "-",
                            "CurrentDirectory": "C:\\",
                            "LogonId": "274222",
                            "OriginalFileName": "wevtutil.exe",
                            "UtcTime": "2022-08-18 08:31:51.083",
                            "Description": "Eventing Command Line Utility",
                            "User": "DESKTOP-B0T93D6\\george",
                            "Hashes": "MD5=0269064AA2DD91125F13635FB194F499,SHA256=AB86C6C090FA85C2920A637D2BE274335A86FBC0A7FB706E893493B50840DC0A,IMPHASH=89A3D9DE9FED48F734C9553D16342280",
                            "ParentImage": "C:\\Windows\\System32\\cmd.exe",
                            "IntegrityLevel": "High",
                            "TerminalSessionId": "1",
                            "Image": "C:\\Windows\\System32\\wevtutil.exe",
                            "ParentProcessId": "2880",
                            "ParentProcessGuid": "C784477D-F8E7-62FD-9B00-000000004700",
                            "Product": "Microsoft\u00ae Windows\u00ae Operating System",
                            "LogonGuid": "C784477D-F8DA-62FD-2E2F-040000000000",
                            "EventID": "1",
                            "ProcessGuid": "C784477D-F8F7-62FD-9D07-000000004700",
                            "CommandLine": "wevtutil  cl \"Microsoft-Windows-TerminalServices-ServerUSBDevices/Analytic\"",
                            "ParentCommandLine": "\"C:\\Windows\\System32\\cmd.exe\" /C \"C:\\startup.bat\" ",
                            "ProcessId": "2864",
                            "FileVersion": "10.0.17134.81 (WinBuild.160101.0800)",
                            "Company": "Microsoft Corporation"
                        }
                    },
                    {
                        "values": {
                            "RuleName": "-",
                            "CurrentDirectory": "C:\\",
                            "LogonId": "274222",
                            "OriginalFileName": "wevtutil.exe",
                            "UtcTime": "2022-08-18 08:31:51.100",
                            "Description": "Eventing Command Line Utility",
                            "User": "DESKTOP-B0T93D6\\george",
                            "Hashes": "MD5=0269064AA2DD91125F13635FB194F499,SHA256=AB86C6C090FA85C2920A637D2BE274335A86FBC0A7FB706E893493B50840DC0A,IMPHASH=89A3D9DE9FED48F734C9553D16342280",
                            "ParentImage": "C:\\Windows\\System32\\cmd.exe",
                            "IntegrityLevel": "High",
                            "TerminalSessionId": "1",
                            "Image": "C:\\Windows\\System32\\wevtutil.exe",
                            "ParentProcessId": "2880",
                            "ParentProcessGuid": "C784477D-F8E7-62FD-9B00-000000004700",
                            "Product": "Microsoft\u00ae Windows\u00ae Operating System",
                            "LogonGuid": "C784477D-F8DA-62FD-2E2F-040000000000",
                            "EventID": "1",
                            "ProcessGuid": "C784477D-F8F7-62FD-9E07-000000004700",
                            "CommandLine": "wevtutil  cl \"Microsoft-Windows-TerminalServices-ServerUSBDevices/Debug\"",
                            "ParentCommandLine": "\"C:\\Windows\\System32\\cmd.exe\" /C \"C:\\startup.bat\" ",
                            "ProcessId": "872",
                            "FileVersion": "10.0.17134.81 (WinBuild.160101.0800)",
                            "Company": "Microsoft Corporation"
                        }
                    },
                    {
                        "values": {
                            "RuleName": "-",
                            "CurrentDirectory": "C:\\Windows\\system32\\",
                            "LogonId": "274222",
                            "OriginalFileName": "wevtutil.exe",
                            "UtcTime": "2022-08-18 08:31:51.102",
                            "Description": "Eventing Command Line Utility",
                            "User": "DESKTOP-B0T93D6\\george",
                            "Hashes": "MD5=0269064AA2DD91125F13635FB194F499,SHA256=AB86C6C090FA85C2920A637D2BE274335A86FBC0A7FB706E893493B50840DC0A,IMPHASH=89A3D9DE9FED48F734C9553D16342280",
                            "ParentImage": "C:\\Windows\\System32\\cmd.exe",
                            "IntegrityLevel": "High",
                            "TerminalSessionId": "1",
                            "Image": "C:\\Windows\\System32\\wevtutil.exe",
                            "ParentProcessId": "4212",
                            "ParentProcessGuid": "C784477D-F8DA-62FD-7700-000000004700",
                            "Product": "Microsoft\u00ae Windows\u00ae Operating System",
                            "LogonGuid": "C784477D-F8DA-62FD-2E2F-040000000000",
                            "EventID": "1",
                            "ProcessGuid": "C784477D-F8F7-62FD-9F07-000000004700",
                            "CommandLine": "wevtutil  cl \"Microsoft-Windows-TerminalServices-ClientUSBDevices/Admin\"",
                            "ParentCommandLine": "C:\\Windows\\SYSTEM32\\cmd.exe /c \"C:\\startup.bat\"",
                            "ProcessId": "5780",
                            "FileVersion": "10.0.17134.81 (WinBuild.160101.0800)",
                            "Company": "Microsoft Corporation"
                        }
                    },
                    {
                        "values": {
                            "RuleName": "-",
                            "CurrentDirectory": "C:\\",
                            "LogonId": "274222",
                            "OriginalFileName": "wevtutil.exe",
                            "UtcTime": "2022-08-18 08:31:51.116",
                            "Description": "Eventing Command Line Utility",
                            "User": "DESKTOP-B0T93D6\\george",
                            "Hashes": "MD5=0269064AA2DD91125F13635FB194F499,SHA256=AB86C6C090FA85C2920A637D2BE274335A86FBC0A7FB706E893493B50840DC0A,IMPHASH=89A3D9DE9FED48F734C9553D16342280",
                            "ParentImage": "C:\\Windows\\System32\\cmd.exe",
                            "IntegrityLevel": "High",
                            "TerminalSessionId": "1",
                            "Image": "C:\\Windows\\System32\\wevtutil.exe",
                            "ParentProcessId": "2880",
                            "ParentProcessGuid": "C784477D-F8E7-62FD-9B00-000000004700",
                            "Product": "Microsoft\u00ae Windows\u00ae Operating System",
                            "LogonGuid": "C784477D-F8DA-62FD-2E2F-040000000000",
                            "EventID": "1",
                            "ProcessGuid": "C784477D-F8F7-62FD-A007-000000004700",
                            "CommandLine": "wevtutil  cl \"Microsoft-Windows-TerminalServices-ServerUSBDevices/Operational\"",
                            "ParentCommandLine": "\"C:\\Windows\\System32\\cmd.exe\" /C \"C:\\startup.bat\" ",
                            "ProcessId": "2904",
                            "FileVersion": "10.0.17134.81 (WinBuild.160101.0800)",
                            "Company": "Microsoft Corporation"
                        }
                    },
                    {
                        "values": {
                            "RuleName": "-",
                            "CurrentDirectory": "C:\\Windows\\system32\\",
                            "LogonId": "274222",
                            "OriginalFileName": "wevtutil.exe",
                            "UtcTime": "2022-08-18 08:31:51.122",
                            "Description": "Eventing Command Line Utility",
                            "User": "DESKTOP-B0T93D6\\george",
                            "Hashes": "MD5=0269064AA2DD91125F13635FB194F499,SHA256=AB86C6C090FA85C2920A637D2BE274335A86FBC0A7FB706E893493B50840DC0A,IMPHASH=89A3D9DE9FED48F734C9553D16342280",
                            "ParentImage": "C:\\Windows\\System32\\cmd.exe",
                            "IntegrityLevel": "High",
                            "TerminalSessionId": "1",
                            "Image": "C:\\Windows\\System32\\wevtutil.exe",
                            "ParentProcessId": "4212",
                            "ParentProcessGuid": "C784477D-F8DA-62FD-7700-000000004700",
                            "Product": "Microsoft\u00ae Windows\u00ae Operating System",
                            "LogonGuid": "C784477D-F8DA-62FD-2E2F-040000000000",
                            "EventID": "1",
                            "ProcessGuid": "C784477D-F8F7-62FD-A107-000000004700",
                            "CommandLine": "wevtutil  cl \"Microsoft-Windows-TerminalServices-ClientUSBDevices/Analytic\"",
                            "ParentCommandLine": "C:\\Windows\\SYSTEM32\\cmd.exe /c \"C:\\startup.bat\"",
                            "ProcessId": "3540",
                            "FileVersion": "10.0.17134.81 (WinBuild.160101.0800)",
                            "Company": "Microsoft Corporation"
                        }
                    },
                    {
                        "values": {
                            "RuleName": "-",
                            "CurrentDirectory": "C:\\",
                            "LogonId": "274222",
                            "OriginalFileName": "wevtutil.exe",
                            "UtcTime": "2022-08-18 08:31:51.136",
                            "Description": "Eventing Command Line Utility",
                            "User": "DESKTOP-B0T93D6\\george",
                            "Hashes": "MD5=0269064AA2DD91125F13635FB194F499,SHA256=AB86C6C090FA85C2920A637D2BE274335A86FBC0A7FB706E893493B50840DC0A,IMPHASH=89A3D9DE9FED48F734C9553D16342280",
                            "ParentImage": "C:\\Windows\\System32\\cmd.exe",
                            "IntegrityLevel": "High",
                            "TerminalSessionId": "1",
                            "Image": "C:\\Windows\\System32\\wevtutil.exe",
                            "ParentProcessId": "2880",
                            "ParentProcessGuid": "C784477D-F8E7-62FD-9B00-000000004700",
                            "Product": "Microsoft\u00ae Windows\u00ae Operating System",
                            "LogonGuid": "C784477D-F8DA-62FD-2E2F-040000000000",
                            "EventID": "1",
                            "ProcessGuid": "C784477D-F8F7-62FD-A207-000000004700",
                            "CommandLine": "wevtutil  cl \"Microsoft-Windows-Tethering-Manager/Analytic\"",
                            "ParentCommandLine": "\"C:\\Windows\\System32\\cmd.exe\" /C \"C:\\startup.bat\" ",
                            "ProcessId": "3168",
                            "FileVersion": "10.0.17134.81 (WinBuild.160101.0800)",
                            "Company": "Microsoft Corporation"
                        }
                    },
                    {
                        "values": {
                            "RuleName": "-",
                            "CurrentDirectory": "C:\\Windows\\system32\\",
                            "LogonId": "274222",
                            "OriginalFileName": "wevtutil.exe",
                            "UtcTime": "2022-08-18 08:31:51.138",
                            "Description": "Eventing Command Line Utility",
                            "User": "DESKTOP-B0T93D6\\george",
                            "Hashes": "MD5=0269064AA2DD91125F13635FB194F499,SHA256=AB86C6C090FA85C2920A637D2BE274335A86FBC0A7FB706E893493B50840DC0A,IMPHASH=89A3D9DE9FED48F734C9553D16342280",
                            "ParentImage": "C:\\Windows\\System32\\cmd.exe",
                            "IntegrityLevel": "High",
                            "TerminalSessionId": "1",
                            "Image": "C:\\Windows\\System32\\wevtutil.exe",
                            "ParentProcessId": "4212",
                            "ParentProcessGuid": "C784477D-F8DA-62FD-7700-000000004700",
                            "Product": "Microsoft\u00ae Windows\u00ae Operating System",
                            "LogonGuid": "C784477D-F8DA-62FD-2E2F-040000000000",
                            "EventID": "1",
                            "ProcessGuid": "C784477D-F8F7-62FD-A307-000000004700",
                            "CommandLine": "wevtutil  cl \"Microsoft-Windows-TerminalServices-ClientUSBDevices/Debug\"",
                            "ParentCommandLine": "C:\\Windows\\SYSTEM32\\cmd.exe /c \"C:\\startup.bat\"",
                            "ProcessId": "4684",
                            "FileVersion": "10.0.17134.81 (WinBuild.160101.0800)",
                            "Company": "Microsoft Corporation"
                        }
                    },
                    {
                        "values": {
                            "RuleName": "-",
                            "CurrentDirectory": "C:\\",
                            "LogonId": "274222",
                            "OriginalFileName": "wevtutil.exe",
                            "UtcTime": "2022-08-18 08:31:51.151",
                            "Description": "Eventing Command Line Utility",
                            "User": "DESKTOP-B0T93D6\\george",
                            "Hashes": "MD5=0269064AA2DD91125F13635FB194F499,SHA256=AB86C6C090FA85C2920A637D2BE274335A86FBC0A7FB706E893493B50840DC0A,IMPHASH=89A3D9DE9FED48F734C9553D16342280",
                            "ParentImage": "C:\\Windows\\System32\\cmd.exe",
                            "IntegrityLevel": "High",
                            "TerminalSessionId": "1",
                            "Image": "C:\\Windows\\System32\\wevtutil.exe",
                            "ParentProcessId": "2880",
                            "ParentProcessGuid": "C784477D-F8E7-62FD-9B00-000000004700",
                            "Product": "Microsoft\u00ae Windows\u00ae Operating System",
                            "LogonGuid": "C784477D-F8DA-62FD-2E2F-040000000000",
                            "EventID": "1",
                            "ProcessGuid": "C784477D-F8F7-62FD-A407-000000004700",
                            "CommandLine": "wevtutil  cl \"Microsoft-Windows-Tethering-Station/Analytic\"",
                            "ParentCommandLine": "\"C:\\Windows\\System32\\cmd.exe\" /C \"C:\\startup.bat\" ",
                            "ProcessId": "3408",
                            "FileVersion": "10.0.17134.81 (WinBuild.160101.0800)",
                            "Company": "Microsoft Corporation"
                        }
                    },
                    {
                        "values": {
                            "RuleName": "-",
                            "CurrentDirectory": "C:\\Windows\\system32\\",
                            "LogonId": "274222",
                            "OriginalFileName": "wevtutil.exe",
                            "UtcTime": "2022-08-18 08:31:51.154",
                            "Description": "Eventing Command Line Utility",
                            "User": "DESKTOP-B0T93D6\\george",
                            "Hashes": "MD5=0269064AA2DD91125F13635FB194F499,SHA256=AB86C6C090FA85C2920A637D2BE274335A86FBC0A7FB706E893493B50840DC0A,IMPHASH=89A3D9DE9FED48F734C9553D16342280",
                            "ParentImage": "C:\\Windows\\System32\\cmd.exe",
                            "IntegrityLevel": "High",
                            "TerminalSessionId": "1",
                            "Image": "C:\\Windows\\System32\\wevtutil.exe",
                            "ParentProcessId": "4212",
                            "ParentProcessGuid": "C784477D-F8DA-62FD-7700-000000004700",
                            "Product": "Microsoft\u00ae Windows\u00ae Operating System",
                            "LogonGuid": "C784477D-F8DA-62FD-2E2F-040000000000",
                            "EventID": "1",
                            "ProcessGuid": "C784477D-F8F7-62FD-A507-000000004700",
                            "CommandLine": "wevtutil  cl \"Microsoft-Windows-TerminalServices-ClientUSBDevices/Operational\"",
                            "ParentCommandLine": "C:\\Windows\\SYSTEM32\\cmd.exe /c \"C:\\startup.bat\"",
                            "ProcessId": "6092",
                            "FileVersion": "10.0.17134.81 (WinBuild.160101.0800)",
                            "Company": "Microsoft Corporation"
                        }
                    },
                    {
                        "values": {
                            "RuleName": "-",
                            "CurrentDirectory": "C:\\",
                            "LogonId": "274222",
                            "OriginalFileName": "wevtutil.exe",
                            "UtcTime": "2022-08-18 08:31:51.166",
                            "Description": "Eventing Command Line Utility",
                            "User": "DESKTOP-B0T93D6\\george",
                            "Hashes": "MD5=0269064AA2DD91125F13635FB194F499,SHA256=AB86C6C090FA85C2920A637D2BE274335A86FBC0A7FB706E893493B50840DC0A,IMPHASH=89A3D9DE9FED48F734C9553D16342280",
                            "ParentImage": "C:\\Windows\\System32\\cmd.exe",
                            "IntegrityLevel": "High",
                            "TerminalSessionId": "1",
                            "Image": "C:\\Windows\\System32\\wevtutil.exe",
                            "ParentProcessId": "2880",
                            "ParentProcessGuid": "C784477D-F8E7-62FD-9B00-000000004700",
                            "Product": "Microsoft\u00ae Windows\u00ae Operating System",
                            "LogonGuid": "C784477D-F8DA-62FD-2E2F-040000000000",
                            "EventID": "1",
                            "ProcessGuid": "C784477D-F8F7-62FD-A607-000000004700",
                            "CommandLine": "wevtutil  cl \"Microsoft-Windows-ThemeCPL/Diagnostic\"",
                            "ParentCommandLine": "\"C:\\Windows\\System32\\cmd.exe\" /C \"C:\\startup.bat\" ",
                            "ProcessId": "5848",
                            "FileVersion": "10.0.17134.81 (WinBuild.160101.0800)",
                            "Company": "Microsoft Corporation"
                        }
                    },
                    {
                        "values": {
                            "RuleName": "-",
                            "CurrentDirectory": "C:\\Windows\\system32\\",
                            "LogonId": "274222",
                            "OriginalFileName": "wevtutil.exe",
                            "UtcTime": "2022-08-18 08:31:51.175",
                            "Description": "Eventing Command Line Utility",
                            "User": "DESKTOP-B0T93D6\\george",
                            "Hashes": "MD5=0269064AA2DD91125F13635FB194F499,SHA256=AB86C6C090FA85C2920A637D2BE274335A86FBC0A7FB706E893493B50840DC0A,IMPHASH=89A3D9DE9FED48F734C9553D16342280",
                            "ParentImage": "C:\\Windows\\System32\\cmd.exe",
                            "IntegrityLevel": "High",
                            "TerminalSessionId": "1",
                            "Image": "C:\\Windows\\System32\\wevtutil.exe",
                            "ParentProcessId": "4212",
                            "ParentProcessGuid": "C784477D-F8DA-62FD-7700-000000004700",
                            "Product": "Microsoft\u00ae Windows\u00ae Operating System",
                            "LogonGuid": "C784477D-F8DA-62FD-2E2F-040000000000",
                            "EventID": "1",
                            "ProcessGuid": "C784477D-F8F7-62FD-A707-000000004700",
                            "CommandLine": "wevtutil  cl \"Microsoft-Windows-TerminalServices-LocalSessionManager/Admin\"",
                            "ParentCommandLine": "C:\\Windows\\SYSTEM32\\cmd.exe /c \"C:\\startup.bat\"",
                            "ProcessId": "4576",
                            "FileVersion": "10.0.17134.81 (WinBuild.160101.0800)",
                            "Company": "Microsoft Corporation"
                        }
                    },
                    {
                        "values": {
                            "RuleName": "-",
                            "CurrentDirectory": "C:\\",
                            "LogonId": "274222",
                            "OriginalFileName": "wevtutil.exe",
                            "UtcTime": "2022-08-18 08:31:51.181",
                            "Description": "Eventing Command Line Utility",
                            "User": "DESKTOP-B0T93D6\\george",
                            "Hashes": "MD5=0269064AA2DD91125F13635FB194F499,SHA256=AB86C6C090FA85C2920A637D2BE274335A86FBC0A7FB706E893493B50840DC0A,IMPHASH=89A3D9DE9FED48F734C9553D16342280",
                            "ParentImage": "C:\\Windows\\System32\\cmd.exe",
                            "IntegrityLevel": "High",
                            "TerminalSessionId": "1",
                            "Image": "C:\\Windows\\System32\\wevtutil.exe",
                            "ParentProcessId": "2880",
                            "ParentProcessGuid": "C784477D-F8E7-62FD-9B00-000000004700",
                            "Product": "Microsoft\u00ae Windows\u00ae Operating System",
                            "LogonGuid": "C784477D-F8DA-62FD-2E2F-040000000000",
                            "EventID": "1",
                            "ProcessGuid": "C784477D-F8F7-62FD-A807-000000004700",
                            "CommandLine": "wevtutil  cl \"Microsoft-Windows-ThemeUI/Diagnostic\"",
                            "ParentCommandLine": "\"C:\\Windows\\System32\\cmd.exe\" /C \"C:\\startup.bat\" ",
                            "ProcessId": "1352",
                            "FileVersion": "10.0.17134.81 (WinBuild.160101.0800)",
                            "Company": "Microsoft Corporation"
                        }
                    },
                    {
                        "values": {
                            "RuleName": "-",
                            "CurrentDirectory": "C:\\",
                            "LogonId": "274222",
                            "OriginalFileName": "wevtutil.exe",
                            "UtcTime": "2022-08-18 08:31:51.198",
                            "Description": "Eventing Command Line Utility",
                            "User": "DESKTOP-B0T93D6\\george",
                            "Hashes": "MD5=0269064AA2DD91125F13635FB194F499,SHA256=AB86C6C090FA85C2920A637D2BE274335A86FBC0A7FB706E893493B50840DC0A,IMPHASH=89A3D9DE9FED48F734C9553D16342280",
                            "ParentImage": "C:\\Windows\\System32\\cmd.exe",
                            "IntegrityLevel": "High",
                            "TerminalSessionId": "1",
                            "Image": "C:\\Windows\\System32\\wevtutil.exe",
                            "ParentProcessId": "2880",
                            "ParentProcessGuid": "C784477D-F8E7-62FD-9B00-000000004700",
                            "Product": "Microsoft\u00ae Windows\u00ae Operating System",
                            "LogonGuid": "C784477D-F8DA-62FD-2E2F-040000000000",
                            "EventID": "1",
                            "ProcessGuid": "C784477D-F8F7-62FD-A907-000000004700",
                            "CommandLine": "wevtutil  cl \"Microsoft-Windows-Threat-Intelligence/Analytic\"",
                            "ParentCommandLine": "\"C:\\Windows\\System32\\cmd.exe\" /C \"C:\\startup.bat\" ",
                            "ProcessId": "3172",
                            "FileVersion": "10.0.17134.81 (WinBuild.160101.0800)",
                            "Company": "Microsoft Corporation"
                        }
                    },
                    {
                        "values": {
                            "RuleName": "-",
                            "CurrentDirectory": "C:\\Windows\\system32\\",
                            "LogonId": "274222",
                            "OriginalFileName": "wevtutil.exe",
                            "UtcTime": "2022-08-18 08:31:51.198",
                            "Description": "Eventing Command Line Utility",
                            "User": "DESKTOP-B0T93D6\\george",
                            "Hashes": "MD5=0269064AA2DD91125F13635FB194F499,SHA256=AB86C6C090FA85C2920A637D2BE274335A86FBC0A7FB706E893493B50840DC0A,IMPHASH=89A3D9DE9FED48F734C9553D16342280",
                            "ParentImage": "C:\\Windows\\System32\\cmd.exe",
                            "IntegrityLevel": "High",
                            "TerminalSessionId": "1",
                            "Image": "C:\\Windows\\System32\\wevtutil.exe",
                            "ParentProcessId": "4212",
                            "ParentProcessGuid": "C784477D-F8DA-62FD-7700-000000004700",
                            "Product": "Microsoft\u00ae Windows\u00ae Operating System",
                            "LogonGuid": "C784477D-F8DA-62FD-2E2F-040000000000",
                            "EventID": "1",
                            "ProcessGuid": "C784477D-F8F7-62FD-AA07-000000004700",
                            "CommandLine": "wevtutil  cl \"Microsoft-Windows-TerminalServices-LocalSessionManager/Analytic\"",
                            "ParentCommandLine": "C:\\Windows\\SYSTEM32\\cmd.exe /c \"C:\\startup.bat\"",
                            "ProcessId": "2392",
                            "FileVersion": "10.0.17134.81 (WinBuild.160101.0800)",
                            "Company": "Microsoft Corporation"
                        }
                    },
                    {
                        "values": {
                            "RuleName": "-",
                            "CurrentDirectory": "C:\\",
                            "LogonId": "274222",
                            "OriginalFileName": "wevtutil.exe",
                            "UtcTime": "2022-08-18 08:31:51.215",
                            "Description": "Eventing Command Line Utility",
                            "User": "DESKTOP-B0T93D6\\george",
                            "Hashes": "MD5=0269064AA2DD91125F13635FB194F499,SHA256=AB86C6C090FA85C2920A637D2BE274335A86FBC0A7FB706E893493B50840DC0A,IMPHASH=89A3D9DE9FED48F734C9553D16342280",
                            "ParentImage": "C:\\Windows\\System32\\cmd.exe",
                            "IntegrityLevel": "High",
                            "TerminalSessionId": "1",
                            "Image": "C:\\Windows\\System32\\wevtutil.exe",
                            "ParentProcessId": "2880",
                            "ParentProcessGuid": "C784477D-F8E7-62FD-9B00-000000004700",
                            "Product": "Microsoft\u00ae Windows\u00ae Operating System",
                            "LogonGuid": "C784477D-F8DA-62FD-2E2F-040000000000",
                            "EventID": "1",
                            "ProcessGuid": "C784477D-F8F7-62FD-AB07-000000004700",
                            "CommandLine": "wevtutil  cl \"Microsoft-Windows-Time-Service/Operational\"",
                            "ParentCommandLine": "\"C:\\Windows\\System32\\cmd.exe\" /C \"C:\\startup.bat\" ",
                            "ProcessId": "4360",
                            "FileVersion": "10.0.17134.81 (WinBuild.160101.0800)",
                            "Company": "Microsoft Corporation"
                        }
                    },
                    {
                        "values": {
                            "RuleName": "-",
                            "CurrentDirectory": "C:\\Windows\\system32\\",
                            "LogonId": "274222",
                            "OriginalFileName": "wevtutil.exe",
                            "UtcTime": "2022-08-18 08:31:51.215",
                            "Description": "Eventing Command Line Utility",
                            "User": "DESKTOP-B0T93D6\\george",
                            "Hashes": "MD5=0269064AA2DD91125F13635FB194F499,SHA256=AB86C6C090FA85C2920A637D2BE274335A86FBC0A7FB706E893493B50840DC0A,IMPHASH=89A3D9DE9FED48F734C9553D16342280",
                            "ParentImage": "C:\\Windows\\System32\\cmd.exe",
                            "IntegrityLevel": "High",
                            "TerminalSessionId": "1",
                            "Image": "C:\\Windows\\System32\\wevtutil.exe",
                            "ParentProcessId": "4212",
                            "ParentProcessGuid": "C784477D-F8DA-62FD-7700-000000004700",
                            "Product": "Microsoft\u00ae Windows\u00ae Operating System",
                            "LogonGuid": "C784477D-F8DA-62FD-2E2F-040000000000",
                            "EventID": "1",
                            "ProcessGuid": "C784477D-F8F7-62FD-AC07-000000004700",
                            "CommandLine": "wevtutil  cl \"Microsoft-Windows-TerminalServices-LocalSessionManager/Debug\"",
                            "ParentCommandLine": "C:\\Windows\\SYSTEM32\\cmd.exe /c \"C:\\startup.bat\"",
                            "ProcessId": "5708",
                            "FileVersion": "10.0.17134.81 (WinBuild.160101.0800)",
                            "Company": "Microsoft Corporation"
                        }
                    },
                    {
                        "values": {
                            "RuleName": "-",
                            "CurrentDirectory": "C:\\Windows\\system32\\",
                            "LogonId": "274222",
                            "OriginalFileName": "wevtutil.exe",
                            "UtcTime": "2022-08-18 08:31:51.235",
                            "Description": "Eventing Command Line Utility",
                            "User": "DESKTOP-B0T93D6\\george",
                            "Hashes": "MD5=0269064AA2DD91125F13635FB194F499,SHA256=AB86C6C090FA85C2920A637D2BE274335A86FBC0A7FB706E893493B50840DC0A,IMPHASH=89A3D9DE9FED48F734C9553D16342280",
                            "ParentImage": "C:\\Windows\\System32\\cmd.exe",
                            "IntegrityLevel": "High",
                            "TerminalSessionId": "1",
                            "Image": "C:\\Windows\\System32\\wevtutil.exe",
                            "ParentProcessId": "4212",
                            "ParentProcessGuid": "C784477D-F8DA-62FD-7700-000000004700",
                            "Product": "Microsoft\u00ae Windows\u00ae Operating System",
                            "LogonGuid": "C784477D-F8DA-62FD-2E2F-040000000000",
                            "EventID": "1",
                            "ProcessGuid": "C784477D-F8F7-62FD-AD07-000000004700",
                            "CommandLine": "wevtutil  cl \"Microsoft-Windows-TerminalServices-LocalSessionManager/Operational\"",
                            "ParentCommandLine": "C:\\Windows\\SYSTEM32\\cmd.exe /c \"C:\\startup.bat\"",
                            "ProcessId": "564",
                            "FileVersion": "10.0.17134.81 (WinBuild.160101.0800)",
                            "Company": "Microsoft Corporation"
                        }
                    }
                ],
                "rule_level": "high",
                "rule_id": "b8f19be4c7bf862dce0d4d1f7885f2207ddf93b3a33d8a6e16f3968c4fbb6491",
                "rule_source": "Sigma Integrated Rule Set (GitHub)",
                "rule_title": "Suspicious Eventlog Clear or Configuration Using Wevtutil",
                "rule_description": "Detects clearing or configuration of eventlogs using wevtutil, powershell and wmic. Might be used by ransomwares during the attack (seen by NotPetya and others).",
                "rule_author": "Ecco, Daniil Yugoslavskiy, oscd.community"
            },
            {
                "match_context": [
                    {
                        "values": {
                            "RuleName": "T1122",
                            "UtcTime": "2022-10-03 17:47:46.546",
                            "Details": "C:\\Users\\george\\AppData\\Local\\Temp\\JSAMSIProvider64.dll",
                            "ProcessGuid": "C784477D-FA29-62FD-010A-000000004700",
                            "EventID": "13",
                            "ProcessId": "6612",
                            "Image": "C:\\Program Files (x86)\\AutoIt3\\AutoIt3.exe",
                            "EventType": "SetValue",
                            "TargetObject": "HKCR\\CLSID\\{0EE7644B-1BAD-48B1-9889-0281C206EB85}\\InprocServer32\\(Default)"
                        }
                    }
                ],
                "rule_level": "high",
                "rule_id": "c64a541b46d176ef960f347f5e86ee15927eb668f86a5f9f6260bbc94b1d2f3a",
                "rule_source": "Sigma Integrated Rule Set (GitHub)",
                "rule_title": "COM Hijacking For Persistence With Suspicious Locations",
                "rule_description": "Detects potential COM object hijacking where the \"Server\" (In/Out) is pointing to a supsicious or unsuale location",
                "rule_author": "Nasreddine Bencherchali"
            },
            {
                "match_context": [
                    {
                        "values": {
                            "RuleName": "-",
                            "CurrentDirectory": "C:\\Program Files (x86)\\Joebox\\client\\",
                            "LogonId": "274222",
                            "OriginalFileName": "cscript.exe",
                            "UtcTime": "2022-08-18 08:36:56.825",
                            "Description": "Microsoft \u00ae Console Based Script Host",
                            "User": "DESKTOP-B0T93D6\\george",
                            "Hashes": "MD5=00D3041E47F99E48DD5FFFEDF60F6304,SHA256=10ECC451723E74B7831D01B84790B74EB27201BD86AAFB31317AA9A4AD02900A,IMPHASH=749C19E6DF62E73141CC1DA2D5DDADEB",
                            "ParentImage": "C:\\Program Files (x86)\\Joebox\\client\\joeboxclient.exe",
                            "IntegrityLevel": "High",
                            "TerminalSessionId": "1",
                            "Image": "C:\\Windows\\SysWOW64\\cscript.exe",
                            "ParentProcessId": "3368",
                            "ParentProcessGuid": "C784477D-FA24-62FD-FD09-000000004700",
                            "Product": "Microsoft \u00ae Windows Script Host",
                            "LogonGuid": "C784477D-F8DA-62FD-2E2F-040000000000",
                            "EventID": "1",
                            "ProcessGuid": "C784477D-FA28-62FD-FE09-000000004700",
                            "CommandLine": "\"cscript\" C:\\Windows\\System32\\slmgr.vbs /xpr",
                            "ParentCommandLine": "\"C:\\Program Files (x86)\\Joebox\\client\\joeboxclient.exe\"",
                            "ProcessId": "6388",
                            "FileVersion": "5.812.10240.16384",
                            "Company": "Microsoft Corporation"
                        }
                    }
                ],
                "rule_level": "medium",
                "rule_id": "140aa55cb94f2ee1de560a395631283b557b8f771117a7991289298e2c6e7f6e",
                "rule_source": "Sigma Integrated Rule Set (GitHub)",
                "rule_title": "Cscript Visual Basic Script Execution",
                "rule_description": "Adversaries may abuse Visual Basic (VB) for execution",
                "rule_author": "frack113"
            },
            {
                "match_context": [
                    {
                        "values": {
                            "RuleName": "-",
                            "CurrentDirectory": "C:\\Program Files (x86)\\AutoIt3\\",
                            "LogonId": "274222",
                            "OriginalFileName": "bcdedit.exe",
                            "UtcTime": "2022-08-18 08:37:02.156",
                            "Description": "Boot Configuration Data Editor",
                            "User": "DESKTOP-B0T93D6\\george",
                            "Hashes": "MD5=C46E3768DB01E7DC3B92EF42CC1B9C73,SHA256=3AD26DB8DC988EAD9E73FECF4D8D888A66F7965AC09F8AF4E3CFCD09028A5B59,IMPHASH=5590A306D0FA939852B69E8411CA102B",
                            "ParentImage": "C:\\Windows\\SysWOW64\\cmd.exe",
                            "IntegrityLevel": "High",
                            "TerminalSessionId": "1",
                            "Image": "C:\\Windows\\System32\\bcdedit.exe",
                            "ParentProcessId": "6924",
                            "ParentProcessGuid": "C784477D-FA2D-62FD-B40A-000000004700",
                            "Product": "Microsoft\u00ae Windows\u00ae Operating System",
                            "LogonGuid": "C784477D-F8DA-62FD-2E2F-040000000000",
                            "EventID": "1",
                            "ProcessGuid": "C784477D-FA2E-62FD-B60A-000000004700",
                            "CommandLine": "C:\\Windows\\Sysnative\\bcdedit.exe  ",
                            "ParentCommandLine": "C:\\Windows\\system32\\cmd.exe /c C:\\Windows\\Sysnative\\bcdedit.exe 1> bcdedit 2>&1",
                            "ProcessId": "2620",
                            "FileVersion": "10.0.17134.950 (WinBuild.160101.0800)",
                            "Company": "Microsoft Corporation"
                        }
                    }
                ],
                "rule_level": "medium",
                "rule_id": "1dfbc92aba26dc597751f9cf42ff3eac446b827525d1a38ea6fb4141c9f9af01",
                "rule_source": "Sigma Integrated Rule Set (GitHub)",
                "rule_title": "Process Creation Using Sysnative Folder",
                "rule_description": "Detects process creation events that use the Sysnative folder (common for CobaltStrike spawns)",
                "rule_author": "Max Altgelt"
            },
            {
                "match_context": [
                    {
                        "values": {
                            "RuleName": "-",
                            "UtcTime": "2022-10-03 17:48:00.234",
                            "Details": "x264vfw.dll",
                            "ProcessGuid": "C784477D-FA24-62FD-FD09-000000004700",
                            "EventID": "13",
                            "ProcessId": "3368",
                            "Image": "C:\\Program Files (x86)\\Joebox\\client\\joeboxclient.exe",
                            "EventType": "SetValue",
                            "TargetObject": "HKLM\\SOFTWARE\\WOW6432Node\\Microsoft\\Windows NT\\CurrentVersion\\Drivers32\\vidc.x264"
                        }
                    },
                    {
                        "values": {
                            "RuleName": "-",
                            "UtcTime": "1664819280",
                            "Details": "x264vfw.dll",
                            "ProcessGuid": "{C784477D-FA24-62FD-FD09-000000004700}",
                            "EventID": "13",
                            "ProcessId": "3368",
                            "Image": "C:\\Program Files (x86)\\sandbox\\client\\sandbox-client.exe",
                            "EventType": "SetValue",
                            "TargetObject": "HKLM\\SOFTWARE\\WOW6432Node\\Microsoft\\Windows NT\\CurrentVersion\\Drivers32\\vidc.x264"
                        }
                    }
                ],
                "rule_level": "medium",
                "rule_id": "3e5fe19fbbb767b861e93022c3f95d25e1618fc86be75b05326ee57b2f75633c",
                "rule_source": "Sigma Integrated Rule Set (GitHub)",
                "rule_title": "Wow6432Node CurrentVersion Autorun Keys Modification",
                "rule_description": "Detects modification of autostart extensibility point (ASEP) in registry.",
                "rule_author": "Victor Sergeev, Daniil Yugoslavskiy, Gleb Sukhodolskiy, Timur Zinniatullin, oscd.community, Tim Shelton, frack113 (split)"
            },
            {
                "match_context": [
                    {
                        "values": {
                            "RuleName": "T1089",
                            "UtcTime": "2022-08-18 08:37:01.333",
                            "Details": "DWORD (0x00000000)",
                            "ProcessGuid": "C784477D-F8D5-62FD-1800-000000004700",
                            "EventID": "13",
                            "ProcessId": "1100",
                            "Image": "C:\\Windows\\system32\\svchost.exe",
                            "EventType": "SetValue",
                            "TargetObject": "HKLM\\System\\CurrentControlSet\\Services\\SharedAccess\\Parameters\\FirewallPolicy\\DomainProfile\\EnableFirewall"
                        }
                    },
                    {
                        "values": {
                            "RuleName": "T1089",
                            "UtcTime": "2022-08-18 08:37:01.348",
                            "Details": "DWORD (0x00000000)",
                            "ProcessGuid": "C784477D-F8D5-62FD-1800-000000004700",
                            "EventID": "13",
                            "ProcessId": "1100",
                            "Image": "C:\\Windows\\system32\\svchost.exe",
                            "EventType": "SetValue",
                            "TargetObject": "HKLM\\System\\CurrentControlSet\\Services\\SharedAccess\\Parameters\\FirewallPolicy\\StandardProfile\\EnableFirewall"
                        }
                    },
