            {
                "match_context": [
                    {
                        "values": {
                            "RuleName": "-",
                            "CurrentDirectory": "C:\\Program Files (x86)\\AutoIt3\\",
                            "LogonId": "274222",
                            "OriginalFileName": "Cmd.Exe",
                            "UtcTime": "2022-08-18 08:36:58.194",
                            "Description": "Windows Command Processor",
                            "User": "DESKTOP-B0T93D6\\george",
                            "Hashes": "MD5=F3BDBE3BB6F734E357235F4D5898582D,SHA256=3685495D051137B1C4EFDE22C26DF0883614B6453B762FA84588DA55ED2E7744,IMPHASH=0AF8419BE362159398343D7B31721726",
                            "ParentImage": "C:\\Program Files (x86)\\AutoIt3\\AutoIt3.exe",
                            "IntegrityLevel": "High",
                            "TerminalSessionId": "1",
                            "Image": "C:\\Windows\\SysWOW64\\cmd.exe",
                            "ParentProcessId": "6612",
                            "ParentProcessGuid": "C784477D-FA29-62FD-010A-000000004700",
                            "Product": "Microsoft\u00ae Windows\u00ae Operating System",
                            "LogonGuid": "C784477D-F8DA-62FD-2E2F-040000000000",
                            "EventID": "1",
                            "ProcessGuid": "C784477D-FA2A-62FD-050A-000000004700",
                            "CommandLine": "C:\\Windows\\system32\\cmd.exe /c arp -a > C:\\windows\\runiso.out 2>&1",
                            "ParentCommandLine": "\"C:\\Program Files (x86)\\AutoIt3\\AutoIt3.exe\" \"C:\\Users\\george\\Desktop\\script.0.au3\"",
                            "ProcessId": "6376",
                            "FileVersion": "10.0.17134.1 (WinBuild.160101.0800)",
                            "Company": "Microsoft Corporation"
                        }
                    }
                ],
                "rule_level": "low",
                "rule_id": "76a1e5bc5c7d4b95d8c382b4ecefb6a628ea4fba6cbf029fbb3cc32d36dcce57",
                "rule_source": "Sigma Integrated Rule Set (GitHub)",
                "rule_title": "Suspicious Network Command",
                "rule_description": "Adversaries may look for details about the network configuration and settings of systems they access or through information discovery of remote systems",
                "rule_author": "frack113, Christopher Peacock '@securepeacock', SCYTHE '@scythe_io'"
            },
            {
                "match_context": [
                    {
                        "values": {
                            "ScriptBlockText": "#Joebox\r\n#Creating Win32_Fan class and settings values being checked (not everything!)\r\n$newClass = New-Object System.Management.ManagementClass(\"root\\cimv2\", [String]::Empty, $null); \r\n$newClass[\"__CLASS\"] = \"Win32_Fan\"; \r\n$newClass.Qualifiers.Add(\"Static\", $true)\r\n$newClass.Properties.Add(\"Name\", [System.Management.CimType]::String, $false)\r\n$newClass.Properties[\"Name\"].Qualifiers.Add(\"read\", $true)\r\n$newClass.Properties[\"Name\"].Qualifiers.Add(\"Key\", $true)\r\n$newClass.Put()\r\nSet-WmiInstance -Path \\\\.\\root\\cimv2:Win32_Fan -Arguments @{Name=\"Cooling Device\";}\r\n\r\n#Creating MSAcpi_ThermalZoneTemperature class and settings values being checked (not everything!)\r\n$newClass = New-Object System.Management.ManagementClass(\"root\\wmi\", [String]::Empty, $null); \r\n$newClass[\"__CLASS\"] = \"MSAcpi_ThermalZoneTemperature\"; \r\n$newClass.Qualifiers.Add(\"Static\", $true)\r\n$newClass.Properties.Add(\"CurrentTemperature\", [System.Management.CimType]::UInt32, $false)\r\n$newClass.Properties[\"CurrentTemperature\"].Qualifiers.Add(\"read\", $true)\r\n$newClass.Properties[\"CurrentTemperature\"].Qualifiers.Add(\"Key\", $true)\r\n$newClass.Put()\r\n$temp = Get-Random -Minimum 2000 -Maximum 3000\r\nSet-WmiInstance -Path \\\\.\\root\\wmi:MSAcpi_ThermalZoneTemperature -Arguments @{CurrentTemperature=$temp.ToString();}\r\n\r\nfunction Get-RandomCharacters($length, $characters) { \r\n    $random = 1..$length | ForEach-Object { Get-Random -Maximum $characters.length } \r\n    $private:ofs=\"\" \r\n    return [String]$characters[$random]\r\n}\r\n\r\n#Joebox\r\n<#\r\n# Win32_CacheMemory\r\n$newClass = New-Object System.Management.ManagementClass(\"root\\cimv2\", [String]::Empty, $null); \r\n$newClass[\"__CLASS\"] = \"Win32_CacheMemory\"; \r\n$newClass.Qualifiers.Add(\"Static\", $true)\r\n$newClass.Properties.Add(\"DeviceID\", [System.Management.CimType]::String, $false)\r\n$newClass.Properties[\"DeviceID\"].Qualifiers.Add(\"read\", $true)\r\n$newClass.Properties[\"DeviceID\"].Qualifiers.Add(\"Key\", $true)\r\n$newClass.Put()\r\nSet-WmiInstance -Path \\\\.\\root\\cimv2:Win32_CacheMemory -Arguments @{DeviceID=\"Cache Memory 0\";}\r\n\r\n# Win32_PhysicalMemory\r\n$newClass = New-Object System.Management.ManagementClass(\"root\\cimv2\", [String]::Empty, $null); \r\n$newClass[\"__CLASS\"] = \"Win32_PhysicalMemory\"; \r\n$newClass.Qualifiers.Add(\"Static\", $true)\r\n$newClass.Properties.Add(\"Name\", [System.Management.CimType]::String, $false)\r\n$newClass.Properties[\"Name\"].Qualifiers.Add(\"read\", $true)\r\n$newClass.Properties[\"Name\"].Qualifiers.Add(\"Key\", $true)\r\n$newClass.Put()\r\nSet-WmiInstance -Path \\\\.\\root\\cimv2:Win32_PhysicalMemory -Arguments @{Name=\"Physical Memory\";}\r\n\r\n# Win32_MemoryDevice\r\n$newClass = New-Object System.Management.ManagementClass(\"root\\cimv2\", [String]::Empty, $null); \r\n$newClass[\"__CLASS\"] = \"Win32_MemoryDevice\"; \r\n$newClass.Qualifiers.Add(\"Static\", $true)\r\n$newClass.Properties.Add(\"Name\", [System.Management.CimType]::String, $false)\r\n$newClass.Properties[\"Name\"].Qualifiers.Add(\"read\", $true)\r\n$newClass.Properties[\"Name\"].Qualifiers.Add(\"Key\", $true)\r\n$newClass.Put()\r\nSet-WmiInstance -Path \\\\.\\root\\cimv2:Win32_MemoryDevice -Arguments @{Name=\"Memory Device\";}\r\n\r\n# Win32_MemoryArray\r\n$newClass = New-Object System.Management.ManagementClass(\"root\\cimv2\", [String]::Empty, $null); \r\n$newClass[\"__CLASS\"] = \"Win32_MemoryArray\"; \r\n$newClass.Qualifiers.Add(\"Static\", $true)\r\n$newClass.Properties.Add(\"Name\", [System.Management.CimType]::String, $false)\r\n$newClass.Properties[\"Name\"].Qualifiers.Add(\"read\", $true)\r\n$newClass.Properties[\"Name\"].Qualifiers.Add(\"Key\", $true)\r\n$newClass.Put()\r\nSet-WmiInstance -Path \\\\.\\root\\cimv2:Win32_MemoryArray -Arguments @{Name=\"Memory Array\";}\r\n\r\n# Win32_PortConnector\r\n$newClass = New-Object System.Management.ManagementClass(\"root\\cimv2\", [String]::Empty, $null); \r\n$newClass[\"__CLASS\"] = \"Win32_PortConnector\"; \r\n$newClass.Qualifiers.Add(\"Static\", $true)\r\n$newClass.Properties.Add(\"Tag\", [System.Management.CimType]::String, $false)\r\n$newClass.Properties[\"Tag\"].Qualifiers.Add(\"read\", $true)\r\n$newClass.Properties[\"Tag\"].Qualifiers.Add(\"Key\", $true)\r\n$newClass.Put()\r\nSet-WmiInstance -Path \\\\.\\root\\cimv2:Win32_PortConnector -Arguments @{Tag=\"Port Connector 0\";}\r\n\r\n# Win32_SMBIOSMemory\r\n$newClass = New-Object System.Management.ManagementClass(\"root\\cimv2\", [String]::Empty, $null); \r\n$newClass[\"__CLASS\"] = \"Win32_SMBIOSMemory\"; \r\n$newClass.Qualifiers.Add(\"Static\", $true)\r\n$newClass.Properties.Add(\"Name\", [System.Management.CimType]::String, $false)\r\n$newClass.Properties[\"Name\"].Qualifiers.Add(\"read\", $true)\r\n$newClass.Properties[\"Name\"].Qualifiers.Add(\"Key\", $true)\r\n$newClass.Put()\r\nSet-WmiInstance -Path \\\\.\\root\\cimv2:Win32_SMBIOSMemory -Arguments @{Name=\"Memory Array\";}\r\n\r\n# Win32_VoltageProbe\r\n$newClass = New-Object System.Management.ManagementClass(\"root\\cimv2\", [String]::Empty, $null); \r\n$newClass[\"__CLASS\"] = \"Win32_VoltageProbe\"; \r\n$newClass.Qualifiers.Add(\"Static\", $true)\r\n$newClass.Properties.Add(\"Description\", [System.Management.CimType]::String, $false)\r\n$newClass.Properties[\"Description\"].Qualifiers.Add(\"read\", $true)\r\n$newClass.Properties[\"Description\"].Qualifiers.Add(\"Key\", $true)\r\n$newClass.Put()\r\nSet-WmiInstance -Path \\\\.\\root\\cimv2:Win32_VoltageProbe -Arguments @{Description=\"LM78A\";}\r\n\r\n\r\n\r\n# Win32_PerfFormattedData_Counters_ThermalZoneInformation\r\n$newClass = New-Object System.Management.ManagementClass(\"root\\cimv2\", [String]::Empty, $null); \r\n$newClass[\"__CLASS\"] = \"Win32_PerfFormattedData_Counters_ThermalZoneInformation\"; \r\n$newClass.Qualifiers.Add(\"Static\", $true)\r\n$newClass.Properties.Add(\"Name\", [System.Management.CimType]::String, $false)\r\n$newClass.Properties[\"Name\"].Qualifiers.Add(\"read\", $true)\r\n$newClass.Properties[\"Name\"].Qualifiers.Add(\"Key\", $true)\r\n$newClass.Put()\r\nSet-WmiInstance -Path \\\\.\\root\\cimv2:Win32_PerfFormattedData_Counters_ThermalZoneInformation -Arguments @{Name=\"\\\\_TZ.TZ01\";}\r\n#>\r\n<#\r\n\r\n# CIM_VoltageSensor\r\n$newClass = New-Object System.Management.ManagementClass(\"root\\cimv2\", [String]::Empty, $null); \r\n$newClass[\"__CLASS\"] = \"CIM_VoltageSensor\"; \r\n$newClass.Qualifiers.Add(\"Static\", $true)\r\n$newClass.Properties.Add(\"Description\", [System.Management.CimType]::String, $false)\r\n$newClass.Properties[\"Description\"].Qualifiers.Add(\"read\", $true)\r\n$newClass.Properties[\"Description\"].Qualifiers.Add(\"Key\", $true)\r\n$newClass.Put()\r\nSet-WmiInstance -Path \\\\.\\root\\cimv2:CIM_VoltageSensor -Arguments @{Description=\"LM78A\";}\r\n\r\n# CIM_Memory\r\n$newClass = New-Object System.Management.ManagementClass(\"root\\cimv2\", [String]::Empty, $null); \r\n$newClass[\"__CLASS\"] = \"CIM_Memory\"; \r\n$newClass.Qualifiers.Add(\"Static\", $true)\r\n$newClass.Properties.Add(\"DeviceID\", [System.Management.CimType]::String, $false)\r\n$newClass.Properties[\"DeviceID\"].Qualifiers.Add(\"read\", $true)\r\n$newClass.Properties[\"DeviceID\"].Qualifiers.Add(\"Key\", $true)\r\n$newClass.Put()\r\nSet-WmiInstance -Path \\\\.\\root\\cimv2:CIM_Memory -Arguments @{DeviceID=\"Cache Memory 0\";}\r\n\r\n# CIM_Sensor\r\n$newClass = New-Object System.Management.ManagementClass(\"root\\cimv2\", [String]::Empty, $null); \r\n$newClass[\"__CLASS\"] = \"CIM_Sensor\"; \r\n$newClass.Qualifiers.Add(\"Static\", $true)\r\n$newClass.Properties.Add(\"Name\", [System.Management.CimType]::String, $false)\r\n$newClass.Properties[\"Name\"].Qualifiers.Add(\"read\", $true)\r\n$newClass.Properties[\"Name\"].Qualifiers.Add(\"Key\", $true)\r\n$newClass.Put()\r\nSet-WmiInstance -Path \\\\.\\root\\cimv2:CIM_Sensor -Arguments @{Name=\"Numeric Sensor\";}\r\n\r\n# CIM_NumericSensor\r\n$newClass = New-Object System.Management.ManagementClass(\"root\\cimv2\", [String]::Empty, $null); \r\n$newClass[\"__CLASS\"] = \"CIM_NumericSensor\"; \r\n$newClass.Qualifiers.Add(\"Static\", $true)\r\n$newClass.Properties.Add(\"Name\", [System.Management.CimType]::String, $false)\r\n$newClass.Properties[\"Name\"].Qualifiers.Add(\"read\", $true)\r\n$newClass.Properties[\"Name\"].Qualifiers.Add(\"Key\", $true)\r\n$newClass.Put()\r\nSet-WmiInstance -Path \\\\.\\root\\cimv2:CIM_NumericSensor -Arguments @{Name=\"Numeric Sensor\";}\r\n\r\n# CIM_TemperatureSensor\r\n$newClass = New-Object System.Management.ManagementClass(\"root\\cimv2\", [String]::Empty, $null); \r\n$newClass[\"__CLASS\"] = \"CIM_TemperatureSensor\"; \r\n$newClass.Qualifiers.Add(\"Static\", $true)\r\n$newClass.Properties.Add(\"Name\", [System.Management.CimType]::String, $false)\r\n$newClass.Properties[\"Name\"].Qualifiers.Add(\"read\", $true)\r\n$newClass.Properties[\"Name\"].Qualifiers.Add(\"Key\", $true)\r\n$newClass.Put()\r\nSet-WmiInstance -Path \\\\.\\root\\cimv2:CIM_TemperatureSensor -Arguments @{Name=\"Numeric Sensor\";}\r\n\r\n# CIM_PhysicalConnector\r\n$newClass = New-Object System.Management.ManagementClass(\"root\\cimv2\", [String]::Empty, $null); \r\n$newClass[\"__CLASS\"] = \"CIM_PhysicalConnector\"; \r\n$newClass.Qualifiers.Add(\"Static\", $true)\r\n$newClass.Properties.Add(\"Tag\", [System.Management.CimType]::String, $false)\r\n$newClass.Properties[\"Tag\"].Qualifiers.Add(\"read\", $true)\r\n$newClass.Properties[\"Tag\"].Qualifiers.Add(\"Key\", $true)\r\n$newClass.Put()\r\nSet-WmiInstance -Path \\\\.\\root\\cimv2:CIM_PhysicalConnector -Arguments @{Tag=\"Port Connector 0\";}\r\n\r\n# CIM_Slot\r\n$newClass = New-Object System.Management.ManagementClass(\"root\\cimv2\", [String]::Empty, $null); \r\n$newClass[\"__CLASS\"] = \"CIM_Slot\"; \r\n$newClass.Qualifiers.Add(\"Static\", $true)\r\n$newClass.Properties.Add(\"Tag\", [System.Management.CimType]::String, $false)\r\n$newClass.Properties[\"Tag\"].Qualifiers.Add(\"read\", $true)\r\n$newClass.Properties[\"Tag\"].Qualifiers.Add(\"Key\", $true)\r\n$newClass.Put()\r\nSet-WmiInstance -Path \\\\.\\root\\cimv2:CIM_Slot -Arguments @{Tag=\"System Slot 0\";}\r\n\r\n#>\r\n\r\n#Joebox\r\n\r\n#Creating Win32_BIOS fake class\r\n$newClass = New-Object System.Management.ManagementClass(\"root\\cimv2\", [String]::Empty, $null); \r\n$newClass[\"__CLASS\"] = \"Win32_BIOS\";\r\n$newClass.Qualifiers.Add(\"Static\", $true)\r\n\r\n$objWMi = get-wmiobject -computername localhost -Namespace root\\CIMV2 -Query \"Select * from Win32_BIOS\"\r\n\r\nforeach ($obj in $objWmi)\r\n{\r\n\tforeach ($pr in $obj.Properties)\r\n\t{\r\n\t\tif($pr.Name -eq \"SerialNumber\")\r\n\t\t{\t$value = Get-RandomCharacters -length 10 -characters 'ABCDEFGHKLMNOPRSTUVWXYZ123456789'\r\n\r\n\t\t\t$newClass.Properties.Add($pr.Name, $value, $pr.Type)\r\n\t\t\t$newClass.Properties[$pr.Name].Qualifiers.Add(\"Key\", $true)\r\n\t\t} elseif($pr.Name -eq \"BIOSVersion\")\r\n\t\t{\r\n\t\t\t$value = Get-RandomCharacters -length 10 -characters 'ABCDEFGHKLMNOPRSTUVWXYZ123456789'\r\n\r\n\t\t\t$newClass.Properties.Add($pr.Name, @($value), $pr.Type)\r\n\t\t} elseif($pr.Name -eq \"Manufacturer\" -or $pr.Name -eq \"Version\" -or $pr.Name -eq \"SMBIOSBIOSVersion\")\r\n\t\t{\r\n\t\t\t$value = Get-RandomCharacters -length 5 -characters 'ABCDEFGHKLMNOPRSTUVWXYZ123456789'\r\n\r\n\t\t\t$newClass.Properties.Add($pr.Name, $value, $pr.Type)\r\n\t\t} else\r\n\t\t{\r\n\t\t\t$newClass.Properties.Add($pr.Name, $pr.Value, $pr.Type)\r\n\t\t}\r\n\t}\r\n}\r\n\r\n$newClass.Put()\r\nSet-WmiInstance -Path \\\\.\\root\\cimv2:Win32_BIOS \r\n\r\nfunction Get-RandomCharacters($length, $characters) { \r\n    $random = 1..$length | ForEach-Object { Get-Random -Maximum $characters.length } \r\n    $private:ofs=\"\" \r\n    return [String]$characters[$random]\r\n}\r\n\r\n#Joebox\r\n\r\n#Creating Win32_Processor fake class\r\n$newClass = New-Object System.Management.ManagementClass(\"root\\cimv2\", [String]::Empty, $null); \r\n$newClass[\"__CLASS\"] = \"Win32_Processor\";\r\n$newClass.Qualifiers.Add(\"Static\", $true);\r\n\r\n$objWMi = get-wmiobject -computername localhost -Namespace root\\CIMV2 -Query \"Select * from Win32_Processor\"\r\n\r\nif(-Not ($objWMi -is [array]))\r\n{\r\n\t$objWMi = @($objWMi)\r\n}\r\n\r\nforeach ($pr in $objWmi[0].Properties)\r\n{\r\n\t$newClass.Properties.Add($pr.Name, $pr.Type, $false)\t\r\n\tif($pr.Name -eq \"ProcessorId\")\r\n\t{\r\n\t\t$newClass.Properties[$pr.Name].Qualifiers.Add(\"Key\", $true)\r\n\t}\r\n\t$newClass.Properties[$pr.Name].Qualifiers.Add(\"read\", $true)\r\n}\r\n\r\n$newClass.Put()\r\n\r\nforeach ($obj in $objWmi)\r\n{\t\r\n\t$args = @{}\r\n\tforeach ($pr in $obj.Properties)\r\n\t{\t\r\n\t\tif($pr.Name -eq \"ProcessorId\")\r\n\t\t{\r\n\t\t\t$value = Get-RandomCharacters -length 10 -characters 'ABCDEF0123456789'\r\n\t\t\t$args.add($pr.Name, $value)\r\n\t\t} elseif($pr.Name -eq \"Name\" -and $pr.Value -match 'Xeon')\r\n\t\t{\r\n\t\t\t$value = $pr.Value.replace(\"Xeon\", \"Core\")\r\n\t\t\t$args.add($pr.Name, $pr.Value)\r\n\t\t\t\r\n\t\t} elseif($pr.Name -eq \"NumberOfCores\" -and $pr.Value -lt 4)\r\n\t\t{\r\n\t\t\t$args.add($pr.Name, 4)\r\n\t\t} else\r\n\t\t{\r\n\t\t\t$args.add($pr.Name, $pr.Value)\r\n\t\t}\r\n\t}\r\n\tSet-WmiInstance -Path \\\\.\\root\\cimv2:Win32_Processor -Arguments $args\r\n}\r\n\r\n#Joebox\r\n\r\n#Creating Win32_ComputerSystem fake class\r\n$newClass = New-Object System.Management.ManagementClass(\"root\\cimv2\", [String]::Empty, $null); \r\n$newClass[\"__CLASS\"] = \"Win32_ComputerSystem\";\r\n$newClass.Qualifiers.Add(\"Static\", $true)\r\n\r\n$objWMi = get-wmiobject -computername localhost -Namespace root\\CIMV2 -Query \"Select * from Win32_ComputerSystem\"\r\n\r\nforeach ($obj in $objWmi)\r\n{\r\n\tforeach ($pr in $obj.Properties)\r\n\t{\r\n\t\tif($pr.Name -eq \"Manufacturer\")\r\n\t\t{\r\n\t\t\t$value = Get-RandomCharacters -length 15 -characters 'ABCDEFGHKLMNOPRSTUVWXYZabcdefghklmnoprstuvwxyz123456789 '\r\n\r\n\t\t\t$newClass.Properties.Add($pr.Name, $value, $pr.Type)\r\n\t\t\t$newClass.Properties[$pr.Name].Qualifiers.Add(\"Key\", $true)\r\n\t\t} elseif($pr.Name -eq \"Model\")\r\n\t\t{\r\n\t\t\t$value = Get-RandomCharacters -length 8 -characters 'ABCDEFGHKLMNOPRSTUVWXYZabcdefghklmnoprstuvwxyz123456789 '\r\n\t\t\t$newClass.Properties.Add($pr.Name, $value, $pr.Type)\r\n\t\t} elseif($pr.Name -eq \"Domain\")\r\n\t\t{\r\n\t\t\t$value = Get-RandomCharacters -length 5 -characters 'ABCDEFGHKLMNOPRSTUVWXYZabcdefghklmnoprstuvwxyz123456789'\r\n\t\t\t$newClass.Properties.Add($pr.Name, $value, $pr.Type)\r\n\t\t} elseif($pr.Name -eq \"OEMStringArray\")\r\n\t\t{\r\n\t\t\t$value = Get-RandomCharacters -length 10 -characters 'ABCDEFGHKLMNOPRSTUVWXYZabcdefghklmnoprstuvwxyz123456789'\r\n\t\t\t$newClass.Properties.Add($pr.Name, @($value), $pr.Type)\r\n\t\t} else\r\n\t\t{\r\n\t\t\t$newClass.Properties.Add($pr.Name, $pr.Value, $pr.Type)\r\n\t\t}\r\n\t}\r\n}\r\n\r\n$newClass.Put()\r\nSet-WmiInstance -Path \\\\.\\root\\cimv2:Win32_ComputerSystem \r\n\r\n#Joebox\r\n\r\n#Creating Win32_PnPEntity fake class\r\n$newClass = New-Object System.Management.ManagementClass(\"root\\cimv2\", [String]::Empty, $null); \r\n$newClass[\"__CLASS\"] = \"Win32_PnPEntity\";\r\n$newClass.Qualifiers.Add(\"Static\", $true);\r\n\r\n$objWMi = get-wmiobject -computername localhost -Namespace root\\CIMV2 -Query \"Select * from Win32_PnPEntity\"\r\n\r\nforeach ($pr in $objWmi[0].Properties)\r\n{\r\n\t$newClass.Properties.Add($pr.Name, $pr.Type, $false)\t\r\n\tif($pr.Name -eq \"DeviceID\")\r\n\t{\r\n\t\t$newClass.Properties[$pr.Name].Qualifiers.Add(\"Key\", $true)\r\n\t}\r\n\t$newClass.Properties[$pr.Name].Qualifiers.Add(\"read\", $true)\r\n}\r\n\r\n$newClass.Put()\r\n\r\nforeach ($obj in $objWmi)\r\n{\t\r\n\t$args = @{}\r\n\tforeach ($pr in $obj.Properties)\r\n\t{\t\r\n\t\tif(($pr.Name -eq \"DeviceId\" -or $pr.Name -eq \"Caption\" -or $pr.Name -eq \"Name\" -or $pr.Name -eq \"PNPDeviceID\"  -or $pr.Name -eq \"Service\") -and ($pr.Value -match 'VEN_80EE' -or $pr.Value -match 'VEN_15AD' -or $pr.Value -match 'VBOX' -or $pr.Value -match 'VBox' -or $pr.Value -match 'VMWARE' -or $pr.Value -match '82801FB' -or $pr.Value -match '82441FX' -or $pr.Value -match '82371SB' -or $pr.Value -match 'OpenHCD'))\r\n\t\t{\r\n\t\t\t$value = Get-RandomCharacters -length 8 -characters 'ABCDEFGHKLMNOPRSTUVWXYZ123456789_'\r\n\t\t\t$value = $pr.Value.replace(\"VEN_80EE\", $value).replace(\"VEN_15AD\", $value).replace(\"VBOX\", $value).replace(\"VBox\", $value).replace(\"VMWARE\", $value).replace(\"82801FB\", $value).replace(\"82441FX\", $value).replace(\"82371SB\", $value).replace(\"OpenHCD\", $value)\r\n\t\t\t\r\n\t\t\t# 82801FB 82441FX 82371SB OpenHCD\r\n\t\t\t\t\r\n\t\t\t$args.add($pr.Name, $value)\r\n\t\t\t\r\n\t\t} else\r\n\t\t{\r\n\t\t\t$args.add($pr.Name, $pr.Value)\r\n\t\t}\r\n\t}\r\n\t\r\n\tSet-WmiInstance -Path \\\\.\\root\\cimv2:Win32_PnPEntity -Arguments $args\r\n}\r\n\r\n#Joebox\r\n\r\n#Creating Win32_DiskDrive fake class\r\n$newClass = New-Object System.Management.ManagementClass(\"root\\cimv2\", [String]::Empty, $null); \r\n$newClass[\"__CLASS\"] = \"Win32_DiskDrive\";\r\n$newClass.Qualifiers.Add(\"Static\", $true);\r\n\r\n$objWMi = get-wmiobject -computername localhost -Namespace root\\CIMV2 -Query \"Select * from Win32_DiskDrive\"\r\n\r\nif(-Not ($objWMi -is [array]))\r\n{\r\n\t$objWMi = @($objWMi)\r\n}\r\n\r\nforeach ($pr in $objWmi[0].Properties)\r\n{\r\n\t$newClass.Properties.Add($pr.Name, $pr.Type, $false)\t\r\n\tif($pr.Name -eq \"DeviceID\")\r\n\t{\r\n\t\t$newClass.Properties[$pr.Name].Qualifiers.Add(\"Key\", $true)\r\n\t}\r\n\t$newClass.Properties[$pr.Name].Qualifiers.Add(\"read\", $true)\r\n}\r\n\r\n$newClass.Put()\r\n\r\nforeach ($obj in $objWmi)\r\n{\t\r\n\t$args = @{}\r\n\tforeach ($pr in $obj.Properties)\r\n\t{\t\r\n\t\tif(($pr.Name -eq \"DeviceId\" -or $pr.Name -eq \"Caption\" -or $pr.Name -eq \"Model\" -or $pr.Name -eq \"PNPDeviceID\") -and ($pr.Value -match 'VBOX' -or $pr.Value -match 'VBox' -or $pr.Value -match 'VMWARE' -or $pr.Value -match 'VMware'))\r\n\t\t{\r\n\t\t\t$value = Get-RandomCharacters -length 8 -characters 'ABCDEFGHKLMNOPRSTUVWXYZ123456789_'\r\n\t\t\t$value = $pr.Value.replace(\"VBOX\", $value).replace(\"VBox\", $value).replace(\"VMWARE\", $value).replace(\"VMware Virtual disk\", $value).replace(\"VMware\", $value).replace(\"HARDDISK\", \"WDC\").replace(\"VIRTUAL_DISK\", $value)\r\n\t\t\t\t\r\n\t\t\t$args.add($pr.Name, $value)\r\n\t\t\r\n\t\t# Change disk size\r\n\t\t} elseif($pr.Name -eq \"Size\" -and $pr.Value -lt 200000000000)\r\n\t\t{\r\n\t\t\t$args.add($pr.Name, 412300001200)\r\n\t\t} elseif(-Not($pr.Name -eq \"Capabilities\"))\r\n\t\t{\r\n\t\t\t$args.add($pr.Name, $pr.Value)\r\n\t\t}\r\n\t}\r\n\t\r\n\tSet-WmiInstance -Path \\\\.\\root\\cimv2:Win32_DiskDrive -Arguments $args\r\n}\r\n\r\n#Joebox\r\n\r\n#Creating Win32_VideoController fake class\r\n$newClass = New-Object System.Management.ManagementClass(\"root\\cimv2\", [String]::Empty, $null); \r\n$newClass[\"__CLASS\"] = \"Win32_VideoController\";\r\n$newClass.Qualifiers.Add(\"Static\", $true);\r\n\r\n$objWMi = get-wmiobject -computername localhost -Namespace root\\CIMV2 -Query \"Select * from Win32_VideoController\"\r\n\r\nif(-Not ($objWMi -is [array]))\r\n{\r\n\t$objWMi = @($objWMi)\r\n}\r\n\r\nforeach ($pr in $objWmi[0].Properties)\r\n{\r\n\t$newClass.Properties.Add($pr.Name, $pr.Type, $false)\t\r\n\tif($pr.Name -eq \"DeviceID\")\r\n\t{\r\n\t\t$newClass.Properties[$pr.Name].Qualifiers.Add(\"Key\", $true)\r\n\t}\r\n\t$newClass.Properties[$pr.Name].Qualifiers.Add(\"read\", $true)\r\n}\r\n\r\n$newClass.Put()\r\n\r\nforeach ($obj in $objWmi)\r\n{\t\r\n\t$args = @{}\r\n\tforeach ($pr in $obj.Properties)\r\n\t{\t\r\n\t\tif(($pr.Name -eq \"Caption\" -or $pr.Name -eq \"Name\" -or $pr.Name -eq \"PNPDeviceID\" -or $pr.Name -eq \"AdapterCompatibility\" -or $pr.Name -eq \"Description\" -or $pr.Name -eq \"InfSection\" -or $pr.Name -eq \"VideoProcessor\") -and ($pr.Value -match 'VBOX' -or $pr.Va",
                            "Path": "C:\\Program Files (x86)\\Joebox\\unpack\\wmievasions.ps1",
                            "ScriptBlockId": "1fa47c21-e881-413f-a56f-474f2ad5b74a",
                            "MessageTotal": "\u0002",
                            "MessageNumber": "\u0001",
                            "EventID": "4104"
                        }
                    }
                ],
                "rule_level": "low",
                "rule_id": "7cf1e08df2c1e71b9ecbab0ba652d8d7adc890f53db8c630b859d32064f3eb3a",
                "rule_source": "Sigma Integrated Rule Set (GitHub)",
                "rule_title": "Powershell Suspicious Win32_PnPEntity",
                "rule_description": "Adversaries may attempt to gather information about attached peripheral devices and components connected to a computer system.",
                "rule_author": "frack113"
            },
            {
                "match_context": [
                    {
                        "values": {
                            "RuleName": "-",
                            "CurrentDirectory": "C:\\Program Files (x86)\\AutoIt3\\",
                            "LogonId": "274222",
                            "OriginalFileName": "net.exe",
                            "UtcTime": "2022-08-18 08:36:58.977",
                            "Description": "Net Command",
                            "User": "DESKTOP-B0T93D6\\george",
                            "Hashes": "MD5=DD0561156F62BC1958CE0E370B23711B,SHA256=FD41D0261C6D22572DA448BCB5CBBB98F78A2922D1F1074D25237CC82C8CE432,IMPHASH=86350518EAE83E4A09BBF6317BA1C570",
                            "ParentImage": "C:\\Windows\\SysWOW64\\cmd.exe",
                            "IntegrityLevel": "High",
                            "TerminalSessionId": "1",
                            "Image": "C:\\Windows\\SysWOW64\\net.exe",
                            "ParentProcessId": "1140",
                            "ParentProcessGuid": "C784477D-FA2A-62FD-0C0A-000000004700",
                            "Product": "Microsoft\u00ae Windows\u00ae Operating System",
                            "LogonGuid": "C784477D-F8DA-62FD-2E2F-040000000000",
                            "EventID": "1",
                            "ProcessGuid": "C784477D-FA2A-62FD-0E0A-000000004700",
                            "CommandLine": "net  stop SysMain",
                            "ParentCommandLine": "C:\\Windows\\system32\\cmd.exe /c net stop SysMain",
                            "ProcessId": "6748",
                            "FileVersion": "10.0.17134.1 (WinBuild.160101.0800)",
                            "Company": "Microsoft Corporation"
                        }
                    },
                    {
                        "values": {
                            "RuleName": "-",
                            "CurrentDirectory": "C:\\Program Files (x86)\\AutoIt3\\",
                            "LogonId": "274222",
                            "OriginalFileName": "net1.exe",
                            "UtcTime": "2022-08-18 08:36:58.991",
                            "Description": "Net Command",
                            "User": "DESKTOP-B0T93D6\\george",
                            "Hashes": "MD5=B5A26C2BF17222E86B91D26F1247AF3E,SHA256=14CC5BE4C833ACC652195DEAD113E1C3B4AC0B98EA1AEAD11957836F9AE721CF,IMPHASH=3D3E7537BD3BA07738DC5CA8AD01B073",
                            "ParentImage": "C:\\Windows\\SysWOW64\\net.exe",
                            "IntegrityLevel": "High",
                            "TerminalSessionId": "1",
                            "Image": "C:\\Windows\\SysWOW64\\net1.exe",
                            "ParentProcessId": "6748",
                            "ParentProcessGuid": "C784477D-FA2A-62FD-0E0A-000000004700",
                            "Product": "Microsoft\u00ae Windows\u00ae Operating System",
                            "LogonGuid": "C784477D-F8DA-62FD-2E2F-040000000000",
                            "EventID": "1",
                            "ProcessGuid": "C784477D-FA2A-62FD-0F0A-000000004700",
                            "CommandLine": "C:\\Windows\\system32\\net1  stop SysMain",
                            "ParentCommandLine": "net  stop SysMain",
                            "ProcessId": "3872",
                            "FileVersion": "10.0.17134.1 (WinBuild.160101.0800)",
                            "Company": "Microsoft Corporation"
                        }
                    },
                    {
                        "values": {
                            "RuleName": "-",
                            "CurrentDirectory": "C:\\Program Files (x86)\\AutoIt3\\",
                            "LogonId": "274222",
                            "OriginalFileName": "net.exe",
                            "UtcTime": "2022-08-18 08:36:59.804",
                            "Description": "Net Command",
                            "User": "DESKTOP-B0T93D6\\george",
                            "Hashes": "MD5=DD0561156F62BC1958CE0E370B23711B,SHA256=FD41D0261C6D22572DA448BCB5CBBB98F78A2922D1F1074D25237CC82C8CE432,IMPHASH=86350518EAE83E4A09BBF6317BA1C570",
                            "ParentImage": "C:\\Windows\\SysWOW64\\cmd.exe",
                            "IntegrityLevel": "High",
                            "TerminalSessionId": "1",
                            "Image": "C:\\Windows\\SysWOW64\\net.exe",
                            "ParentProcessId": "3944",
                            "ParentProcessGuid": "C784477D-FA2B-62FD-1D0A-000000004700",
                            "Product": "Microsoft\u00ae Windows\u00ae Operating System",
                            "LogonGuid": "C784477D-F8DA-62FD-2E2F-040000000000",
                            "EventID": "1",
                            "ProcessGuid": "C784477D-FA2B-62FD-210A-000000004700",
                            "CommandLine": "net  stop AdobeARMservice",
                            "ParentCommandLine": "C:\\Windows\\system32\\cmd.exe /c net stop AdobeARMservice",
                            "ProcessId": "7088",
                            "FileVersion": "10.0.17134.1 (WinBuild.160101.0800)",
                            "Company": "Microsoft Corporation"
                        }
                    },
                    {
                        "values": {
                            "RuleName": "-",
                            "CurrentDirectory": "C:\\Program Files (x86)\\AutoIt3\\",
                            "LogonId": "274222",
                            "OriginalFileName": "net1.exe",
                            "UtcTime": "2022-08-18 08:36:59.838",
                            "Description": "Net Command",
                            "User": "DESKTOP-B0T93D6\\george",
                            "Hashes": "MD5=B5A26C2BF17222E86B91D26F1247AF3E,SHA256=14CC5BE4C833ACC652195DEAD113E1C3B4AC0B98EA1AEAD11957836F9AE721CF,IMPHASH=3D3E7537BD3BA07738DC5CA8AD01B073",
                            "ParentImage": "C:\\Windows\\SysWOW64\\net.exe",
                            "IntegrityLevel": "High",
                            "TerminalSessionId": "1",
                            "Image": "C:\\Windows\\SysWOW64\\net1.exe",
                            "ParentProcessId": "7088",
                            "ParentProcessGuid": "C784477D-FA2B-62FD-210A-000000004700",
                            "Product": "Microsoft\u00ae Windows\u00ae Operating System",
                            "LogonGuid": "C784477D-F8DA-62FD-2E2F-040000000000",
                            "EventID": "1",
                            "ProcessGuid": "C784477D-FA2B-62FD-220A-000000004700",
                            "CommandLine": "C:\\Windows\\system32\\net1  stop AdobeARMservice",
                            "ParentCommandLine": "net  stop AdobeARMservice",
                            "ProcessId": "7128",
                            "FileVersion": "10.0.17134.1 (WinBuild.160101.0800)",
                            "Company": "Microsoft Corporation"
                        }
                    },
                    {
                        "values": {
                            "RuleName": "-",
                            "CurrentDirectory": "C:\\Program Files (x86)\\AutoIt3\\",
                            "LogonId": "274222",
                            "OriginalFileName": "net.exe",
                            "UtcTime": "2022-08-18 08:37:00.218",
                            "Description": "Net Command",
                            "User": "DESKTOP-B0T93D6\\george",
                            "Hashes": "MD5=DD0561156F62BC1958CE0E370B23711B,SHA256=FD41D0261C6D22572DA448BCB5CBBB98F78A2922D1F1074D25237CC82C8CE432,IMPHASH=86350518EAE83E4A09BBF6317BA1C570",
                            "ParentImage": "C:\\Windows\\SysWOW64\\cmd.exe",
                            "IntegrityLevel": "High",
                            "TerminalSessionId": "1",
                            "Image": "C:\\Windows\\SysWOW64\\net.exe",
                            "ParentProcessId": "4296",
                            "ParentProcessGuid": "C784477D-FA2C-62FD-280A-000000004700",
                            "Product": "Microsoft\u00ae Windows\u00ae Operating System",
                            "LogonGuid": "C784477D-F8DA-62FD-2E2F-040000000000",
                            "EventID": "1",
                            "ProcessGuid": "C784477D-FA2C-62FD-2D0A-000000004700",
                            "CommandLine": "net  stop gupdatem",
                            "ParentCommandLine": "C:\\Windows\\system32\\cmd.exe /c net stop gupdatem",
                            "ProcessId": "1856",
                            "FileVersion": "10.0.17134.1 (WinBuild.160101.0800)",
                            "Company": "Microsoft Corporation"
                        }
                    },
                    {
                        "values": {
                            "RuleName": "-",
                            "CurrentDirectory": "C:\\Program Files (x86)\\AutoIt3\\",
                            "LogonId": "274222",
                            "OriginalFileName": "net.exe",
                            "UtcTime": "2022-08-18 08:37:00.222",
                            "Description": "Net Command",
                            "User": "DESKTOP-B0T93D6\\george",
                            "Hashes": "MD5=DD0561156F62BC1958CE0E370B23711B,SHA256=FD41D0261C6D22572DA448BCB5CBBB98F78A2922D1F1074D25237CC82C8CE432,IMPHASH=86350518EAE83E4A09BBF6317BA1C570",
                            "ParentImage": "C:\\Windows\\SysWOW64\\cmd.exe",
                            "IntegrityLevel": "High",
                            "TerminalSessionId": "1",
                            "Image": "C:\\Windows\\SysWOW64\\net.exe",
                            "ParentProcessId": "6064",
                            "ParentProcessGuid": "C784477D-FA2C-62FD-270A-000000004700",
                            "Product": "Microsoft\u00ae Windows\u00ae Operating System",
                            "LogonGuid": "C784477D-F8DA-62FD-2E2F-040000000000",
                            "EventID": "1",
                            "ProcessGuid": "C784477D-FA2C-62FD-2E0A-000000004700",
                            "CommandLine": "net  stop gupdate",
                            "ParentCommandLine": "C:\\Windows\\system32\\cmd.exe /c net stop gupdate",
                            "ProcessId": "7160",
                            "FileVersion": "10.0.17134.1 (WinBuild.160101.0800)",
                            "Company": "Microsoft Corporation"
                        }
                    },
                    {
                        "values": {
                            "RuleName": "-",
                            "CurrentDirectory": "C:\\Program Files (x86)\\AutoIt3\\",
                            "LogonId": "274222",
                            "OriginalFileName": "net1.exe",
                            "UtcTime": "2022-08-18 08:37:00.234",
                            "Description": "Net Command",
                            "User": "DESKTOP-B0T93D6\\george",
                            "Hashes": "MD5=B5A26C2BF17222E86B91D26F1247AF3E,SHA256=14CC5BE4C833ACC652195DEAD113E1C3B4AC0B98EA1AEAD11957836F9AE721CF,IMPHASH=3D3E7537BD3BA07738DC5CA8AD01B073",
                            "ParentImage": "C:\\Windows\\SysWOW64\\net.exe",
                            "IntegrityLevel": "High",
                            "TerminalSessionId": "1",
                            "Image": "C:\\Windows\\SysWOW64\\net1.exe",
                            "ParentProcessId": "1856",
                            "ParentProcessGuid": "C784477D-FA2C-62FD-2D0A-000000004700",
                            "Product": "Microsoft\u00ae Windows\u00ae Operating System",
                            "LogonGuid": "C784477D-F8DA-62FD-2E2F-040000000000",
                            "EventID": "1",
                            "ProcessGuid": "C784477D-FA2C-62FD-2F0A-000000004700",
                            "CommandLine": "C:\\Windows\\system32\\net1  stop gupdatem",
                            "ParentCommandLine": "net  stop gupdatem",
                            "ProcessId": "4672",
                            "FileVersion": "10.0.17134.1 (WinBuild.160101.0800)",
                            "Company": "Microsoft Corporation"
                        }
                    },
                    {
                        "values": {
                            "RuleName": "-",
                            "CurrentDirectory": "C:\\Program Files (x86)\\AutoIt3\\",
                            "LogonId": "274222",
                            "OriginalFileName": "net1.exe",
                            "UtcTime": "2022-08-18 08:37:00.235",
                            "Description": "Net Command",
                            "User": "DESKTOP-B0T93D6\\george",
                            "Hashes": "MD5=B5A26C2BF17222E86B91D26F1247AF3E,SHA256=14CC5BE4C833ACC652195DEAD113E1C3B4AC0B98EA1AEAD11957836F9AE721CF,IMPHASH=3D3E7537BD3BA07738DC5CA8AD01B073",
                            "ParentImage": "C:\\Windows\\SysWOW64\\net.exe",
                            "IntegrityLevel": "High",
                            "TerminalSessionId": "1",
                            "Image": "C:\\Windows\\SysWOW64\\net1.exe",
                            "ParentProcessId": "7160",
                            "ParentProcessGuid": "C784477D-FA2C-62FD-2E0A-000000004700",
                            "Product": "Microsoft\u00ae Windows\u00ae Operating System",
                            "LogonGuid": "C784477D-F8DA-62FD-2E2F-040000000000",
                            "EventID": "1",
                            "ProcessGuid": "C784477D-FA2C-62FD-300A-000000004700",
                            "CommandLine": "C:\\Windows\\system32\\net1  stop gupdate",
                            "ParentCommandLine": "net  stop gupdate",
                            "ProcessId": "4360",
                            "FileVersion": "10.0.17134.1 (WinBuild.160101.0800)",
                            "Company": "Microsoft Corporation"
                        }
                    },
                    {
                        "values": {
                            "RuleName": "-",
                            "CurrentDirectory": "C:\\Program Files (x86)\\AutoIt3\\",
                            "LogonId": "274222",
                            "OriginalFileName": "net.exe",
                            "UtcTime": "2022-08-18 08:37:00.323",
                            "Description": "Net Command",
                            "User": "DESKTOP-B0T93D6\\george",
                            "Hashes": "MD5=DD0561156F62BC1958CE0E370B23711B,SHA256=FD41D0261C6D22572DA448BCB5CBBB98F78A2922D1F1074D25237CC82C8CE432,IMPHASH=86350518EAE83E4A09BBF6317BA1C570",
                            "ParentImage": "C:\\Windows\\SysWOW64\\cmd.exe",
                            "IntegrityLevel": "High",
                            "TerminalSessionId": "1",
                            "Image": "C:\\Windows\\SysWOW64\\net.exe",
                            "ParentProcessId": "5152",
                            "ParentProcessGuid": "C784477D-FA2C-62FD-320A-000000004700",
                            "Product": "Microsoft\u00ae Windows\u00ae Operating System",
                            "LogonGuid": "C784477D-F8DA-62FD-2E2F-040000000000",
                            "EventID": "1",
                            "ProcessGuid": "C784477D-FA2C-62FD-360A-000000004700",
                            "CommandLine": "net  stop MozillaMaintenance",
                            "ParentCommandLine": "C:\\Windows\\system32\\cmd.exe /c net stop MozillaMaintenance",
                            "ProcessId": "5252",
                            "FileVersion": "10.0.17134.1 (WinBuild.160101.0800)",
                            "Company": "Microsoft Corporation"
                        }
                    },
                    {
                        "values": {
                            "RuleName": "-",
                            "CurrentDirectory": "C:\\Program Files (x86)\\AutoIt3\\",
                            "LogonId": "274222",
                            "OriginalFileName": "net1.exe",
                            "UtcTime": "2022-08-18 08:37:00.338",
                            "Description": "Net Command",
                            "User": "DESKTOP-B0T93D6\\george",
                            "Hashes": "MD5=B5A26C2BF17222E86B91D26F1247AF3E,SHA256=14CC5BE4C833ACC652195DEAD113E1C3B4AC0B98EA1AEAD11957836F9AE721CF,IMPHASH=3D3E7537BD3BA07738DC5CA8AD01B073",
                            "ParentImage": "C:\\Windows\\SysWOW64\\net.exe",
                            "IntegrityLevel": "High",
                            "TerminalSessionId": "1",
                            "Image": "C:\\Windows\\SysWOW64\\net1.exe",
                            "ParentProcessId": "5252",
                            "ParentProcessGuid": "C784477D-FA2C-62FD-360A-000000004700",
                            "Product": "Microsoft\u00ae Windows\u00ae Operating System",
                            "LogonGuid": "C784477D-F8DA-62FD-2E2F-040000000000",
                            "EventID": "1",
                            "ProcessGuid": "C784477D-FA2C-62FD-380A-000000004700",
                            "CommandLine": "C:\\Windows\\system32\\net1  stop MozillaMaintenance",
                            "ParentCommandLine": "net  stop MozillaMaintenance",
                            "ProcessId": "6480",
                            "FileVersion": "10.0.17134.1 (WinBuild.160101.0800)",
                            "Company": "Microsoft Corporation"
                        }
                    },
                    {
                        "values": {
                            "RuleName": "-",
                            "CurrentDirectory": "C:\\Program Files (x86)\\AutoIt3\\",
                            "LogonId": "274222",
                            "OriginalFileName": "net.exe",
                            "UtcTime": "2022-08-18 08:37:00.414",
                            "Description": "Net Command",
                            "User": "DESKTOP-B0T93D6\\george",
                            "Hashes": "MD5=DD0561156F62BC1958CE0E370B23711B,SHA256=FD41D0261C6D22572DA448BCB5CBBB98F78A2922D1F1074D25237CC82C8CE432,IMPHASH=86350518EAE83E4A09BBF6317BA1C570",
                            "ParentImage": "C:\\Windows\\SysWOW64\\cmd.exe",
                            "IntegrityLevel": "High",
                            "TerminalSessionId": "1",
                            "Image": "C:\\Windows\\SysWOW64\\net.exe",
                            "ParentProcessId": "6572",
                            "ParentProcessGuid": "C784477D-FA2C-62FD-390A-000000004700",
                            "Product": "Microsoft\u00ae Windows\u00ae Operating System",
                            "LogonGuid": "C784477D-F8DA-62FD-2E2F-040000000000",
                            "EventID": "1",
                            "ProcessGuid": "C784477D-FA2C-62FD-3D0A-000000004700",
                            "CommandLine": "net  stop edgeupdatem",
                            "ParentCommandLine": "C:\\Windows\\system32\\cmd.exe /c net stop edgeupdatem",
                            "ProcessId": "4752",
                            "FileVersion": "10.0.17134.1 (WinBuild.160101.0800)",
                            "Company": "Microsoft Corporation"
                        }
                    },
                    {
                        "values": {
                            "RuleName": "-",
                            "CurrentDirectory": "C:\\Program Files (x86)\\AutoIt3\\",
                            "LogonId": "274222",
                            "OriginalFileName": "net1.exe",
                            "UtcTime": "2022-08-18 08:37:00.429",
                            "Description": "Net Command",
                            "User": "DESKTOP-B0T93D6\\george",
                            "Hashes": "MD5=B5A26C2BF17222E86B91D26F1247AF3E,SHA256=14CC5BE4C833ACC652195DEAD113E1C3B4AC0B98EA1AEAD11957836F9AE721CF,IMPHASH=3D3E7537BD3BA07738DC5CA8AD01B073",
                            "ParentImage": "C:\\Windows\\SysWOW64\\net.exe",
                            "IntegrityLevel": "High",
                            "TerminalSessionId": "1",
                            "Image": "C:\\Windows\\SysWOW64\\net1.exe",
                            "ParentProcessId": "4752",
                            "ParentProcessGuid": "C784477D-FA2C-62FD-3D0A-000000004700",
                            "Product": "Microsoft\u00ae Windows\u00ae Operating System",
                            "LogonGuid": "C784477D-F8DA-62FD-2E2F-040000000000",
                            "EventID": "1",
                            "ProcessGuid": "C784477D-FA2C-62FD-3F0A-000000004700",
                            "CommandLine": "C:\\Windows\\system32\\net1  stop edgeupdatem",
                            "ParentCommandLine": "net  stop edgeupdatem",
                            "ProcessId": "4348",
                            "FileVersion": "10.0.17134.1 (WinBuild.160101.0800)",
                            "Company": "Microsoft Corporation"
                        }
                    },
                    {
                        "values": {
                            "RuleName": "-",
                            "CurrentDirectory": "C:\\Program Files (x86)\\AutoIt3\\",
                            "LogonId": "274222",
                            "OriginalFileName": "net.exe",
                            "UtcTime": "2022-08-18 08:37:00.518",
                            "Description": "Net Command",
                            "User": "DESKTOP-B0T93D6\\george",
                            "Hashes": "MD5=DD0561156F62BC1958CE0E370B23711B,SHA256=FD41D0261C6D22572DA448BCB5CBBB98F78A2922D1F1074D25237CC82C8CE432,IMPHASH=86350518EAE83E4A09BBF6317BA1C570",
                            "ParentImage": "C:\\Windows\\SysWOW64\\cmd.exe",
                            "IntegrityLevel": "High",
                            "TerminalSessionId": "1",
                            "Image": "C:\\Windows\\SysWOW64\\net.exe",
                            "ParentProcessId": "5708",
                            "ParentProcessGuid": "C784477D-FA2C-62FD-400A-000000004700",
                            "Product": "Microsoft\u00ae Windows\u00ae Operating System",
                            "LogonGuid": "C784477D-F8DA-62FD-2E2F-040000000000",
                            "EventID": "1",
                            "ProcessGuid": "C784477D-FA2C-62FD-450A-000000004700",
                            "CommandLine": "net  stop dnscache",
                            "ParentCommandLine": "C:\\Windows\\system32\\cmd.exe /c net stop dnscache",
                            "ProcessId": "6040",
                            "FileVersion": "10.0.17134.1 (WinBuild.160101.0800)",
                            "Company": "Microsoft Corporation"
                        }
                    },
                    {
                        "values": {
                            "RuleName": "-",
                            "CurrentDirectory": "C:\\Program Files (x86)\\AutoIt3\\",
                            "LogonId": "274222",
                            "OriginalFileName": "net1.exe",
                            "UtcTime": "2022-08-18 08:37:00.529",
                            "Description": "Net Command",
                            "User": "DESKTOP-B0T93D6\\george",
                            "Hashes": "MD5=B5A26C2BF17222E86B91D26F1247AF3E,SHA256=14CC5BE4C833ACC652195DEAD113E1C3B4AC0B98EA1AEAD11957836F9AE721CF,IMPHASH=3D3E7537BD3BA07738DC5CA8AD01B073",
                            "ParentImage": "C:\\Windows\\SysWOW64\\net.exe",
                            "IntegrityLevel": "High",
                            "TerminalSessionId": "1",
                            "Image": "C:\\Windows\\SysWOW64\\net1.exe",
                            "ParentProcessId": "6040",
                            "ParentProcessGuid": "C784477D-FA2C-62FD-450A-000000004700",
                            "Product": "Microsoft\u00ae Windows\u00ae Operating System",
                            "LogonGuid": "C784477D-F8DA-62FD-2E2F-040000000000",
                            "EventID": "1",
                            "ProcessGuid": "C784477D-FA2C-62FD-460A-000000004700",
                            "CommandLine": "C:\\Windows\\system32\\net1  stop dnscache",
                            "ParentCommandLine": "net  stop dnscache",
                            "ProcessId": "4416",
                            "FileVersion": "10.0.17134.1 (WinBuild.160101.0800)",
                            "Company": "Microsoft Corporation"
                        }
                    },
