{
    "data": {
        "ip_traffic": [
            {
                "destination_ip": "a83f:8110:cce1:d301:10:0:0:0",
                "destination_port": 53,
                "transport_layer_protocol": "UDP"
            },
            {
                "destination_ip": "20.99.133.109",
                "destination_port": 443,
                "transport_layer_protocol": "TCP"
            },
            {
                "destination_ip": "131.253.33.203",
                "destination_port": 80,
                "transport_layer_protocol": "TCP"
            },
            {
                "destination_ip": "23.216.147.76",
                "destination_port": 443,
                "transport_layer_protocol": "TCP"
            },
            {
                "destination_ip": "20.99.184.37",
                "destination_port": 443,
                "transport_layer_protocol": "TCP"
            },
            {
                "destination_ip": "20.99.185.48",
                "destination_port": 443,
                "transport_layer_protocol": "TCP"
            },
            {
                "destination_ip": "192.229.211.108",
                "destination_port": 80,
                "transport_layer_protocol": "TCP"
            }
        ],
        "files_opened": [
            "C:\\WINDOWS\\system32\\winime32.dll",
            "C:\\WINDOWS\\system32\\ws2_32.dll",
            "C:\\WINDOWS\\system32\\ws2help.dll",
            "C:\\WINDOWS\\system32\\psapi.dll",
            "C:\\WINDOWS\\system32\\imm32.dll",
            "C:\\WINDOWS\\system32\\lpk.dll",
            "C:\\WINDOWS\\system32\\usp10.dll",
            "C:\\Users\\user\\Desktop\\software.exe",
            "C:\\Windows\\AppPatch\\sysmain.sdb",
            "C:\\Windows\\SysWOW64\\CRYPTBASE.dll",
            "C:\\Windows\\SysWOW64\\KERNEL32.DLL",
            "C:\\Windows\\SysWOW64\\KERNELBASE.dll",
            "C:\\Windows\\SysWOW64\\RPCRT4.dll",
            "C:\\Windows\\SysWOW64\\SspiCli.dll",
            "C:\\Windows\\SysWOW64\\WS2_32.dll",
            "C:\\Windows\\SysWOW64\\apphelp.dll",
            "C:\\Windows\\SysWOW64\\bcryptPrimitives.dll",
            "C:\\Windows\\SysWOW64\\ntdll.dll",
            "C:\\Windows\\SysWOW64\\sechost.dll",
            "C:\\Users\\user\\Desktop\\file.exe"
        ],
        "modules_loaded": [
            "%SAMPLEPATH%\\0a620956255f1d34021cbcaba7a64dec5a85a3515509f1f0957bdf5936ede6d4.exe",
            "rpcrt4.dll"
        ],
        "processes_injected": [
            "\\\\?\\C:\\Windows\\system32\\wbem\\WMIADAP.EXE"
        ],
        "processes_created": [
            "%SAMPLEPATH%\\0a620956255f1d34021cbcaba7a64dec5a85a3515509f1f0957bdf5936ede6d4.exe",
            "C:\\Windows\\System32\\wuapihost.exe"
        ],
        "sigma_analysis_results": [
            {
                "match_context": [
                    {
                        "values": {
                            "RuleName": "-",
                            "CurrentDirectory": "C:\\Windows\\system32\\",
                            "LogonId": "274222",
                            "OriginalFileName": "wevtutil.exe",
                            "UtcTime": "2022-08-18 08:31:50.310",
                            "Description": "Eventing Command Line Utility",
                            "User": "DESKTOP-B0T93D6\\george",
                            "Hashes": "MD5=0269064AA2DD91125F13635FB194F499,SHA256=AB86C6C090FA85C2920A637D2BE274335A86FBC0A7FB706E893493B50840DC0A,IMPHASH=89A3D9DE9FED48F734C9553D16342280",
                            "ParentImage": "C:\\Windows\\System32\\cmd.exe",
                            "IntegrityLevel": "High",
                            "TerminalSessionId": "1",
                            "Image": "C:\\Windows\\System32\\wevtutil.exe",
                            "ParentProcessId": "4212",
                            "ParentProcessGuid": "C784477D-F8DA-62FD-7700-000000004700",
                            "Product": "Microsoft\u00ae Windows\u00ae Operating System",
                            "LogonGuid": "C784477D-F8DA-62FD-2E2F-040000000000",
                            "EventID": "1",
                            "ProcessGuid": "C784477D-F8F6-62FD-4A07-000000004700",
                            "CommandLine": "wevtutil  cl \"Microsoft-Windows-Storage-Tiering-IoHeat/Heat\"",
                            "ParentCommandLine": "C:\\Windows\\SYSTEM32\\cmd.exe /c \"C:\\startup.bat\"",
                            "ProcessId": "1176",
                            "FileVersion": "10.0.17134.81 (WinBuild.160101.0800)",
                            "Company": "Microsoft Corporation"
                        }
                    },
                    {
                        "values": {
                            "RuleName": "-",
                            "CurrentDirectory": "C:\\",
                            "LogonId": "274222",
                            "OriginalFileName": "wevtutil.exe",
                            "UtcTime": "2022-08-18 08:31:50.323",
                            "Description": "Eventing Command Line Utility",
                            "User": "DESKTOP-B0T93D6\\george",
                            "Hashes": "MD5=0269064AA2DD91125F13635FB194F499,SHA256=AB86C6C090FA85C2920A637D2BE274335A86FBC0A7FB706E893493B50840DC0A,IMPHASH=89A3D9DE9FED48F734C9553D16342280",
                            "ParentImage": "C:\\Windows\\System32\\cmd.exe",
                            "IntegrityLevel": "High",
                            "TerminalSessionId": "1",
                            "Image": "C:\\Windows\\System32\\wevtutil.exe",
                            "ParentProcessId": "2880",
                            "ParentProcessGuid": "C784477D-F8E7-62FD-9B00-000000004700",
                            "Product": "Microsoft\u00ae Windows\u00ae Operating System",
                            "LogonGuid": "C784477D-F8DA-62FD-2E2F-040000000000",
                            "EventID": "1",
                            "ProcessGuid": "C784477D-F8F6-62FD-4B07-000000004700",
                            "CommandLine": "wevtutil  cl \"Microsoft-Windows-TSF-msctf/Diagnostic\"",
                            "ParentCommandLine": "\"C:\\Windows\\System32\\cmd.exe\" /C \"C:\\startup.bat\" ",
                            "ProcessId": "6076",
                            "FileVersion": "10.0.17134.81 (WinBuild.160101.0800)",
                            "Company": "Microsoft Corporation"
                        }
                    },
                    {
                        "values": {
                            "RuleName": "-",
                            "CurrentDirectory": "C:\\Windows\\system32\\",
                            "LogonId": "274222",
                            "OriginalFileName": "wevtutil.exe",
                            "UtcTime": "2022-08-18 08:31:50.325",
                            "Description": "Eventing Command Line Utility",
                            "User": "DESKTOP-B0T93D6\\george",
                            "Hashes": "MD5=0269064AA2DD91125F13635FB194F499,SHA256=AB86C6C090FA85C2920A637D2BE274335A86FBC0A7FB706E893493B50840DC0A,IMPHASH=89A3D9DE9FED48F734C9553D16342280",
                            "ParentImage": "C:\\Windows\\System32\\cmd.exe",
                            "IntegrityLevel": "High",
                            "TerminalSessionId": "1",
                            "Image": "C:\\Windows\\System32\\wevtutil.exe",
                            "ParentProcessId": "4212",
                            "ParentProcessGuid": "C784477D-F8DA-62FD-7700-000000004700",
                            "Product": "Microsoft\u00ae Windows\u00ae Operating System",
                            "LogonGuid": "C784477D-F8DA-62FD-2E2F-040000000000",
                            "EventID": "1",
                            "ProcessGuid": "C784477D-F8F6-62FD-4C07-000000004700",
                            "CommandLine": "wevtutil  cl \"Microsoft-Windows-Storage-Tiering/Admin\"",
                            "ParentCommandLine": "C:\\Windows\\SYSTEM32\\cmd.exe /c \"C:\\startup.bat\"",
                            "ProcessId": "864",
                            "FileVersion": "10.0.17134.81 (WinBuild.160101.0800)",
                            "Company": "Microsoft Corporation"
                        }
                    },
                    {
                        "values": {
                            "RuleName": "-",
                            "CurrentDirectory": "C:\\",
                            "LogonId": "274222",
                            "OriginalFileName": "wevtutil.exe",
                            "UtcTime": "2022-08-18 08:31:50.338",
                            "Description": "Eventing Command Line Utility",
                            "User": "DESKTOP-B0T93D6\\george",
                            "Hashes": "MD5=0269064AA2DD91125F13635FB194F499,SHA256=AB86C6C090FA85C2920A637D2BE274335A86FBC0A7FB706E893493B50840DC0A,IMPHASH=89A3D9DE9FED48F734C9553D16342280",
                            "ParentImage": "C:\\Windows\\System32\\cmd.exe",
                            "IntegrityLevel": "High",
                            "TerminalSessionId": "1",
                            "Image": "C:\\Windows\\System32\\wevtutil.exe",
                            "ParentProcessId": "2880",
                            "ParentProcessGuid": "C784477D-F8E7-62FD-9B00-000000004700",
                            "Product": "Microsoft\u00ae Windows\u00ae Operating System",
                            "LogonGuid": "C784477D-F8DA-62FD-2E2F-040000000000",
                            "EventID": "1",
                            "ProcessGuid": "C784477D-F8F6-62FD-4D07-000000004700",
                            "CommandLine": "wevtutil  cl \"Microsoft-Windows-TSF-msutb/Debug\"",
                            "ParentCommandLine": "\"C:\\Windows\\System32\\cmd.exe\" /C \"C:\\startup.bat\" ",
                            "ProcessId": "4800",
                            "FileVersion": "10.0.17134.81 (WinBuild.160101.0800)",
                            "Company": "Microsoft Corporation"
                        }
                    },
                    {
                        "values": {
                            "RuleName": "-",
                            "CurrentDirectory": "C:\\Windows\\system32\\",
                            "LogonId": "274222",
                            "OriginalFileName": "wevtutil.exe",
                            "UtcTime": "2022-08-18 08:31:50.346",
                            "Description": "Eventing Command Line Utility",
                            "User": "DESKTOP-B0T93D6\\george",
                            "Hashes": "MD5=0269064AA2DD91125F13635FB194F499,SHA256=AB86C6C090FA85C2920A637D2BE274335A86FBC0A7FB706E893493B50840DC0A,IMPHASH=89A3D9DE9FED48F734C9553D16342280",
                            "ParentImage": "C:\\Windows\\System32\\cmd.exe",
                            "IntegrityLevel": "High",
                            "TerminalSessionId": "1",
                            "Image": "C:\\Windows\\System32\\wevtutil.exe",
                            "ParentProcessId": "4212",
                            "ParentProcessGuid": "C784477D-F8DA-62FD-7700-000000004700",
                            "Product": "Microsoft\u00ae Windows\u00ae Operating System",
                            "LogonGuid": "C784477D-F8DA-62FD-2E2F-040000000000",
                            "EventID": "1",
                            "ProcessGuid": "C784477D-F8F6-62FD-4E07-000000004700",
                            "CommandLine": "wevtutil  cl \"Microsoft-Windows-StorageManagement/Debug\"",
                            "ParentCommandLine": "C:\\Windows\\SYSTEM32\\cmd.exe /c \"C:\\startup.bat\"",
                            "ProcessId": "6088",
                            "FileVersion": "10.0.17134.81 (WinBuild.160101.0800)",
                            "Company": "Microsoft Corporation"
                        }
                    },
                    {
                        "values": {
                            "RuleName": "-",
                            "CurrentDirectory": "C:\\",
                            "LogonId": "274222",
                            "OriginalFileName": "wevtutil.exe",
                            "UtcTime": "2022-08-18 08:31:50.354",
                            "Description": "Eventing Command Line Utility",
                            "User": "DESKTOP-B0T93D6\\george",
                            "Hashes": "MD5=0269064AA2DD91125F13635FB194F499,SHA256=AB86C6C090FA85C2920A637D2BE274335A86FBC0A7FB706E893493B50840DC0A,IMPHASH=89A3D9DE9FED48F734C9553D16342280",
                            "ParentImage": "C:\\Windows\\System32\\cmd.exe",
                            "IntegrityLevel": "High",
                            "TerminalSessionId": "1",
                            "Image": "C:\\Windows\\System32\\wevtutil.exe",
                            "ParentProcessId": "2880",
                            "ParentProcessGuid": "C784477D-F8E7-62FD-9B00-000000004700",
                            "Product": "Microsoft\u00ae Windows\u00ae Operating System",
                            "LogonGuid": "C784477D-F8DA-62FD-2E2F-040000000000",
                            "EventID": "1",
                            "ProcessGuid": "C784477D-F8F6-62FD-4F07-000000004700",
                            "CommandLine": "wevtutil  cl \"Microsoft-Windows-TSF-msutb/Diagnostic\"",
                            "ParentCommandLine": "\"C:\\Windows\\System32\\cmd.exe\" /C \"C:\\startup.bat\" ",
                            "ProcessId": "560",
                            "FileVersion": "10.0.17134.81 (WinBuild.160101.0800)",
                            "Company": "Microsoft Corporation"
                        }
                    },
                    {
                        "values": {
                            "RuleName": "-",
                            "CurrentDirectory": "C:\\Windows\\system32\\",
                            "LogonId": "274222",
                            "OriginalFileName": "wevtutil.exe",
                            "UtcTime": "2022-08-18 08:31:50.362",
                            "Description": "Eventing Command Line Utility",
                            "User": "DESKTOP-B0T93D6\\george",
                            "Hashes": "MD5=0269064AA2DD91125F13635FB194F499,SHA256=AB86C6C090FA85C2920A637D2BE274335A86FBC0A7FB706E893493B50840DC0A,IMPHASH=89A3D9DE9FED48F734C9553D16342280",
                            "ParentImage": "C:\\Windows\\System32\\cmd.exe",
                            "IntegrityLevel": "High",
                            "TerminalSessionId": "1",
                            "Image": "C:\\Windows\\System32\\wevtutil.exe",
                            "ParentProcessId": "4212",
                            "ParentProcessGuid": "C784477D-F8DA-62FD-7700-000000004700",
                            "Product": "Microsoft\u00ae Windows\u00ae Operating System",
                            "LogonGuid": "C784477D-F8DA-62FD-2E2F-040000000000",
                            "EventID": "1",
                            "ProcessGuid": "C784477D-F8F6-62FD-5007-000000004700",
                            "CommandLine": "wevtutil  cl \"Microsoft-Windows-StorageManagement/Operational\"",
                            "ParentCommandLine": "C:\\Windows\\SYSTEM32\\cmd.exe /c \"C:\\startup.bat\"",
                            "ProcessId": "824",
                            "FileVersion": "10.0.17134.81 (WinBuild.160101.0800)",
                            "Company": "Microsoft Corporation"
                        }
                    },
                    {
                        "values": {
                            "RuleName": "-",
                            "CurrentDirectory": "C:\\",
                            "LogonId": "274222",
                            "OriginalFileName": "wevtutil.exe",
                            "UtcTime": "2022-08-18 08:31:50.368",
                            "Description": "Eventing Command Line Utility",
                            "User": "DESKTOP-B0T93D6\\george",
                            "Hashes": "MD5=0269064AA2DD91125F13635FB194F499,SHA256=AB86C6C090FA85C2920A637D2BE274335A86FBC0A7FB706E893493B50840DC0A,IMPHASH=89A3D9DE9FED48F734C9553D16342280",
                            "ParentImage": "C:\\Windows\\System32\\cmd.exe",
                            "IntegrityLevel": "High",
                            "TerminalSessionId": "1",
                            "Image": "C:\\Windows\\System32\\wevtutil.exe",
                            "ParentProcessId": "2880",
                            "ParentProcessGuid": "C784477D-F8E7-62FD-9B00-000000004700",
                            "Product": "Microsoft\u00ae Windows\u00ae Operating System",
                            "LogonGuid": "C784477D-F8DA-62FD-2E2F-040000000000",
                            "EventID": "1",
                            "ProcessGuid": "C784477D-F8F6-62FD-5107-000000004700",
                            "CommandLine": "wevtutil  cl \"Microsoft-Windows-TTS/Diagnostic\"",
                            "ParentCommandLine": "\"C:\\Windows\\System32\\cmd.exe\" /C \"C:\\startup.bat\" ",
                            "ProcessId": "4676",
                            "FileVersion": "10.0.17134.81 (WinBuild.160101.0800)",
                            "Company": "Microsoft Corporation"
                        }
                    },
                    {
                        "values": {
                            "RuleName": "-",
                            "CurrentDirectory": "C:\\Windows\\system32\\",
                            "LogonId": "274222",
                            "OriginalFileName": "wevtutil.exe",
                            "UtcTime": "2022-08-18 08:31:50.381",
                            "Description": "Eventing Command Line Utility",
                            "User": "DESKTOP-B0T93D6\\george",
                            "Hashes": "MD5=0269064AA2DD91125F13635FB194F499,SHA256=AB86C6C090FA85C2920A637D2BE274335A86FBC0A7FB706E893493B50840DC0A,IMPHASH=89A3D9DE9FED48F734C9553D16342280",
                            "ParentImage": "C:\\Windows\\System32\\cmd.exe",
                            "IntegrityLevel": "High",
                            "TerminalSessionId": "1",
                            "Image": "C:\\Windows\\System32\\wevtutil.exe",
                            "ParentProcessId": "4212",
                            "ParentProcessGuid": "C784477D-F8DA-62FD-7700-000000004700",
                            "Product": "Microsoft\u00ae Windows\u00ae Operating System",
                            "LogonGuid": "C784477D-F8DA-62FD-2E2F-040000000000",
                            "EventID": "1",
                            "ProcessGuid": "C784477D-F8F6-62FD-5207-000000004700",
                            "CommandLine": "wevtutil  cl \"Microsoft-Windows-StorageSpaces-Driver/Diagnostic\"",
                            "ParentCommandLine": "C:\\Windows\\SYSTEM32\\cmd.exe /c \"C:\\startup.bat\"",
                            "ProcessId": "5252",
                            "FileVersion": "10.0.17134.81 (WinBuild.160101.0800)",
                            "Company": "Microsoft Corporation"
                        }
                    },
                    {
                        "values": {
                            "RuleName": "-",
                            "CurrentDirectory": "C:\\",
                            "LogonId": "274222",
                            "OriginalFileName": "wevtutil.exe",
                            "UtcTime": "2022-08-18 08:31:50.383",
                            "Description": "Eventing Command Line Utility",
                            "User": "DESKTOP-B0T93D6\\george",
                            "Hashes": "MD5=0269064AA2DD91125F13635FB194F499,SHA256=AB86C6C090FA85C2920A637D2BE274335A86FBC0A7FB706E893493B50840DC0A,IMPHASH=89A3D9DE9FED48F734C9553D16342280",
                            "ParentImage": "C:\\Windows\\System32\\cmd.exe",
                            "IntegrityLevel": "High",
                            "TerminalSessionId": "1",
                            "Image": "C:\\Windows\\System32\\wevtutil.exe",
                            "ParentProcessId": "2880",
                            "ParentProcessGuid": "C784477D-F8E7-62FD-9B00-000000004700",
                            "Product": "Microsoft\u00ae Windows\u00ae Operating System",
                            "LogonGuid": "C784477D-F8DA-62FD-2E2F-040000000000",
                            "EventID": "1",
                            "ProcessGuid": "C784477D-F8F6-62FD-5307-000000004700",
                            "CommandLine": "wevtutil  cl \"Microsoft-Windows-TWinAPI/Diagnostic\"",
                            "ParentCommandLine": "\"C:\\Windows\\System32\\cmd.exe\" /C \"C:\\startup.bat\" ",
                            "ProcessId": "5820",
                            "FileVersion": "10.0.17134.81 (WinBuild.160101.0800)",
                            "Company": "Microsoft Corporation"
                        }
                    },
                    {
                        "values": {
                            "RuleName": "-",
                            "CurrentDirectory": "C:\\",
                            "LogonId": "274222",
                            "OriginalFileName": "wevtutil.exe",
                            "UtcTime": "2022-08-18 08:31:50.397",
                            "Description": "Eventing Command Line Utility",
                            "User": "DESKTOP-B0T93D6\\george",
                            "Hashes": "MD5=0269064AA2DD91125F13635FB194F499,SHA256=AB86C6C090FA85C2920A637D2BE274335A86FBC0A7FB706E893493B50840DC0A,IMPHASH=89A3D9DE9FED48F734C9553D16342280",
                            "ParentImage": "C:\\Windows\\System32\\cmd.exe",
                            "IntegrityLevel": "High",
                            "TerminalSessionId": "1",
                            "Image": "C:\\Windows\\System32\\wevtutil.exe",
                            "ParentProcessId": "2880",
                            "ParentProcessGuid": "C784477D-F8E7-62FD-9B00-000000004700",
                            "Product": "Microsoft\u00ae Windows\u00ae Operating System",
                            "LogonGuid": "C784477D-F8DA-62FD-2E2F-040000000000",
                            "EventID": "1",
                            "ProcessGuid": "C784477D-F8F6-62FD-5407-000000004700",
                            "CommandLine": "wevtutil  cl \"Microsoft-Windows-TWinUI/Diagnostic\"",
                            "ParentCommandLine": "\"C:\\Windows\\System32\\cmd.exe\" /C \"C:\\startup.bat\" ",
                            "ProcessId": "2168",
                            "FileVersion": "10.0.17134.81 (WinBuild.160101.0800)",
                            "Company": "Microsoft Corporation"
                        }
                    },
                    {
                        "values": {
                            "RuleName": "-",
                            "CurrentDirectory": "C:\\Windows\\system32\\",
                            "LogonId": "274222",
                            "OriginalFileName": "wevtutil.exe",
                            "UtcTime": "2022-08-18 08:31:50.404",
                            "Description": "Eventing Command Line Utility",
                            "User": "DESKTOP-B0T93D6\\george",
                            "Hashes": "MD5=0269064AA2DD91125F13635FB194F499,SHA256=AB86C6C090FA85C2920A637D2BE274335A86FBC0A7FB706E893493B50840DC0A,IMPHASH=89A3D9DE9FED48F734C9553D16342280",
                            "ParentImage": "C:\\Windows\\System32\\cmd.exe",
                            "IntegrityLevel": "High",
                            "TerminalSessionId": "1",
                            "Image": "C:\\Windows\\System32\\wevtutil.exe",
                            "ParentProcessId": "4212",
                            "ParentProcessGuid": "C784477D-F8DA-62FD-7700-000000004700",
                            "Product": "Microsoft\u00ae Windows\u00ae Operating System",
                            "LogonGuid": "C784477D-F8DA-62FD-2E2F-040000000000",
                            "EventID": "1",
                            "ProcessGuid": "C784477D-F8F6-62FD-5507-000000004700",
                            "CommandLine": "wevtutil  cl \"Microsoft-Windows-StorageSpaces-Driver/Operational\"",
                            "ParentCommandLine": "C:\\Windows\\SYSTEM32\\cmd.exe /c \"C:\\startup.bat\"",
                            "ProcessId": "1028",
                            "FileVersion": "10.0.17134.81 (WinBuild.160101.0800)",
                            "Company": "Microsoft Corporation"
                        }
                    },
                    {
                        "values": {
                            "RuleName": "-",
                            "CurrentDirectory": "C:\\",
                            "LogonId": "274222",
                            "OriginalFileName": "wevtutil.exe",
                            "UtcTime": "2022-08-18 08:31:50.414",
                            "Description": "Eventing Command Line Utility",
                            "User": "DESKTOP-B0T93D6\\george",
                            "Hashes": "MD5=0269064AA2DD91125F13635FB194F499,SHA256=AB86C6C090FA85C2920A637D2BE274335A86FBC0A7FB706E893493B50840DC0A,IMPHASH=89A3D9DE9FED48F734C9553D16342280",
                            "ParentImage": "C:\\Windows\\System32\\cmd.exe",
                            "IntegrityLevel": "High",
                            "TerminalSessionId": "1",
                            "Image": "C:\\Windows\\System32\\wevtutil.exe",
                            "ParentProcessId": "2880",
                            "ParentProcessGuid": "C784477D-F8E7-62FD-9B00-000000004700",
                            "Product": "Microsoft\u00ae Windows\u00ae Operating System",
                            "LogonGuid": "C784477D-F8DA-62FD-2E2F-040000000000",
                            "EventID": "1",
                            "ProcessGuid": "C784477D-F8F6-62FD-5607-000000004700",
                            "CommandLine": "wevtutil  cl \"Microsoft-Windows-TWinUI/Operational\"",
                            "ParentCommandLine": "\"C:\\Windows\\System32\\cmd.exe\" /C \"C:\\startup.bat\" ",
                            "ProcessId": "6052",
                            "FileVersion": "10.0.17134.81 (WinBuild.160101.0800)",
                            "Company": "Microsoft Corporation"
                        }
                    },
                    {
                        "values": {
                            "RuleName": "-",
                            "CurrentDirectory": "C:\\",
                            "LogonId": "274222",
                            "OriginalFileName": "wevtutil.exe",
                            "UtcTime": "2022-08-18 08:31:50.435",
                            "Description": "Eventing Command Line Utility",
                            "User": "DESKTOP-B0T93D6\\george",
                            "Hashes": "MD5=0269064AA2DD91125F13635FB194F499,SHA256=AB86C6C090FA85C2920A637D2BE274335A86FBC0A7FB706E893493B50840DC0A,IMPHASH=89A3D9DE9FED48F734C9553D16342280",
                            "ParentImage": "C:\\Windows\\System32\\cmd.exe",
                            "IntegrityLevel": "High",
                            "TerminalSessionId": "1",
                            "Image": "C:\\Windows\\System32\\wevtutil.exe",
                            "ParentProcessId": "2880",
                            "ParentProcessGuid": "C784477D-F8E7-62FD-9B00-000000004700",
                            "Product": "Microsoft\u00ae Windows\u00ae Operating System",
                            "LogonGuid": "C784477D-F8DA-62FD-2E2F-040000000000",
                            "EventID": "1",
                            "ProcessGuid": "C784477D-F8F6-62FD-5707-000000004700",
                            "CommandLine": "wevtutil  cl \"Microsoft-Windows-TZSync/Analytic\"",
                            "ParentCommandLine": "\"C:\\Windows\\System32\\cmd.exe\" /C \"C:\\startup.bat\" ",
                            "ProcessId": "3392",
                            "FileVersion": "10.0.17134.81 (WinBuild.160101.0800)",
                            "Company": "Microsoft Corporation"
                        }
                    },
                    {
                        "values": {
                            "RuleName": "-",
                            "CurrentDirectory": "C:\\Windows\\system32\\",
                            "LogonId": "274222",
                            "OriginalFileName": "wevtutil.exe",
                            "UtcTime": "2022-08-18 08:31:50.440",
                            "Description": "Eventing Command Line Utility",
                            "User": "DESKTOP-B0T93D6\\george",
                            "Hashes": "MD5=0269064AA2DD91125F13635FB194F499,SHA256=AB86C6C090FA85C2920A637D2BE274335A86FBC0A7FB706E893493B50840DC0A,IMPHASH=89A3D9DE9FED48F734C9553D16342280",
                            "ParentImage": "C:\\Windows\\System32\\cmd.exe",
                            "IntegrityLevel": "High",
                            "TerminalSessionId": "1",
                            "Image": "C:\\Windows\\System32\\wevtutil.exe",
                            "ParentProcessId": "4212",
                            "ParentProcessGuid": "C784477D-F8DA-62FD-7700-000000004700",
                            "Product": "Microsoft\u00ae Windows\u00ae Operating System",
                            "LogonGuid": "C784477D-F8DA-62FD-2E2F-040000000000",
                            "EventID": "1",
                            "ProcessGuid": "C784477D-F8F6-62FD-5807-000000004700",
                            "CommandLine": "wevtutil  cl \"Microsoft-Windows-StorageSpaces-Driver/Performance\"",
                            "ParentCommandLine": "C:\\Windows\\SYSTEM32\\cmd.exe /c \"C:\\startup.bat\"",
                            "ProcessId": "5232",
                            "FileVersion": "10.0.17134.81 (WinBuild.160101.0800)",
                            "Company": "Microsoft Corporation"
                        }
                    },
                    {
                        "values": {
                            "RuleName": "-",
                            "CurrentDirectory": "C:\\",
                            "LogonId": "274222",
                            "OriginalFileName": "wevtutil.exe",
                            "UtcTime": "2022-08-18 08:31:50.449",
                            "Description": "Eventing Command Line Utility",
                            "User": "DESKTOP-B0T93D6\\george",
                            "Hashes": "MD5=0269064AA2DD91125F13635FB194F499,SHA256=AB86C6C090FA85C2920A637D2BE274335A86FBC0A7FB706E893493B50840DC0A,IMPHASH=89A3D9DE9FED48F734C9553D16342280",
                            "ParentImage": "C:\\Windows\\System32\\cmd.exe",
                            "IntegrityLevel": "High",
                            "TerminalSessionId": "1",
                            "Image": "C:\\Windows\\System32\\wevtutil.exe",
                            "ParentProcessId": "2880",
                            "ParentProcessGuid": "C784477D-F8E7-62FD-9B00-000000004700",
                            "Product": "Microsoft\u00ae Windows\u00ae Operating System",
                            "LogonGuid": "C784477D-F8DA-62FD-2E2F-040000000000",
                            "EventID": "1",
                            "ProcessGuid": "C784477D-F8F6-62FD-5907-000000004700",
                            "CommandLine": "wevtutil  cl \"Microsoft-Windows-TZSync/Operational\"",
                            "ParentCommandLine": "\"C:\\Windows\\System32\\cmd.exe\" /C \"C:\\startup.bat\" ",
                            "ProcessId": "5768",
                            "FileVersion": "10.0.17134.81 (WinBuild.160101.0800)",
                            "Company": "Microsoft Corporation"
                        }
                    },
                    {
                        "values": {
                            "RuleName": "-",
                            "CurrentDirectory": "C:\\Windows\\system32\\",
                            "LogonId": "274222",
                            "OriginalFileName": "wevtutil.exe",
                            "UtcTime": "2022-08-18 08:31:50.457",
                            "Description": "Eventing Command Line Utility",
                            "User": "DESKTOP-B0T93D6\\george",
                            "Hashes": "MD5=0269064AA2DD91125F13635FB194F499,SHA256=AB86C6C090FA85C2920A637D2BE274335A86FBC0A7FB706E893493B50840DC0A,IMPHASH=89A3D9DE9FED48F734C9553D16342280",
                            "ParentImage": "C:\\Windows\\System32\\cmd.exe",
                            "IntegrityLevel": "High",
                            "TerminalSessionId": "1",
                            "Image": "C:\\Windows\\System32\\wevtutil.exe",
                            "ParentProcessId": "4212",
                            "ParentProcessGuid": "C784477D-F8DA-62FD-7700-000000004700",
                            "Product": "Microsoft\u00ae Windows\u00ae Operating System",
                            "LogonGuid": "C784477D-F8DA-62FD-2E2F-040000000000",
                            "EventID": "1",
                            "ProcessGuid": "C784477D-F8F6-62FD-5A07-000000004700",
                            "CommandLine": "wevtutil  cl \"Microsoft-Windows-StorageSpaces-ManagementAgent/WHC\"",
                            "ParentCommandLine": "C:\\Windows\\SYSTEM32\\cmd.exe /c \"C:\\startup.bat\"",
                            "ProcessId": "472",
                            "FileVersion": "10.0.17134.81 (WinBuild.160101.0800)",
                            "Company": "Microsoft Corporation"
                        }
                    },
                    {
                        "values": {
                            "RuleName": "-",
                            "CurrentDirectory": "C:\\",
                            "LogonId": "274222",
                            "OriginalFileName": "wevtutil.exe",
                            "UtcTime": "2022-08-18 08:31:50.470",
                            "Description": "Eventing Command Line Utility",
                            "User": "DESKTOP-B0T93D6\\george",
                            "Hashes": "MD5=0269064AA2DD91125F13635FB194F499,SHA256=AB86C6C090FA85C2920A637D2BE274335A86FBC0A7FB706E893493B50840DC0A,IMPHASH=89A3D9DE9FED48F734C9553D16342280",
                            "ParentImage": "C:\\Windows\\System32\\cmd.exe",
                            "IntegrityLevel": "High",
                            "TerminalSessionId": "1",
                            "Image": "C:\\Windows\\System32\\wevtutil.exe",
                            "ParentProcessId": "2880",
                            "ParentProcessGuid": "C784477D-F8E7-62FD-9B00-000000004700",
                            "Product": "Microsoft\u00ae Windows\u00ae Operating System",
                            "LogonGuid": "C784477D-F8DA-62FD-2E2F-040000000000",
                            "EventID": "1",
                            "ProcessGuid": "C784477D-F8F6-62FD-5B07-000000004700",
                            "CommandLine": "wevtutil  cl \"Microsoft-Windows-TZUtil/Operational\"",
                            "ParentCommandLine": "\"C:\\Windows\\System32\\cmd.exe\" /C \"C:\\startup.bat\" ",
                            "ProcessId": "4864",
                            "FileVersion": "10.0.17134.81 (WinBuild.160101.0800)",
                            "Company": "Microsoft Corporation"
                        }
                    },
                    {
                        "values": {
                            "RuleName": "-",
                            "CurrentDirectory": "C:\\Windows\\system32\\",
                            "LogonId": "274222",
                            "OriginalFileName": "wevtutil.exe",
                            "UtcTime": "2022-08-18 08:31:50.477",
                            "Description": "Eventing Command Line Utility",
                            "User": "DESKTOP-B0T93D6\\george",
                            "Hashes": "MD5=0269064AA2DD91125F13635FB194F499,SHA256=AB86C6C090FA85C2920A637D2BE274335A86FBC0A7FB706E893493B50840DC0A,IMPHASH=89A3D9DE9FED48F734C9553D16342280",
                            "ParentImage": "C:\\Windows\\System32\\cmd.exe",
                            "IntegrityLevel": "High",
                            "TerminalSessionId": "1",
                            "Image": "C:\\Windows\\System32\\wevtutil.exe",
                            "ParentProcessId": "4212",
                            "ParentProcessGuid": "C784477D-F8DA-62FD-7700-000000004700",
                            "Product": "Microsoft\u00ae Windows\u00ae Operating System",
                            "LogonGuid": "C784477D-F8DA-62FD-2E2F-040000000000",
                            "EventID": "1",
                            "ProcessGuid": "C784477D-F8F6-62FD-5C07-000000004700",
                            "CommandLine": "wevtutil  cl \"Microsoft-Windows-StorageSpaces-SpaceManager/Diagnostic\"",
                            "ParentCommandLine": "C:\\Windows\\SYSTEM32\\cmd.exe /c \"C:\\startup.bat\"",
                            "ProcessId": "72",
                            "FileVersion": "10.0.17134.81 (WinBuild.160101.0800)",
                            "Company": "Microsoft Corporation"
                        }
                    },
                    {
                        "values": {
                            "RuleName": "-",
                            "CurrentDirectory": "C:\\",
                            "LogonId": "274222",
                            "OriginalFileName": "wevtutil.exe",
                            "UtcTime": "2022-08-18 08:31:50.492",
                            "Description": "Eventing Command Line Utility",
                            "User": "DESKTOP-B0T93D6\\george",
                            "Hashes": "MD5=0269064AA2DD91125F13635FB194F499,SHA256=AB86C6C090FA85C2920A637D2BE274335A86FBC0A7FB706E893493B50840DC0A,IMPHASH=89A3D9DE9FED48F734C9553D16342280",
                            "ParentImage": "C:\\Windows\\System32\\cmd.exe",
                            "IntegrityLevel": "High",
                            "TerminalSessionId": "1",
                            "Image": "C:\\Windows\\System32\\wevtutil.exe",
                            "ParentProcessId": "2880",
                            "ParentProcessGuid": "C784477D-F8E7-62FD-9B00-000000004700",
                            "Product": "Microsoft\u00ae Windows\u00ae Operating System",
                            "LogonGuid": "C784477D-F8DA-62FD-2E2F-040000000000",
                            "EventID": "1",
                            "ProcessGuid": "C784477D-F8F6-62FD-5D07-000000004700",
                            "CommandLine": "wevtutil  cl \"Microsoft-Windows-TaskScheduler/Debug\"",
                            "ParentCommandLine": "\"C:\\Windows\\System32\\cmd.exe\" /C \"C:\\startup.bat\" ",
                            "ProcessId": "5360",
                            "FileVersion": "10.0.17134.81 (WinBuild.160101.0800)",
                            "Company": "Microsoft Corporation"
                        }
                    },
                    {
                        "values": {
                            "RuleName": "-",
                            "CurrentDirectory": "C:\\Windows\\system32\\",
                            "LogonId": "274222",
                            "OriginalFileName": "wevtutil.exe",
                            "UtcTime": "2022-08-18 08:31:50.498",
                            "Description": "Eventing Command Line Utility",
                            "User": "DESKTOP-B0T93D6\\george",
                            "Hashes": "MD5=0269064AA2DD91125F13635FB194F499,SHA256=AB86C6C090FA85C2920A637D2BE274335A86FBC0A7FB706E893493B50840DC0A,IMPHASH=89A3D9DE9FED48F734C9553D16342280",
                            "ParentImage": "C:\\Windows\\System32\\cmd.exe",
                            "IntegrityLevel": "High",
                            "TerminalSessionId": "1",
                            "Image": "C:\\Windows\\System32\\wevtutil.exe",
                            "ParentProcessId": "4212",
                            "ParentProcessGuid": "C784477D-F8DA-62FD-7700-000000004700",
                            "Product": "Microsoft\u00ae Windows\u00ae Operating System",
                            "LogonGuid": "C784477D-F8DA-62FD-2E2F-040000000000",
                            "EventID": "1",
                            "ProcessGuid": "C784477D-F8F6-62FD-5E07-000000004700",
                            "CommandLine": "wevtutil  cl \"Microsoft-Windows-StorageSpaces-SpaceManager/Operational\"",
                            "ParentCommandLine": "C:\\Windows\\SYSTEM32\\cmd.exe /c \"C:\\startup.bat\"",
                            "ProcessId": "5700",
                            "FileVersion": "10.0.17134.81 (WinBuild.160101.0800)",
                            "Company": "Microsoft Corporation"
                        }
                    },
                    {
                        "values": {
                            "RuleName": "-",
                            "CurrentDirectory": "C:\\",
                            "LogonId": "274222",
                            "OriginalFileName": "wevtutil.exe",
                            "UtcTime": "2022-08-18 08:31:50.506",
                            "Description": "Eventing Command Line Utility",
                            "User": "DESKTOP-B0T93D6\\george",
                            "Hashes": "MD5=0269064AA2DD91125F13635FB194F499,SHA256=AB86C6C090FA85C2920A637D2BE274335A86FBC0A7FB706E893493B50840DC0A,IMPHASH=89A3D9DE9FED48F734C9553D16342280",
                            "ParentImage": "C:\\Windows\\System32\\cmd.exe",
                            "IntegrityLevel": "High",
                            "TerminalSessionId": "1",
                            "Image": "C:\\Windows\\System32\\wevtutil.exe",
                            "ParentProcessId": "2880",
                            "ParentProcessGuid": "C784477D-F8E7-62FD-9B00-000000004700",
                            "Product": "Microsoft\u00ae Windows\u00ae Operating System",
                            "LogonGuid": "C784477D-F8DA-62FD-2E2F-040000000000",
                            "EventID": "1",
                            "ProcessGuid": "C784477D-F8F6-62FD-5F07-000000004700",
                            "CommandLine": "wevtutil  cl \"Microsoft-Windows-TaskScheduler/Diagnostic\"",
                            "ParentCommandLine": "\"C:\\Windows\\System32\\cmd.exe\" /C \"C:\\startup.bat\" ",
                            "ProcessId": "3168",
                            "FileVersion": "10.0.17134.81 (WinBuild.160101.0800)",
                            "Company": "Microsoft Corporation"
                        }
                    },
                    {
                        "values": {
                            "RuleName": "-",
                            "CurrentDirectory": "C:\\Windows\\system32\\",
                            "LogonId": "274222",
                            "OriginalFileName": "wevtutil.exe",
                            "UtcTime": "2022-08-18 08:31:50.518",
                            "Description": "Eventing Command Line Utility",
                            "User": "DESKTOP-B0T93D6\\george",
                            "Hashes": "MD5=0269064AA2DD91125F13635FB194F499,SHA256=AB86C6C090FA85C2920A637D2BE274335A86FBC0A7FB706E893493B50840DC0A,IMPHASH=89A3D9DE9FED48F734C9553D16342280",
                            "ParentImage": "C:\\Windows\\System32\\cmd.exe",
                            "IntegrityLevel": "High",
                            "TerminalSessionId": "1",
                            "Image": "C:\\Windows\\System32\\wevtutil.exe",
                            "ParentProcessId": "4212",
                            "ParentProcessGuid": "C784477D-F8DA-62FD-7700-000000004700",
                            "Product": "Microsoft\u00ae Windows\u00ae Operating System",
                            "LogonGuid": "C784477D-F8DA-62FD-2E2F-040000000000",
                            "EventID": "1",
                            "ProcessGuid": "C784477D-F8F6-62FD-6007-000000004700",
                            "CommandLine": "wevtutil  cl \"Microsoft-Windows-Store/Operational\"",
                            "ParentCommandLine": "C:\\Windows\\SYSTEM32\\cmd.exe /c \"C:\\startup.bat\"",
                            "ProcessId": "312",
                            "FileVersion": "10.0.17134.81 (WinBuild.160101.0800)",
                            "Company": "Microsoft Corporation"
                        }
                    },
                    {
                        "values": {
                            "RuleName": "-",
                            "CurrentDirectory": "C:\\",
                            "LogonId": "274222",
                            "OriginalFileName": "wevtutil.exe",
                            "UtcTime": "2022-08-18 08:31:50.520",
                            "Description": "Eventing Command Line Utility",
                            "User": "DESKTOP-B0T93D6\\george",
                            "Hashes": "MD5=0269064AA2DD91125F13635FB194F499,SHA256=AB86C6C090FA85C2920A637D2BE274335A86FBC0A7FB706E893493B50840DC0A,IMPHASH=89A3D9DE9FED48F734C9553D16342280",
                            "ParentImage": "C:\\Windows\\System32\\cmd.exe",
                            "IntegrityLevel": "High",
                            "TerminalSessionId": "1",
                            "Image": "C:\\Windows\\System32\\wevtutil.exe",
                            "ParentProcessId": "2880",
                            "ParentProcessGuid": "C784477D-F8E7-62FD-9B00-000000004700",
                            "Product": "Microsoft\u00ae Windows\u00ae Operating System",
                            "LogonGuid": "C784477D-F8DA-62FD-2E2F-040000000000",
                            "EventID": "1",
                            "ProcessGuid": "C784477D-F8F6-62FD-6107-000000004700",
                            "CommandLine": "wevtutil  cl \"Microsoft-Windows-TaskScheduler/Maintenance\"",
                            "ParentCommandLine": "\"C:\\Windows\\System32\\cmd.exe\" /C \"C:\\startup.bat\" ",
                            "ProcessId": "6076",
                            "FileVersion": "10.0.17134.81 (WinBuild.160101.0800)",
                            "Company": "Microsoft Corporation"
                        }
                    },
                    {
                        "values": {
                            "RuleName": "-",
                            "CurrentDirectory": "C:\\Windows\\system32\\",
                            "LogonId": "274222",
                            "OriginalFileName": "wevtutil.exe",
                            "UtcTime": "2022-08-18 08:31:50.541",
                            "Description": "Eventing Command Line Utility",
                            "User": "DESKTOP-B0T93D6\\george",
                            "Hashes": "MD5=0269064AA2DD91125F13635FB194F499,SHA256=AB86C6C090FA85C2920A637D2BE274335A86FBC0A7FB706E893493B50840DC0A,IMPHASH=89A3D9DE9FED48F734C9553D16342280",
                            "ParentImage": "C:\\Windows\\System32\\cmd.exe",
                            "IntegrityLevel": "High",
                            "TerminalSessionId": "1",
                            "Image": "C:\\Windows\\System32\\wevtutil.exe",
                            "ParentProcessId": "4212",
                            "ParentProcessGuid": "C784477D-F8DA-62FD-7700-000000004700",
                            "Product": "Microsoft\u00ae Windows\u00ae Operating System",
                            "LogonGuid": "C784477D-F8DA-62FD-2E2F-040000000000",
                            "EventID": "1",
                            "ProcessGuid": "C784477D-F8F6-62FD-6207-000000004700",
                            "CommandLine": "wevtutil  cl \"Microsoft-Windows-Subsys-Csr/Operational\"",
                            "ParentCommandLine": "C:\\Windows\\SYSTEM32\\cmd.exe /c \"C:\\startup.bat\"",
                            "ProcessId": "2392",
                            "FileVersion": "10.0.17134.81 (WinBuild.160101.0800)",
                            "Company": "Microsoft Corporation"
                        }
                    },
