                    {
                        "values": {
                            "RuleName": "-",
                            "CurrentDirectory": "C:\\Program Files (x86)\\AutoIt3\\",
                            "LogonId": "274222",
                            "OriginalFileName": "net.exe",
                            "UtcTime": "2022-08-18 08:37:00.778",
                            "Description": "Net Command",
                            "User": "DESKTOP-B0T93D6\\george",
                            "Hashes": "MD5=DD0561156F62BC1958CE0E370B23711B,SHA256=FD41D0261C6D22572DA448BCB5CBBB98F78A2922D1F1074D25237CC82C8CE432,IMPHASH=86350518EAE83E4A09BBF6317BA1C570",
                            "ParentImage": "C:\\Windows\\SysWOW64\\cmd.exe",
                            "IntegrityLevel": "High",
                            "TerminalSessionId": "1",
                            "Image": "C:\\Windows\\SysWOW64\\net.exe",
                            "ParentProcessId": "7088",
                            "ParentProcessGuid": "C784477D-FA2C-62FD-570A-000000004700",
                            "Product": "Microsoft\u00ae Windows\u00ae Operating System",
                            "LogonGuid": "C784477D-F8DA-62FD-2E2F-040000000000",
                            "EventID": "1",
                            "ProcessGuid": "C784477D-FA2C-62FD-600A-000000004700",
                            "CommandLine": "net  stop sppsvc",
                            "ParentCommandLine": "C:\\Windows\\system32\\cmd.exe /c net stop sppsvc",
                            "ProcessId": "2364",
                            "FileVersion": "10.0.17134.1 (WinBuild.160101.0800)",
                            "Company": "Microsoft Corporation"
                        }
                    },
                    {
                        "values": {
                            "RuleName": "-",
                            "CurrentDirectory": "C:\\Program Files (x86)\\AutoIt3\\",
                            "LogonId": "274222",
                            "OriginalFileName": "net1.exe",
                            "UtcTime": "2022-08-18 08:37:00.794",
                            "Description": "Net Command",
                            "User": "DESKTOP-B0T93D6\\george",
                            "Hashes": "MD5=B5A26C2BF17222E86B91D26F1247AF3E,SHA256=14CC5BE4C833ACC652195DEAD113E1C3B4AC0B98EA1AEAD11957836F9AE721CF,IMPHASH=3D3E7537BD3BA07738DC5CA8AD01B073",
                            "ParentImage": "C:\\Windows\\SysWOW64\\net.exe",
                            "IntegrityLevel": "High",
                            "TerminalSessionId": "1",
                            "Image": "C:\\Windows\\SysWOW64\\net1.exe",
                            "ParentProcessId": "2364",
                            "ParentProcessGuid": "C784477D-FA2C-62FD-600A-000000004700",
                            "Product": "Microsoft\u00ae Windows\u00ae Operating System",
                            "LogonGuid": "C784477D-F8DA-62FD-2E2F-040000000000",
                            "EventID": "1",
                            "ProcessGuid": "C784477D-FA2C-62FD-630A-000000004700",
                            "CommandLine": "C:\\Windows\\system32\\net1  stop sppsvc",
                            "ParentCommandLine": "net  stop sppsvc",
                            "ProcessId": "6064",
                            "FileVersion": "10.0.17134.1 (WinBuild.160101.0800)",
                            "Company": "Microsoft Corporation"
                        }
                    },
                    {
                        "values": {
                            "RuleName": "-",
                            "CurrentDirectory": "C:\\Program Files (x86)\\AutoIt3\\",
                            "LogonId": "274222",
                            "OriginalFileName": "net.exe",
                            "UtcTime": "2022-08-18 08:37:00.832",
                            "Description": "Net Command",
                            "User": "DESKTOP-B0T93D6\\george",
                            "Hashes": "MD5=DD0561156F62BC1958CE0E370B23711B,SHA256=FD41D0261C6D22572DA448BCB5CBBB98F78A2922D1F1074D25237CC82C8CE432,IMPHASH=86350518EAE83E4A09BBF6317BA1C570",
                            "ParentImage": "C:\\Windows\\SysWOW64\\cmd.exe",
                            "IntegrityLevel": "High",
                            "TerminalSessionId": "1",
                            "Image": "C:\\Windows\\SysWOW64\\net.exe",
                            "ParentProcessId": "4748",
                            "ParentProcessGuid": "C784477D-FA2C-62FD-5D0A-000000004700",
                            "Product": "Microsoft\u00ae Windows\u00ae Operating System",
                            "LogonGuid": "C784477D-F8DA-62FD-2E2F-040000000000",
                            "EventID": "1",
                            "ProcessGuid": "C784477D-FA2C-62FD-650A-000000004700",
                            "CommandLine": "net  stop DPS",
                            "ParentCommandLine": "C:\\Windows\\system32\\cmd.exe /c net stop DPS",
                            "ProcessId": "6192",
                            "FileVersion": "10.0.17134.1 (WinBuild.160101.0800)",
                            "Company": "Microsoft Corporation"
                        }
                    },
                    {
                        "values": {
                            "RuleName": "-",
                            "CurrentDirectory": "C:\\Program Files (x86)\\AutoIt3\\",
                            "LogonId": "274222",
                            "OriginalFileName": "net1.exe",
                            "UtcTime": "2022-08-18 08:37:00.845",
                            "Description": "Net Command",
                            "User": "DESKTOP-B0T93D6\\george",
                            "Hashes": "MD5=B5A26C2BF17222E86B91D26F1247AF3E,SHA256=14CC5BE4C833ACC652195DEAD113E1C3B4AC0B98EA1AEAD11957836F9AE721CF,IMPHASH=3D3E7537BD3BA07738DC5CA8AD01B073",
                            "ParentImage": "C:\\Windows\\SysWOW64\\net.exe",
                            "IntegrityLevel": "High",
                            "TerminalSessionId": "1",
                            "Image": "C:\\Windows\\SysWOW64\\net1.exe",
                            "ParentProcessId": "6192",
                            "ParentProcessGuid": "C784477D-FA2C-62FD-650A-000000004700",
                            "Product": "Microsoft\u00ae Windows\u00ae Operating System",
                            "LogonGuid": "C784477D-F8DA-62FD-2E2F-040000000000",
                            "EventID": "1",
                            "ProcessGuid": "C784477D-FA2C-62FD-660A-000000004700",
                            "CommandLine": "C:\\Windows\\system32\\net1  stop DPS",
                            "ParentCommandLine": "net  stop DPS",
                            "ProcessId": "5644",
                            "FileVersion": "10.0.17134.1 (WinBuild.160101.0800)",
                            "Company": "Microsoft Corporation"
                        }
                    },
                    {
                        "values": {
                            "RuleName": "-",
                            "CurrentDirectory": "C:\\Program Files (x86)\\AutoIt3\\",
                            "LogonId": "274222",
                            "OriginalFileName": "net.exe",
                            "UtcTime": "2022-08-18 08:37:00.898",
                            "Description": "Net Command",
                            "User": "DESKTOP-B0T93D6\\george",
                            "Hashes": "MD5=DD0561156F62BC1958CE0E370B23711B,SHA256=FD41D0261C6D22572DA448BCB5CBBB98F78A2922D1F1074D25237CC82C8CE432,IMPHASH=86350518EAE83E4A09BBF6317BA1C570",
                            "ParentImage": "C:\\Windows\\SysWOW64\\cmd.exe",
                            "IntegrityLevel": "High",
                            "TerminalSessionId": "1",
                            "Image": "C:\\Windows\\SysWOW64\\net.exe",
                            "ParentProcessId": "5340",
                            "ParentProcessGuid": "C784477D-FA2C-62FD-670A-000000004700",
                            "Product": "Microsoft\u00ae Windows\u00ae Operating System",
                            "LogonGuid": "C784477D-F8DA-62FD-2E2F-040000000000",
                            "EventID": "1",
                            "ProcessGuid": "C784477D-FA2C-62FD-6C0A-000000004700",
                            "CommandLine": "net  stop TrustedInstaller",
                            "ParentCommandLine": "C:\\Windows\\system32\\cmd.exe /c net stop TrustedInstaller",
                            "ProcessId": "6480",
                            "FileVersion": "10.0.17134.1 (WinBuild.160101.0800)",
                            "Company": "Microsoft Corporation"
                        }
                    },
                    {
                        "values": {
                            "RuleName": "-",
                            "CurrentDirectory": "C:\\Program Files (x86)\\AutoIt3\\",
                            "LogonId": "274222",
                            "OriginalFileName": "net1.exe",
                            "UtcTime": "2022-08-18 08:37:00.919",
                            "Description": "Net Command",
                            "User": "DESKTOP-B0T93D6\\george",
                            "Hashes": "MD5=B5A26C2BF17222E86B91D26F1247AF3E,SHA256=14CC5BE4C833ACC652195DEAD113E1C3B4AC0B98EA1AEAD11957836F9AE721CF,IMPHASH=3D3E7537BD3BA07738DC5CA8AD01B073",
                            "ParentImage": "C:\\Windows\\SysWOW64\\net.exe",
                            "IntegrityLevel": "High",
                            "TerminalSessionId": "1",
                            "Image": "C:\\Windows\\SysWOW64\\net1.exe",
                            "ParentProcessId": "6480",
                            "ParentProcessGuid": "C784477D-FA2C-62FD-6C0A-000000004700",
                            "Product": "Microsoft\u00ae Windows\u00ae Operating System",
                            "LogonGuid": "C784477D-F8DA-62FD-2E2F-040000000000",
                            "EventID": "1",
                            "ProcessGuid": "C784477D-FA2C-62FD-6F0A-000000004700",
                            "CommandLine": "C:\\Windows\\system32\\net1  stop TrustedInstaller",
                            "ParentCommandLine": "net  stop TrustedInstaller",
                            "ProcessId": "4612",
                            "FileVersion": "10.0.17134.1 (WinBuild.160101.0800)",
                            "Company": "Microsoft Corporation"
                        }
                    },
                    {
                        "values": {
                            "RuleName": "-",
                            "CurrentDirectory": "C:\\Program Files (x86)\\AutoIt3\\",
                            "LogonId": "274222",
                            "OriginalFileName": "net.exe",
                            "UtcTime": "2022-08-18 08:37:00.975",
                            "Description": "Net Command",
                            "User": "DESKTOP-B0T93D6\\george",
                            "Hashes": "MD5=DD0561156F62BC1958CE0E370B23711B,SHA256=FD41D0261C6D22572DA448BCB5CBBB98F78A2922D1F1074D25237CC82C8CE432,IMPHASH=86350518EAE83E4A09BBF6317BA1C570",
                            "ParentImage": "C:\\Windows\\SysWOW64\\cmd.exe",
                            "IntegrityLevel": "High",
                            "TerminalSessionId": "1",
                            "Image": "C:\\Windows\\SysWOW64\\net.exe",
                            "ParentProcessId": "2416",
                            "ParentProcessGuid": "C784477D-FA2C-62FD-6D0A-000000004700",
                            "Product": "Microsoft\u00ae Windows\u00ae Operating System",
                            "LogonGuid": "C784477D-F8DA-62FD-2E2F-040000000000",
                            "EventID": "1",
                            "ProcessGuid": "C784477D-FA2C-62FD-730A-000000004700",
                            "CommandLine": "net  stop \".NET Runtime Optimization Service\"",
                            "ParentCommandLine": "C:\\Windows\\system32\\cmd.exe /c net stop \".NET Runtime Optimization Service\"",
                            "ProcessId": "1348",
                            "FileVersion": "10.0.17134.1 (WinBuild.160101.0800)",
                            "Company": "Microsoft Corporation"
                        }
                    },
                    {
                        "values": {
                            "RuleName": "-",
                            "CurrentDirectory": "C:\\Program Files (x86)\\AutoIt3\\",
                            "LogonId": "274222",
                            "OriginalFileName": "net1.exe",
                            "UtcTime": "2022-08-18 08:37:00.986",
                            "Description": "Net Command",
                            "User": "DESKTOP-B0T93D6\\george",
                            "Hashes": "MD5=B5A26C2BF17222E86B91D26F1247AF3E,SHA256=14CC5BE4C833ACC652195DEAD113E1C3B4AC0B98EA1AEAD11957836F9AE721CF,IMPHASH=3D3E7537BD3BA07738DC5CA8AD01B073",
                            "ParentImage": "C:\\Windows\\SysWOW64\\net.exe",
                            "IntegrityLevel": "High",
                            "TerminalSessionId": "1",
                            "Image": "C:\\Windows\\SysWOW64\\net1.exe",
                            "ParentProcessId": "1348",
                            "ParentProcessGuid": "C784477D-FA2C-62FD-730A-000000004700",
                            "Product": "Microsoft\u00ae Windows\u00ae Operating System",
                            "LogonGuid": "C784477D-F8DA-62FD-2E2F-040000000000",
                            "EventID": "1",
                            "ProcessGuid": "C784477D-FA2C-62FD-740A-000000004700",
                            "CommandLine": "C:\\Windows\\system32\\net1  stop \".NET Runtime Optimization Service\"",
                            "ParentCommandLine": "net  stop \".NET Runtime Optimization Service\"",
                            "ProcessId": "5332",
                            "FileVersion": "10.0.17134.1 (WinBuild.160101.0800)",
                            "Company": "Microsoft Corporation"
                        }
                    },
                    {
                        "values": {
                            "RuleName": "-",
                            "CurrentDirectory": "C:\\Program Files (x86)\\AutoIt3\\",
                            "LogonId": "274222",
                            "OriginalFileName": "net.exe",
                            "UtcTime": "2022-08-18 08:37:01.055",
                            "Description": "Net Command",
                            "User": "DESKTOP-B0T93D6\\george",
                            "Hashes": "MD5=DD0561156F62BC1958CE0E370B23711B,SHA256=FD41D0261C6D22572DA448BCB5CBBB98F78A2922D1F1074D25237CC82C8CE432,IMPHASH=86350518EAE83E4A09BBF6317BA1C570",
                            "ParentImage": "C:\\Windows\\SysWOW64\\cmd.exe",
                            "IntegrityLevel": "High",
                            "TerminalSessionId": "1",
                            "Image": "C:\\Windows\\SysWOW64\\net.exe",
                            "ParentProcessId": "648",
                            "ParentProcessGuid": "C784477D-FA2D-62FD-750A-000000004700",
                            "Product": "Microsoft\u00ae Windows\u00ae Operating System",
                            "LogonGuid": "C784477D-F8DA-62FD-2E2F-040000000000",
                            "EventID": "1",
                            "ProcessGuid": "C784477D-FA2D-62FD-790A-000000004700",
                            "CommandLine": "net  start \"BITS\"",
                            "ParentCommandLine": "C:\\Windows\\system32\\cmd.exe /c net start \"BITS\"",
                            "ProcessId": "3056",
                            "FileVersion": "10.0.17134.1 (WinBuild.160101.0800)",
                            "Company": "Microsoft Corporation"
                        }
                    },
                    {
                        "values": {
                            "RuleName": "-",
                            "CurrentDirectory": "C:\\Program Files (x86)\\AutoIt3\\",
                            "LogonId": "274222",
                            "OriginalFileName": "net1.exe",
                            "UtcTime": "2022-08-18 08:37:01.068",
                            "Description": "Net Command",
                            "User": "DESKTOP-B0T93D6\\george",
                            "Hashes": "MD5=B5A26C2BF17222E86B91D26F1247AF3E,SHA256=14CC5BE4C833ACC652195DEAD113E1C3B4AC0B98EA1AEAD11957836F9AE721CF,IMPHASH=3D3E7537BD3BA07738DC5CA8AD01B073",
                            "ParentImage": "C:\\Windows\\SysWOW64\\net.exe",
                            "IntegrityLevel": "High",
                            "TerminalSessionId": "1",
                            "Image": "C:\\Windows\\SysWOW64\\net1.exe",
                            "ParentProcessId": "3056",
                            "ParentProcessGuid": "C784477D-FA2D-62FD-790A-000000004700",
                            "Product": "Microsoft\u00ae Windows\u00ae Operating System",
                            "LogonGuid": "C784477D-F8DA-62FD-2E2F-040000000000",
                            "EventID": "1",
                            "ProcessGuid": "C784477D-FA2D-62FD-7B0A-000000004700",
                            "CommandLine": "C:\\Windows\\system32\\net1  start \"BITS\"",
                            "ParentCommandLine": "net  start \"BITS\"",
                            "ProcessId": "3384",
                            "FileVersion": "10.0.17134.1 (WinBuild.160101.0800)",
                            "Company": "Microsoft Corporation"
                        }
                    },
                    {
                        "values": {
                            "RuleName": "-",
                            "CurrentDirectory": "C:\\Program Files (x86)\\AutoIt3\\",
                            "LogonId": "274222",
                            "OriginalFileName": "net.exe",
                            "UtcTime": "2022-08-18 08:37:01.139",
                            "Description": "Net Command",
                            "User": "DESKTOP-B0T93D6\\george",
                            "Hashes": "MD5=DD0561156F62BC1958CE0E370B23711B,SHA256=FD41D0261C6D22572DA448BCB5CBBB98F78A2922D1F1074D25237CC82C8CE432,IMPHASH=86350518EAE83E4A09BBF6317BA1C570",
                            "ParentImage": "C:\\Windows\\SysWOW64\\cmd.exe",
                            "IntegrityLevel": "High",
                            "TerminalSessionId": "1",
                            "Image": "C:\\Windows\\SysWOW64\\net.exe",
                            "ParentProcessId": "6444",
                            "ParentProcessGuid": "C784477D-FA2D-62FD-7D0A-000000004700",
                            "Product": "Microsoft\u00ae Windows\u00ae Operating System",
                            "LogonGuid": "C784477D-F8DA-62FD-2E2F-040000000000",
                            "EventID": "1",
                            "ProcessGuid": "C784477D-FA2D-62FD-830A-000000004700",
                            "CommandLine": "net  stop OfficeClickToRun",
                            "ParentCommandLine": "C:\\Windows\\system32\\cmd.exe /c net stop OfficeClickToRun",
                            "ProcessId": "7084",
                            "FileVersion": "10.0.17134.1 (WinBuild.160101.0800)",
                            "Company": "Microsoft Corporation"
                        }
                    },
                    {
                        "values": {
                            "RuleName": "-",
                            "CurrentDirectory": "C:\\Program Files (x86)\\AutoIt3\\",
                            "LogonId": "274222",
                            "OriginalFileName": "net.exe",
                            "UtcTime": "2022-08-18 08:37:01.141",
                            "Description": "Net Command",
                            "User": "DESKTOP-B0T93D6\\george",
                            "Hashes": "MD5=DD0561156F62BC1958CE0E370B23711B,SHA256=FD41D0261C6D22572DA448BCB5CBBB98F78A2922D1F1074D25237CC82C8CE432,IMPHASH=86350518EAE83E4A09BBF6317BA1C570",
                            "ParentImage": "C:\\Windows\\SysWOW64\\cmd.exe",
                            "IntegrityLevel": "High",
                            "TerminalSessionId": "1",
                            "Image": "C:\\Windows\\SysWOW64\\net.exe",
                            "ParentProcessId": "6376",
                            "ParentProcessGuid": "C784477D-FA2D-62FD-7C0A-000000004700",
                            "Product": "Microsoft\u00ae Windows\u00ae Operating System",
                            "LogonGuid": "C784477D-F8DA-62FD-2E2F-040000000000",
                            "EventID": "1",
                            "ProcessGuid": "C784477D-FA2D-62FD-840A-000000004700",
                            "CommandLine": "net  stop msiserver",
                            "ParentCommandLine": "C:\\Windows\\system32\\cmd.exe /c net stop msiserver",
                            "ProcessId": "1988",
                            "FileVersion": "10.0.17134.1 (WinBuild.160101.0800)",
                            "Company": "Microsoft Corporation"
                        }
                    },
                    {
                        "values": {
                            "RuleName": "-",
                            "CurrentDirectory": "C:\\Program Files (x86)\\AutoIt3\\",
                            "LogonId": "274222",
                            "OriginalFileName": "net1.exe",
                            "UtcTime": "2022-08-18 08:37:01.152",
                            "Description": "Net Command",
                            "User": "DESKTOP-B0T93D6\\george",
                            "Hashes": "MD5=B5A26C2BF17222E86B91D26F1247AF3E,SHA256=14CC5BE4C833ACC652195DEAD113E1C3B4AC0B98EA1AEAD11957836F9AE721CF,IMPHASH=3D3E7537BD3BA07738DC5CA8AD01B073",
                            "ParentImage": "C:\\Windows\\SysWOW64\\net.exe",
                            "IntegrityLevel": "High",
                            "TerminalSessionId": "1",
                            "Image": "C:\\Windows\\SysWOW64\\net1.exe",
                            "ParentProcessId": "7084",
                            "ParentProcessGuid": "C784477D-FA2D-62FD-830A-000000004700",
                            "Product": "Microsoft\u00ae Windows\u00ae Operating System",
                            "LogonGuid": "C784477D-F8DA-62FD-2E2F-040000000000",
                            "EventID": "1",
                            "ProcessGuid": "C784477D-FA2D-62FD-860A-000000004700",
                            "CommandLine": "C:\\Windows\\system32\\net1  stop OfficeClickToRun",
                            "ParentCommandLine": "net  stop OfficeClickToRun",
                            "ProcessId": "4552",
                            "FileVersion": "10.0.17134.1 (WinBuild.160101.0800)",
                            "Company": "Microsoft Corporation"
                        }
                    },
                    {
                        "values": {
                            "RuleName": "-",
                            "CurrentDirectory": "C:\\Program Files (x86)\\AutoIt3\\",
                            "LogonId": "274222",
                            "OriginalFileName": "net1.exe",
                            "UtcTime": "2022-08-18 08:37:01.153",
                            "Description": "Net Command",
                            "User": "DESKTOP-B0T93D6\\george",
                            "Hashes": "MD5=B5A26C2BF17222E86B91D26F1247AF3E,SHA256=14CC5BE4C833ACC652195DEAD113E1C3B4AC0B98EA1AEAD11957836F9AE721CF,IMPHASH=3D3E7537BD3BA07738DC5CA8AD01B073",
                            "ParentImage": "C:\\Windows\\SysWOW64\\net.exe",
                            "IntegrityLevel": "High",
                            "TerminalSessionId": "1",
                            "Image": "C:\\Windows\\SysWOW64\\net1.exe",
                            "ParentProcessId": "1988",
                            "ParentProcessGuid": "C784477D-FA2D-62FD-840A-000000004700",
                            "Product": "Microsoft\u00ae Windows\u00ae Operating System",
                            "LogonGuid": "C784477D-F8DA-62FD-2E2F-040000000000",
                            "EventID": "1",
                            "ProcessGuid": "C784477D-FA2D-62FD-870A-000000004700",
                            "CommandLine": "C:\\Windows\\system32\\net1  stop msiserver",
                            "ParentCommandLine": "net  stop msiserver",
                            "ProcessId": "7140",
                            "FileVersion": "10.0.17134.1 (WinBuild.160101.0800)",
                            "Company": "Microsoft Corporation"
                        }
                    },
                    {
                        "values": {
                            "RuleName": "-",
                            "CurrentDirectory": "C:\\Program Files (x86)\\AutoIt3\\",
                            "LogonId": "274222",
                            "OriginalFileName": "net.exe",
                            "UtcTime": "2022-08-18 08:37:01.518",
                            "Description": "Net Command",
                            "User": "DESKTOP-B0T93D6\\george",
                            "Hashes": "MD5=DD0561156F62BC1958CE0E370B23711B,SHA256=FD41D0261C6D22572DA448BCB5CBBB98F78A2922D1F1074D25237CC82C8CE432,IMPHASH=86350518EAE83E4A09BBF6317BA1C570",
                            "ParentImage": "C:\\Windows\\SysWOW64\\cmd.exe",
                            "IntegrityLevel": "High",
                            "TerminalSessionId": "1",
                            "Image": "C:\\Windows\\SysWOW64\\net.exe",
                            "ParentProcessId": "6596",
                            "ParentProcessGuid": "C784477D-FA2D-62FD-910A-000000004700",
                            "Product": "Microsoft\u00ae Windows\u00ae Operating System",
                            "LogonGuid": "C784477D-F8DA-62FD-2E2F-040000000000",
                            "EventID": "1",
                            "ProcessGuid": "C784477D-FA2D-62FD-960A-000000004700",
                            "CommandLine": "net  start NlaSvc",
                            "ParentCommandLine": "C:\\Windows\\system32\\cmd.exe /c net start NlaSvc",
                            "ProcessId": "6476",
                            "FileVersion": "10.0.17134.1 (WinBuild.160101.0800)",
                            "Company": "Microsoft Corporation"
                        }
                    },
                    {
                        "values": {
                            "RuleName": "-",
                            "CurrentDirectory": "C:\\Program Files (x86)\\AutoIt3\\",
                            "LogonId": "274222",
                            "OriginalFileName": "net1.exe",
                            "UtcTime": "2022-08-18 08:37:01.534",
                            "Description": "Net Command",
                            "User": "DESKTOP-B0T93D6\\george",
                            "Hashes": "MD5=B5A26C2BF17222E86B91D26F1247AF3E,SHA256=14CC5BE4C833ACC652195DEAD113E1C3B4AC0B98EA1AEAD11957836F9AE721CF,IMPHASH=3D3E7537BD3BA07738DC5CA8AD01B073",
                            "ParentImage": "C:\\Windows\\SysWOW64\\net.exe",
                            "IntegrityLevel": "High",
                            "TerminalSessionId": "1",
                            "Image": "C:\\Windows\\SysWOW64\\net1.exe",
                            "ParentProcessId": "6476",
                            "ParentProcessGuid": "C784477D-FA2D-62FD-960A-000000004700",
                            "Product": "Microsoft\u00ae Windows\u00ae Operating System",
                            "LogonGuid": "C784477D-F8DA-62FD-2E2F-040000000000",
                            "EventID": "1",
                            "ProcessGuid": "C784477D-FA2D-62FD-970A-000000004700",
                            "CommandLine": "C:\\Windows\\system32\\net1  start NlaSvc",
                            "ParentCommandLine": "net  start NlaSvc",
                            "ProcessId": "3704",
                            "FileVersion": "10.0.17134.1 (WinBuild.160101.0800)",
                            "Company": "Microsoft Corporation"
                        }
                    },
                    {
                        "values": {
                            "RuleName": "-",
                            "CurrentDirectory": "C:\\Program Files (x86)\\AutoIt3\\",
                            "LogonId": "274222",
                            "OriginalFileName": "net.exe",
                            "UtcTime": "2022-08-18 08:37:01.631",
                            "Description": "Net Command",
                            "User": "DESKTOP-B0T93D6\\george",
                            "Hashes": "MD5=DD0561156F62BC1958CE0E370B23711B,SHA256=FD41D0261C6D22572DA448BCB5CBBB98F78A2922D1F1074D25237CC82C8CE432,IMPHASH=86350518EAE83E4A09BBF6317BA1C570",
                            "ParentImage": "C:\\Windows\\SysWOW64\\cmd.exe",
                            "IntegrityLevel": "High",
                            "TerminalSessionId": "1",
                            "Image": "C:\\Windows\\SysWOW64\\net.exe",
                            "ParentProcessId": "2472",
                            "ParentProcessGuid": "C784477D-FA2D-62FD-980A-000000004700",
                            "Product": "Microsoft\u00ae Windows\u00ae Operating System",
                            "LogonGuid": "C784477D-F8DA-62FD-2E2F-040000000000",
                            "EventID": "1",
                            "ProcessGuid": "C784477D-FA2D-62FD-9E0A-000000004700",
                            "CommandLine": "net  start netprofm",
                            "ParentCommandLine": "C:\\Windows\\system32\\cmd.exe /c net start netprofm",
                            "ProcessId": "2368",
                            "FileVersion": "10.0.17134.1 (WinBuild.160101.0800)",
                            "Company": "Microsoft Corporation"
                        }
                    },
