                    {
                        "values": {
                            "RuleName": "-",
                            "CurrentDirectory": "C:\\Users\\george\\Desktop\\",
                            "LogonId": "271153",
                            "OriginalFileName": "wmic.exe",
                            "UtcTime": "1662576200",
                            "Description": "WMI Commandline Utility",
                            "User": "DESKTOP-B0T93D6\\george",
                            "Hashes": "MD5=EC80E603E0090B3AC3C1234C2BA43A0F,SHA256=D368BCB7934DB0C53D1E7277DCB47AF2B709253CBF0EEE9869EE7E17ED226EA3,IMPHASH=59A9108CA1CECC9147C5FBAB104EBF33",
                            "ParentImage": "C:\\Windows\\System32\\mspaint.exe",
                            "IntegrityLevel": "High",
                            "TerminalSessionId": "1",
                            "Image": "C:\\Windows\\System32\\wbem\\WMIC.exe",
                            "ParentProcessId": "7648",
                            "ParentProcessGuid": "{C784477D-E554-6318-D60A-000000004700}",
                            "Product": "Microsoft\\xae Windows\\xae Operating System",
                            "LogonGuid": "C784477D-CAF0-62FD-3123-040000000000",
                            "EventID": "1",
                            "ProcessGuid": "{C784477D-E648-6318-BA0B-000000004700}",
                            "CommandLine": "wmic PATH Win32_Process GET Caption,ProcessID,ParentProcessID,ExecutablePath,CommandLine",
                            "ParentCommandLine": "mspaint.exe",
                            "ProcessId": "6996",
                            "FileVersion": "10.0.17134.1 (WinBuild.160101.0800)",
                            "Company": "Microsoft Corporation"
                        }
                    },
                    {
                        "values": {
                            "RuleName": "-",
                            "CurrentDirectory": "C:\\Users\\george\\Desktop\\",
                            "LogonId": "271153",
                            "OriginalFileName": "wmic.exe",
                            "UtcTime": "1662576200",
                            "Description": "WMI Commandline Utility",
                            "User": "DESKTOP-B0T93D6\\george",
                            "Hashes": "MD5=EC80E603E0090B3AC3C1234C2BA43A0F,SHA256=D368BCB7934DB0C53D1E7277DCB47AF2B709253CBF0EEE9869EE7E17ED226EA3,IMPHASH=59A9108CA1CECC9147C5FBAB104EBF33",
                            "ParentImage": "C:\\Windows\\System32\\mspaint.exe",
                            "IntegrityLevel": "High",
                            "TerminalSessionId": "1",
                            "Image": "C:\\Windows\\System32\\wbem\\WMIC.exe",
                            "ParentProcessId": "7648",
                            "ParentProcessGuid": "{C784477D-E554-6318-D60A-000000004700}",
                            "Product": "Microsoft\\xae Windows\\xae Operating System",
                            "LogonGuid": "C784477D-CAF0-62FD-3123-040000000000",
                            "EventID": "1",
                            "ProcessGuid": "{C784477D-E648-6318-BC0B-000000004700}",
                            "CommandLine": "wmic PATH Win32_Processor GET Name",
                            "ParentCommandLine": "mspaint.exe",
                            "ProcessId": "6072",
                            "FileVersion": "10.0.17134.1 (WinBuild.160101.0800)",
                            "Company": "Microsoft Corporation"
                        }
                    }
                ],
                "rule_level": "medium",
                "rule_id": "c64577166c54aa12e6fafe9322a15fd35e2e359c52a4b545c470853d848557ec",
                "rule_source": "Sigma Integrated Rule Set (GitHub)",
                "rule_title": "Suspicious WMI Reconnaissance",
                "rule_description": "An adversary might use WMI to list Processes running on the compromised host or list installed Software hotfix and patches.",
                "rule_author": "frack113"
            },
            {
                "match_context": [
                    {
                        "values": {
                            "param1": "\\Device\\HarddiskVolume4\\Windows\\System32\\drivers\\filetrace.sys",
                            "EventID": "5038"
                        }
                    },
                    {
                        "values": {
                            "param1": "\\Device\\HarddiskVolume4\\Program Files (x86)\\sandbox\\driver\\sandbox-driver.sys",
                            "EventID": "5038"
                        }
                    }
                ],
                "rule_level": "low",
                "rule_id": "134564d292d785dff102940b8a1ee06dba2d462c5fb852124b3771a49d7885f1",
                "rule_source": "Sigma Integrated Rule Set (GitHub)",
                "rule_title": "Failed Code Integrity Checks",
                "rule_description": "Code integrity failures may indicate tampered executables.",
                "rule_author": "Thomas Patzke"
            },
            {
                "match_context": [
                    {
                        "values": {
                            "RuleName": "-",
                            "CurrentDirectory": "C:\\Users\\george\\Desktop\\",
                            "LogonId": "271153",
                            "OriginalFileName": "sysinfo.exe",
                            "UtcTime": "2022-09-07 18:40:45.120",
                            "Description": "Displays system information",
                            "User": "DESKTOP-B0T93D6\\george",
                            "Hashes": "MD5=57D183270FD28D0EBF6C2966FE450739,SHA256=2981C4A98CA99D3C4F297678A24C31372B5847E1ECE0802E28B8FCEF0797F19F,IMPHASH=73B41F24FD0CAD2900DD9F1CFEDF5991",
                            "ParentImage": "C:\\Windows\\System32\\mspaint.exe",
                            "IntegrityLevel": "High",
                            "TerminalSessionId": "1",
                            "Image": "C:\\Windows\\System32\\systeminfo.exe",
                            "ParentProcessId": "7648",
                            "ParentProcessGuid": "C784477D-E554-6318-D60A-000000004700",
                            "Product": "Microsoft\u00ae Windows\u00ae Operating System",
                            "LogonGuid": "C784477D-CAF0-62FD-3123-040000000000",
                            "EventID": "1",
                            "ProcessGuid": "C784477D-E5AD-6318-F20A-000000004700",
                            "CommandLine": "systeminfo",
                            "ParentCommandLine": "mspaint.exe",
                            "ProcessId": "7460",
                            "FileVersion": "10.0.17134.1 (WinBuild.160101.0800)",
                            "Company": "Microsoft Corporation"
                        }
                    },
                    {
                        "values": {
                            "RuleName": "-",
                            "CurrentDirectory": "C:\\Users\\george\\Desktop\\",
                            "LogonId": "271153",
                            "OriginalFileName": "sysinfo.exe",
                            "UtcTime": "2022-09-07 18:41:12.137",
                            "Description": "Displays system information",
                            "User": "DESKTOP-B0T93D6\\george",
                            "Hashes": "MD5=57D183270FD28D0EBF6C2966FE450739,SHA256=2981C4A98CA99D3C4F297678A24C31372B5847E1ECE0802E28B8FCEF0797F19F,IMPHASH=73B41F24FD0CAD2900DD9F1CFEDF5991",
                            "ParentImage": "C:\\Windows\\System32\\mspaint.exe",
                            "IntegrityLevel": "High",
                            "TerminalSessionId": "1",
                            "Image": "C:\\Windows\\System32\\systeminfo.exe",
                            "ParentProcessId": "7648",
                            "ParentProcessGuid": "C784477D-E554-6318-D60A-000000004700",
                            "Product": "Microsoft\u00ae Windows\u00ae Operating System",
                            "LogonGuid": "C784477D-CAF0-62FD-3123-040000000000",
                            "EventID": "1",
                            "ProcessGuid": "C784477D-E5C8-6318-030B-000000004700",
                            "CommandLine": "systeminfo",
                            "ParentCommandLine": "mspaint.exe",
                            "ProcessId": "7512",
                            "FileVersion": "10.0.17134.1 (WinBuild.160101.0800)",
                            "Company": "Microsoft Corporation"
                        }
                    },
                    {
                        "values": {
                            "RuleName": "-",
                            "CurrentDirectory": "C:\\Users\\george\\Desktop\\",
                            "LogonId": "271153",
                            "OriginalFileName": "sysinfo.exe",
                            "UtcTime": "2022-09-07 18:41:33.476",
                            "Description": "Displays system information",
                            "User": "DESKTOP-B0T93D6\\george",
                            "Hashes": "MD5=57D183270FD28D0EBF6C2966FE450739,SHA256=2981C4A98CA99D3C4F297678A24C31372B5847E1ECE0802E28B8FCEF0797F19F,IMPHASH=73B41F24FD0CAD2900DD9F1CFEDF5991",
                            "ParentImage": "C:\\Windows\\System32\\mspaint.exe",
                            "IntegrityLevel": "High",
                            "TerminalSessionId": "1",
                            "Image": "C:\\Windows\\System32\\systeminfo.exe",
                            "ParentProcessId": "7648",
                            "ParentProcessGuid": "C784477D-E554-6318-D60A-000000004700",
                            "Product": "Microsoft\u00ae Windows\u00ae Operating System",
                            "LogonGuid": "C784477D-CAF0-62FD-3123-040000000000",
                            "EventID": "1",
                            "ProcessGuid": "C784477D-E5DD-6318-130B-000000004700",
                            "CommandLine": "systeminfo",
                            "ParentCommandLine": "mspaint.exe",
                            "ProcessId": "8",
                            "FileVersion": "10.0.17134.1 (WinBuild.160101.0800)",
                            "Company": "Microsoft Corporation"
                        }
                    },
                    {
                        "values": {
                            "RuleName": "-",
                            "CurrentDirectory": "C:\\Users\\george\\Desktop\\",
                            "LogonId": "271153",
                            "OriginalFileName": "sysinfo.exe",
                            "UtcTime": "2022-09-07 18:41:44.463",
                            "Description": "Displays system information",
                            "User": "DESKTOP-B0T93D6\\george",
                            "Hashes": "MD5=57D183270FD28D0EBF6C2966FE450739,SHA256=2981C4A98CA99D3C4F297678A24C31372B5847E1ECE0802E28B8FCEF0797F19F,IMPHASH=73B41F24FD0CAD2900DD9F1CFEDF5991",
                            "ParentImage": "C:\\Windows\\System32\\mspaint.exe",
                            "IntegrityLevel": "High",
                            "TerminalSessionId": "1",
                            "Image": "C:\\Windows\\System32\\systeminfo.exe",
                            "ParentProcessId": "7648",
                            "ParentProcessGuid": "C784477D-E554-6318-D60A-000000004700",
                            "Product": "Microsoft\u00ae Windows\u00ae Operating System",
                            "LogonGuid": "C784477D-CAF0-62FD-3123-040000000000",
                            "EventID": "1",
                            "ProcessGuid": "C784477D-E5E8-6318-230B-000000004700",
                            "CommandLine": "systeminfo",
                            "ParentCommandLine": "mspaint.exe",
                            "ProcessId": "640",
                            "FileVersion": "10.0.17134.1 (WinBuild.160101.0800)",
                            "Company": "Microsoft Corporation"
                        }
                    },
                    {
                        "values": {
                            "RuleName": "-",
                            "CurrentDirectory": "C:\\Users\\george\\Desktop\\",
                            "LogonId": "271153",
                            "OriginalFileName": "sysinfo.exe",
                            "UtcTime": "2022-09-07 18:41:55.564",
                            "Description": "Displays system information",
                            "User": "DESKTOP-B0T93D6\\george",
                            "Hashes": "MD5=57D183270FD28D0EBF6C2966FE450739,SHA256=2981C4A98CA99D3C4F297678A24C31372B5847E1ECE0802E28B8FCEF0797F19F,IMPHASH=73B41F24FD0CAD2900DD9F1CFEDF5991",
                            "ParentImage": "C:\\Windows\\System32\\mspaint.exe",
                            "IntegrityLevel": "High",
                            "TerminalSessionId": "1",
                            "Image": "C:\\Windows\\System32\\systeminfo.exe",
                            "ParentProcessId": "7648",
                            "ParentProcessGuid": "C784477D-E554-6318-D60A-000000004700",
                            "Product": "Microsoft\u00ae Windows\u00ae Operating System",
                            "LogonGuid": "C784477D-CAF0-62FD-3123-040000000000",
                            "EventID": "1",
                            "ProcessGuid": "C784477D-E5F3-6318-330B-000000004700",
                            "CommandLine": "systeminfo",
                            "ParentCommandLine": "mspaint.exe",
                            "ProcessId": "7908",
                            "FileVersion": "10.0.17134.1 (WinBuild.160101.0800)",
                            "Company": "Microsoft Corporation"
                        }
                    },
                    {
                        "values": {
                            "RuleName": "-",
                            "CurrentDirectory": "C:\\Users\\george\\Desktop\\",
                            "LogonId": "271153",
                            "OriginalFileName": "sysinfo.exe",
                            "UtcTime": "2022-09-07 18:42:07.600",
                            "Description": "Displays system information",
                            "User": "DESKTOP-B0T93D6\\george",
                            "Hashes": "MD5=57D183270FD28D0EBF6C2966FE450739,SHA256=2981C4A98CA99D3C4F297678A24C31372B5847E1ECE0802E28B8FCEF0797F19F,IMPHASH=73B41F24FD0CAD2900DD9F1CFEDF5991",
                            "ParentImage": "C:\\Windows\\System32\\mspaint.exe",
                            "IntegrityLevel": "High",
                            "TerminalSessionId": "1",
                            "Image": "C:\\Windows\\System32\\systeminfo.exe",
                            "ParentProcessId": "7648",
                            "ParentProcessGuid": "C784477D-E554-6318-D60A-000000004700",
                            "Product": "Microsoft\u00ae Windows\u00ae Operating System",
                            "LogonGuid": "C784477D-CAF0-62FD-3123-040000000000",
                            "EventID": "1",
                            "ProcessGuid": "C784477D-E5FF-6318-430B-000000004700",
                            "CommandLine": "systeminfo",
                            "ParentCommandLine": "mspaint.exe",
                            "ProcessId": "7020",
                            "FileVersion": "10.0.17134.1 (WinBuild.160101.0800)",
                            "Company": "Microsoft Corporation"
                        }
                    },
                    {
                        "values": {
                            "RuleName": "-",
                            "CurrentDirectory": "C:\\Users\\george\\Desktop\\",
                            "LogonId": "271153",
                            "OriginalFileName": "sysinfo.exe",
                            "UtcTime": "2022-09-07 18:42:19.649",
                            "Description": "Displays system information",
                            "User": "DESKTOP-B0T93D6\\george",
                            "Hashes": "MD5=57D183270FD28D0EBF6C2966FE450739,SHA256=2981C4A98CA99D3C4F297678A24C31372B5847E1ECE0802E28B8FCEF0797F19F,IMPHASH=73B41F24FD0CAD2900DD9F1CFEDF5991",
                            "ParentImage": "C:\\Windows\\System32\\mspaint.exe",
                            "IntegrityLevel": "High",
                            "TerminalSessionId": "1",
                            "Image": "C:\\Windows\\System32\\systeminfo.exe",
                            "ParentProcessId": "7648",
                            "ParentProcessGuid": "C784477D-E554-6318-D60A-000000004700",
                            "Product": "Microsoft\u00ae Windows\u00ae Operating System",
                            "LogonGuid": "C784477D-CAF0-62FD-3123-040000000000",
                            "EventID": "1",
                            "ProcessGuid": "C784477D-E60B-6318-530B-000000004700",
                            "CommandLine": "systeminfo",
                            "ParentCommandLine": "mspaint.exe",
                            "ProcessId": "6160",
                            "FileVersion": "10.0.17134.1 (WinBuild.160101.0800)",
                            "Company": "Microsoft Corporation"
                        }
                    },
                    {
                        "values": {
                            "RuleName": "-",
                            "CurrentDirectory": "C:\\Users\\george\\Desktop\\",
                            "LogonId": "271153",
                            "OriginalFileName": "sysinfo.exe",
                            "UtcTime": "2022-09-07 18:42:31.513",
                            "Description": "Displays system information",
                            "User": "DESKTOP-B0T93D6\\george",
                            "Hashes": "MD5=57D183270FD28D0EBF6C2966FE450739,SHA256=2981C4A98CA99D3C4F297678A24C31372B5847E1ECE0802E28B8FCEF0797F19F,IMPHASH=73B41F24FD0CAD2900DD9F1CFEDF5991",
                            "ParentImage": "C:\\Windows\\System32\\mspaint.exe",
                            "IntegrityLevel": "High",
                            "TerminalSessionId": "1",
                            "Image": "C:\\Windows\\System32\\systeminfo.exe",
                            "ParentProcessId": "7648",
                            "ParentProcessGuid": "C784477D-E554-6318-D60A-000000004700",
                            "Product": "Microsoft\u00ae Windows\u00ae Operating System",
                            "LogonGuid": "C784477D-CAF0-62FD-3123-040000000000",
                            "EventID": "1",
                            "ProcessGuid": "C784477D-E617-6318-630B-000000004700",
                            "CommandLine": "systeminfo",
                            "ParentCommandLine": "mspaint.exe",
                            "ProcessId": "3816",
                            "FileVersion": "10.0.17134.1 (WinBuild.160101.0800)",
                            "Company": "Microsoft Corporation"
                        }
                    },
                    {
                        "values": {
                            "RuleName": "-",
                            "CurrentDirectory": "C:\\Users\\george\\Desktop\\",
                            "LogonId": "271153",
                            "OriginalFileName": "sysinfo.exe",
                            "UtcTime": "2022-09-07 18:42:42.326",
                            "Description": "Displays system information",
                            "User": "DESKTOP-B0T93D6\\george",
                            "Hashes": "MD5=57D183270FD28D0EBF6C2966FE450739,SHA256=2981C4A98CA99D3C4F297678A24C31372B5847E1ECE0802E28B8FCEF0797F19F,IMPHASH=73B41F24FD0CAD2900DD9F1CFEDF5991",
                            "ParentImage": "C:\\Windows\\System32\\mspaint.exe",
                            "IntegrityLevel": "High",
                            "TerminalSessionId": "1",
                            "Image": "C:\\Windows\\System32\\systeminfo.exe",
                            "ParentProcessId": "7648",
                            "ParentProcessGuid": "C784477D-E554-6318-D60A-000000004700",
                            "Product": "Microsoft\u00ae Windows\u00ae Operating System",
                            "LogonGuid": "C784477D-CAF0-62FD-3123-040000000000",
                            "EventID": "1",
                            "ProcessGuid": "C784477D-E622-6318-730B-000000004700",
                            "CommandLine": "systeminfo",
                            "ParentCommandLine": "mspaint.exe",
                            "ProcessId": "1144",
                            "FileVersion": "10.0.17134.1 (WinBuild.160101.0800)",
                            "Company": "Microsoft Corporation"
                        }
                    },
                    {
                        "values": {
                            "RuleName": "-",
                            "CurrentDirectory": "C:\\Users\\george\\Desktop\\",
                            "LogonId": "271153",
                            "OriginalFileName": "sysinfo.exe",
                            "UtcTime": "2022-09-07 18:42:51.669",
                            "Description": "Displays system information",
                            "User": "DESKTOP-B0T93D6\\george",
                            "Hashes": "MD5=57D183270FD28D0EBF6C2966FE450739,SHA256=2981C4A98CA99D3C4F297678A24C31372B5847E1ECE0802E28B8FCEF0797F19F,IMPHASH=73B41F24FD0CAD2900DD9F1CFEDF5991",
                            "ParentImage": "C:\\Windows\\System32\\mspaint.exe",
                            "IntegrityLevel": "High",
                            "TerminalSessionId": "1",
                            "Image": "C:\\Windows\\System32\\systeminfo.exe",
                            "ParentProcessId": "7648",
                            "ParentProcessGuid": "C784477D-E554-6318-D60A-000000004700",
                            "Product": "Microsoft\u00ae Windows\u00ae Operating System",
                            "LogonGuid": "C784477D-CAF0-62FD-3123-040000000000",
                            "EventID": "1",
                            "ProcessGuid": "C784477D-E62B-6318-840B-000000004700",
                            "CommandLine": "systeminfo",
                            "ParentCommandLine": "mspaint.exe",
                            "ProcessId": "3220",
                            "FileVersion": "10.0.17134.1 (WinBuild.160101.0800)",
                            "Company": "Microsoft Corporation"
                        }
                    },
                    {
                        "values": {
                            "RuleName": "-",
                            "CurrentDirectory": "C:\\Users\\george\\Desktop\\",
                            "LogonId": "271153",
                            "OriginalFileName": "sysinfo.exe",
                            "UtcTime": "2022-09-07 18:43:01.581",
                            "Description": "Displays system information",
                            "User": "DESKTOP-B0T93D6\\george",
                            "Hashes": "MD5=57D183270FD28D0EBF6C2966FE450739,SHA256=2981C4A98CA99D3C4F297678A24C31372B5847E1ECE0802E28B8FCEF0797F19F,IMPHASH=73B41F24FD0CAD2900DD9F1CFEDF5991",
                            "ParentImage": "C:\\Windows\\System32\\mspaint.exe",
                            "IntegrityLevel": "High",
                            "TerminalSessionId": "1",
                            "Image": "C:\\Windows\\System32\\systeminfo.exe",
                            "ParentProcessId": "7648",
                            "ParentProcessGuid": "C784477D-E554-6318-D60A-000000004700",
                            "Product": "Microsoft\u00ae Windows\u00ae Operating System",
                            "LogonGuid": "C784477D-CAF0-62FD-3123-040000000000",
                            "EventID": "1",
                            "ProcessGuid": "C784477D-E635-6318-940B-000000004700",
                            "CommandLine": "systeminfo",
                            "ParentCommandLine": "mspaint.exe",
                            "ProcessId": "7996",
                            "FileVersion": "10.0.17134.1 (WinBuild.160101.0800)",
                            "Company": "Microsoft Corporation"
                        }
                    },
                    {
                        "values": {
                            "RuleName": "-",
                            "CurrentDirectory": "C:\\Users\\george\\Desktop\\",
                            "LogonId": "271153",
                            "OriginalFileName": "sysinfo.exe",
                            "UtcTime": "2022-09-07 18:43:11.236",
                            "Description": "Displays system information",
                            "User": "DESKTOP-B0T93D6\\george",
                            "Hashes": "MD5=57D183270FD28D0EBF6C2966FE450739,SHA256=2981C4A98CA99D3C4F297678A24C31372B5847E1ECE0802E28B8FCEF0797F19F,IMPHASH=73B41F24FD0CAD2900DD9F1CFEDF5991",
                            "ParentImage": "C:\\Windows\\System32\\mspaint.exe",
                            "IntegrityLevel": "High",
                            "TerminalSessionId": "1",
                            "Image": "C:\\Windows\\System32\\systeminfo.exe",
                            "ParentProcessId": "7648",
                            "ParentProcessGuid": "C784477D-E554-6318-D60A-000000004700",
                            "Product": "Microsoft\u00ae Windows\u00ae Operating System",
                            "LogonGuid": "C784477D-CAF0-62FD-3123-040000000000",
                            "EventID": "1",
                            "ProcessGuid": "C784477D-E63F-6318-A40B-000000004700",
                            "CommandLine": "systeminfo",
                            "ParentCommandLine": "mspaint.exe",
                            "ProcessId": "1136",
                            "FileVersion": "10.0.17134.1 (WinBuild.160101.0800)",
                            "Company": "Microsoft Corporation"
                        }
                    },
                    {
                        "values": {
                            "RuleName": "-",
                            "CurrentDirectory": "C:\\Users\\george\\Desktop\\",
                            "LogonId": "271153",
                            "OriginalFileName": "sysinfo.exe",
                            "UtcTime": "1662576045",
                            "Description": "Displays system information",
                            "User": "DESKTOP-B0T93D6\\george",
                            "Hashes": "MD5=57D183270FD28D0EBF6C2966FE450739,SHA256=2981C4A98CA99D3C4F297678A24C31372B5847E1ECE0802E28B8FCEF0797F19F,IMPHASH=73B41F24FD0CAD2900DD9F1CFEDF5991",
                            "ParentImage": "C:\\Windows\\System32\\mspaint.exe",
                            "IntegrityLevel": "High",
                            "TerminalSessionId": "1",
                            "Image": "C:\\Windows\\System32\\systeminfo.exe",
                            "ParentProcessId": "7648",
                            "ParentProcessGuid": "{C784477D-E554-6318-D60A-000000004700}",
                            "Product": "Microsoft\\xae Windows\\xae Operating System",
                            "LogonGuid": "C784477D-CAF0-62FD-3123-040000000000",
                            "EventID": "1",
                            "ProcessGuid": "{C784477D-E5AD-6318-F20A-000000004700}",
                            "CommandLine": "systeminfo",
                            "ParentCommandLine": "mspaint.exe",
                            "ProcessId": "7460",
                            "FileVersion": "10.0.17134.1 (WinBuild.160101.0800)",
                            "Company": "Microsoft Corporation"
                        }
                    },
                    {
                        "values": {
                            "RuleName": "-",
                            "CurrentDirectory": "C:\\Users\\george\\Desktop\\",
                            "LogonId": "271153",
                            "OriginalFileName": "sysinfo.exe",
                            "UtcTime": "1662576072",
                            "Description": "Displays system information",
                            "User": "DESKTOP-B0T93D6\\george",
                            "Hashes": "MD5=57D183270FD28D0EBF6C2966FE450739,SHA256=2981C4A98CA99D3C4F297678A24C31372B5847E1ECE0802E28B8FCEF0797F19F,IMPHASH=73B41F24FD0CAD2900DD9F1CFEDF5991",
                            "ParentImage": "C:\\Windows\\System32\\mspaint.exe",
                            "IntegrityLevel": "High",
                            "TerminalSessionId": "1",
                            "Image": "C:\\Windows\\System32\\systeminfo.exe",
                            "ParentProcessId": "7648",
                            "ParentProcessGuid": "{C784477D-E554-6318-D60A-000000004700}",
                            "Product": "Microsoft\\xae Windows\\xae Operating System",
                            "LogonGuid": "C784477D-CAF0-62FD-3123-040000000000",
                            "EventID": "1",
                            "ProcessGuid": "{C784477D-E5C8-6318-030B-000000004700}",
                            "CommandLine": "systeminfo",
                            "ParentCommandLine": "mspaint.exe",
                            "ProcessId": "7512",
                            "FileVersion": "10.0.17134.1 (WinBuild.160101.0800)",
                            "Company": "Microsoft Corporation"
                        }
                    },
                    {
                        "values": {
                            "RuleName": "-",
                            "CurrentDirectory": "C:\\Users\\george\\Desktop\\",
                            "LogonId": "271153",
                            "OriginalFileName": "sysinfo.exe",
                            "UtcTime": "1662576093",
                            "Description": "Displays system information",
                            "User": "DESKTOP-B0T93D6\\george",
                            "Hashes": "MD5=57D183270FD28D0EBF6C2966FE450739,SHA256=2981C4A98CA99D3C4F297678A24C31372B5847E1ECE0802E28B8FCEF0797F19F,IMPHASH=73B41F24FD0CAD2900DD9F1CFEDF5991",
                            "ParentImage": "C:\\Windows\\System32\\mspaint.exe",
                            "IntegrityLevel": "High",
                            "TerminalSessionId": "1",
                            "Image": "C:\\Windows\\System32\\systeminfo.exe",
                            "ParentProcessId": "7648",
                            "ParentProcessGuid": "{C784477D-E554-6318-D60A-000000004700}",
                            "Product": "Microsoft\\xae Windows\\xae Operating System",
                            "LogonGuid": "C784477D-CAF0-62FD-3123-040000000000",
                            "EventID": "1",
                            "ProcessGuid": "{C784477D-E5DD-6318-130B-000000004700}",
                            "CommandLine": "systeminfo",
                            "ParentCommandLine": "mspaint.exe",
                            "ProcessId": "8",
                            "FileVersion": "10.0.17134.1 (WinBuild.160101.0800)",
                            "Company": "Microsoft Corporation"
                        }
                    },
                    {
                        "values": {
                            "RuleName": "-",
                            "CurrentDirectory": "C:\\Users\\george\\Desktop\\",
                            "LogonId": "271153",
                            "OriginalFileName": "sysinfo.exe",
                            "UtcTime": "1662576104",
                            "Description": "Displays system information",
                            "User": "DESKTOP-B0T93D6\\george",
                            "Hashes": "MD5=57D183270FD28D0EBF6C2966FE450739,SHA256=2981C4A98CA99D3C4F297678A24C31372B5847E1ECE0802E28B8FCEF0797F19F,IMPHASH=73B41F24FD0CAD2900DD9F1CFEDF5991",
                            "ParentImage": "C:\\Windows\\System32\\mspaint.exe",
                            "IntegrityLevel": "High",
                            "TerminalSessionId": "1",
                            "Image": "C:\\Windows\\System32\\systeminfo.exe",
                            "ParentProcessId": "7648",
                            "ParentProcessGuid": "{C784477D-E554-6318-D60A-000000004700}",
                            "Product": "Microsoft\\xae Windows\\xae Operating System",
                            "LogonGuid": "C784477D-CAF0-62FD-3123-040000000000",
                            "EventID": "1",
                            "ProcessGuid": "{C784477D-E5E8-6318-230B-000000004700}",
                            "CommandLine": "systeminfo",
                            "ParentCommandLine": "mspaint.exe",
                            "ProcessId": "640",
                            "FileVersion": "10.0.17134.1 (WinBuild.160101.0800)",
                            "Company": "Microsoft Corporation"
                        }
                    },
                    {
                        "values": {
                            "RuleName": "-",
                            "CurrentDirectory": "C:\\Users\\george\\Desktop\\",
                            "LogonId": "271153",
                            "OriginalFileName": "sysinfo.exe",
                            "UtcTime": "1662576115",
                            "Description": "Displays system information",
                            "User": "DESKTOP-B0T93D6\\george",
                            "Hashes": "MD5=57D183270FD28D0EBF6C2966FE450739,SHA256=2981C4A98CA99D3C4F297678A24C31372B5847E1ECE0802E28B8FCEF0797F19F,IMPHASH=73B41F24FD0CAD2900DD9F1CFEDF5991",
                            "ParentImage": "C:\\Windows\\System32\\mspaint.exe",
                            "IntegrityLevel": "High",
                            "TerminalSessionId": "1",
                            "Image": "C:\\Windows\\System32\\systeminfo.exe",
                            "ParentProcessId": "7648",
                            "ParentProcessGuid": "{C784477D-E554-6318-D60A-000000004700}",
                            "Product": "Microsoft\\xae Windows\\xae Operating System",
                            "LogonGuid": "C784477D-CAF0-62FD-3123-040000000000",
                            "EventID": "1",
                            "ProcessGuid": "{C784477D-E5F3-6318-330B-000000004700}",
                            "CommandLine": "systeminfo",
                            "ParentCommandLine": "mspaint.exe",
                            "ProcessId": "7908",
                            "FileVersion": "10.0.17134.1 (WinBuild.160101.0800)",
                            "Company": "Microsoft Corporation"
                        }
                    },
                    {
                        "values": {
                            "RuleName": "-",
                            "CurrentDirectory": "C:\\Users\\george\\Desktop\\",
                            "LogonId": "271153",
                            "OriginalFileName": "sysinfo.exe",
                            "UtcTime": "1662576127",
                            "Description": "Displays system information",
                            "User": "DESKTOP-B0T93D6\\george",
                            "Hashes": "MD5=57D183270FD28D0EBF6C2966FE450739,SHA256=2981C4A98CA99D3C4F297678A24C31372B5847E1ECE0802E28B8FCEF0797F19F,IMPHASH=73B41F24FD0CAD2900DD9F1CFEDF5991",
                            "ParentImage": "C:\\Windows\\System32\\mspaint.exe",
                            "IntegrityLevel": "High",
                            "TerminalSessionId": "1",
                            "Image": "C:\\Windows\\System32\\systeminfo.exe",
                            "ParentProcessId": "7648",
                            "ParentProcessGuid": "{C784477D-E554-6318-D60A-000000004700}",
                            "Product": "Microsoft\\xae Windows\\xae Operating System",
                            "LogonGuid": "C784477D-CAF0-62FD-3123-040000000000",
                            "EventID": "1",
                            "ProcessGuid": "{C784477D-E5FF-6318-430B-000000004700}",
                            "CommandLine": "systeminfo",
                            "ParentCommandLine": "mspaint.exe",
                            "ProcessId": "7020",
                            "FileVersion": "10.0.17134.1 (WinBuild.160101.0800)",
                            "Company": "Microsoft Corporation"
                        }
                    },
                    {
                        "values": {
                            "RuleName": "-",
                            "CurrentDirectory": "C:\\Users\\george\\Desktop\\",
                            "LogonId": "271153",
                            "OriginalFileName": "sysinfo.exe",
                            "UtcTime": "1662576139",
                            "Description": "Displays system information",
                            "User": "DESKTOP-B0T93D6\\george",
                            "Hashes": "MD5=57D183270FD28D0EBF6C2966FE450739,SHA256=2981C4A98CA99D3C4F297678A24C31372B5847E1ECE0802E28B8FCEF0797F19F,IMPHASH=73B41F24FD0CAD2900DD9F1CFEDF5991",
                            "ParentImage": "C:\\Windows\\System32\\mspaint.exe",
                            "IntegrityLevel": "High",
                            "TerminalSessionId": "1",
                            "Image": "C:\\Windows\\System32\\systeminfo.exe",
                            "ParentProcessId": "7648",
                            "ParentProcessGuid": "{C784477D-E554-6318-D60A-000000004700}",
                            "Product": "Microsoft\\xae Windows\\xae Operating System",
                            "LogonGuid": "C784477D-CAF0-62FD-3123-040000000000",
                            "EventID": "1",
                            "ProcessGuid": "{C784477D-E60B-6318-530B-000000004700}",
                            "CommandLine": "systeminfo",
                            "ParentCommandLine": "mspaint.exe",
                            "ProcessId": "6160",
                            "FileVersion": "10.0.17134.1 (WinBuild.160101.0800)",
                            "Company": "Microsoft Corporation"
                        }
                    },
                    {
                        "values": {
                            "RuleName": "-",
                            "CurrentDirectory": "C:\\Users\\george\\Desktop\\",
                            "LogonId": "271153",
                            "OriginalFileName": "sysinfo.exe",
                            "UtcTime": "1662576151",
                            "Description": "Displays system information",
                            "User": "DESKTOP-B0T93D6\\george",
                            "Hashes": "MD5=57D183270FD28D0EBF6C2966FE450739,SHA256=2981C4A98CA99D3C4F297678A24C31372B5847E1ECE0802E28B8FCEF0797F19F,IMPHASH=73B41F24FD0CAD2900DD9F1CFEDF5991",
                            "ParentImage": "C:\\Windows\\System32\\mspaint.exe",
                            "IntegrityLevel": "High",
                            "TerminalSessionId": "1",
                            "Image": "C:\\Windows\\System32\\systeminfo.exe",
                            "ParentProcessId": "7648",
                            "ParentProcessGuid": "{C784477D-E554-6318-D60A-000000004700}",
                            "Product": "Microsoft\\xae Windows\\xae Operating System",
                            "LogonGuid": "C784477D-CAF0-62FD-3123-040000000000",
                            "EventID": "1",
                            "ProcessGuid": "{C784477D-E617-6318-630B-000000004700}",
                            "CommandLine": "systeminfo",
                            "ParentCommandLine": "mspaint.exe",
                            "ProcessId": "3816",
                            "FileVersion": "10.0.17134.1 (WinBuild.160101.0800)",
                            "Company": "Microsoft Corporation"
                        }
                    },
                    {
                        "values": {
                            "RuleName": "-",
                            "CurrentDirectory": "C:\\Users\\george\\Desktop\\",
                            "LogonId": "271153",
                            "OriginalFileName": "sysinfo.exe",
                            "UtcTime": "1662576162",
                            "Description": "Displays system information",
                            "User": "DESKTOP-B0T93D6\\george",
                            "Hashes": "MD5=57D183270FD28D0EBF6C2966FE450739,SHA256=2981C4A98CA99D3C4F297678A24C31372B5847E1ECE0802E28B8FCEF0797F19F,IMPHASH=73B41F24FD0CAD2900DD9F1CFEDF5991",
                            "ParentImage": "C:\\Windows\\System32\\mspaint.exe",
                            "IntegrityLevel": "High",
                            "TerminalSessionId": "1",
                            "Image": "C:\\Windows\\System32\\systeminfo.exe",
                            "ParentProcessId": "7648",
                            "ParentProcessGuid": "{C784477D-E554-6318-D60A-000000004700}",
                            "Product": "Microsoft\\xae Windows\\xae Operating System",
                            "LogonGuid": "C784477D-CAF0-62FD-3123-040000000000",
                            "EventID": "1",
                            "ProcessGuid": "{C784477D-E622-6318-730B-000000004700}",
                            "CommandLine": "systeminfo",
                            "ParentCommandLine": "mspaint.exe",
                            "ProcessId": "1144",
                            "FileVersion": "10.0.17134.1 (WinBuild.160101.0800)",
                            "Company": "Microsoft Corporation"
                        }
                    },
                    {
                        "values": {
                            "RuleName": "-",
                            "CurrentDirectory": "C:\\Users\\george\\Desktop\\",
                            "LogonId": "271153",
                            "OriginalFileName": "sysinfo.exe",
                            "UtcTime": "1662576171",
                            "Description": "Displays system information",
                            "User": "DESKTOP-B0T93D6\\george",
                            "Hashes": "MD5=57D183270FD28D0EBF6C2966FE450739,SHA256=2981C4A98CA99D3C4F297678A24C31372B5847E1ECE0802E28B8FCEF0797F19F,IMPHASH=73B41F24FD0CAD2900DD9F1CFEDF5991",
                            "ParentImage": "C:\\Windows\\System32\\mspaint.exe",
                            "IntegrityLevel": "High",
                            "TerminalSessionId": "1",
                            "Image": "C:\\Windows\\System32\\systeminfo.exe",
                            "ParentProcessId": "7648",
                            "ParentProcessGuid": "{C784477D-E554-6318-D60A-000000004700}",
                            "Product": "Microsoft\\xae Windows\\xae Operating System",
                            "LogonGuid": "C784477D-CAF0-62FD-3123-040000000000",
                            "EventID": "1",
                            "ProcessGuid": "{C784477D-E62B-6318-840B-000000004700}",
                            "CommandLine": "systeminfo",
                            "ParentCommandLine": "mspaint.exe",
                            "ProcessId": "3220",
                            "FileVersion": "10.0.17134.1 (WinBuild.160101.0800)",
                            "Company": "Microsoft Corporation"
                        }
                    },
                    {
                        "values": {
                            "RuleName": "-",
                            "CurrentDirectory": "C:\\Users\\george\\Desktop\\",
                            "LogonId": "271153",
                            "OriginalFileName": "sysinfo.exe",
                            "UtcTime": "1662576181",
                            "Description": "Displays system information",
                            "User": "DESKTOP-B0T93D6\\george",
                            "Hashes": "MD5=57D183270FD28D0EBF6C2966FE450739,SHA256=2981C4A98CA99D3C4F297678A24C31372B5847E1ECE0802E28B8FCEF0797F19F,IMPHASH=73B41F24FD0CAD2900DD9F1CFEDF5991",
                            "ParentImage": "C:\\Windows\\System32\\mspaint.exe",
                            "IntegrityLevel": "High",
                            "TerminalSessionId": "1",
                            "Image": "C:\\Windows\\System32\\systeminfo.exe",
                            "ParentProcessId": "7648",
                            "ParentProcessGuid": "{C784477D-E554-6318-D60A-000000004700}",
                            "Product": "Microsoft\\xae Windows\\xae Operating System",
                            "LogonGuid": "C784477D-CAF0-62FD-3123-040000000000",
                            "EventID": "1",
                            "ProcessGuid": "{C784477D-E635-6318-940B-000000004700}",
                            "CommandLine": "systeminfo",
                            "ParentCommandLine": "mspaint.exe",
                            "ProcessId": "7996",
                            "FileVersion": "10.0.17134.1 (WinBuild.160101.0800)",
                            "Company": "Microsoft Corporation"
                        }
                    },
                    {
                        "values": {
                            "RuleName": "-",
                            "CurrentDirectory": "C:\\Users\\george\\Desktop\\",
                            "LogonId": "271153",
                            "OriginalFileName": "sysinfo.exe",
                            "UtcTime": "1662576191",
                            "Description": "Displays system information",
                            "User": "DESKTOP-B0T93D6\\george",
                            "Hashes": "MD5=57D183270FD28D0EBF6C2966FE450739,SHA256=2981C4A98CA99D3C4F297678A24C31372B5847E1ECE0802E28B8FCEF0797F19F,IMPHASH=73B41F24FD0CAD2900DD9F1CFEDF5991",
                            "ParentImage": "C:\\Windows\\System32\\mspaint.exe",
                            "IntegrityLevel": "High",
                            "TerminalSessionId": "1",
                            "Image": "C:\\Windows\\System32\\systeminfo.exe",
                            "ParentProcessId": "7648",
                            "ParentProcessGuid": "{C784477D-E554-6318-D60A-000000004700}",
                            "Product": "Microsoft\\xae Windows\\xae Operating System",
                            "LogonGuid": "C784477D-CAF0-62FD-3123-040000000000",
                            "EventID": "1",
                            "ProcessGuid": "{C784477D-E63F-6318-A40B-000000004700}",
                            "CommandLine": "systeminfo",
                            "ParentCommandLine": "mspaint.exe",
                            "ProcessId": "1136",
                            "FileVersion": "10.0.17134.1 (WinBuild.160101.0800)",
                            "Company": "Microsoft Corporation"
                        }
                    },
