{
    "data": {
        "ip_traffic": [
            {
                "destination_ip": "31.220.105.243",
                "destination_port": 443,
                "transport_layer_protocol": "TCP"
            },
            {
                "destination_ip": "85.13.130.115",
                "destination_port": 80,
                "transport_layer_protocol": "TCP"
            },
            {
                "destination_ip": "151.106.100.46",
                "destination_port": 443,
                "transport_layer_protocol": "TCP"
            },
            {
                "destination_ip": "185.76.64.166",
                "destination_port": 80,
                "transport_layer_protocol": "TCP"
            },
            {
                "destination_ip": "5.9.119.82",
                "destination_port": 80,
                "transport_layer_protocol": "TCP"
            },
            {
                "destination_ip": "185.53.178.52",
                "destination_port": 80,
                "transport_layer_protocol": "TCP"
            },
            {
                "destination_ip": "8.238.7.254",
                "destination_port": 80,
                "transport_layer_protocol": "TCP"
            }
        ],
        "registry_keys_set": [
            {
                "key": "HKLM\\Software\\Microsoft\\WBEM\\CIMOM\\ConfigValueEssNeedsLoading",
                "value": "1"
            },
            {
                "key": "HKLM\\Software\\Microsoft\\WBEM\\CIMOM\\List of event-active namespaces",
                "value": "00 00 54 00 45 00 76 00 65 00 6E 00 74 00 4C 00 6F 00 67 00 45 00 76 00 65 00 6E 00 74 00 43 00 6F 00 6E 00 73 00 75 00 6D 00 65 00 72 00"
            },
            {
                "key": "HKLM\\SYSTEM\\ControlSet001\\Services\\BITS\\Performance\\PerfMMFileName",
                "value": "Global\\MMF_BITS_s"
            },
            {
                "key": "HKLM\\SYSTEM\\ControlSet001\\Control\\TimeZoneInformation\\ActiveTimeBias",
                "value": "4294967176"
            },
            {
                "key": "HKU\\S-1-5-21-3712457824-2419000099-45725732-1005\\SOFTWARE\\CLASSES\\LOCAL SETTINGS\\MUICACHE\\E6\\52C64B7E",
                "value": "LanguageList"
            },
            {
                "key": "HKU\\S-1-5-21-3712457824-2419000099-45725732-1005\\SOFTWARE\\CLASSES\\LOCAL SETTINGS\\MUICACHE\\E6\\52C64B7E",
                "value": "@%SystemRoot%\\system32\\mlang.dll,-4386"
            },
            {
                "key": "HKEY_CURRENT_USER\\Software\\Microsoft\\Windows\\CurrentVersion\\Applets\\Paint"
            },
            {
                "key": "HKEY_CURRENT_USER\\Software\\Microsoft\\Windows\\CurrentVersion\\Applets\\Paint\\Recent File List"
            },
            {
                "key": "HKEY_CURRENT_USER\\Software\\Microsoft\\Windows\\CurrentVersion\\Applets\\Paint\\Settings"
            },
            {
                "key": "HKEY_CURRENT_USER\\Software\\Microsoft\\Windows\\CurrentVersion\\Applets\\Paint\\View"
            },
            {
                "key": "HKEY_CURRENT_USER\\Software\\Microsoft\\Windows\\CurrentVersion\\Applets\\Paint\\Text"
            },
            {
                "key": "HKEY_LOCAL_MACHINE\\SOFTWARE\\Microsoft\\Windows\\Windows Error Reporting\\Debug\\ExceptionRecord",
                "value": "05 00 00 C0 00 00 00 00 00 00 00 00 00 00 00 00 10 3D C8 28 F9 7F 00 00 02 00 00 00 00 00 00 00 00 0"
            },
            {
                "key": "HKEY_LOCAL_MACHINE\\SOFTWARE\\Microsoft\\Windows\\Windows Error Reporting\\Debug\\ExceptionRecord",
                "value": "05 00 00 C0 00 00 00 00 00 00 00 00 00 00 00 00 06 C4 41 3C F9 7F 00 00 02 00 00 00 00 00 00 00 00 0"
            },
            {
                "key": "HKEY_CURRENT_USER_Classes\\Local Settings\\MuiCache\\4d\\52C64B7E\\@%SystemRoot%\\system32\\mlang.dll,-4386",
                "value": "English (United States)"
            }
        ],
        "ja3_digests": [
            "ce5f3254611a8c095a3d821d44539877"
        ],
        "memory_pattern_domains": [
            "qwerty.creativehonduras.com",
            "www.urbankizomba.se",
            "tag-cloud-photo.freeware.filetransit.com",
            "drei-schneeballen.de",
            "funny-pictures.picphotos.net"
        ],
        "tls": [
            {
                "subject": {
                    "CN": "qwerty.creativehonduras.com"
                },
                "issuer": {
                    "CN": "R3",
                    "C": "US"
                },
                "serial_number": "03691046a5ca48597b0a2db02efcb0f5dcdf",
                "thumbprint": "8640a58c00dd5fbb5aa4eccb90c8c12b90a2f1e1",
                "version": "TLS 1.2",
                "sni": "qwerty.creativehonduras.com",
                "ja3": "ce5f3254611a8c095a3d821d44539877",
                "ja3s": "567bb420d39046dbfd1f68b558d86382"
            }
        ],
        "verdict_labels": [
            "LazarusLoader"
        ],
        "command_executions": [
            "C:\\$whales\\loader\\StrongLoader_x64.exe ${SamplePath}\\08051b859367ab3c85522dd751755ee881464afa2fd89a955c2c8aad49d1e81c.dll ",
            "mspaint.exe",
            "C:\\WINDOWS\\system32\\regsvr32.exe /s c83176dadf31acb13414f00acba2dfa2ebce55ca.dll",
            "C:\\Users\\Lucas\\AppData\\Local\\Temp\\rundll32.exe c83176dadf31acb13414f00acba2dfa2ebce55ca.dll",
            "wmic PATH Win32_NetworkAdapterConfiguration WHERE IPEnabled=TRUE GET MACAddress",
            "wmic PATH Win32_OperatingSystem GET Caption,Version,CSName,RegisteredUser,OSArchitecture /VALUE",
            "wmic /NAMESPACE:\\Root\\SecurityCenter2 PATH AntiVirusProduct",
            "wmic /NAMESPACE:\\Root\\SecurityCenter PATH AntiVirusProduct GET DisplayName",
            "wmic /NAMESPACE:\\Root\\SecurityCenter2 PATH FirewallProduct GET DisplayName",
            "systeminfo",
            "ipconfig /all",
            "wmic PATH Win32_Process GET Caption,ProcessID,ParentProcessID,ExecutablePath,CommandLine",
            "wmic PATH Win32_Processor GET Name"
        ],
        "modules_loaded": [
            "C:\\Windows\\System32\\ntdll.dll",
            "C:\\Windows\\System32\\kernel32.dll",
            "C:\\Windows\\System32\\KernelBase.dll",
            "C:\\Windows\\System32\\shell32.dll",
            "C:\\Windows\\System32\\msvcrt.dll",
            "C:\\Windows\\System32\\shlwapi.dll",
            "C:\\Windows\\System32\\gdi32.dll",
            "C:\\Windows\\System32\\user32.dll",
            "C:\\Windows\\System32\\lpk.dll",
            "C:\\Windows\\System32\\usp10.dll",
            "C:\\Windows\\System32\\ole32.dll",
            "C:\\Windows\\System32\\rpcrt4.dll",
            "C:\\Windows\\System32\\imagehlp.dll",
            "C:\\Windows\\System32\\advapi32.dll",
            "C:\\Windows\\System32\\sechost.dll",
            "C:\\Windows\\System32\\imm32.dll",
            "C:\\Windows\\System32\\msctf.dll",
            "C:\\Windows\\winsxs\\amd64_microsoft.windows.gdiplus_6595b64144ccf1df_1.1.7601.24203_none_1455c96c8b9566b9\\GdiPlus.dll",
            "C:\\Windows\\System32\\dbghelp.dll",
            "C:\\Windows\\System32\\ws2_32.dll",
            "C:\\Windows\\System32\\nsi.dll",
            "C:\\Windows\\System32\\psapi.dll",
            "C:\\Windows\\System32\\oleaut32.dll",
            "C:\\Windows\\System32\\setupapi.dll",
            "C:\\Windows\\System32\\cfgmgr32.dll",
            "C:\\Windows\\System32\\devobj.dll",
            "C:\\Windows\\System32\\IPHLPAPI.DLL",
            "C:\\Windows\\System32\\winnsi.dll",
            "C:\\Windows\\System32\\api-ms-win-core-synch-l1-2-0.dll",
            "C:\\Windows\\System32\\version.dll",
            "C:\\Windows\\System32\\cryptbase.dll",
            "${SamplePath}\\08051b859367ab3c85522dd751755ee881464afa2fd89a955c2c8aad49d1e81c.dll",
            "C:\\Windows\\System32\\winhttp.dll",
            "C:\\Windows\\System32\\webio.dll",
            "C:\\Windows\\System32\\apphelp.dll",
            "C:\\Windows\\System32\\mspaint.exe",
            "C:\\Windows\\System32\\mfc42u.dll",
            "C:\\Windows\\System32\\odbc32.dll",
            "C:\\Windows\\System32\\comdlg32.dll",
            "C:\\Windows\\winsxs\\amd64_microsoft.windows.common-controls_6595b64144ccf1df_6.0.7601.18837_none_fa3b1e3d17594757\\comctl32.dll",
            "C:\\Windows\\System32\\propsys.dll",
            "C:\\Windows\\System32\\winmm.dll",
            "C:\\Windows\\System32\\odbcint.dll",
            "C:\\Windows\\System32\\msftedit.dll",
            "C:\\Windows\\System32\\clbcatq.dll",
            "C:\\Windows\\System32\\UIRibbon.dll",
            "C:\\Windows\\System32\\cryptsp.dll",
            "C:\\Windows\\System32\\rsaenh.dll",
            "C:\\Windows\\System32\\RpcRtRemote.dll",
            "C:\\Windows\\System32\\sti.dll",
            "C:\\Windows\\System32\\wiatrace.dll",
            "C:\\Windows\\System32\\UIRibbonRes.dll",
            "C:\\Windows\\System32\\uxtheme.dll",
            "C:\\Windows\\System32\\dwmapi.dll",
            "C:\\Windows\\System32\\oleacc.dll",
            "c:\\windows\\system32\\usp10.dll",
            "c:\\windows\\system32\\imm32.dll",
            "c:\\windows\\winsxs\\amd64_microsoft.windows.common-controls_6595b64144ccf1df_6.0.7601.17514_none_fa396087175ac9ac\\comctl32.dll",
            "c:\\windows\\system32\\mpr.dll",
            "c:\\windows\\system32\\lpk.dll",
            "c:\\windows\\system32\\msctf.dll",
            "c:\\windows\\system32\\sfc.dll",
            "c:\\windows\\system32\\ole32.dll",
            "c:\\windows\\system32\\sfc_os.dll",
            "c:\\windows\\system32\\kernelbase.dll",
            "c:\\windows\\system32\\uxtheme.dll",
            "c:\\windows\\system32\\apphelp.dll",
            "c:\\windows\\apppatch\\apppatch64\\acgenral.dll",
            "c:\\windows\\system32\\msvcrt.dll",
            "c:\\windows\\system32\\sechost.dll",
            "c:\\windows\\system32\\sspicli.dll",
            "c:\\windows\\system32\\cryptbase.dll",
            "c:\\windows\\system32\\webio.dll",
            "c:\\windows\\system32\\dwmapi.dll",
            "c:\\windows\\system32\\shlwapi.dll",
            "c:\\windows\\system32\\profapi.dll",
            "c:\\windows\\system32\\gdi32.dll",
            "c:\\windows\\system32\\userenv.dll",
            "c:\\windows\\system32\\kernel32.dll",
            "c:\\windows\\system32\\rpcrt4.dll",
            "c:\\windows\\system32\\user32.dll",
            "c:\\windows\\system32\\winhttp.dll",
            "c:\\windows\\system32\\shell32.dll",
            "c:\\windows\\system32\\ntdll.dll",
            "c:\\windows\\system32\\advapi32.dll",
            "c:\\users\\lucas\\appdata\\local\\temp\\c83176dadf31acb13414f00acba2dfa2ebce55ca.dll",
            "c:\\windows\\system32\\nsi.dll",
            "c:\\windows\\system32\\netutils.dll",
            "c:\\windows\\system32\\rsaenh.dll",
            "c:\\windows\\system32\\srvcli.dll",
            "c:\\windows\\system32\\wkscli.dll",
            "c:\\windows\\system32\\cryptsp.dll",
            "c:\\windows\\system32\\netapi32.dll",
            "c:\\windows\\system32\\oleaut32.dll",
            "c:\\windows\\system32\\psapi.dll",
            "c:\\windows\\system32\\ws2_32.dll",
            "c:\\windows\\system32\\samcli.dll",
            "c:\\windows\\system32\\uiribbon.dll",
            "c:\\windows\\system32\\cfgmgr32.dll",
            "c:\\windows\\system32\\rpcrtremote.dll",
            "c:\\windows\\system32\\msftedit.dll",
            "c:\\windows\\system32\\fwpuclnt.dll",
            "c:\\windows\\system32\\propsys.dll",
            "c:\\windows\\system32\\secur32.dll",
            "c:\\windows\\system32\\rasadhlp.dll",
            "c:\\windows\\system32\\dhcpcsvc.dll",
            "c:\\windows\\system32\\odbc32.dll",
            "c:\\windows\\system32\\msasn1.dll",
            "c:\\windows\\system32\\winnsi.dll",
            "c:\\windows\\system32\\wiatrace.dll",
            "c:\\windows\\system32\\clbcatq.dll",
            "c:\\windows\\system32\\bcryptprimitives.dll",
            "c:\\windows\\system32\\gpapi.dll",
            "c:\\windows\\system32\\sti.dll",
            "c:\\windows\\system32\\odbcint.dll",
            "c:\\windows\\system32\\comdlg32.dll",
            "c:\\windows\\system32\\mfc42u.dll",
            "c:\\windows\\system32\\version.dll",
            "c:\\windows\\winsxs\\amd64_microsoft.windows.gdiplus_6595b64144ccf1df_1.1.7601.17514_none_2b24536c71ed437a\\gdiplus.dll",
            "c:\\windows\\system32\\oleacc.dll",
            "c:\\windows\\system32\\wshtcpip.dll",
            "c:\\windows\\system32\\uiribbonres.dll",
            "c:\\windows\\system32\\schannel.dll",
            "c:\\windows\\system32\\bcrypt.dll",
            "c:\\windows\\system32\\dhcpcsvc6.dll",
            "c:\\windows\\system32\\iphlpapi.dll",
            "c:\\windows\\system32\\ncrypt.dll",
            "c:\\windows\\system32\\crypt32.dll",
            "c:\\windows\\system32\\dnsapi.dll",
            "c:\\windows\\system32\\mswsock.dll",
            "c:\\windows\\system32\\winmm.dll",
            "c:\\windows\\system32\\wship6.dll",
            "c:\\windows\\system32\\credssp.dll",
            "c:\\windows\\system32\\wbem\\wbemprox.dll",
            "c:\\windows\\system32\\urlmon.dll",
            "c:\\windows\\system32\\sxs.dll",
            "c:\\windows\\system32\\wtsapi32.dll",
            "c:\\windows\\system32\\api-ms-win-downlevel-ole32-l1-1-0.dll",
            "c:\\windows\\system32\\wbem\\wbemsvc.dll",
            "c:\\windows\\system32\\api-ms-win-downlevel-shlwapi-l2-1-0.dll",
            "c:\\windows\\system32\\ntdsapi.dll",
            "c:\\program files\\common files\\microsoft shared\\office14\\msoxmlmf.dll",
            "c:\\windows\\system32\\api-ms-win-downlevel-shlwapi-l1-1-0.dll",
            "c:\\windows\\system32\\msxml3.dll",
            "c:\\windows\\system32\\vbscript.dll",
            "c:\\windows\\system32\\wbemcomn.dll",
            "c:\\windows\\system32\\api-ms-win-downlevel-version-l1-1-0.dll",
            "c:\\windows\\system32\\wininet.dll",
            "c:\\windows\\system32\\api-ms-win-downlevel-user32-l1-1-0.dll",
            "c:\\windows\\system32\\normaliz.dll",
            "c:\\windows\\winsxs\\amd64_microsoft.vc90.crt_1fc8b3b9a1e18e3b_9.0.30729.4940_none_08e4299fa83d7e3c\\msvcr90.dll",
            "c:\\windows\\system32\\api-ms-win-downlevel-normaliz-l1-1-0.dll",
            "c:\\windows\\system32\\wbem\\xml\\wmi2xml.dll",
            "c:\\windows\\system32\\wbem\\fastprox.dll",
            "c:\\windows\\system32\\api-ms-win-downlevel-advapi32-l1-1-0.dll",
            "c:\\windows\\system32\\framedynos.dll",
            "c:\\windows\\system32\\iertutil.dll"
        ],
        "tags": [
            "LONG_SLEEPS",
            "RUNTIME_MODULES",
            "SELF_DELETE",
            "CALLS_WMI",
            "DETECT_DEBUG_ENVIRONMENT",
            "PERSISTENCE",
            "CHECKS_NETWORK_ADAPTERS",
            "CHECKS_BIOS"
        ],
        "files_deleted": [
            "<PATH_SAMPLE.DLL>",
            "C:\\Users\\user\\Desktop\\init.dll"
        ],
        "files_dropped": [
            {
                "path": "C:\\ProgramData\\Microsoft\\Windows\\WER\\Temp\\WER9312.tmp.WERInternalMetadata.xml",
                "sha256": "d5b42de869df23b9f7f21c4a2571504cfc23df7de8d528d84ca773a2da640e9e",
                "type": "XML"
            },
            {
                "path": "C:\\ProgramData\\Microsoft\\Windows\\WER\\Temp\\WER9499.tmp.xml",
                "sha256": "77ecd01e4017880ea3a51acbc2b134f0be8b6b1cf9689395db032a3fc7ee0e93",
                "type": "XML"
            },
            {
                "path": "C:\\ProgramData\\Microsoft\\Windows\\WER\\Temp\\WER9F18.tmp.WERInternalMetadata.xml",
                "sha256": "fa406b11972b28b2c9cd25cd11e72406c3c130f8ae0c21761c46c3cce949fe67",
                "type": "XML"
            },
            {
                "path": "C:\\ProgramData\\Microsoft\\Windows\\WER\\Temp\\WERA0AF.tmp.xml",
                "sha256": "ec9e820aa188bb921d84c64c556430b3eb906c80c716af611816554be3ac85c7",
                "type": "XML"
            },
            {
                "path": "/wp-content/plugins/photo-gallery/filemanager/upload.php",
                "sha256": "f5d8581c55478a03ca56484a0bbdab5d88976014821e9e8d96c8f6882b013c2c",
                "type": "TEXT",
                "download_url": "http://www.urbankizomba.se/wp-content/plugins/photo-gallery/filemanager/upload.php?ts=6318E894_11101EED"
            },
            {
                "path": "/saint-louis-senior-photos-senior-pictures-seniors-st-louis-st-louis/upload.php",
                "sha256": "673535f77f864be1618c42c928b639bd7463595cf74f48f91490fb3fd0dccba1",
                "type": "TEXT",
                "download_url": "http://funny-pictures.picphotos.net/saint-louis-senior-photos-senior-pictures-seniors-st-louis-st-louis/upload.php?ts=6318EB2A_182D1D68"
            },
            {
                "path": "/login.php",
                "sha256": "6e5670a8c3c4b2aa8ceece66dc06beb8623e994da2ba8bfc7cef97497c1f5857",
                "type": "TEXT",
                "download_url": "http://tag-cloud-photo.freeware.filetransit.com/login.php?ts=6318F25F_2C1C6B4"
            },
            {
                "path": "/wp-content/plugins/nextgen-gallery/view.php",
                "sha256": "020bf877a20bd3cc0e818e0f1e9eeb2e8aa0e8217394ad08fb30437bd5d99c67",
                "type": "TEXT",
                "download_url": "http://drei-schneeballen.de/wp-content/plugins/nextgen-gallery/view.php?ts=6318F525_2A02B978"
            }
        ],
        "registry_keys_opened": [
            "\\Registry\\MACHINE\\Software\\Microsoft\\Windows\\CurrentVersion\\SideBySide",
            "\\Registry\\Machine\\Software\\Policies\\Microsoft\\Windows\\Safer\\CodeIdentifiers",
            "\\REGISTRY\\USER\\S-1-5-21-870151485-863566166-2146164720-1000\\Software\\Microsoft\\Windows NT\\CurrentVersion",
            "\\Registry\\Machine\\Software\\Microsoft\\Windows NT\\CurrentVersion\\AppCompatFlags",
            "\\Registry\\Machine\\Hardware\\DeviceMap\\VIDEO",
            "\\Registry\\Machine\\Hardware\\DeviceMap\\Video",
            "\\Registry\\Machine\\System\\CurrentControlSet\\CONTROL\\VIDEO\\{577CFBE1-915E-4218-85BF-236741C20B4D}\\0000",
            "\\REGISTRY\\MACHINE\\SYSTEM\\ControlSet001\\Enum\\PCI\\VEN_1234&DEV_1111&SUBSYS_11001AF4&REV_00\\3&13c0b0c5&0&10",
            "\\Registry\\Machine\\System\\CurrentControlSet\\Control\\Nls\\CustomLocale",
            "\\Registry\\Machine\\System\\CurrentControlSet\\Control\\Nls\\ExtendedLocale",
            "<HKCU>\\software\\Microsoft\\Windows\\CurrentVersion\\Applets",
            "<HKCU>\\software\\Microsoft\\Windows\\CurrentVersion\\Applets\\Paint",
            "<HKCU>\\software\\Microsoft\\Windows\\CurrentVersion\\Applets\\Paint\\Recent File List",
            "<HKCU>\\software\\Microsoft\\Windows\\CurrentVersion\\Applets\\Paint\\Settings",
            "<HKCU>\\software\\Microsoft\\Windows\\CurrentVersion\\Applets\\Paint\\View",
            "<HKCU>\\software\\Microsoft\\Windows\\CurrentVersion\\Applets\\Paint\\Text",
            "<HKLM>\\SYSTEM\\CurrentControlSet\\Control\\StillImage\\Trace",
            "<HKLM>\\SYSTEM\\CurrentControlSet\\Control\\StillImage\\Trace\\sti.dll",
            "HKEY_CURRENT_USER\\Software",
            "HKEY_CURRENT_USER\\Software\\Classes",
            "HKEY_CURRENT_USER\\Software\\Classes\\Local Settings",
            "HKEY_CURRENT_USER\\Software\\Classes\\Local Settings\\MuiCache\\4d\\52C64B7E",
            "HKEY_CURRENT_USER\\Software\\Microsoft\\SystemCertificates\\CA",
            "HKEY_CURRENT_USER\\Software\\Microsoft\\SystemCertificates\\CA\\CRLs",
            "HKEY_CURRENT_USER\\Software\\Microsoft\\SystemCertificates\\CA\\CTLs",
            "HKEY_CURRENT_USER\\Software\\Microsoft\\SystemCertificates\\CA\\Certificates",
            "HKEY_CURRENT_USER\\Software\\Microsoft\\SystemCertificates\\Disallowed",
            "HKEY_CURRENT_USER\\Software\\Microsoft\\SystemCertificates\\Disallowed\\CRLs",
            "HKEY_CURRENT_USER\\Software\\Microsoft\\SystemCertificates\\Disallowed\\CTLs",
            "HKEY_CURRENT_USER\\Software\\Microsoft\\SystemCertificates\\Disallowed\\Certificates",
            "HKEY_CURRENT_USER\\Software\\Microsoft\\SystemCertificates\\Root",
            "HKEY_CURRENT_USER\\Software\\Microsoft\\SystemCertificates\\Root\\CRLs",
            "HKEY_CURRENT_USER\\Software\\Microsoft\\SystemCertificates\\Root\\CTLs",
            "HKEY_CURRENT_USER\\Software\\Microsoft\\SystemCertificates\\Root\\Certificates",
            "HKEY_CURRENT_USER\\Software\\Microsoft\\SystemCertificates\\SmartCardRoot",
            "HKEY_CURRENT_USER\\Software\\Microsoft\\SystemCertificates\\SmartCardRoot\\CRLs",
            "HKEY_CURRENT_USER\\Software\\Microsoft\\SystemCertificates\\SmartCardRoot\\CTLs",
            "HKEY_CURRENT_USER\\Software\\Microsoft\\SystemCertificates\\SmartCardRoot\\Certificates",
            "HKEY_CURRENT_USER\\Software\\Microsoft\\SystemCertificates\\TrustedPeople",
            "HKEY_CURRENT_USER\\Software\\Microsoft\\SystemCertificates\\TrustedPeople\\CRLs",
            "HKEY_CURRENT_USER\\Software\\Microsoft\\SystemCertificates\\TrustedPeople\\CTLs",
            "HKEY_CURRENT_USER\\Software\\Microsoft\\SystemCertificates\\TrustedPeople\\Certificates",
            "HKEY_CURRENT_USER\\Software\\Microsoft\\SystemCertificates\\trust",
            "HKEY_CURRENT_USER\\Software\\Microsoft\\SystemCertificates\\trust\\CRLs",
            "HKEY_CURRENT_USER\\Software\\Microsoft\\SystemCertificates\\trust\\CTLs",
            "HKEY_CURRENT_USER\\Software\\Microsoft\\SystemCertificates\\trust\\Certificates",
            "HKEY_CURRENT_USER\\Software\\Microsoft\\Windows NT\\CurrentVersion",
            "HKEY_CURRENT_USER\\Software\\Microsoft\\Windows NT\\CurrentVersion\\AppCompatFlags\\Layers",
            "HKEY_CURRENT_USER\\Software\\Microsoft\\Windows\\CurrentVersion\\Applets",
            "HKEY_CURRENT_USER\\Software\\Microsoft\\Windows\\CurrentVersion\\Applets\\Paint",
            "HKEY_CURRENT_USER\\Software\\Microsoft\\Windows\\CurrentVersion\\Applets\\Paint\\Recent File List",
            "HKEY_CURRENT_USER\\Software\\Microsoft\\Windows\\CurrentVersion\\Applets\\Paint\\Ribbon",
            "HKEY_CURRENT_USER\\Software\\Microsoft\\Windows\\CurrentVersion\\Applets\\Paint\\Settings",
            "HKEY_CURRENT_USER\\Software\\Microsoft\\Windows\\CurrentVersion\\Applets\\Paint\\Text",
            "HKEY_CURRENT_USER\\Software\\Microsoft\\Windows\\CurrentVersion\\Applets\\Paint\\View",
            "HKEY_CURRENT_USER\\Software\\Microsoft\\Windows\\CurrentVersion\\Explorer\\Shell Folders",
            "HKEY_CURRENT_USER\\Software\\Policies\\Microsoft\\SystemCertificates\\CA",
            "HKEY_CURRENT_USER\\Software\\Policies\\Microsoft\\SystemCertificates\\CA\\CRLs",
            "HKEY_CURRENT_USER\\Software\\Policies\\Microsoft\\SystemCertificates\\CA\\CTLs",
            "HKEY_CURRENT_USER\\Software\\Policies\\Microsoft\\SystemCertificates\\CA\\Certificates",
            "HKEY_CURRENT_USER\\Software\\Policies\\Microsoft\\SystemCertificates\\Disallowed",
            "HKEY_CURRENT_USER\\Software\\Policies\\Microsoft\\SystemCertificates\\Disallowed\\CRLs",
            "HKEY_CURRENT_USER\\Software\\Policies\\Microsoft\\SystemCertificates\\Disallowed\\CTLs",
            "HKEY_CURRENT_USER\\Software\\Policies\\Microsoft\\SystemCertificates\\Disallowed\\Certificates",
            "HKEY_CURRENT_USER\\Software\\Policies\\Microsoft\\SystemCertificates\\TrustedPeople",
            "HKEY_CURRENT_USER\\Software\\Policies\\Microsoft\\SystemCertificates\\TrustedPeople\\CRLs",
            "HKEY_CURRENT_USER\\Software\\Policies\\Microsoft\\SystemCertificates\\TrustedPeople\\CTLs",
            "HKEY_CURRENT_USER\\Software\\Policies\\Microsoft\\SystemCertificates\\TrustedPeople\\Certificates",
            "HKEY_CURRENT_USER\\Software\\Policies\\Microsoft\\SystemCertificates\\trust",
            "HKEY_CURRENT_USER\\Software\\Policies\\Microsoft\\SystemCertificates\\trust\\CRLs",
            "HKEY_CURRENT_USER\\Software\\Policies\\Microsoft\\SystemCertificates\\trust\\CTLs",
            "HKEY_CURRENT_USER\\Software\\Policies\\Microsoft\\SystemCertificates\\trust\\Certificates",
            "HKEY_CURRENT_USER\\software",
            "HKEY_CURRENT_USER_Classes",
            "HKEY_CURRENT_USER_Classes\\.dll",
            "HKEY_CURRENT_USER_Classes\\AppID\\mspaint.exe",
            "HKEY_CURRENT_USER_Classes\\CLSID\\{0010668C-0801-4DA6-A4A4-826522B6D28F}",
            "HKEY_CURRENT_USER_Classes\\CLSID\\{0010668C-0801-4DA6-A4A4-826522B6D28F}\\Containers",
            "HKEY_CURRENT_USER_Classes\\CLSID\\{01B90D9A-8209-47F7-9C52-E1244BF50CED}",
            "HKEY_CURRENT_USER_Classes\\CLSID\\{01B90D9A-8209-47F7-9C52-E1244BF50CED}\\Containers",
            "HKEY_CURRENT_USER_Classes\\CLSID\\{02805F1E-D5AA-415B-82C5-61C033A988A6}",
            "HKEY_CURRENT_USER_Classes\\CLSID\\{02805F1E-D5AA-415B-82C5-61C033A988A6}\\Containers",
            "HKEY_CURRENT_USER_Classes\\CLSID\\{03012959-F4F6-44D7-9D09-DAA087A9DB57}",
            "HKEY_CURRENT_USER_Classes\\CLSID\\{03012959-F4F6-44D7-9D09-DAA087A9DB57}\\Containers",
            "HKEY_CURRENT_USER_Classes\\CLSID\\{0F7434B6-59B6-4250-999E-D168D6AE4293}",
            "HKEY_CURRENT_USER_Classes\\CLSID\\{0F7434B6-59B6-4250-999E-D168D6AE4293}\\Elevation",
            "HKEY_CURRENT_USER_Classes\\CLSID\\{0F7434B6-59B6-4250-999E-D168D6AE4293}\\InProcServer32",
            "HKEY_CURRENT_USER_Classes\\CLSID\\{0F7434B6-59B6-4250-999E-D168D6AE4293}\\InprocHandler",
            "HKEY_CURRENT_USER_Classes\\CLSID\\{0F7434B6-59B6-4250-999E-D168D6AE4293}\\InprocHandler32",
            "HKEY_CURRENT_USER_Classes\\CLSID\\{0F7434B6-59B6-4250-999E-D168D6AE4293}\\InprocServer32",
            "HKEY_CURRENT_USER_Classes\\CLSID\\{0F7434B6-59B6-4250-999E-D168D6AE4293}\\LocalServer",
            "HKEY_CURRENT_USER_Classes\\CLSID\\{0F7434B6-59B6-4250-999E-D168D6AE4293}\\LocalServer32",
            "HKEY_CURRENT_USER_Classes\\CLSID\\{0F7434B6-59B6-4250-999E-D168D6AE4293}\\TreatAs",
            "HKEY_CURRENT_USER_Classes\\CLSID\\{11659A23-5884-4D1B-9CF6-67D6F4F90B36}",
            "HKEY_CURRENT_USER_Classes\\CLSID\\{11659a23-5884-4d1b-9cf6-67d6f4f90b36}",
            "HKEY_CURRENT_USER_Classes\\CLSID\\{11659a23-5884-4d1b-9cf6-67d6f4f90b36}\\Elevation",
            "HKEY_CURRENT_USER_Classes\\CLSID\\{11659a23-5884-4d1b-9cf6-67d6f4f90b36}\\InProcServer32",
            "HKEY_CURRENT_USER_Classes\\CLSID\\{11659a23-5884-4d1b-9cf6-67d6f4f90b36}\\InprocHandler",
            "HKEY_CURRENT_USER_Classes\\CLSID\\{11659a23-5884-4d1b-9cf6-67d6f4f90b36}\\InprocHandler32",
            "HKEY_CURRENT_USER_Classes\\CLSID\\{11659a23-5884-4d1b-9cf6-67d6f4f90b36}\\InprocServer32",
            "HKEY_CURRENT_USER_Classes\\CLSID\\{11659a23-5884-4d1b-9cf6-67d6f4f90b36}\\LocalServer",
            "HKEY_CURRENT_USER_Classes\\CLSID\\{11659a23-5884-4d1b-9cf6-67d6f4f90b36}\\LocalServer32",
            "HKEY_CURRENT_USER_Classes\\CLSID\\{11659a23-5884-4d1b-9cf6-67d6f4f90b36}\\TreatAs",
            "HKEY_CURRENT_USER_Classes\\CLSID\\{317D06E8-5F24-433D-BDF7-79CE68D8ABC2}",
            "HKEY_CURRENT_USER_Classes\\CLSID\\{317D06E8-5F24-433D-BDF7-79CE68D8ABC2}\\Elevation",
            "HKEY_CURRENT_USER_Classes\\CLSID\\{317D06E8-5F24-433D-BDF7-79CE68D8ABC2}\\InProcServer32",
            "HKEY_CURRENT_USER_Classes\\CLSID\\{317D06E8-5F24-433D-BDF7-79CE68D8ABC2}\\InprocHandler",
            "HKEY_CURRENT_USER_Classes\\CLSID\\{317D06E8-5F24-433D-BDF7-79CE68D8ABC2}\\InprocHandler32",
            "HKEY_CURRENT_USER_Classes\\CLSID\\{317D06E8-5F24-433D-BDF7-79CE68D8ABC2}\\InprocServer32",
            "HKEY_CURRENT_USER_Classes\\CLSID\\{317D06E8-5F24-433D-BDF7-79CE68D8ABC2}\\LocalServer",
            "HKEY_CURRENT_USER_Classes\\CLSID\\{317D06E8-5F24-433D-BDF7-79CE68D8ABC2}\\LocalServer32",
            "HKEY_CURRENT_USER_Classes\\CLSID\\{317D06E8-5F24-433D-BDF7-79CE68D8ABC2}\\TreatAs",
            "HKEY_CURRENT_USER_Classes\\CLSID\\{32665929-D77E-4AB5-8C08-FBF409B8A233}",
            "HKEY_CURRENT_USER_Classes\\CLSID\\{32665929-D77E-4ab5-8C08-FBF409B8A233}",
            "HKEY_CURRENT_USER_Classes\\CLSID\\{32665929-D77E-4ab5-8C08-FBF409B8A233}\\Elevation",
            "HKEY_CURRENT_USER_Classes\\CLSID\\{32665929-D77E-4ab5-8C08-FBF409B8A233}\\InProcServer32",
            "HKEY_CURRENT_USER_Classes\\CLSID\\{32665929-D77E-4ab5-8C08-FBF409B8A233}\\InprocHandler",
            "HKEY_CURRENT_USER_Classes\\CLSID\\{32665929-D77E-4ab5-8C08-FBF409B8A233}\\InprocHandler32",
            "HKEY_CURRENT_USER_Classes\\CLSID\\{32665929-D77E-4ab5-8C08-FBF409B8A233}\\InprocServer32",
            "HKEY_CURRENT_USER_Classes\\CLSID\\{32665929-D77E-4ab5-8C08-FBF409B8A233}\\LocalServer",
            "HKEY_CURRENT_USER_Classes\\CLSID\\{32665929-D77E-4ab5-8C08-FBF409B8A233}\\LocalServer32",
            "HKEY_CURRENT_USER_Classes\\CLSID\\{32665929-D77E-4ab5-8C08-FBF409B8A233}\\TreatAs",
            "HKEY_CURRENT_USER_Classes\\CLSID\\{3697790B-223B-484E-9925-C4869218F17A}",
            "HKEY_CURRENT_USER_Classes\\CLSID\\{3697790B-223B-484E-9925-C4869218F17A}\\Containers",
            "HKEY_CURRENT_USER_Classes\\CLSID\\{41070793-59E4-479A-A1F7-954ADC2EF5FC}",
            "HKEY_CURRENT_USER_Classes\\CLSID\\{43324B33-A78F-480F-9111-9638AACCC832}",
            "HKEY_CURRENT_USER_Classes\\CLSID\\{43324B33-A78F-480F-9111-9638AACCC832}\\Containers",
            "HKEY_CURRENT_USER_Classes\\CLSID\\{4B59AFCC-B8C3-408A-B670-89E5FAB6FDA7}",
            "HKEY_CURRENT_USER_Classes\\CLSID\\{4B59AFCC-B8C3-408A-B670-89E5FAB6FDA7}\\Containers",
            "HKEY_CURRENT_USER_Classes\\CLSID\\{4DB1AD10-3391-11D2-9A33-00C04FA36145}",
            "HKEY_CURRENT_USER_Classes\\CLSID\\{4DB1AD10-3391-11D2-9A33-00C04FA36145}\\Elevation",
            "HKEY_CURRENT_USER_Classes\\CLSID\\{4DB1AD10-3391-11D2-9A33-00C04FA36145}\\InProcServer32",
            "HKEY_CURRENT_USER_Classes\\CLSID\\{4DB1AD10-3391-11D2-9A33-00C04FA36145}\\InprocHandler",
            "HKEY_CURRENT_USER_Classes\\CLSID\\{4DB1AD10-3391-11D2-9A33-00C04FA36145}\\InprocHandler32",
            "HKEY_CURRENT_USER_Classes\\CLSID\\{4DB1AD10-3391-11D2-9A33-00C04FA36145}\\InprocServer32",
            "HKEY_CURRENT_USER_Classes\\CLSID\\{4DB1AD10-3391-11D2-9A33-00C04FA36145}\\LocalServer",
            "HKEY_CURRENT_USER_Classes\\CLSID\\{4DB1AD10-3391-11D2-9A33-00C04FA36145}\\LocalServer32",
            "HKEY_CURRENT_USER_Classes\\CLSID\\{4DB1AD10-3391-11D2-9A33-00C04FA36145}\\TreatAs",
            "HKEY_CURRENT_USER_Classes\\CLSID\\{50D42F09-ECD1-4B41-B65D-DA1FDAA75663}",
            "HKEY_CURRENT_USER_Classes\\CLSID\\{50D42F09-ECD1-4B41-B65D-DA1FDAA75663}\\Containers",
            "HKEY_CURRENT_USER_Classes\\CLSID\\{5805137A-E348-4F7C-B3CC-6DB9965A0599}",
            "HKEY_CURRENT_USER_Classes\\CLSID\\{5805137A-E348-4F7C-B3CC-6DB9965A0599}\\Containers",
            "HKEY_CURRENT_USER_Classes\\CLSID\\{5FDD51E2-A9D0-44CE-8C8D-162BA0C591A0}",
            "HKEY_CURRENT_USER_Classes\\CLSID\\{5FDD51E2-A9D0-44CE-8C8D-162BA0C591A0}\\Formats",
            "HKEY_CURRENT_USER_Classes\\CLSID\\{5FDD51E2-A9D0-44CE-8C8D-162BA0C591A0}\\InProcServer32",
            "HKEY_CURRENT_USER_Classes\\CLSID\\{5FDD51E2-A9D0-44CE-8C8D-162BA0C591A0}\\InprocServer32",
            "HKEY_CURRENT_USER_Classes\\CLSID\\{5FDD51E2-A9D0-44CE-8C8D-162BA0C591A0}\\Patterns",
            "HKEY_CURRENT_USER_Classes\\CLSID\\{5FDD51E2-A9D0-44CE-8C8D-162BA0C591A0}\\Patterns\\0",
            "HKEY_CURRENT_USER_Classes\\CLSID\\{5FDD51E2-A9D0-44CE-8C8D-162BA0C591A0}\\Patterns\\1",
            "HKEY_CURRENT_USER_Classes\\CLSID\\{5FDD51E2-A9D0-44CE-8C8D-162BA0C591A0}\\Patterns\\10",
            "HKEY_CURRENT_USER_Classes\\CLSID\\{5FDD51E2-A9D0-44CE-8C8D-162BA0C591A0}\\Patterns\\11",
            "HKEY_CURRENT_USER_Classes\\CLSID\\{5FDD51E2-A9D0-44CE-8C8D-162BA0C591A0}\\Patterns\\12",
            "HKEY_CURRENT_USER_Classes\\CLSID\\{5FDD51E2-A9D0-44CE-8C8D-162BA0C591A0}\\Patterns\\2",
            "HKEY_CURRENT_USER_Classes\\CLSID\\{5FDD51E2-A9D0-44CE-8C8D-162BA0C591A0}\\Patterns\\3",
            "HKEY_CURRENT_USER_Classes\\CLSID\\{5FDD51E2-A9D0-44CE-8C8D-162BA0C591A0}\\Patterns\\4",
            "HKEY_CURRENT_USER_Classes\\CLSID\\{5FDD51E2-A9D0-44CE-8C8D-162BA0C591A0}\\Patterns\\5",
            "HKEY_CURRENT_USER_Classes\\CLSID\\{5FDD51E2-A9D0-44CE-8C8D-162BA0C591A0}\\Patterns\\6",
            "HKEY_CURRENT_USER_Classes\\CLSID\\{5FDD51E2-A9D0-44CE-8C8D-162BA0C591A0}\\Patterns\\7",
            "HKEY_CURRENT_USER_Classes\\CLSID\\{5FDD51E2-A9D0-44CE-8C8D-162BA0C591A0}\\Patterns\\8",
            "HKEY_CURRENT_USER_Classes\\CLSID\\{5FDD51E2-A9D0-44CE-8C8D-162BA0C591A0}\\Patterns\\9",
            "HKEY_CURRENT_USER_Classes\\CLSID\\{699745C2-5066-4B82-A8E3-D40478DBEC8C}",
            "HKEY_CURRENT_USER_Classes\\CLSID\\{699745C2-5066-4B82-A8E3-D40478DBEC8C}\\Containers",
            "HKEY_CURRENT_USER_Classes\\CLSID\\{72B624DF-AE11-4948-A65C-351EB0829419}",
            "HKEY_CURRENT_USER_Classes\\CLSID\\{72B624DF-AE11-4948-A65C-351EB0829419}\\Containers",
            "HKEY_CURRENT_USER_Classes\\CLSID\\{7ED96837-96F0-4812-B211-F13C24117ED3}\\Instance",
            "HKEY_CURRENT_USER_Classes\\CLSID\\{7ED96837-96F0-4812-B211-F13C24117ED3}\\Instance\\{5FDD51E2-A9D0-44CE-8C8D-162BA0C591A0}",
            "HKEY_CURRENT_USER_Classes\\CLSID\\{7F12E753-FC71-43D7-A51D-92F35977ABB5}",
            "HKEY_CURRENT_USER_Classes\\CLSID\\{7F12E753-FC71-43D7-A51D-92F35977ABB5}\\Containers",
            "HKEY_CURRENT_USER_Classes\\CLSID\\{8F914656-9D0A-4EB2-9019-0BF96D8A9EE6}",
            "HKEY_CURRENT_USER_Classes\\CLSID\\{8F914656-9D0A-4EB2-9019-0BF96D8A9EE6}\\Containers",
            "HKEY_CURRENT_USER_Classes\\CLSID\\{926749FA-2615-4987-8845-C33E65F2B957}",
            "HKEY_CURRENT_USER_Classes\\CLSID\\{926749fa-2615-4987-8845-c33e65f2b957}",
            "HKEY_CURRENT_USER_Classes\\CLSID\\{926749fa-2615-4987-8845-c33e65f2b957}\\Elevation",
            "HKEY_CURRENT_USER_Classes\\CLSID\\{926749fa-2615-4987-8845-c33e65f2b957}\\InProcServer32",
            "HKEY_CURRENT_USER_Classes\\CLSID\\{926749fa-2615-4987-8845-c33e65f2b957}\\InprocHandler",
            "HKEY_CURRENT_USER_Classes\\CLSID\\{926749fa-2615-4987-8845-c33e65f2b957}\\InprocHandler32",
            "HKEY_CURRENT_USER_Classes\\CLSID\\{926749fa-2615-4987-8845-c33e65f2b957}\\InprocServer32",
            "HKEY_CURRENT_USER_Classes\\CLSID\\{926749fa-2615-4987-8845-c33e65f2b957}\\LocalServer",
            "HKEY_CURRENT_USER_Classes\\CLSID\\{926749fa-2615-4987-8845-c33e65f2b957}\\LocalServer32",
            "HKEY_CURRENT_USER_Classes\\CLSID\\{926749fa-2615-4987-8845-c33e65f2b957}\\TreatAs",
            "HKEY_CURRENT_USER_Classes\\CLSID\\{A1F4E726-8CF1-11D1-BF92-0060081ED811}",
            "HKEY_CURRENT_USER_Classes\\CLSID\\{A1F4E726-8CF1-11D1-BF92-0060081ED811}\\InprocHandler",
            "HKEY_CURRENT_USER_Classes\\CLSID\\{A1F4E726-8CF1-11D1-BF92-0060081ED811}\\InprocHandler32",
            "HKEY_CURRENT_USER_Classes\\CLSID\\{A1F4E726-8CF1-11D1-BF92-0060081ED811}\\InprocServer32",
            "HKEY_CURRENT_USER_Classes\\CLSID\\{A1F4E726-8CF1-11D1-BF92-0060081ED811}\\TreatAs",
            "HKEY_CURRENT_USER_Classes\\CLSID\\{AA7E3C50-864C-4604-BC04-8B0B76E637F6}",
            "HKEY_CURRENT_USER_Classes\\CLSID\\{AA7E3C50-864C-4604-BC04-8B0B76E637F6}\\Containers",
            "HKEY_CURRENT_USER_Classes\\CLSID\\{AA94DCC2-B8B0-4898-B835-000AABD74393}",
            "HKEY_CURRENT_USER_Classes\\CLSID\\{AA94DCC2-B8B0-4898-B835-000AABD74393}\\Containers",
            "HKEY_CURRENT_USER_Classes\\CLSID\\{B5C8B898-0074-459F-B700-860D4651EA14}",
            "HKEY_CURRENT_USER_Classes\\CLSID\\{B5C8B898-0074-459F-B700-860D4651EA14}\\Containers",
            "HKEY_CURRENT_USER_Classes\\CLSID\\{D4DCD3D7-B4C2-47D9-A6BF-B89BA396A4A3}",
            "HKEY_CURRENT_USER_Classes\\CLSID\\{D4DCD3D7-B4C2-47D9-A6BF-B89BA396A4A3}\\Containers",
            "HKEY_CURRENT_USER_Classes\\CLSID\\{D9403860-297F-4A49-BF9B-77898150A442}",
            "HKEY_CURRENT_USER_Classes\\CLSID\\{D9403860-297F-4A49-BF9B-77898150A442}\\Containers",
            "HKEY_CURRENT_USER_Classes\\CLSID\\{DDE33513-774E-4BCD-AE79-02F4ADFE62FC}",
            "HKEY_CURRENT_USER_Classes\\CLSID\\{DDE33513-774E-4BCD-AE79-02F4ADFE62FC}\\Containers",
            "HKEY_CURRENT_USER_Classes\\CLSID\\{E7E79A30-4F2C-4FAB-8D00-394F2D6BBEBE}",
            "HKEY_CURRENT_USER_Classes\\CLSID\\{E7E79A30-4F2C-4FAB-8D00-394F2D6BBEBE}\\Containers",
            "HKEY_CURRENT_USER_Classes\\CLSID\\{FAE3D380-FEA4-4623-8C75-C6B61110B681}\\Instance",
            "HKEY_CURRENT_USER_Classes\\CLSID\\{FAE3D380-FEA4-4623-8C75-C6B61110B681}\\Instance\\Disabled",
            "HKEY_CURRENT_USER_Classes\\CLSID\\{FB012959-F4F6-44D7-9D09-DAA087A9DB57}",
            "HKEY_CURRENT_USER_Classes\\CLSID\\{FB012959-F4F6-44D7-9D09-DAA087A9DB57}\\Containers",
            "HKEY_CURRENT_USER_Classes\\Interface\\{00000134-0000-0000-C000-000000000046}",
            "HKEY_CURRENT_USER_Classes\\Interface\\{00000134-0000-0000-C000-000000000046}\\ProxyStubClsid32",
            "HKEY_CURRENT_USER_Classes\\Interface\\{5E38B83C-8CF1-11D1-BF92-0060081ED811}",
            "HKEY_CURRENT_USER_Classes\\Interface\\{5E38B83C-8CF1-11D1-BF92-0060081ED811}\\ProxyStubClsid32",
            "HKEY_CURRENT_USER_Classes\\Interface\\{5EB2502A-8CF1-11D1-BF92-0060081ED811}",
            "HKEY_CURRENT_USER_Classes\\Interface\\{5EB2502A-8CF1-11D1-BF92-0060081ED811}\\ProxyStubClsid32",
            "HKEY_CURRENT_USER_Classes\\Interface\\{C50898F6-C536-5F47-8583-8B2C2438A13B}",
            "HKEY_CURRENT_USER_Classes\\Interface\\{c50898f6-c536-5f47-8583-8b2c2438a13b}\\ProxyStubClsid32",
            "HKEY_CURRENT_USER_Classes\\Local Settings\\Software\\Microsoft",
            "HKEY_CURRENT_USER_Classes\\Local Settings\\Software\\Microsoft\\Ole",
            "HKEY_CURRENT_USER_Classes\\Local Settings\\Software\\Microsoft\\Ole\\FeatureDevelopmentProperties",
            "HKEY_CURRENT_USER_Classes\\dllfile",
            "HKEY_CURRENT_USER_Classes\\dllfile\\AutoRegister",
            "HKEY_LOCAL_MACHINE\\SOFTWARE\\Classes\\CLSID\\{0010668C-0801-4DA6-A4A4-826522B6D28F}\\Containers",
            "HKEY_LOCAL_MACHINE\\SOFTWARE\\Classes\\CLSID\\{01B90D9A-8209-47F7-9C52-E1244BF50CED}\\Containers"
        ],
        "processes_injected": [
            "mspaint.exe",
            "<SYSTEM32>\\mspaint.exe"
        ],
        "processes_terminated": [
            "C:\\windows\\system32\\rundll32.exe",
            "C:\\Windows\\system32\\mspaint.exe",
            "<SYSTEM32>\\regsvr32.exe",
            "<SYSTEM32>\\wbem\\wmiprvse.exe"
        ],
        "processes_created": [
            "C:\\windows\\system32\\rundll32.exe",
            "C:\\Windows\\system32\\mspaint.exe",
            "<SYSTEM32>\\regsvr32.exe",
            "<SYSTEM32>\\mspaint.exe",
            "<SYSTEM32>\\svchost.exe",
            "<SYSTEM32>\\wbem\\wmic.exe",
            "<SYSTEM32>\\conhost.exe",
            "<SYSTEM32>\\wbem\\wmiprvse.exe",
            "<SYSTEM32>\\systeminfo.exe",
            "C:\\WINDOWS\\system32\\regsvr32.exe",
            "C:\\Users\\Lucas\\AppData\\Local\\Temp\\rundll32.exe",
            "C:\\Windows\\System32\\Wbem\\wmic.exe",
            "C:\\WINDOWS\\system32\\systeminfo.exe",
            "C:\\WINDOWS\\system32\\ipconfig.exe"
        ],
        "sigma_analysis_results": [
            {
                "match_context": [
                    {
                        "values": {
                            "RuleName": "-",
                            "SourceProcessId": "7604",
                            "SourceProcessGuid": "C784477D-E554-6318-D30A-000000004700",
                            "TargetProcessId": "7648",
                            "EventID": "8",
                            "SourceImage": "C:\\Windows\\System32\\regsvr32.exe",
                            "StartFunction": "-",
                            "TargetProcessGuid": "C784477D-E554-6318-D60A-000000004700",
                            "UtcTime": "2022-09-07 18:39:19.625",
                            "StartModule": "-",
                            "TargetImage": "C:\\Windows\\System32\\mspaint.exe",
                            "StartAddress": "0x0000023320868042",
                            "NewThreadId": "7896"
                        }
                    },
                    {
                        "values": {
                            "RuleName": "-",
                            "SourceProcessId": "7604",
                            "SourceProcessGuid": "{C784477D-E554-6318-D30A-000000004700}",
                            "TargetProcessId": "7648",
                            "EventID": "8",
                            "SourceImage": "C:\\Windows\\System32\\regsvr32.exe",
                            "StartFunction": "-",
                            "TargetProcessGuid": "{C784477D-E554-6318-D60A-000000004700}",
                            "UtcTime": "1662575959",
                            "StartModule": "-",
                            "TargetImage": "C:\\Windows\\System32\\mspaint.exe",
                            "StartAddress": "2418612273218",
                            "NewThreadId": "7896"
                        }
                    }
                ],
                "rule_level": "high",
                "rule_id": "5242ae9a7c0bb9967f443e598ba4d27edfa69ca76b6fbb7ad0d569f7e9067668",
                "rule_source": "Sigma Integrated Rule Set (GitHub)",
                "rule_title": "Suspicious Remote Thread Source",
                "rule_description": "Offensive tradecraft is switching away from using APIs like \"CreateRemoteThread\", however, this is still largely observed in the wild. This rule aims to detect suspicious processes (those we would not expect to behave in this way like word.exe or outlook.exe) creating remote threads on other processes. It is a generalistic rule, but it should have a low FP ratio due to the selected range of processes.",
                "rule_author": "Perez Diego (@darkquassar), oscd.community"
            },
            {
                "match_context": [
                    {
                        "values": {
                            "RuleName": "-",
                            "SourceProcessId": "7604",
                            "SourceProcessGuid": "C784477D-E554-6318-D30A-000000004700",
                            "TargetProcessId": "7648",
                            "StartFunction": "-",
                            "SourceImage": "C:\\Windows\\System32\\regsvr32.exe",
                            "EventID": "8",
                            "TargetProcessGuid": "C784477D-E554-6318-D60A-000000004700",
                            "UtcTime": "2022-09-07 18:39:19.625",
                            "StartModule": "-",
                            "TargetImage": "C:\\Windows\\System32\\mspaint.exe",
                            "StartAddress": "0x0000023320868042",
                            "NewThreadId": "7896"
                        }
                    },
                    {
                        "values": {
                            "RuleName": "-",
                            "SourceProcessId": "7616",
                            "SourceProcessGuid": "C784477D-E554-6318-D40A-000000004700",
                            "TargetProcessId": "7668",
                            "EventID": "8",
                            "SourceImage": "C:\\Windows\\System32\\rundll32.exe",
                            "StartFunction": "-",
                            "TargetProcessGuid": "C784477D-E555-6318-D70A-000000004700",
                            "UtcTime": "2022-09-07 18:39:19.641",
                            "StartModule": "-",
                            "TargetImage": "C:\\Windows\\System32\\mspaint.exe",
                            "StartAddress": "0x000002892A868042",
                            "NewThreadId": "7904"
                        }
                    },
                    {
                        "values": {
                            "RuleName": "-",
                            "SourceProcessId": "7632",
                            "SourceProcessGuid": "C784477D-E554-6318-D50A-000000004700",
                            "TargetProcessId": "7688",
                            "EventID": "8",
                            "SourceImage": "C:\\Windows\\System32\\rundll32.exe",
                            "StartFunction": "-",
                            "TargetProcessGuid": "C784477D-E555-6318-D80A-000000004700",
                            "UtcTime": "2022-09-07 18:39:20.406",
                            "StartModule": "-",
                            "TargetImage": "C:\\Windows\\System32\\mspaint.exe",
                            "StartAddress": "0x000002C03F9D8042",
                            "NewThreadId": "7920"
                        }
                    },
                    {
                        "values": {
                            "RuleName": "-",
                            "SourceProcessId": "7912",
                            "SourceProcessGuid": "C784477D-E558-6318-DB0A-000000004700",
                            "TargetProcessId": "7948",
                            "StartFunction": "-",
                            "SourceImage": "C:\\Windows\\System32\\rundll32.exe",
                            "EventID": "8",
                            "TargetProcessGuid": "C784477D-E558-6318-DD0A-000000004700",
                            "UtcTime": "2022-09-07 18:39:22.937",
                            "StartModule": "-",
                            "TargetImage": "C:\\Windows\\System32\\mspaint.exe",
                            "StartAddress": "0x0000018FBDDA8042",
                            "NewThreadId": "7996"
                        }
                    },
                    {
                        "values": {
                            "RuleName": "-",
                            "SourceProcessId": "8004",
                            "SourceProcessGuid": "C784477D-E55B-6318-DE0A-000000004700",
                            "TargetProcessId": "8032",
                            "EventID": "8",
                            "SourceImage": "C:\\Windows\\System32\\rundll32.exe",
                            "StartFunction": "-",
                            "TargetProcessGuid": "C784477D-E55C-6318-E00A-000000004700",
                            "UtcTime": "2022-09-07 18:39:26.109",
                            "StartModule": "-",
                            "TargetImage": "C:\\Windows\\System32\\mspaint.exe",
                            "StartAddress": "0x00000187067E8042",
                            "NewThreadId": "8128"
                        }
                    },
                    {
                        "values": {
                            "RuleName": "-",
                            "SourceProcessId": "7528",
                            "SourceProcessGuid": "C784477D-E553-6318-D00A-000000004700",
                            "TargetProcessId": "8156",
                            "StartFunction": "-",
                            "SourceImage": "C:\\Windows\\System32\\loaddll64.exe",
                            "EventID": "8",
                            "TargetProcessGuid": "C784477D-E55E-6318-E40A-000000004700",
                            "UtcTime": "2022-09-07 18:39:29.250",
                            "StartModule": "-",
                            "TargetImage": "C:\\Windows\\System32\\mspaint.exe",
                            "StartAddress": "0x000002CA49508042",
                            "NewThreadId": "6876"
                        }
                    },
                    {
                        "values": {
                            "RuleName": "-",
                            "SourceProcessId": "7604",
                            "SourceProcessGuid": "{C784477D-E554-6318-D30A-000000004700}",
                            "TargetProcessId": "7648",
                            "StartFunction": "-",
                            "SourceImage": "C:\\Windows\\System32\\regsvr32.exe",
                            "EventID": "8",
                            "TargetProcessGuid": "{C784477D-E554-6318-D60A-000000004700}",
                            "UtcTime": "1662575959",
                            "StartModule": "-",
                            "TargetImage": "C:\\Windows\\System32\\mspaint.exe",
                            "StartAddress": "2418612273218",
                            "NewThreadId": "7896"
                        }
                    },
                    {
                        "values": {
                            "RuleName": "-",
                            "SourceProcessId": "7616",
                            "SourceProcessGuid": "{C784477D-E554-6318-D40A-000000004700}",
                            "TargetProcessId": "7668",
                            "StartFunction": "-",
                            "SourceImage": "C:\\Windows\\System32\\rundll32.exe",
                            "EventID": "8",
                            "TargetProcessGuid": "{C784477D-E555-6318-D70A-000000004700}",
                            "UtcTime": "1662575959",
                            "StartModule": "-",
                            "TargetImage": "C:\\Windows\\System32\\mspaint.exe",
                            "StartAddress": "2788147232834",
                            "NewThreadId": "7904"
                        }
                    },
