                    {
                        "values": {
                            "RuleName": "-",
                            "SourceProcessId": "7632",
                            "SourceProcessGuid": "{C784477D-E554-6318-D50A-000000004700}",
                            "TargetProcessId": "7688",
                            "StartFunction": "-",
                            "SourceImage": "C:\\Windows\\System32\\rundll32.exe",
                            "EventID": "8",
                            "TargetProcessGuid": "{C784477D-E555-6318-D80A-000000004700}",
                            "UtcTime": "1662575960",
                            "StartModule": "-",
                            "TargetImage": "C:\\Windows\\System32\\mspaint.exe",
                            "StartAddress": "3024724262978",
                            "NewThreadId": "7920"
                        }
                    },
                    {
                        "values": {
                            "RuleName": "-",
                            "SourceProcessId": "7912",
                            "SourceProcessGuid": "{C784477D-E558-6318-DB0A-000000004700}",
                            "TargetProcessId": "7948",
                            "StartFunction": "-",
                            "SourceImage": "C:\\Windows\\System32\\rundll32.exe",
                            "EventID": "8",
                            "TargetProcessGuid": "{C784477D-E558-6318-DD0A-000000004700}",
                            "UtcTime": "1662575962",
                            "StartModule": "-",
                            "TargetImage": "C:\\Windows\\System32\\mspaint.exe",
                            "StartAddress": "1716877164610",
                            "NewThreadId": "7996"
                        }
                    },
                    {
                        "values": {
                            "RuleName": "-",
                            "SourceProcessId": "8004",
                            "SourceProcessGuid": "{C784477D-E55B-6318-DE0A-000000004700}",
                            "TargetProcessId": "8032",
                            "StartFunction": "-",
                            "SourceImage": "C:\\Windows\\System32\\rundll32.exe",
                            "EventID": "8",
                            "TargetProcessGuid": "{C784477D-E55C-6318-E00A-000000004700}",
                            "UtcTime": "1662575966",
                            "StartModule": "-",
                            "TargetImage": "C:\\Windows\\System32\\mspaint.exe",
                            "StartAddress": "1679441166402",
                            "NewThreadId": "8128"
                        }
                    },
                    {
                        "values": {
                            "RuleName": "-",
                            "SourceProcessId": "7528",
                            "SourceProcessGuid": "{C784477D-E553-6318-D00A-000000004700}",
                            "TargetProcessId": "8156",
                            "StartFunction": "-",
                            "SourceImage": "C:\\Windows\\System32\\loaddll64.exe",
                            "EventID": "8",
                            "TargetProcessGuid": "{C784477D-E55E-6318-E40A-000000004700}",
                            "UtcTime": "1662575969",
                            "StartModule": "-",
                            "TargetImage": "C:\\Windows\\System32\\mspaint.exe",
                            "StartAddress": "3067836661826",
                            "NewThreadId": "6876"
                        }
                    }
                ],
                "rule_level": "high",
                "rule_id": "ea7ec9e92c165a4cef023fd658ef72279f03378ab53f4481eb973ecb2171b193",
                "rule_source": "Sigma Integrated Rule Set (GitHub)",
                "rule_title": "Remote Thread Creation in Suspicious Targets",
                "rule_description": "Detects a remote thread creation in suspicious target images",
                "rule_author": "Florian Roth"
            },
            {
                "match_context": [
                    {
                        "values": {
                            "RuleName": "-",
                            "CurrentDirectory": "C:\\Program Files (x86)\\AutoIt3\\",
                            "LogonId": "271153",
                            "OriginalFileName": "bcdedit.exe",
                            "UtcTime": "2022-08-18 05:21:09.521",
                            "Description": "Boot Configuration Data Editor",
                            "User": "DESKTOP-B0T93D6\\george",
                            "Hashes": "MD5=C46E3768DB01E7DC3B92EF42CC1B9C73,SHA256=3AD26DB8DC988EAD9E73FECF4D8D888A66F7965AC09F8AF4E3CFCD09028A5B59,IMPHASH=5590A306D0FA939852B69E8411CA102B",
                            "ParentImage": "C:\\Windows\\SysWOW64\\cmd.exe",
                            "IntegrityLevel": "High",
                            "TerminalSessionId": "1",
                            "Image": "C:\\Windows\\System32\\bcdedit.exe",
                            "ParentProcessId": "6332",
                            "ParentProcessGuid": "C784477D-CC45-62FD-9F0A-000000004700",
                            "Product": "Microsoft\u00ae Windows\u00ae Operating System",
                            "LogonGuid": "C784477D-CAF0-62FD-3123-040000000000",
                            "EventID": "1",
                            "ProcessGuid": "C784477D-CC45-62FD-A10A-000000004700",
                            "CommandLine": "C:\\Windows\\Sysnative\\bcdedit.exe  ",
                            "ParentCommandLine": "C:\\Windows\\system32\\cmd.exe /c C:\\Windows\\Sysnative\\bcdedit.exe 1> bcdedit 2>&1",
                            "ProcessId": "7132",
                            "FileVersion": "10.0.17134.950 (WinBuild.160101.0800)",
                            "Company": "Microsoft Corporation"
                        }
                    },
                    {
                        "values": {
                            "RuleName": "-",
                            "CurrentDirectory": "C:\\Program Files (x86)\\AutoIt3\\",
                            "LogonId": "271153",
                            "OriginalFileName": "bcdedit.exe",
                            "UtcTime": "1660800069",
                            "Description": "Boot Configuration Data Editor",
                            "User": "DESKTOP-B0T93D6\\george",
                            "Hashes": "MD5=C46E3768DB01E7DC3B92EF42CC1B9C73,SHA256=3AD26DB8DC988EAD9E73FECF4D8D888A66F7965AC09F8AF4E3CFCD09028A5B59,IMPHASH=5590A306D0FA939852B69E8411CA102B",
                            "ParentImage": "C:\\Windows\\SysWOW64\\cmd.exe",
                            "IntegrityLevel": "High",
                            "TerminalSessionId": "1",
                            "Image": "C:\\Windows\\System32\\bcdedit.exe",
                            "ParentProcessId": "6332",
                            "ParentProcessGuid": "{C784477D-CC45-62FD-9F0A-000000004700}",
                            "Product": "Microsoft\\xae Windows\\xae Operating System",
                            "LogonGuid": "C784477D-CAF0-62FD-3123-040000000000",
                            "EventID": "1",
                            "ProcessGuid": "{C784477D-CC45-62FD-A10A-000000004700}",
                            "CommandLine": "C:\\Windows\\Sysnative\\bcdedit.exe  ",
                            "ParentCommandLine": "C:\\Windows\\system32\\cmd.exe /c C:\\Windows\\Sysnative\\bcdedit.exe 1> bcdedit 2>&1",
                            "ProcessId": "7132",
                            "FileVersion": "10.0.17134.950 (WinBuild.160101.0800)",
                            "Company": "Microsoft Corporation"
                        }
                    }
                ],
                "rule_level": "medium",
                "rule_id": "1dfbc92aba26dc597751f9cf42ff3eac446b827525d1a38ea6fb4141c9f9af01",
                "rule_source": "Sigma Integrated Rule Set (GitHub)",
                "rule_title": "Process Creation Using Sysnative Folder",
                "rule_description": "Detects process creation events that use the Sysnative folder (common for CobaltStrike spawns)",
                "rule_author": "Max Altgelt"
            },
            {
                "match_context": [
                    {
                        "values": {
                            "RuleName": "-",
                            "UtcTime": "2022-09-07 18:39:14.547",
                            "Details": "x264vfw.dll",
                            "ProcessGuid": "C784477D-CC3E-62FD-E809-000000004700",
                            "EventID": "13",
                            "ProcessId": "7144",
                            "Image": "C:\\Program Files (x86)\\Joebox\\client\\joeboxclient.exe",
                            "EventType": "SetValue",
                            "TargetObject": "HKLM\\SOFTWARE\\WOW6432Node\\Microsoft\\Windows NT\\CurrentVersion\\Drivers32\\vidc.x264"
                        }
                    },
                    {
                        "values": {
                            "RuleName": "-",
                            "UtcTime": "1662575954",
                            "Details": "x264vfw.dll",
                            "ProcessGuid": "{C784477D-CC3E-62FD-E809-000000004700}",
                            "EventID": "13",
                            "ProcessId": "7144",
                            "Image": "C:\\Program Files (x86)\\sandbox\\client\\sandbox-client.exe",
                            "EventType": "SetValue",
                            "TargetObject": "HKLM\\SOFTWARE\\WOW6432Node\\Microsoft\\Windows NT\\CurrentVersion\\Drivers32\\vidc.x264"
                        }
                    }
                ],
                "rule_level": "medium",
                "rule_id": "3e5fe19fbbb767b861e93022c3f95d25e1618fc86be75b05326ee57b2f75633c",
                "rule_source": "Sigma Integrated Rule Set (GitHub)",
                "rule_title": "Wow6432Node CurrentVersion Autorun Keys Modification",
                "rule_description": "Detects modification of autostart extensibility point (ASEP) in registry.",
                "rule_author": "Victor Sergeev, Daniil Yugoslavskiy, Gleb Sukhodolskiy, Timur Zinniatullin, oscd.community, Tim Shelton, frack113 (split)"
            },
            {
                "match_context": [
                    {
                        "values": {
                            "RuleName": "-",
                            "CurrentDirectory": "C:\\Users\\george\\Desktop\\",
                            "LogonId": "271153",
                            "OriginalFileName": "wmic.exe",
                            "UtcTime": "2022-09-07 18:40:49.185",
                            "Description": "WMI Commandline Utility",
                            "User": "DESKTOP-B0T93D6\\george",
                            "Hashes": "MD5=EC80E603E0090B3AC3C1234C2BA43A0F,SHA256=D368BCB7934DB0C53D1E7277DCB47AF2B709253CBF0EEE9869EE7E17ED226EA3,IMPHASH=59A9108CA1CECC9147C5FBAB104EBF33",
                            "ParentImage": "C:\\Windows\\System32\\mspaint.exe",
                            "IntegrityLevel": "High",
                            "TerminalSessionId": "1",
                            "Image": "C:\\Windows\\System32\\wbem\\WMIC.exe",
                            "ParentProcessId": "7648",
                            "ParentProcessGuid": "C784477D-E554-6318-D60A-000000004700",
                            "Product": "Microsoft\u00ae Windows\u00ae Operating System",
                            "LogonGuid": "C784477D-CAF0-62FD-3123-040000000000",
                            "EventID": "1",
                            "ProcessGuid": "C784477D-E5B1-6318-F70A-000000004700",
                            "CommandLine": "wmic PATH Win32_Process GET Caption,ProcessID,ParentProcessID,ExecutablePath,CommandLine",
                            "ParentCommandLine": "mspaint.exe",
                            "ProcessId": "5964",
                            "FileVersion": "10.0.17134.1 (WinBuild.160101.0800)",
                            "Company": "Microsoft Corporation"
                        }
                    },
                    {
                        "values": {
                            "RuleName": "-",
                            "CurrentDirectory": "C:\\Users\\george\\Desktop\\",
                            "LogonId": "271153",
                            "OriginalFileName": "wmic.exe",
                            "UtcTime": "2022-09-07 18:40:53.927",
                            "Description": "WMI Commandline Utility",
                            "User": "DESKTOP-B0T93D6\\george",
                            "Hashes": "MD5=EC80E603E0090B3AC3C1234C2BA43A0F,SHA256=D368BCB7934DB0C53D1E7277DCB47AF2B709253CBF0EEE9869EE7E17ED226EA3,IMPHASH=59A9108CA1CECC9147C5FBAB104EBF33",
                            "ParentImage": "C:\\Windows\\System32\\mspaint.exe",
                            "IntegrityLevel": "High",
                            "TerminalSessionId": "1",
                            "Image": "C:\\Windows\\System32\\wbem\\WMIC.exe",
                            "ParentProcessId": "7648",
                            "ParentProcessGuid": "C784477D-E554-6318-D60A-000000004700",
                            "Product": "Microsoft\u00ae Windows\u00ae Operating System",
                            "LogonGuid": "C784477D-CAF0-62FD-3123-040000000000",
                            "EventID": "1",
                            "ProcessGuid": "C784477D-E5B5-6318-F90A-000000004700",
                            "CommandLine": "wmic PATH Win32_Processor GET Name",
                            "ParentCommandLine": "mspaint.exe",
                            "ProcessId": "5928",
                            "FileVersion": "10.0.17134.1 (WinBuild.160101.0800)",
                            "Company": "Microsoft Corporation"
                        }
                    },
                    {
                        "values": {
                            "RuleName": "-",
                            "CurrentDirectory": "C:\\Users\\george\\Desktop\\",
                            "LogonId": "271153",
                            "OriginalFileName": "wmic.exe",
                            "UtcTime": "2022-09-07 18:41:15.461",
                            "Description": "WMI Commandline Utility",
                            "User": "DESKTOP-B0T93D6\\george",
                            "Hashes": "MD5=EC80E603E0090B3AC3C1234C2BA43A0F,SHA256=D368BCB7934DB0C53D1E7277DCB47AF2B709253CBF0EEE9869EE7E17ED226EA3,IMPHASH=59A9108CA1CECC9147C5FBAB104EBF33",
                            "ParentImage": "C:\\Windows\\System32\\mspaint.exe",
                            "IntegrityLevel": "High",
                            "TerminalSessionId": "1",
                            "Image": "C:\\Windows\\System32\\wbem\\WMIC.exe",
                            "ParentProcessId": "7648",
                            "ParentProcessGuid": "C784477D-E554-6318-D60A-000000004700",
                            "Product": "Microsoft\u00ae Windows\u00ae Operating System",
                            "LogonGuid": "C784477D-CAF0-62FD-3123-040000000000",
                            "EventID": "1",
                            "ProcessGuid": "C784477D-E5CB-6318-070B-000000004700",
                            "CommandLine": "wmic PATH Win32_Process GET Caption,ProcessID,ParentProcessID,ExecutablePath,CommandLine",
                            "ParentCommandLine": "mspaint.exe",
                            "ProcessId": "6296",
                            "FileVersion": "10.0.17134.1 (WinBuild.160101.0800)",
                            "Company": "Microsoft Corporation"
                        }
                    },
                    {
                        "values": {
                            "RuleName": "-",
                            "CurrentDirectory": "C:\\Users\\george\\Desktop\\",
                            "LogonId": "271153",
                            "OriginalFileName": "wmic.exe",
                            "UtcTime": "2022-09-07 18:41:19.885",
                            "Description": "WMI Commandline Utility",
                            "User": "DESKTOP-B0T93D6\\george",
                            "Hashes": "MD5=EC80E603E0090B3AC3C1234C2BA43A0F,SHA256=D368BCB7934DB0C53D1E7277DCB47AF2B709253CBF0EEE9869EE7E17ED226EA3,IMPHASH=59A9108CA1CECC9147C5FBAB104EBF33",
                            "ParentImage": "C:\\Windows\\System32\\mspaint.exe",
                            "IntegrityLevel": "High",
                            "TerminalSessionId": "1",
                            "Image": "C:\\Windows\\System32\\wbem\\WMIC.exe",
                            "ParentProcessId": "7648",
                            "ParentProcessGuid": "C784477D-E554-6318-D60A-000000004700",
                            "Product": "Microsoft\u00ae Windows\u00ae Operating System",
                            "LogonGuid": "C784477D-CAF0-62FD-3123-040000000000",
                            "EventID": "1",
                            "ProcessGuid": "C784477D-E5CF-6318-090B-000000004700",
                            "CommandLine": "wmic PATH Win32_Processor GET Name",
                            "ParentCommandLine": "mspaint.exe",
                            "ProcessId": "6920",
                            "FileVersion": "10.0.17134.1 (WinBuild.160101.0800)",
                            "Company": "Microsoft Corporation"
                        }
                    },
                    {
                        "values": {
                            "RuleName": "-",
                            "CurrentDirectory": "C:\\Users\\george\\Desktop\\",
                            "LogonId": "271153",
                            "OriginalFileName": "wmic.exe",
                            "UtcTime": "2022-09-07 18:41:35.175",
                            "Description": "WMI Commandline Utility",
                            "User": "DESKTOP-B0T93D6\\george",
                            "Hashes": "MD5=EC80E603E0090B3AC3C1234C2BA43A0F,SHA256=D368BCB7934DB0C53D1E7277DCB47AF2B709253CBF0EEE9869EE7E17ED226EA3,IMPHASH=59A9108CA1CECC9147C5FBAB104EBF33",
                            "ParentImage": "C:\\Windows\\System32\\mspaint.exe",
                            "IntegrityLevel": "High",
                            "TerminalSessionId": "1",
                            "Image": "C:\\Windows\\System32\\wbem\\WMIC.exe",
                            "ParentProcessId": "7648",
                            "ParentProcessGuid": "C784477D-E554-6318-D60A-000000004700",
                            "Product": "Microsoft\u00ae Windows\u00ae Operating System",
                            "LogonGuid": "C784477D-CAF0-62FD-3123-040000000000",
                            "EventID": "1",
                            "ProcessGuid": "C784477D-E5DF-6318-170B-000000004700",
                            "CommandLine": "wmic PATH Win32_Process GET Caption,ProcessID,ParentProcessID,ExecutablePath,CommandLine",
                            "ParentCommandLine": "mspaint.exe",
                            "ProcessId": "7464",
                            "FileVersion": "10.0.17134.1 (WinBuild.160101.0800)",
                            "Company": "Microsoft Corporation"
                        }
                    },
                    {
                        "values": {
                            "RuleName": "-",
                            "CurrentDirectory": "C:\\Users\\george\\Desktop\\",
                            "LogonId": "271153",
                            "OriginalFileName": "wmic.exe",
                            "UtcTime": "2022-09-07 18:41:35.990",
                            "Description": "WMI Commandline Utility",
                            "User": "DESKTOP-B0T93D6\\george",
                            "Hashes": "MD5=EC80E603E0090B3AC3C1234C2BA43A0F,SHA256=D368BCB7934DB0C53D1E7277DCB47AF2B709253CBF0EEE9869EE7E17ED226EA3,IMPHASH=59A9108CA1CECC9147C5FBAB104EBF33",
                            "ParentImage": "C:\\Windows\\System32\\mspaint.exe",
                            "IntegrityLevel": "High",
                            "TerminalSessionId": "1",
                            "Image": "C:\\Windows\\System32\\wbem\\WMIC.exe",
                            "ParentProcessId": "7648",
                            "ParentProcessGuid": "C784477D-E554-6318-D60A-000000004700",
                            "Product": "Microsoft\u00ae Windows\u00ae Operating System",
                            "LogonGuid": "C784477D-CAF0-62FD-3123-040000000000",
                            "EventID": "1",
                            "ProcessGuid": "C784477D-E5DF-6318-190B-000000004700",
                            "CommandLine": "wmic PATH Win32_Processor GET Name",
                            "ParentCommandLine": "mspaint.exe",
                            "ProcessId": "1144",
                            "FileVersion": "10.0.17134.1 (WinBuild.160101.0800)",
                            "Company": "Microsoft Corporation"
                        }
                    },
                    {
                        "values": {
                            "RuleName": "-",
                            "CurrentDirectory": "C:\\Users\\george\\Desktop\\",
                            "LogonId": "271153",
                            "OriginalFileName": "wmic.exe",
                            "UtcTime": "2022-09-07 18:41:46.221",
                            "Description": "WMI Commandline Utility",
                            "User": "DESKTOP-B0T93D6\\george",
                            "Hashes": "MD5=EC80E603E0090B3AC3C1234C2BA43A0F,SHA256=D368BCB7934DB0C53D1E7277DCB47AF2B709253CBF0EEE9869EE7E17ED226EA3,IMPHASH=59A9108CA1CECC9147C5FBAB104EBF33",
                            "ParentImage": "C:\\Windows\\System32\\mspaint.exe",
                            "IntegrityLevel": "High",
                            "TerminalSessionId": "1",
                            "Image": "C:\\Windows\\System32\\wbem\\WMIC.exe",
                            "ParentProcessId": "7648",
                            "ParentProcessGuid": "C784477D-E554-6318-D60A-000000004700",
                            "Product": "Microsoft\u00ae Windows\u00ae Operating System",
                            "LogonGuid": "C784477D-CAF0-62FD-3123-040000000000",
                            "EventID": "1",
                            "ProcessGuid": "C784477D-E5EA-6318-270B-000000004700",
                            "CommandLine": "wmic PATH Win32_Process GET Caption,ProcessID,ParentProcessID,ExecutablePath,CommandLine",
                            "ParentCommandLine": "mspaint.exe",
                            "ProcessId": "2228",
                            "FileVersion": "10.0.17134.1 (WinBuild.160101.0800)",
                            "Company": "Microsoft Corporation"
                        }
                    },
                    {
                        "values": {
                            "RuleName": "-",
                            "CurrentDirectory": "C:\\Users\\george\\Desktop\\",
                            "LogonId": "271153",
                            "OriginalFileName": "wmic.exe",
                            "UtcTime": "2022-09-07 18:41:47.024",
                            "Description": "WMI Commandline Utility",
                            "User": "DESKTOP-B0T93D6\\george",
                            "Hashes": "MD5=EC80E603E0090B3AC3C1234C2BA43A0F,SHA256=D368BCB7934DB0C53D1E7277DCB47AF2B709253CBF0EEE9869EE7E17ED226EA3,IMPHASH=59A9108CA1CECC9147C5FBAB104EBF33",
                            "ParentImage": "C:\\Windows\\System32\\mspaint.exe",
                            "IntegrityLevel": "High",
                            "TerminalSessionId": "1",
                            "Image": "C:\\Windows\\System32\\wbem\\WMIC.exe",
                            "ParentProcessId": "7648",
                            "ParentProcessGuid": "C784477D-E554-6318-D60A-000000004700",
                            "Product": "Microsoft\u00ae Windows\u00ae Operating System",
                            "LogonGuid": "C784477D-CAF0-62FD-3123-040000000000",
                            "EventID": "1",
                            "ProcessGuid": "C784477D-E5EB-6318-290B-000000004700",
                            "CommandLine": "wmic PATH Win32_Processor GET Name",
                            "ParentCommandLine": "mspaint.exe",
                            "ProcessId": "5408",
                            "FileVersion": "10.0.17134.1 (WinBuild.160101.0800)",
                            "Company": "Microsoft Corporation"
                        }
                    },
                    {
                        "values": {
                            "RuleName": "-",
                            "CurrentDirectory": "C:\\Users\\george\\Desktop\\",
                            "LogonId": "271153",
                            "OriginalFileName": "wmic.exe",
                            "UtcTime": "2022-09-07 18:41:57.873",
                            "Description": "WMI Commandline Utility",
                            "User": "DESKTOP-B0T93D6\\george",
                            "Hashes": "MD5=EC80E603E0090B3AC3C1234C2BA43A0F,SHA256=D368BCB7934DB0C53D1E7277DCB47AF2B709253CBF0EEE9869EE7E17ED226EA3,IMPHASH=59A9108CA1CECC9147C5FBAB104EBF33",
                            "ParentImage": "C:\\Windows\\System32\\mspaint.exe",
                            "IntegrityLevel": "High",
                            "TerminalSessionId": "1",
                            "Image": "C:\\Windows\\System32\\wbem\\WMIC.exe",
                            "ParentProcessId": "7648",
                            "ParentProcessGuid": "C784477D-E554-6318-D60A-000000004700",
                            "Product": "Microsoft\u00ae Windows\u00ae Operating System",
                            "LogonGuid": "C784477D-CAF0-62FD-3123-040000000000",
                            "EventID": "1",
                            "ProcessGuid": "C784477D-E5F5-6318-370B-000000004700",
                            "CommandLine": "wmic PATH Win32_Process GET Caption,ProcessID,ParentProcessID,ExecutablePath,CommandLine",
                            "ParentCommandLine": "mspaint.exe",
                            "ProcessId": "3396",
                            "FileVersion": "10.0.17134.1 (WinBuild.160101.0800)",
                            "Company": "Microsoft Corporation"
                        }
                    },
                    {
                        "values": {
                            "RuleName": "-",
                            "CurrentDirectory": "C:\\Users\\george\\Desktop\\",
                            "LogonId": "271153",
                            "OriginalFileName": "wmic.exe",
                            "UtcTime": "2022-09-07 18:41:58.681",
                            "Description": "WMI Commandline Utility",
                            "User": "DESKTOP-B0T93D6\\george",
                            "Hashes": "MD5=EC80E603E0090B3AC3C1234C2BA43A0F,SHA256=D368BCB7934DB0C53D1E7277DCB47AF2B709253CBF0EEE9869EE7E17ED226EA3,IMPHASH=59A9108CA1CECC9147C5FBAB104EBF33",
                            "ParentImage": "C:\\Windows\\System32\\mspaint.exe",
                            "IntegrityLevel": "High",
                            "TerminalSessionId": "1",
                            "Image": "C:\\Windows\\System32\\wbem\\WMIC.exe",
                            "ParentProcessId": "7648",
                            "ParentProcessGuid": "C784477D-E554-6318-D60A-000000004700",
                            "Product": "Microsoft\u00ae Windows\u00ae Operating System",
                            "LogonGuid": "C784477D-CAF0-62FD-3123-040000000000",
                            "EventID": "1",
                            "ProcessGuid": "C784477D-E5F6-6318-390B-000000004700",
                            "CommandLine": "wmic PATH Win32_Processor GET Name",
                            "ParentCommandLine": "mspaint.exe",
                            "ProcessId": "7524",
                            "FileVersion": "10.0.17134.1 (WinBuild.160101.0800)",
                            "Company": "Microsoft Corporation"
                        }
                    },
                    {
                        "values": {
                            "RuleName": "-",
                            "CurrentDirectory": "C:\\Users\\george\\Desktop\\",
                            "LogonId": "271153",
                            "OriginalFileName": "wmic.exe",
                            "UtcTime": "2022-09-07 18:42:09.606",
                            "Description": "WMI Commandline Utility",
                            "User": "DESKTOP-B0T93D6\\george",
                            "Hashes": "MD5=EC80E603E0090B3AC3C1234C2BA43A0F,SHA256=D368BCB7934DB0C53D1E7277DCB47AF2B709253CBF0EEE9869EE7E17ED226EA3,IMPHASH=59A9108CA1CECC9147C5FBAB104EBF33",
                            "ParentImage": "C:\\Windows\\System32\\mspaint.exe",
                            "IntegrityLevel": "High",
                            "TerminalSessionId": "1",
                            "Image": "C:\\Windows\\System32\\wbem\\WMIC.exe",
                            "ParentProcessId": "7648",
                            "ParentProcessGuid": "C784477D-E554-6318-D60A-000000004700",
                            "Product": "Microsoft\u00ae Windows\u00ae Operating System",
                            "LogonGuid": "C784477D-CAF0-62FD-3123-040000000000",
                            "EventID": "1",
                            "ProcessGuid": "C784477D-E601-6318-470B-000000004700",
                            "CommandLine": "wmic PATH Win32_Process GET Caption,ProcessID,ParentProcessID,ExecutablePath,CommandLine",
                            "ParentCommandLine": "mspaint.exe",
                            "ProcessId": "3352",
                            "FileVersion": "10.0.17134.1 (WinBuild.160101.0800)",
                            "Company": "Microsoft Corporation"
                        }
                    },
                    {
                        "values": {
                            "RuleName": "-",
                            "CurrentDirectory": "C:\\Users\\george\\Desktop\\",
                            "LogonId": "271153",
                            "OriginalFileName": "wmic.exe",
                            "UtcTime": "2022-09-07 18:42:10.420",
                            "Description": "WMI Commandline Utility",
                            "User": "DESKTOP-B0T93D6\\george",
                            "Hashes": "MD5=EC80E603E0090B3AC3C1234C2BA43A0F,SHA256=D368BCB7934DB0C53D1E7277DCB47AF2B709253CBF0EEE9869EE7E17ED226EA3,IMPHASH=59A9108CA1CECC9147C5FBAB104EBF33",
                            "ParentImage": "C:\\Windows\\System32\\mspaint.exe",
                            "IntegrityLevel": "High",
                            "TerminalSessionId": "1",
                            "Image": "C:\\Windows\\System32\\wbem\\WMIC.exe",
                            "ParentProcessId": "7648",
                            "ParentProcessGuid": "C784477D-E554-6318-D60A-000000004700",
                            "Product": "Microsoft\u00ae Windows\u00ae Operating System",
                            "LogonGuid": "C784477D-CAF0-62FD-3123-040000000000",
                            "EventID": "1",
                            "ProcessGuid": "C784477D-E602-6318-490B-000000004700",
                            "CommandLine": "wmic PATH Win32_Processor GET Name",
                            "ParentCommandLine": "mspaint.exe",
                            "ProcessId": "5920",
                            "FileVersion": "10.0.17134.1 (WinBuild.160101.0800)",
                            "Company": "Microsoft Corporation"
                        }
                    },
                    {
                        "values": {
                            "RuleName": "-",
                            "CurrentDirectory": "C:\\Users\\george\\Desktop\\",
                            "LogonId": "271153",
                            "OriginalFileName": "wmic.exe",
                            "UtcTime": "2022-09-07 18:42:21.420",
                            "Description": "WMI Commandline Utility",
                            "User": "DESKTOP-B0T93D6\\george",
                            "Hashes": "MD5=EC80E603E0090B3AC3C1234C2BA43A0F,SHA256=D368BCB7934DB0C53D1E7277DCB47AF2B709253CBF0EEE9869EE7E17ED226EA3,IMPHASH=59A9108CA1CECC9147C5FBAB104EBF33",
                            "ParentImage": "C:\\Windows\\System32\\mspaint.exe",
                            "IntegrityLevel": "High",
                            "TerminalSessionId": "1",
                            "Image": "C:\\Windows\\System32\\wbem\\WMIC.exe",
                            "ParentProcessId": "7648",
                            "ParentProcessGuid": "C784477D-E554-6318-D60A-000000004700",
                            "Product": "Microsoft\u00ae Windows\u00ae Operating System",
                            "LogonGuid": "C784477D-CAF0-62FD-3123-040000000000",
                            "EventID": "1",
                            "ProcessGuid": "C784477D-E60D-6318-570B-000000004700",
                            "CommandLine": "wmic PATH Win32_Process GET Caption,ProcessID,ParentProcessID,ExecutablePath,CommandLine",
                            "ParentCommandLine": "mspaint.exe",
                            "ProcessId": "7548",
                            "FileVersion": "10.0.17134.1 (WinBuild.160101.0800)",
                            "Company": "Microsoft Corporation"
                        }
                    },
                    {
                        "values": {
                            "RuleName": "-",
                            "CurrentDirectory": "C:\\Users\\george\\Desktop\\",
                            "LogonId": "271153",
                            "OriginalFileName": "wmic.exe",
                            "UtcTime": "2022-09-07 18:42:22.264",
                            "Description": "WMI Commandline Utility",
                            "User": "DESKTOP-B0T93D6\\george",
                            "Hashes": "MD5=EC80E603E0090B3AC3C1234C2BA43A0F,SHA256=D368BCB7934DB0C53D1E7277DCB47AF2B709253CBF0EEE9869EE7E17ED226EA3,IMPHASH=59A9108CA1CECC9147C5FBAB104EBF33",
                            "ParentImage": "C:\\Windows\\System32\\mspaint.exe",
                            "IntegrityLevel": "High",
                            "TerminalSessionId": "1",
                            "Image": "C:\\Windows\\System32\\wbem\\WMIC.exe",
                            "ParentProcessId": "7648",
                            "ParentProcessGuid": "C784477D-E554-6318-D60A-000000004700",
                            "Product": "Microsoft\u00ae Windows\u00ae Operating System",
                            "LogonGuid": "C784477D-CAF0-62FD-3123-040000000000",
                            "EventID": "1",
                            "ProcessGuid": "C784477D-E60E-6318-590B-000000004700",
                            "CommandLine": "wmic PATH Win32_Processor GET Name",
                            "ParentCommandLine": "mspaint.exe",
                            "ProcessId": "7720",
                            "FileVersion": "10.0.17134.1 (WinBuild.160101.0800)",
                            "Company": "Microsoft Corporation"
                        }
                    },
                    {
                        "values": {
                            "RuleName": "-",
                            "CurrentDirectory": "C:\\Users\\george\\Desktop\\",
                            "LogonId": "271153",
                            "OriginalFileName": "wmic.exe",
                            "UtcTime": "2022-09-07 18:42:33.257",
                            "Description": "WMI Commandline Utility",
                            "User": "DESKTOP-B0T93D6\\george",
                            "Hashes": "MD5=EC80E603E0090B3AC3C1234C2BA43A0F,SHA256=D368BCB7934DB0C53D1E7277DCB47AF2B709253CBF0EEE9869EE7E17ED226EA3,IMPHASH=59A9108CA1CECC9147C5FBAB104EBF33",
                            "ParentImage": "C:\\Windows\\System32\\mspaint.exe",
                            "IntegrityLevel": "High",
                            "TerminalSessionId": "1",
                            "Image": "C:\\Windows\\System32\\wbem\\WMIC.exe",
                            "ParentProcessId": "7648",
                            "ParentProcessGuid": "C784477D-E554-6318-D60A-000000004700",
                            "Product": "Microsoft\u00ae Windows\u00ae Operating System",
                            "LogonGuid": "C784477D-CAF0-62FD-3123-040000000000",
                            "EventID": "1",
                            "ProcessGuid": "C784477D-E619-6318-670B-000000004700",
                            "CommandLine": "wmic PATH Win32_Process GET Caption,ProcessID,ParentProcessID,ExecutablePath,CommandLine",
                            "ParentCommandLine": "mspaint.exe",
                            "ProcessId": "7524",
                            "FileVersion": "10.0.17134.1 (WinBuild.160101.0800)",
                            "Company": "Microsoft Corporation"
                        }
                    },
                    {
                        "values": {
                            "RuleName": "-",
                            "CurrentDirectory": "C:\\Users\\george\\Desktop\\",
                            "LogonId": "271153",
                            "OriginalFileName": "wmic.exe",
                            "UtcTime": "2022-09-07 18:42:34.071",
                            "Description": "WMI Commandline Utility",
                            "User": "DESKTOP-B0T93D6\\george",
                            "Hashes": "MD5=EC80E603E0090B3AC3C1234C2BA43A0F,SHA256=D368BCB7934DB0C53D1E7277DCB47AF2B709253CBF0EEE9869EE7E17ED226EA3,IMPHASH=59A9108CA1CECC9147C5FBAB104EBF33",
                            "ParentImage": "C:\\Windows\\System32\\mspaint.exe",
                            "IntegrityLevel": "High",
                            "TerminalSessionId": "1",
                            "Image": "C:\\Windows\\System32\\wbem\\WMIC.exe",
                            "ParentProcessId": "7648",
                            "ParentProcessGuid": "C784477D-E554-6318-D60A-000000004700",
                            "Product": "Microsoft\u00ae Windows\u00ae Operating System",
                            "LogonGuid": "C784477D-CAF0-62FD-3123-040000000000",
                            "EventID": "1",
                            "ProcessGuid": "C784477D-E61A-6318-690B-000000004700",
                            "CommandLine": "wmic PATH Win32_Processor GET Name",
                            "ParentCommandLine": "mspaint.exe",
                            "ProcessId": "8084",
                            "FileVersion": "10.0.17134.1 (WinBuild.160101.0800)",
                            "Company": "Microsoft Corporation"
                        }
                    },
                    {
                        "values": {
                            "RuleName": "-",
                            "CurrentDirectory": "C:\\Users\\george\\Desktop\\",
                            "LogonId": "271153",
                            "OriginalFileName": "wmic.exe",
                            "UtcTime": "2022-09-07 18:42:43.958",
                            "Description": "WMI Commandline Utility",
                            "User": "DESKTOP-B0T93D6\\george",
                            "Hashes": "MD5=EC80E603E0090B3AC3C1234C2BA43A0F,SHA256=D368BCB7934DB0C53D1E7277DCB47AF2B709253CBF0EEE9869EE7E17ED226EA3,IMPHASH=59A9108CA1CECC9147C5FBAB104EBF33",
                            "ParentImage": "C:\\Windows\\System32\\mspaint.exe",
                            "IntegrityLevel": "High",
                            "TerminalSessionId": "1",
                            "Image": "C:\\Windows\\System32\\wbem\\WMIC.exe",
                            "ParentProcessId": "7648",
                            "ParentProcessGuid": "C784477D-E554-6318-D60A-000000004700",
                            "Product": "Microsoft\u00ae Windows\u00ae Operating System",
                            "LogonGuid": "C784477D-CAF0-62FD-3123-040000000000",
                            "EventID": "1",
                            "ProcessGuid": "C784477D-E623-6318-770B-000000004700",
                            "CommandLine": "wmic PATH Win32_Process GET Caption,ProcessID,ParentProcessID,ExecutablePath,CommandLine",
                            "ParentCommandLine": "mspaint.exe",
                            "ProcessId": "3420",
                            "FileVersion": "10.0.17134.1 (WinBuild.160101.0800)",
                            "Company": "Microsoft Corporation"
                        }
                    },
                    {
                        "values": {
                            "RuleName": "-",
                            "CurrentDirectory": "C:\\Users\\george\\Desktop\\",
                            "LogonId": "271153",
                            "OriginalFileName": "wmic.exe",
                            "UtcTime": "2022-09-07 18:42:44.753",
                            "Description": "WMI Commandline Utility",
                            "User": "DESKTOP-B0T93D6\\george",
                            "Hashes": "MD5=EC80E603E0090B3AC3C1234C2BA43A0F,SHA256=D368BCB7934DB0C53D1E7277DCB47AF2B709253CBF0EEE9869EE7E17ED226EA3,IMPHASH=59A9108CA1CECC9147C5FBAB104EBF33",
                            "ParentImage": "C:\\Windows\\System32\\mspaint.exe",
                            "IntegrityLevel": "High",
                            "TerminalSessionId": "1",
                            "Image": "C:\\Windows\\System32\\wbem\\WMIC.exe",
                            "ParentProcessId": "7648",
                            "ParentProcessGuid": "C784477D-E554-6318-D60A-000000004700",
                            "Product": "Microsoft\u00ae Windows\u00ae Operating System",
                            "LogonGuid": "C784477D-CAF0-62FD-3123-040000000000",
                            "EventID": "1",
                            "ProcessGuid": "C784477D-E624-6318-790B-000000004700",
                            "CommandLine": "wmic PATH Win32_Processor GET Name",
                            "ParentCommandLine": "mspaint.exe",
                            "ProcessId": "3456",
                            "FileVersion": "10.0.17134.1 (WinBuild.160101.0800)",
                            "Company": "Microsoft Corporation"
                        }
                    },
                    {
                        "values": {
                            "RuleName": "-",
                            "CurrentDirectory": "C:\\Users\\george\\Desktop\\",
                            "LogonId": "271153",
                            "OriginalFileName": "wmic.exe",
                            "UtcTime": "2022-09-07 18:42:53.223",
                            "Description": "WMI Commandline Utility",
                            "User": "DESKTOP-B0T93D6\\george",
                            "Hashes": "MD5=EC80E603E0090B3AC3C1234C2BA43A0F,SHA256=D368BCB7934DB0C53D1E7277DCB47AF2B709253CBF0EEE9869EE7E17ED226EA3,IMPHASH=59A9108CA1CECC9147C5FBAB104EBF33",
                            "ParentImage": "C:\\Windows\\System32\\mspaint.exe",
                            "IntegrityLevel": "High",
                            "TerminalSessionId": "1",
                            "Image": "C:\\Windows\\System32\\wbem\\WMIC.exe",
                            "ParentProcessId": "7648",
                            "ParentProcessGuid": "C784477D-E554-6318-D60A-000000004700",
                            "Product": "Microsoft\u00ae Windows\u00ae Operating System",
                            "LogonGuid": "C784477D-CAF0-62FD-3123-040000000000",
                            "EventID": "1",
                            "ProcessGuid": "C784477D-E62D-6318-880B-000000004700",
                            "CommandLine": "wmic PATH Win32_Process GET Caption,ProcessID,ParentProcessID,ExecutablePath,CommandLine",
                            "ParentCommandLine": "mspaint.exe",
                            "ProcessId": "6952",
                            "FileVersion": "10.0.17134.1 (WinBuild.160101.0800)",
                            "Company": "Microsoft Corporation"
                        }
                    },
                    {
                        "values": {
                            "RuleName": "-",
                            "CurrentDirectory": "C:\\Users\\george\\Desktop\\",
                            "LogonId": "271153",
                            "OriginalFileName": "wmic.exe",
                            "UtcTime": "2022-09-07 18:42:53.978",
                            "Description": "WMI Commandline Utility",
                            "User": "DESKTOP-B0T93D6\\george",
                            "Hashes": "MD5=EC80E603E0090B3AC3C1234C2BA43A0F,SHA256=D368BCB7934DB0C53D1E7277DCB47AF2B709253CBF0EEE9869EE7E17ED226EA3,IMPHASH=59A9108CA1CECC9147C5FBAB104EBF33",
                            "ParentImage": "C:\\Windows\\System32\\mspaint.exe",
                            "IntegrityLevel": "High",
                            "TerminalSessionId": "1",
                            "Image": "C:\\Windows\\System32\\wbem\\WMIC.exe",
                            "ParentProcessId": "7648",
                            "ParentProcessGuid": "C784477D-E554-6318-D60A-000000004700",
                            "Product": "Microsoft\u00ae Windows\u00ae Operating System",
                            "LogonGuid": "C784477D-CAF0-62FD-3123-040000000000",
                            "EventID": "1",
                            "ProcessGuid": "C784477D-E62D-6318-8A0B-000000004700",
                            "CommandLine": "wmic PATH Win32_Processor GET Name",
                            "ParentCommandLine": "mspaint.exe",
                            "ProcessId": "7792",
                            "FileVersion": "10.0.17134.1 (WinBuild.160101.0800)",
                            "Company": "Microsoft Corporation"
                        }
                    },
                    {
                        "values": {
                            "RuleName": "-",
                            "CurrentDirectory": "C:\\Users\\george\\Desktop\\",
                            "LogonId": "271153",
                            "OriginalFileName": "wmic.exe",
                            "UtcTime": "2022-09-07 18:43:03.605",
                            "Description": "WMI Commandline Utility",
                            "User": "DESKTOP-B0T93D6\\george",
                            "Hashes": "MD5=EC80E603E0090B3AC3C1234C2BA43A0F,SHA256=D368BCB7934DB0C53D1E7277DCB47AF2B709253CBF0EEE9869EE7E17ED226EA3,IMPHASH=59A9108CA1CECC9147C5FBAB104EBF33",
                            "ParentImage": "C:\\Windows\\System32\\mspaint.exe",
                            "IntegrityLevel": "High",
                            "TerminalSessionId": "1",
                            "Image": "C:\\Windows\\System32\\wbem\\WMIC.exe",
                            "ParentProcessId": "7648",
                            "ParentProcessGuid": "C784477D-E554-6318-D60A-000000004700",
                            "Product": "Microsoft\u00ae Windows\u00ae Operating System",
                            "LogonGuid": "C784477D-CAF0-62FD-3123-040000000000",
                            "EventID": "1",
                            "ProcessGuid": "C784477D-E637-6318-980B-000000004700",
                            "CommandLine": "wmic PATH Win32_Process GET Caption,ProcessID,ParentProcessID,ExecutablePath,CommandLine",
                            "ParentCommandLine": "mspaint.exe",
                            "ProcessId": "6028",
                            "FileVersion": "10.0.17134.1 (WinBuild.160101.0800)",
                            "Company": "Microsoft Corporation"
                        }
                    },
