{
    "data": {
        "mitre_attack_techniques": [
            {
                "id": "T1055",
                "severity": "IMPACT_SEVERITY_INFO",
                "signature_description": "Spawns processes"
            },
            {
                "id": "T1036",
                "severity": "IMPACT_SEVERITY_INFO",
                "signature_description": "Drops PE files to the windows directory (C:\\\\Windows)"
            },
            {
                "id": "T1036",
                "severity": "IMPACT_SEVERITY_INFO",
                "signature_description": "Creates files inside the system directory"
            },
            {
                "id": "T1497",
                "severity": "IMPACT_SEVERITY_INFO",
                "signature_description": "Checks if the current process is being debugged"
            },
            {
                "id": "T1027.002",
                "severity": "IMPACT_SEVERITY_INFO",
                "signature_description": "Sample is packed with UPX"
            },
            {
                "id": "T1027",
                "severity": "IMPACT_SEVERITY_INFO",
                "signature_description": "Sample is packed with UPX"
            },
            {
                "id": "T1070.004",
                "severity": "IMPACT_SEVERITY_INFO",
                "signature_description": "Deletes files inside the Windows folder"
            },
            {
                "id": "T1518.001",
                "severity": "IMPACT_SEVERITY_INFO",
                "signature_description": "Checks if the current process is being debugged"
            },
            {
                "id": "T1082",
                "severity": "IMPACT_SEVERITY_INFO",
                "signature_description": "Queries the volume information (name, serial number etc) of a device"
            },
            {
                "id": "T1082",
                "severity": "IMPACT_SEVERITY_INFO",
                "signature_description": "Queries the cryptographic machine GUID"
            },
            {
                "id": "T1082",
                "severity": "IMPACT_SEVERITY_INFO",
                "signature_description": "Reads software policies"
            },
            {
                "id": "T1018",
                "severity": "IMPACT_SEVERITY_INFO",
                "signature_description": "Reads the hosts file"
            }
        ],
        "ip_traffic": [
            {
                "destination_ip": "a83f:8110:0:0:1400:1400:2800:3800",
                "destination_port": 53,
                "transport_layer_protocol": "UDP"
            },
            {
                "destination_ip": "23.216.147.64",
                "destination_port": 443,
                "transport_layer_protocol": "TCP"
            },
            {
                "destination_ip": "20.99.132.105",
                "destination_port": 443,
                "transport_layer_protocol": "TCP"
            },
            {
                "destination_ip": "a83f:8110:6c00:7500:6d00:6500:3100:5c00",
                "destination_port": 53,
                "transport_layer_protocol": "UDP"
            },
            {
                "destination_ip": "20.99.184.37",
                "destination_port": 443,
                "transport_layer_protocol": "TCP"
            },
            {
                "destination_ip": "23.216.147.76",
                "destination_port": 443,
                "transport_layer_protocol": "TCP"
            }
        ],
        "files_deleted": [
            "C:\\Windows\\SysWOW64\\checkon.bmp",
            "C:\\Windows\\Temp\\1025\\host.inf",
            "C:\\Windows\\System32\\spp\\store\\2.0\\cache\\cache.dat",
            "C:\\ProgramData\\Microsoft\\Windows\\WER\\Temp\\WER337E.tmp.WERInternalMetadata.xml",
            "C:\\ProgramData\\Microsoft\\Windows\\WER\\Temp\\WER3449.tmp.csv",
            "C:\\ProgramData\\Microsoft\\Windows\\WER\\Temp\\WER3479.tmp.txt",
            "C:\\ProgramData\\Microsoft\\Windows\\WER\\Temp\\WER408F.tmp.WERInternalMetadata.xml",
            "C:\\ProgramData\\Microsoft\\Windows\\WER\\Temp\\WER4090.tmp.csv",
            "C:\\ProgramData\\Microsoft\\Windows\\WER\\Temp\\WER40A1.tmp.txt",
            "C:\\ProgramData\\Microsoft\\Windows\\WER\\Temp\\WERF05B.tmp.WERInternalMetadata.xml",
            "C:\\ProgramData\\Microsoft\\Windows\\WER\\Temp\\WERF126.tmp.csv",
            "C:\\ProgramData\\Microsoft\\Windows\\WER\\Temp\\WERF165.tmp.txt",
            "C:\\ProgramData\\Microsoft\\Windows\\WER\\Temp\\WERFA20.tmp.WERInternalMetadata.xml",
            "C:\\ProgramData\\Microsoft\\Windows\\WER\\Temp\\WERFA6F.tmp.csv",
            "C:\\ProgramData\\Microsoft\\Windows\\WER\\Temp\\WERFA80.tmp.txt",
            "C:\\Windows\\system32\\checkon.bmp",
            "C:\\Windows\\temp\\1025\\host.inf",
            "C:\\ProgramData\\Microsoft\\Windows\\WER\\Temp\\WER9B47.tmp",
            "C:\\ProgramData\\Microsoft\\Windows\\WER\\Temp\\WER9B47.tmp.dmp",
            "C:\\ProgramData\\Microsoft\\Windows\\WER\\Temp\\WER9E08.tmp",
            "C:\\ProgramData\\Microsoft\\Windows\\WER\\Temp\\WER9E08.tmp.WERInternalMetadata.xml",
            "C:\\ProgramData\\Microsoft\\Windows\\WER\\Temp\\WER9F60.tmp",
            "C:\\ProgramData\\Microsoft\\Windows\\WER\\Temp\\WER9F60.tmp.xml",
            "C:\\ProgramData\\Microsoft\\Windows\\WER\\Temp\\WERE623.tmp.csv",
            "C:\\ProgramData\\Microsoft\\Windows\\WER\\Temp\\WERE644.tmp.txt",
            "C:\\ProgramData\\Microsoft\\Windows\\WER\\Temp\\WER7CDA.tmp",
            "C:\\ProgramData\\Microsoft\\Windows\\WER\\Temp\\WER7CDA.tmp.dmp",
            "C:\\ProgramData\\Microsoft\\Windows\\WER\\Temp\\WER8036.tmp",
            "C:\\ProgramData\\Microsoft\\Windows\\WER\\Temp\\WER8036.tmp.WERInternalMetadata.xml",
            "C:\\ProgramData\\Microsoft\\Windows\\WER\\Temp\\WER818F.tmp",
            "C:\\ProgramData\\Microsoft\\Windows\\WER\\Temp\\WER818F.tmp.xml",
            "C:\\ProgramData\\Microsoft\\Windows\\WER\\Temp\\WERCE36.tmp.csv",
            "C:\\ProgramData\\Microsoft\\Windows\\WER\\Temp\\WERCE47.tmp.txt"
        ],
        "registry_keys_set": [
            {
                "key": "HKLM\\SOFTWARE\\Microsoft\\Windows Media Player NSS\\3.0\\Servers\\A70D59A1-8EAD-4F40-AAAB-FBFC460800A4\\FriendlyName",
                "value": "WORK: admin:"
            },
            {
                "key": "\\REGISTRY\\A\\{218033eb-4b45-5542-398c-63bc6f68a1fe}\\Root\\InventoryApplicationFile\\PermissionsCheckTestKey"
            },
            {
                "key": "\\REGISTRY\\A\\{218033eb-4b45-5542-398c-63bc6f68a1fe}\\Root\\InventoryApplicationFile\\software.exe|19928a84c9c48649"
            },
            {
                "key": "HKEY_LOCAL_MACHINE\\Software\\WOW6432Node\\Microsoft\\Windows\\Windows Error Reporting\\Debug"
            },
            {
                "key": "HKEY_LOCAL_MACHINE\\Software\\WOW6432Node\\Microsoft\\IdentityCRL\\ClockData"
            },
            {
                "key": "HKEY_LOCAL_MACHINE\\SOFTWARE\\WOW6432Node\\Microsoft\\Windows NT\\CurrentVersion\\AppCompatFlags\\AmiHivePermissionsCorrect",
                "value": "1"
            },
            {
                "key": "HKEY_LOCAL_MACHINE\\SOFTWARE\\WOW6432Node\\Microsoft\\Windows NT\\CurrentVersion\\AppCompatFlags\\AmiHiveOwnerCorrect",
                "value": "1"
            },
            {
                "key": "\\REGISTRY\\A\\{218033eb-4b45-5542-398c-63bc6f68a1fe}\\Root\\InventoryApplicationFile\\software.exe|19928a84c9c48649\\ProgramId",
                "value": "000699331c8c651795d41a3f2519fb63237100001204"
            },
            {
                "key": "\\REGISTRY\\A\\{218033eb-4b45-5542-398c-63bc6f68a1fe}\\Root\\InventoryApplicationFile\\software.exe|19928a84c9c48649\\FileId",
                "value": "0000650ce90839aab2f2ce17fab4aae17c5dd15a264a"
            },
            {
                "key": "\\REGISTRY\\A\\{218033eb-4b45-5542-398c-63bc6f68a1fe}\\Root\\InventoryApplicationFile\\software.exe|19928a84c9c48649\\LowerCaseLongPath",
                "value": "c:\\users\\user\\desktop\\software.exe"
            },
            {
                "key": "\\REGISTRY\\A\\{218033eb-4b45-5542-398c-63bc6f68a1fe}\\Root\\InventoryApplicationFile\\software.exe|19928a84c9c48649\\LongPathHash",
                "value": "software.exe|19928a84c9c48649"
            },
            {
                "key": "\\REGISTRY\\A\\{218033eb-4b45-5542-398c-63bc6f68a1fe}\\Root\\InventoryApplicationFile\\software.exe|19928a84c9c48649\\Name",
                "value": "software.exe"
            },
            {
                "key": "\\REGISTRY\\A\\{218033eb-4b45-5542-398c-63bc6f68a1fe}\\Root\\InventoryApplicationFile\\software.exe|19928a84c9c48649\\Publisher",
                "value": "microsoft corporation"
            },
            {
                "key": "\\REGISTRY\\A\\{218033eb-4b45-5542-398c-63bc6f68a1fe}\\Root\\InventoryApplicationFile\\software.exe|19928a84c9c48649\\Version",
                "value": "5, 1, 2600, 5512"
            },
            {
                "key": "\\REGISTRY\\A\\{218033eb-4b45-5542-398c-63bc6f68a1fe}\\Root\\InventoryApplicationFile\\software.exe|19928a84c9c48649\\BinFileVersion",
                "value": "5.1.2600.5512"
            },
            {
                "key": "\\REGISTRY\\A\\{218033eb-4b45-5542-398c-63bc6f68a1fe}\\Root\\InventoryApplicationFile\\software.exe|19928a84c9c48649\\BinaryType",
                "value": "pe32_i386"
            },
            {
                "key": "\\REGISTRY\\A\\{218033eb-4b45-5542-398c-63bc6f68a1fe}\\Root\\InventoryApplicationFile\\software.exe|19928a84c9c48649\\ProductName",
                "value": "microsoft. windows. operating system"
            },
            {
                "key": "\\REGISTRY\\A\\{218033eb-4b45-5542-398c-63bc6f68a1fe}\\Root\\InventoryApplicationFile\\software.exe|19928a84c9c48649\\ProductVersion",
                "value": "5, 1, 2600, 5512"
            },
            {
                "key": "\\REGISTRY\\A\\{218033eb-4b45-5542-398c-63bc6f68a1fe}\\Root\\InventoryApplicationFile\\software.exe|19928a84c9c48649\\LinkDate",
                "value": "07/13/2009 23:43:01"
            },
            {
                "key": "\\REGISTRY\\A\\{218033eb-4b45-5542-398c-63bc6f68a1fe}\\Root\\InventoryApplicationFile\\software.exe|19928a84c9c48649\\BinProductVersion",
                "value": "5.1.2600.5512"
            },
            {
                "key": "\\REGISTRY\\A\\{218033eb-4b45-5542-398c-63bc6f68a1fe}\\Root\\InventoryApplicationFile\\software.exe|19928a84c9c48649\\Size",
                "value": "00 70 02 00 00 00 00 00 "
            },
            {
                "key": "\\REGISTRY\\A\\{218033eb-4b45-5542-398c-63bc6f68a1fe}\\Root\\InventoryApplicationFile\\software.exe|19928a84c9c48649\\Language",
                "value": "1042"
            },
            {
                "key": "\\REGISTRY\\A\\{218033eb-4b45-5542-398c-63bc6f68a1fe}\\Root\\InventoryApplicationFile\\software.exe|19928a84c9c48649\\IsPeFile",
                "value": "1"
            },
            {
                "key": "\\REGISTRY\\A\\{218033eb-4b45-5542-398c-63bc6f68a1fe}\\Root\\InventoryApplicationFile\\software.exe|19928a84c9c48649\\IsOsComponent",
                "value": "0"
            },
            {
                "key": "\\REGISTRY\\A\\{218033eb-4b45-5542-398c-63bc6f68a1fe}\\Root\\InventoryApplicationFile\\software.exe|19928a84c9c48649\\Usn",
                "value": "38 1F D2 5F 00 00 00 00 "
            },
            {
                "key": "HKEY_LOCAL_MACHINE\\SOFTWARE\\WOW6432Node\\Microsoft\\Windows\\Windows Error Reporting\\Debug\\ExceptionRecord",
                "value": "05 00 00 C0 00 00 00 00 00 00 00 00 74 71 00 00 02 00 00 00 00 00 00 00 74 71 00 00 00 00 00 00 00 0"
            },
            {
                "key": "HKEY_LOCAL_MACHINE\\SOFTWARE\\WOW6432Node\\Microsoft\\IdentityCRL\\ClockData\\ClockTimeSeconds",
                "value": "EA D6 E7 62 00 00 00 00 "
            },
            {
                "key": "HKEY_LOCAL_MACHINE\\SOFTWARE\\WOW6432Node\\Microsoft\\IdentityCRL\\ClockData\\TickCount",
                "value": "C6 A0 5F 00 00 00 00 00 "
            },
            {
                "key": "\\REGISTRY\\A\\{6ba1d121-43aa-37fe-6058-eee0d6aab29a}\\Root\\InventoryApplicationFile\\PermissionsCheckTestKey"
            },
            {
                "key": "\\REGISTRY\\A\\{6ba1d121-43aa-37fe-6058-eee0d6aab29a}\\Root\\InventoryApplicationFile\\file.exe|67c23fee9a19d268"
            },
            {
                "key": "\\REGISTRY\\A\\{6ba1d121-43aa-37fe-6058-eee0d6aab29a}\\Root\\InventoryApplicationFile\\file.exe|67c23fee9a19d268\\ProgramId",
                "value": "000699331c8c651795d41a3f2519fb63237100001204"
            },
            {
                "key": "\\REGISTRY\\A\\{6ba1d121-43aa-37fe-6058-eee0d6aab29a}\\Root\\InventoryApplicationFile\\file.exe|67c23fee9a19d268\\FileId",
                "value": "0000650ce90839aab2f2ce17fab4aae17c5dd15a264a"
            },
            {
                "key": "\\REGISTRY\\A\\{6ba1d121-43aa-37fe-6058-eee0d6aab29a}\\Root\\InventoryApplicationFile\\file.exe|67c23fee9a19d268\\LowerCaseLongPath",
                "value": "c:\\users\\user\\desktop\\file.exe"
            },
            {
                "key": "\\REGISTRY\\A\\{6ba1d121-43aa-37fe-6058-eee0d6aab29a}\\Root\\InventoryApplicationFile\\file.exe|67c23fee9a19d268\\LongPathHash",
                "value": "file.exe|67c23fee9a19d268"
            },
            {
                "key": "\\REGISTRY\\A\\{6ba1d121-43aa-37fe-6058-eee0d6aab29a}\\Root\\InventoryApplicationFile\\file.exe|67c23fee9a19d268\\Name",
                "value": "file.exe"
            },
            {
                "key": "\\REGISTRY\\A\\{6ba1d121-43aa-37fe-6058-eee0d6aab29a}\\Root\\InventoryApplicationFile\\file.exe|67c23fee9a19d268\\Publisher",
                "value": "microsoft corporation"
            },
            {
                "key": "\\REGISTRY\\A\\{6ba1d121-43aa-37fe-6058-eee0d6aab29a}\\Root\\InventoryApplicationFile\\file.exe|67c23fee9a19d268\\Version",
                "value": "5, 1, 2600, 5512"
            },
            {
                "key": "\\REGISTRY\\A\\{6ba1d121-43aa-37fe-6058-eee0d6aab29a}\\Root\\InventoryApplicationFile\\file.exe|67c23fee9a19d268\\BinFileVersion",
                "value": "5.1.2600.5512"
            },
            {
                "key": "\\REGISTRY\\A\\{6ba1d121-43aa-37fe-6058-eee0d6aab29a}\\Root\\InventoryApplicationFile\\file.exe|67c23fee9a19d268\\BinaryType",
                "value": "pe32_i386"
            },
            {
                "key": "\\REGISTRY\\A\\{6ba1d121-43aa-37fe-6058-eee0d6aab29a}\\Root\\InventoryApplicationFile\\file.exe|67c23fee9a19d268\\ProductName",
                "value": "microsoft. windows. operating system"
            },
            {
                "key": "\\REGISTRY\\A\\{6ba1d121-43aa-37fe-6058-eee0d6aab29a}\\Root\\InventoryApplicationFile\\file.exe|67c23fee9a19d268\\ProductVersion",
                "value": "5, 1, 2600, 5512"
            },
            {
                "key": "\\REGISTRY\\A\\{6ba1d121-43aa-37fe-6058-eee0d6aab29a}\\Root\\InventoryApplicationFile\\file.exe|67c23fee9a19d268\\LinkDate",
                "value": "07/13/2009 23:43:01"
            },
            {
                "key": "\\REGISTRY\\A\\{6ba1d121-43aa-37fe-6058-eee0d6aab29a}\\Root\\InventoryApplicationFile\\file.exe|67c23fee9a19d268\\BinProductVersion",
                "value": "5.1.2600.5512"
            },
            {
                "key": "\\REGISTRY\\A\\{6ba1d121-43aa-37fe-6058-eee0d6aab29a}\\Root\\InventoryApplicationFile\\file.exe|67c23fee9a19d268\\Size",
                "value": "00 70 02 00 00 00 00 00 "
            },
            {
                "key": "\\REGISTRY\\A\\{6ba1d121-43aa-37fe-6058-eee0d6aab29a}\\Root\\InventoryApplicationFile\\file.exe|67c23fee9a19d268\\Language",
                "value": "1042"
            },
            {
                "key": "\\REGISTRY\\A\\{6ba1d121-43aa-37fe-6058-eee0d6aab29a}\\Root\\InventoryApplicationFile\\file.exe|67c23fee9a19d268\\IsPeFile",
                "value": "1"
            },
            {
                "key": "\\REGISTRY\\A\\{6ba1d121-43aa-37fe-6058-eee0d6aab29a}\\Root\\InventoryApplicationFile\\file.exe|67c23fee9a19d268\\IsOsComponent",
                "value": "0"
            },
            {
                "key": "\\REGISTRY\\A\\{6ba1d121-43aa-37fe-6058-eee0d6aab29a}\\Root\\InventoryApplicationFile\\file.exe|67c23fee9a19d268\\Usn",
                "value": "80 92 C2 28 00 00 00 00 "
            },
            {
                "key": "HKEY_LOCAL_MACHINE\\SOFTWARE\\WOW6432Node\\Microsoft\\IdentityCRL\\ClockData\\ClockTimeSeconds",
                "value": "41 A9 4B 63 00 00 00 00 "
            },
            {
                "key": "HKEY_LOCAL_MACHINE\\SOFTWARE\\WOW6432Node\\Microsoft\\IdentityCRL\\ClockData\\TickCount",
                "value": "F4 82 4D 00 00 00 00 00 "
            },
            {
                "key": "HKEY_CURRENT_USER\\Software\\Microsoft\\IdentityCRL\\Immersive\\production\\Property\\0018C00655EE9237",
                "value": "01 00 00 00 01 00 00 00 D0 8C 9D DF 01 15 D1 11 8C 7A 00 C0 4F C2 97 EB 01 00 00 00 94 F8 F8 04 93 2"
            },
            {
                "key": "HKEY_CURRENT_USER\\Software\\Microsoft\\IdentityCRL\\Immersive\\production\\Token\\{67082621-8D18-4333-9C64-10DE93676363}\\DeviceTicket",
                "value": "01 00 00 00 01 00 00 00 D0 8C 9D DF 01 15 D1 11 8C 7A 00 C0 4F C2 97 EB 01 00 00 00 94 F8 F8 04 93 2"
            },
            {
                "key": "HKEY_CURRENT_USER\\Software\\Microsoft\\IdentityCRL\\Immersive\\production\\Token\\{67082621-8D18-4333-9C64-10DE93676363}\\DeviceId",
                "value": "0018C00655EE9237"
            }
        ],
        "verdict_confidence": 5,
        "verdicts": [
            "CLEAN"
        ],
        "files_dropped": [
            {
                "path": "C:\\Windows\\SysWOW64\\checkon.bmp"
            },
            {
                "path": "C:\\Windows\\SysWOW64\\ipv6s.dll"
            },
            {
                "path": "C:\\Windows\\SysWOW64\\rtutils.dll.mui"
            },
            {
                "path": "C:\\Windows\\Temp\\1025"
            },
            {
                "path": "C:\\Windows\\Temp\\1025\\host.inf"
            },
            {
                "path": "C:\\Windows\\Temp\\1025\\host.tmp"
            },
            {
                "path": "%USERPROFILE%\\AppData\\Roaming\\Microsoft\\Protect\\%SID%\\fb3d34f9-74f8-4cfc-a33e-605e9b8a2c36"
            },
            {
                "path": "C:\\Windows\\Temp\\1025\\index.dat"
            },
            {
                "path": "C:\\Windows\\Temp\\1025\\fsc.tmp~"
            },
            {
                "path": "C:\\Windows\\System32\\spp\\store\\2.0\\data.dat.tmp"
            },
            {
                "path": "C:\\Windows\\System32\\spp\\store\\2.0\\cache\\cache.dat"
            },
            {
                "path": "C:\\ProgramData\\Microsoft\\Windows\\WER\\Temp\\WER337E.tmp"
            },
            {
                "path": "C:\\ProgramData\\Microsoft\\Windows\\WER\\Temp\\WER337E.tmp.WERInternalMetadata.xml"
            },
            {
                "path": "C:\\ProgramData\\Microsoft\\Windows\\WER\\Temp\\WER3449.tmp"
            },
            {
                "path": "C:\\ProgramData\\Microsoft\\Windows\\WER\\Temp\\WER3449.tmp.csv"
            },
            {
                "path": "C:\\ProgramData\\Microsoft\\Windows\\WER\\Temp\\WER3479.tmp"
            },
            {
                "path": "C:\\ProgramData\\Microsoft\\Windows\\WER\\Temp\\WER3479.tmp.txt"
            },
            {
                "path": "C:\\ProgramData\\Microsoft\\Windows\\WER\\Temp\\WER408F.tmp"
            },
            {
                "path": "C:\\ProgramData\\Microsoft\\Windows\\WER\\Temp\\WER408F.tmp.WERInternalMetadata.xml"
            },
            {
                "path": "C:\\ProgramData\\Microsoft\\Windows\\WER\\Temp\\WER4090.tmp"
            },
            {
                "path": "C:\\ProgramData\\Microsoft\\Windows\\WER\\Temp\\WER4090.tmp.csv"
            },
            {
                "path": "C:\\ProgramData\\Microsoft\\Windows\\WER\\Temp\\WER40A1.tmp"
            },
            {
                "path": "C:\\ProgramData\\Microsoft\\Windows\\WER\\Temp\\WER40A1.tmp.txt"
            },
            {
                "path": "%USERPROFILE%\\AppData\\Roaming\\Microsoft\\Protect\\%SID%\\d91badf8-27fd-4a92-b96e-1c6cb305267c"
            },
            {
                "path": "C:\\ProgramData\\Microsoft\\Windows\\WER\\Temp\\WERF05B.tmp"
            },
            {
                "path": "C:\\ProgramData\\Microsoft\\Windows\\WER\\Temp\\WERF05B.tmp.WERInternalMetadata.xml"
            },
            {
                "path": "C:\\ProgramData\\Microsoft\\Windows\\WER\\Temp\\WERF126.tmp"
            },
            {
                "path": "C:\\ProgramData\\Microsoft\\Windows\\WER\\Temp\\WERF126.tmp.csv"
            },
            {
                "path": "C:\\ProgramData\\Microsoft\\Windows\\WER\\Temp\\WERF165.tmp"
            },
            {
                "path": "C:\\ProgramData\\Microsoft\\Windows\\WER\\Temp\\WERF165.tmp.txt"
            },
            {
                "path": "C:\\ProgramData\\Microsoft\\Windows\\WER\\Temp\\WERFA20.tmp"
            },
            {
                "path": "C:\\ProgramData\\Microsoft\\Windows\\WER\\Temp\\WERFA20.tmp.WERInternalMetadata.xml"
            },
            {
                "path": "C:\\ProgramData\\Microsoft\\Windows\\WER\\Temp\\WERFA6F.tmp"
            },
            {
                "path": "C:\\ProgramData\\Microsoft\\Windows\\WER\\Temp\\WERFA6F.tmp.csv"
            },
            {
                "path": "C:\\ProgramData\\Microsoft\\Windows\\WER\\Temp\\WERFA80.tmp"
            },
            {
                "path": "C:\\ProgramData\\Microsoft\\Windows\\WER\\Temp\\WERFA80.tmp.txt"
            },
            {
                "path": "C:\\Windows\\temp\\1025\\host.tmp",
                "sha256": "a412a35d4f3857c640b0e4836d71ab01d8f0c651bb58c4575be53459930c5584"
            },
            {
                "path": "C:\\ProgramData\\Microsoft\\Windows\\WER\\Temp\\WER9E08.tmp.WERInternalMetadata.xml",
                "sha256": "49652d2070fb68bcfb4e54666c1508b102e0fce8db0a2ddefcab6201396a73dc",
                "type": "XML"
            },
            {
                "path": "C:\\ProgramData\\Microsoft\\Windows\\WER\\Temp\\WER9F60.tmp.xml",
                "sha256": "a5df0ae1fdacb60720fb685841264fac44f3b5852d01acc39b0589a2f108569f",
                "type": "XML"
            },
            {
                "path": "C:\\Windows\\SysWOW64\\checkon.bmp",
                "sha256": "b6a4e6a6ad8d8ff3ad748af1e7fb8fa8a457c1d247960d8bd718ce3d838eac4d",
                "type": "BMP"
            },
            {
                "path": "C:\\Windows\\SysWOW64\\ipv6s.dll",
                "sha256": "c9ae601807aec7aa04986e5121522b9ccd95f0a666d6071842bdf6f72267e98b",
                "type": "PE_EXE"
            },
            {
                "path": "C:\\Windows\\Temp\\1025\\host.inf",
                "sha256": "bf4bf1f7e956df9206425ee21ea727f470eaa9b71e31fa5edf24a81ce70e5762",
                "type": "TEXT"
            },
            {
                "path": "C:\\Windows\\Temp\\1025\\host.tmp",
                "sha256": "0c592af998e22c2b2382eb47b7c7d105c0b7aa7299bc2ec43604482c0994ef11",
                "type": "ZIP"
            },
            {
                "path": "C:\\ProgramData\\Microsoft\\Windows\\WER\\Temp\\WER8036.tmp.WERInternalMetadata.xml",
                "sha256": "7d6d4597e04af912c927e806ae42afc2f37ff384764acf4b48f3c2de7e42a789",
                "type": "XML"
            },
            {
                "path": "C:\\ProgramData\\Microsoft\\Windows\\WER\\Temp\\WER818F.tmp.xml",
                "sha256": "2a5f7f6cc3545c789941e2f806344660c80c789a29338993ff82683239bfc78f",
                "type": "XML"
            },
            {
                "path": "C:\\Windows\\Temp\\1025\\host.inf",
                "sha256": "64744fe776e6b1d24ce1ca1a9eb93bece7589336d63b43576813f6ddcf2130d2",
                "type": "TEXT"
            },
            {
                "path": "C:\\Windows\\Temp\\1025\\host.tmp",
                "sha256": "533bcfeac504fbcd2121f666d93cd68fd3027c1aefe89af2895452a338da6798",
                "type": "ZIP"
            }
        ],
        "mutexes_created": [
            "\\Sessions\\1\\BaseNamedObjects\\Local\\WERReportingForProcess8148",
            "\\Sessions\\1\\BaseNamedObjects\\Global\\AmiProviderMutex_InventoryApplicationFile",
            "\\Sessions\\1\\BaseNamedObjects\\Global\\7ddfa678-d73f-43f1-8dd2-bc7a03528c8d",
            "\\Sessions\\1\\BaseNamedObjects\\Local\\WERReportingForProcess4236",
            "\\Sessions\\1\\BaseNamedObjects\\Global\\34eff525-b32e-4734-a704-c38cf30a17bf"
        ],
        "files_copied": [
            {
                "source": "C:\\Windows\\system32\\rtutils.dll",
                "destination": "C:\\Windows\\system32\\rtutils.dll.mui"
            }
        ],
        "processes_tree": [
            {
                "process_id": "4004",
                "name": "%WINDIR%\\explorer.exe",
                "children": [
                    {
                        "process_id": "3900",
                        "name": "%SAMPLEPATH%\\xpsp2.exe"
                    }
                ]
            },
            {
                "process_id": "8148",
                "name": "\"C:\\Users\\user\\Desktop\\software.exe\" ",
                "children": [
                    {
                        "process_id": "7988",
                        "name": "C:\\Windows\\SysWOW64\\WerFault.exe -u -p 8148 -s 628"
                    }
                ]
            }
        ],
        "registry_keys_opened": [
            "HKLM\\SOFTWARE\\Microsoft\\Active Setup\\Installed Components\\{42A7EF8C-A269-11D1-B5BF-0000F8051525}",
            "HKEY_CURRENT_USER\\Software\\Classes\\Local Settings",
            "HKEY_CURRENT_USER\\Software\\Microsoft\\Windows\\CurrentVersion\\Explorer\\Shell Folders",
            "HKEY_CURRENT_USER_Classes\\Local Settings\\Software\\Microsoft",
            "HKEY_CURRENT_USER_Classes\\Local Settings\\Software\\Microsoft\\Ole",
            "HKEY_CURRENT_USER_Classes\\Local Settings\\Software\\Microsoft\\Ole\\FeatureDevelopmentProperties",
            "HKEY_LOCAL_MACHINE\\SOFTWARE\\Microsoft\\AppModel\\Lookaside\\Packages",
            "HKEY_LOCAL_MACHINE\\SOFTWARE\\Microsoft\\Windows NT\\CurrentVersion\\Image File Execution Options\\DllNXOptions",
            "HKEY_LOCAL_MACHINE\\SOFTWARE\\Microsoft\\Windows NT\\CurrentVersion\\Image File Execution Options\\software.exe",
            "HKEY_LOCAL_MACHINE\\SOFTWARE\\Microsoft\\Windows NT\\CurrentVersion\\ProfileList\\S-1-5-21-1015118539-3749460369-599379286-1001\\Preference",
            "HKEY_LOCAL_MACHINE\\SOFTWARE\\WOW6432Node\\Microsoft\\Active Setup\\Installed Components\\{42A7EF8C-A269-11D1-B5BF-0000F8051525}",
            "HKEY_LOCAL_MACHINE\\SOFTWARE\\WOW6432Node\\Microsoft\\Cryptography\\Defaults\\Provider\\Microsoft Base Cryptographic Provider v1.0",
            "HKEY_LOCAL_MACHINE\\SOFTWARE\\WOW6432Node\\Microsoft\\OLE",
            "HKEY_LOCAL_MACHINE\\SOFTWARE\\WOW6432Node\\Microsoft\\Windows NT\\CurrentVersion\\AppCompatFlags",
            "HKEY_LOCAL_MACHINE\\SOFTWARE\\WOW6432Node\\Policies\\Microsoft\\WindowsStore",
            "HKEY_LOCAL_MACHINE\\SYSTEM\\ControlSet001\\Control\\MUI\\UILanguages\\en-US",
            "HKEY_LOCAL_MACHINE\\SYSTEM\\CurrentControlSet\\Control\\Nls\\CustomLocale",
            "HKEY_LOCAL_MACHINE\\SYSTEM\\CurrentControlSet\\Control\\Session Manager",
            "HKEY_LOCAL_MACHINE\\SYSTEM\\CurrentControlSet\\Control\\Session Manager\\Segment Heap",
            "HKEY_LOCAL_MACHINE\\SYSTEM\\CurrentControlSet\\Policies\\Microsoft\\Cryptography\\Configuration",
            "HKEY_LOCAL_MACHINE\\Software\\Microsoft\\Cryptography",
            "HKEY_LOCAL_MACHINE\\Software\\Microsoft\\Ole",
            "HKEY_LOCAL_MACHINE\\Software\\Microsoft\\Ole\\FeatureDevelopmentProperties",
            "HKEY_LOCAL_MACHINE\\Software\\Microsoft\\Windows NT\\CurrentVersion\\AppCompatFlags\\Disable8And16BitMitigation",
            "HKEY_LOCAL_MACHINE\\Software\\Microsoft\\Wow64\\x86",
            "HKEY_LOCAL_MACHINE\\Software\\Policies\\Microsoft\\Cryptography",
            "HKEY_LOCAL_MACHINE\\Software\\WOW6432Node\\Microsoft\\Cryptography\\DESHashSessionKeyBackward",
            "HKEY_LOCAL_MACHINE\\Software\\WOW6432Node\\Microsoft\\Cryptography\\Offload",
            "HKEY_LOCAL_MACHINE\\Software\\WOW6432Node\\Microsoft\\LanguageOverlay\\OverlayPackages\\en-US",
            "HKEY_LOCAL_MACHINE\\Software\\WOW6432Node\\Microsoft\\OLE\\Tracing",
            "HKEY_LOCAL_MACHINE\\Software\\WOW6432Node\\Microsoft\\Rpc",
            "HKEY_LOCAL_MACHINE\\Software\\WOW6432Node\\Microsoft\\Windows NT\\CurrentVersion\\AppCompatFlags",
            "HKEY_LOCAL_MACHINE\\Software\\WOW6432Node\\Microsoft\\Windows NT\\CurrentVersion\\GRE_Initialize",
            "HKEY_LOCAL_MACHINE\\Software\\WOW6432Node\\Microsoft\\Windows NT\\CurrentVersion\\Image File Execution Options",
            "HKEY_LOCAL_MACHINE\\Software\\WOW6432Node\\Microsoft\\Windows NT\\CurrentVersion\\ProfileList\\S-1-5-21-1015118539-3749460369-599379286-1001",
            "HKEY_LOCAL_MACHINE\\Software\\WOW6432Node\\Microsoft\\Windows NT\\CurrentVersion\\Windows",
            "HKEY_LOCAL_MACHINE\\Software\\WOW6432Node\\Policies\\Microsoft\\MUI\\Settings",
            "HKEY_LOCAL_MACHINE\\Software\\WOW6432Node\\Policies\\Microsoft\\Windows NT\\Rpc",
            "HKEY_LOCAL_MACHINE\\Software\\WOW6432Node\\Policies\\Microsoft\\Windows\\Display",
            "HKEY_LOCAL_MACHINE\\Software\\WOW6432Node\\Policies\\Microsoft\\Windows\\Safer\\CodeIdentifiers",
            "HKEY_LOCAL_MACHINE\\System\\CurrentControlSet\\Control\\ComputerName\\ActiveComputerName",
            "HKEY_LOCAL_MACHINE\\System\\CurrentControlSet\\Control\\FileSystem\\",
            "HKEY_LOCAL_MACHINE\\System\\CurrentControlSet\\Control\\Hvsi",
            "HKEY_LOCAL_MACHINE\\System\\CurrentControlSet\\Control\\Lsa",
            "HKEY_LOCAL_MACHINE\\System\\CurrentControlSet\\Control\\Lsa\\FipsAlgorithmPolicy",
            "HKEY_LOCAL_MACHINE\\System\\CurrentControlSet\\Control\\MUI\\Settings\\LanguageConfiguration",
            "HKEY_LOCAL_MACHINE\\System\\CurrentControlSet\\Control\\MUI\\UILanguages",
            "HKEY_LOCAL_MACHINE\\System\\CurrentControlSet\\Control\\MUI\\UILanguages\\PendingDelete",
            "HKEY_LOCAL_MACHINE\\System\\CurrentControlSet\\Control\\NLS\\Language",
            "HKEY_LOCAL_MACHINE\\System\\CurrentControlSet\\Control\\Nls\\CustomLocale",
            "HKEY_LOCAL_MACHINE\\System\\CurrentControlSet\\Control\\Nls\\ExtendedLocale",
            "HKEY_LOCAL_MACHINE\\System\\CurrentControlSet\\Control\\Nls\\Sorting\\Ids",
            "HKEY_LOCAL_MACHINE\\System\\CurrentControlSet\\Control\\Nls\\Sorting\\Versions",
            "HKEY_LOCAL_MACHINE\\System\\CurrentControlSet\\Control\\ProfileList",
            "HKEY_LOCAL_MACHINE\\System\\CurrentControlSet\\Control\\SafeBoot\\Option",
            "HKEY_LOCAL_MACHINE\\System\\CurrentControlSet\\Control\\Session Manager",
            "HKEY_LOCAL_MACHINE\\System\\CurrentControlSet\\Control\\Srp\\GP\\DLL",
            "HKEY_LOCAL_MACHINE\\System\\CurrentControlSet\\Control\\Terminal Server",
            "HKEY_LOCAL_MACHINE\\System\\CurrentControlSet\\Services\\Tcpip\\Parameters",
            "HKEY_LOCAL_MACHINE\\System\\Setup",
            "\\REGISTRY\\A\\{218033eb-4b45-5542-398c-63bc6f68a1fe}\\Root",
            "\\REGISTRY\\A\\{218033eb-4b45-5542-398c-63bc6f68a1fe}\\Root\\InventoryApplicationFile",
            "\\REGISTRY\\USER",
            "HKEY_CURRENT_USER\\Software\\Microsoft\\IdentityCRL\\Immersive\\production\\Property",
            "HKEY_CURRENT_USER\\Software\\Microsoft\\IdentityCRL\\Immersive\\production\\Token\\{67082621-8D18-4333-9C64-10DE93676363}",
            "HKEY_LOCAL_MACHINE\\SOFTWARE\\Microsoft\\Windows NT\\CurrentVersion\\Image File Execution Options\\file.exe",
            "HKEY_LOCAL_MACHINE\\Software\\WOW6432Node\\Microsoft\\EnterpriseCertificates\\CA",
            "HKEY_LOCAL_MACHINE\\Software\\WOW6432Node\\Microsoft\\EnterpriseCertificates\\Root",
            "HKEY_LOCAL_MACHINE\\Software\\WOW6432Node\\Microsoft\\IdentityCRL\\ClockData",
            "HKEY_LOCAL_MACHINE\\Software\\WOW6432Node\\Microsoft\\SystemCertificates\\AuthRoot",
            "HKEY_LOCAL_MACHINE\\Software\\WOW6432Node\\Microsoft\\SystemCertificates\\CA",
            "HKEY_LOCAL_MACHINE\\Software\\WOW6432Node\\Microsoft\\SystemCertificates\\Root",
            "HKEY_LOCAL_MACHINE\\Software\\WOW6432Node\\Microsoft\\SystemCertificates\\SmartCardRoot",
            "HKEY_LOCAL_MACHINE\\Software\\WOW6432Node\\Policies\\Microsoft\\SystemCertificates\\CA",
            "HKEY_LOCAL_MACHINE\\Software\\WOW6432Node\\Policies\\Microsoft\\SystemCertificates\\Root",
            "HKEY_LOCAL_MACHINE\\System\\CurrentControlSet\\Control\\SecurityProviders\\Schannel",
            "\\REGISTRY\\A\\{6ba1d121-43aa-37fe-6058-eee0d6aab29a}\\Root",
            "\\REGISTRY\\A\\{6ba1d121-43aa-37fe-6058-eee0d6aab29a}\\Root\\InventoryApplicationFile"
        ],
        "calls_highlighted": [
            "SetFileTime",
            "GetDiskFreeSpaceA",
            "GetTickCount",
            "Sleep"
        ],
        "modules_loaded": [
            "%SAMPLEPATH%\\xpsp2.exe",
            "SspiCli.dll",
            "CRYPTSP.dll",
            "ADVAPI32.dll",
            "USERENV.dll",
            "CRYPTBASE.dll",
            "crypt32.dll",
            "RPCRT4.dll"
        ],
        "processes_created": [
            "%SAMPLEPATH%\\xpsp2.exe",
            "C:\\Windows\\System32\\wuapihost.exe"
        ],
        "sigma_analysis_results": [
            {
                "match_context": [
                    {
                        "values": {
                            "SourceIsIpv6": "false",
                            "DestinationPort": "12345",
                            "User": "work\\admin",
                            "Protocol": "udp",
                            "SourceIp": "192.168.122.84",
                            "DestinationIsIpv6": "false",
                            "DestinationPortName": "-",
                            "UtcTime": "2022-07-29 19:43:38.788",
                            "RuleName": "Usermode",
                            "SourceHostname": "-",
                            "DestinationIp": "255.255.255.255",
                            "SourcePortName": "-",
                            "Initiated": "true",
                            "Image": "C:\\Users\\admin\\AppData\\Local\\Programs\\Python\\Python37\\pythonw.exe",
                            "EventID": "3",
                            "ProcessGuid": "5240FBE6-3862-62E4-3B00-000000002400",
                            "ProcessId": "1412",
                            "SourcePort": "51331",
                            "DestinationHostname": "-"
                        }
                    },
                    {
                        "values": {
                            "RuleName": "Usermode",
                            "DestinationPort": "443",
                            "User": "work\\admin",
                            "Protocol": "tcp",
                            "SourceIp": "192.168.122.84",
                            "DestinationIsIpv6": "false",
                            "DestinationPortName": "-",
                            "UtcTime": "2022-07-29 19:43:54.457",
                            "SourceIsIpv6": "false",
                            "SourceHostname": "-",
                            "Initiated": "true",
                            "SourcePortName": "-",
                            "DestinationIp": "172.217.9.212",
                            "Image": "C:\\Users\\admin\\AppData\\Local\\Programs\\Python\\Python37\\pythonw.exe",
                            "EventID": "3",
                            "ProcessGuid": "5240FBE6-3862-62E4-3B00-000000002400",
                            "ProcessId": "1412",
                            "SourcePort": "49168",
                            "DestinationHostname": "-"
                        }
                    },
                    {
                        "values": {
                            "RuleName": "Usermode",
                            "DestinationPort": "443",
                            "User": "work\\admin",
                            "Protocol": "tcp",
                            "SourceIp": "192.168.122.84",
                            "DestinationIsIpv6": "false",
                            "DestinationPortName": "-",
                            "UtcTime": "2022-07-29 19:43:54.684",
                            "SourceIsIpv6": "false",
                            "SourceHostname": "-",
                            "DestinationIp": "172.217.9.212",
                            "SourcePortName": "-",
                            "Initiated": "true",
                            "Image": "C:\\Users\\admin\\AppData\\Local\\Programs\\Python\\Python37\\pythonw.exe",
                            "EventID": "3",
                            "ProcessGuid": "5240FBE6-3862-62E4-3B00-000000002400",
                            "ProcessId": "1412",
                            "SourcePort": "49169",
                            "DestinationHostname": "-"
                        }
                    },
                    {
                        "values": {
                            "SourceIsIpv6": "false",
                            "DestinationPort": "443",
                            "User": "work\\admin",
                            "Protocol": "tcp",
                            "SourceIp": "192.168.122.84",
                            "DestinationIsIpv6": "false",
                            "DestinationPortName": "-",
                            "UtcTime": "2022-07-29 19:44:00.308",
                            "RuleName": "Usermode",
                            "SourceHostname": "-",
                            "Initiated": "true",
                            "SourcePortName": "-",
                            "DestinationIp": "172.217.9.212",
                            "Image": "C:\\Users\\admin\\AppData\\Local\\Programs\\Python\\Python37\\pythonw.exe",
                            "EventID": "3",
                            "ProcessGuid": "5240FBE6-3862-62E4-3B00-000000002400",
                            "ProcessId": "1412",
                            "SourcePort": "49170",
                            "DestinationHostname": "-"
                        }
                    },
                    {
                        "values": {
                            "SourceIsIpv6": "false",
                            "DestinationPort": "443",
                            "User": "work\\admin",
                            "Protocol": "tcp",
                            "SourceIp": "192.168.122.84",
                            "DestinationIsIpv6": "false",
                            "DestinationPortName": "-",
                            "UtcTime": "2022-07-29 19:44:00.658",
                            "RuleName": "Usermode",
                            "SourceHostname": "-",
                            "DestinationIp": "172.217.9.212",
                            "SourcePortName": "-",
                            "Initiated": "true",
                            "Image": "C:\\Users\\admin\\AppData\\Local\\Programs\\Python\\Python37\\pythonw.exe",
                            "EventID": "3",
                            "ProcessGuid": "5240FBE6-3862-62E4-3B00-000000002400",
                            "ProcessId": "1412",
                            "SourcePort": "49171",
                            "DestinationHostname": "-"
                        }
                    },
                    {
                        "values": {
                            "RuleName": "Usermode",
                            "DestinationPort": "443",
                            "User": "work\\admin",
                            "Protocol": "tcp",
                            "SourceIp": "192.168.122.84",
                            "DestinationIsIpv6": "false",
                            "DestinationPortName": "-",
                            "UtcTime": "2022-07-29 19:44:05.912",
                            "SourceIsIpv6": "false",
                            "SourceHostname": "-",
                            "DestinationIp": "172.217.9.212",
                            "SourcePortName": "-",
                            "Initiated": "true",
                            "Image": "C:\\Users\\admin\\AppData\\Local\\Programs\\Python\\Python37\\pythonw.exe",
                            "EventID": "3",
                            "ProcessGuid": "5240FBE6-3862-62E4-3B00-000000002400",
                            "ProcessId": "1412",
                            "SourcePort": "49172",
                            "DestinationHostname": "-"
                        }
                    },
                    {
                        "values": {
                            "RuleName": "Usermode",
                            "DestinationPort": "443",
                            "User": "work\\admin",
                            "Protocol": "tcp",
                            "SourceIp": "192.168.122.84",
                            "DestinationIsIpv6": "false",
                            "DestinationPortName": "-",
                            "UtcTime": "2022-07-29 19:44:11.482",
                            "SourceIsIpv6": "false",
                            "SourceHostname": "-",
                            "Initiated": "true",
                            "SourcePortName": "-",
                            "DestinationIp": "172.217.9.212",
                            "Image": "C:\\Users\\admin\\AppData\\Local\\Programs\\Python\\Python37\\pythonw.exe",
                            "EventID": "3",
                            "ProcessGuid": "5240FBE6-3862-62E4-3B00-000000002400",
                            "ProcessId": "1412",
                            "SourcePort": "49175",
                            "DestinationHostname": "-"
                        }
                    },
                    {
                        "values": {
                            "SourceIsIpv6": "false",
                            "DestinationPort": "443",
                            "User": "work\\admin",
                            "Protocol": "tcp",
                            "SourceIp": "192.168.122.84",
                            "DestinationIsIpv6": "false",
                            "DestinationPortName": "-",
                            "UtcTime": "2022-07-29 19:44:11.984",
                            "RuleName": "Usermode",
                            "SourceHostname": "-",
                            "Initiated": "true",
                            "SourcePortName": "-",
                            "DestinationIp": "172.217.9.212",
                            "Image": "C:\\Users\\admin\\AppData\\Local\\Programs\\Python\\Python37\\pythonw.exe",
                            "EventID": "3",
                            "ProcessGuid": "5240FBE6-3862-62E4-3B00-000000002400",
                            "ProcessId": "1412",
                            "SourcePort": "49176",
                            "DestinationHostname": "-"
                        }
                    },
                    {
                        "values": {
                            "RuleName": "Usermode",
                            "DestinationPort": "443",
                            "User": "work\\admin",
                            "Protocol": "tcp",
                            "SourceIp": "192.168.122.84",
                            "DestinationIsIpv6": "false",
                            "DestinationPortName": "-",
                            "UtcTime": "2022-07-29 19:44:17.143",
                            "SourceIsIpv6": "false",
                            "SourceHostname": "-",
                            "Initiated": "true",
                            "SourcePortName": "-",
                            "DestinationIp": "172.217.9.212",
                            "Image": "C:\\Users\\admin\\AppData\\Local\\Programs\\Python\\Python37\\pythonw.exe",
                            "EventID": "3",
                            "ProcessGuid": "5240FBE6-3862-62E4-3B00-000000002400",
                            "ProcessId": "1412",
                            "SourcePort": "49177",
                            "DestinationHostname": "-"
                        }
                    },
                    {
                        "values": {
                            "RuleName": "Usermode",
                            "DestinationPort": "443",
                            "User": "work\\admin",
                            "Protocol": "tcp",
                            "SourceIp": "192.168.122.84",
                            "DestinationIsIpv6": "false",
                            "DestinationPortName": "-",
                            "UtcTime": "2022-07-29 19:44:22.863",
                            "SourceIsIpv6": "false",
                            "SourceHostname": "-",
                            "DestinationIp": "172.217.9.212",
                            "SourcePortName": "-",
                            "Initiated": "true",
                            "Image": "C:\\Users\\admin\\AppData\\Local\\Programs\\Python\\Python37\\pythonw.exe",
                            "EventID": "3",
                            "ProcessGuid": "5240FBE6-3862-62E4-3B00-000000002400",
                            "ProcessId": "1412",
                            "SourcePort": "49178",
                            "DestinationHostname": "-"
                        }
                    },
                    {
                        "values": {
                            "RuleName": "Usermode",
                            "DestinationPort": "443",
                            "User": "work\\admin",
                            "Protocol": "tcp",
                            "SourceIp": "192.168.122.84",
                            "DestinationIsIpv6": "false",
                            "DestinationPortName": "-",
                            "UtcTime": "2022-07-29 19:44:23.617",
                            "SourceIsIpv6": "false",
                            "SourceHostname": "-",
                            "Initiated": "true",
                            "SourcePortName": "-",
                            "DestinationIp": "172.217.9.212",
                            "Image": "C:\\Users\\admin\\AppData\\Local\\Programs\\Python\\Python37\\pythonw.exe",
                            "EventID": "3",
                            "ProcessGuid": "5240FBE6-3862-62E4-3B00-000000002400",
                            "ProcessId": "1412",
                            "SourcePort": "49179",
                            "DestinationHostname": "-"
                        }
                    },
                    {
                        "values": {
                            "RuleName": "Usermode",
                            "DestinationPort": "443",
                            "User": "work\\admin",
                            "Protocol": "tcp",
                            "SourceIp": "192.168.122.84",
                            "DestinationIsIpv6": "false",
                            "DestinationPortName": "-",
                            "UtcTime": "2022-07-29 19:44:28.842",
                            "SourceIsIpv6": "false",
                            "SourceHostname": "-",
                            "Initiated": "true",
                            "SourcePortName": "-",
                            "DestinationIp": "172.217.9.212",
                            "Image": "C:\\Users\\admin\\AppData\\Local\\Programs\\Python\\Python37\\pythonw.exe",
                            "EventID": "3",
                            "ProcessGuid": "5240FBE6-3862-62E4-3B00-000000002400",
                            "ProcessId": "1412",
                            "SourcePort": "49180",
                            "DestinationHostname": "-"
                        }
                    },
