                    {
                        "values": {
                            "RuleName": "Usermode",
                            "DestinationPort": "443",
                            "User": "work\\admin",
                            "Protocol": "tcp",
                            "SourceIp": "192.168.122.84",
                            "DestinationIsIpv6": "false",
                            "DestinationPortName": "-",
                            "UtcTime": "2022-07-29 19:44:34.767",
                            "SourceIsIpv6": "false",
                            "SourceHostname": "-",
                            "Initiated": "true",
                            "SourcePortName": "-",
                            "DestinationIp": "172.217.9.212",
                            "Image": "C:\\Users\\admin\\AppData\\Local\\Programs\\Python\\Python37\\pythonw.exe",
                            "EventID": "3",
                            "ProcessGuid": "5240FBE6-3862-62E4-3B00-000000002400",
                            "ProcessId": "1412",
                            "SourcePort": "49183",
                            "DestinationHostname": "-"
                        }
                    },
                    {
                        "values": {
                            "RuleName": "Usermode",
                            "DestinationPort": "443",
                            "User": "work\\admin",
                            "Protocol": "tcp",
                            "SourceIp": "192.168.122.84",
                            "DestinationIsIpv6": "false",
                            "DestinationPortName": "-",
                            "UtcTime": "2022-07-29 19:44:35.678",
                            "SourceIsIpv6": "false",
                            "SourceHostname": "-",
                            "DestinationIp": "172.217.9.212",
                            "SourcePortName": "-",
                            "Initiated": "true",
                            "Image": "C:\\Users\\admin\\AppData\\Local\\Programs\\Python\\Python37\\pythonw.exe",
                            "EventID": "3",
                            "ProcessGuid": "5240FBE6-3862-62E4-3B00-000000002400",
                            "ProcessId": "1412",
                            "SourcePort": "49184",
                            "DestinationHostname": "-"
                        }
                    },
                    {
                        "values": {
                            "SourceIsIpv6": "false",
                            "DestinationPort": "443",
                            "User": "work\\admin",
                            "Protocol": "tcp",
                            "SourceIp": "192.168.122.84",
                            "DestinationIsIpv6": "false",
                            "DestinationPortName": "-",
                            "UtcTime": "2022-07-29 19:44:40.936",
                            "RuleName": "Usermode",
                            "SourceHostname": "-",
                            "Initiated": "true",
                            "SourcePortName": "-",
                            "DestinationIp": "172.217.9.212",
                            "Image": "C:\\Users\\admin\\AppData\\Local\\Programs\\Python\\Python37\\pythonw.exe",
                            "EventID": "3",
                            "ProcessGuid": "5240FBE6-3862-62E4-3B00-000000002400",
                            "ProcessId": "1412",
                            "SourcePort": "49185",
                            "DestinationHostname": "-"
                        }
                    },
                    {
                        "values": {
                            "SourceIsIpv6": "false",
                            "DestinationPort": "443",
                            "User": "work\\admin",
                            "Protocol": "tcp",
                            "SourceIp": "192.168.122.84",
                            "DestinationIsIpv6": "false",
                            "DestinationPortName": "-",
                            "UtcTime": "2022-07-29 19:44:47.133",
                            "RuleName": "Usermode",
                            "SourceHostname": "-",
                            "Initiated": "true",
                            "SourcePortName": "-",
                            "DestinationIp": "172.217.9.212",
                            "Image": "C:\\Users\\admin\\AppData\\Local\\Programs\\Python\\Python37\\pythonw.exe",
                            "EventID": "3",
                            "ProcessGuid": "5240FBE6-3862-62E4-3B00-000000002400",
                            "ProcessId": "1412",
                            "SourcePort": "49186",
                            "DestinationHostname": "-"
                        }
                    },
                    {
                        "values": {
                            "SourceIsIpv6": "false",
                            "DestinationPort": "443",
                            "User": "work\\admin",
                            "Protocol": "tcp",
                            "SourceIp": "192.168.122.84",
                            "DestinationIsIpv6": "false",
                            "DestinationPortName": "-",
                            "UtcTime": "2022-07-29 19:44:48.264",
                            "RuleName": "Usermode",
                            "SourceHostname": "-",
                            "Initiated": "true",
                            "SourcePortName": "-",
                            "DestinationIp": "172.217.9.212",
                            "Image": "C:\\Users\\admin\\AppData\\Local\\Programs\\Python\\Python37\\pythonw.exe",
                            "EventID": "3",
                            "ProcessGuid": "5240FBE6-3862-62E4-3B00-000000002400",
                            "ProcessId": "1412",
                            "SourcePort": "49187",
                            "DestinationHostname": "-"
                        }
                    },
                    {
                        "values": {
                            "RuleName": "Usermode",
                            "DestinationPort": "443",
                            "User": "work\\admin",
                            "Protocol": "tcp",
                            "SourceIp": "192.168.122.84",
                            "DestinationIsIpv6": "false",
                            "DestinationPortName": "-",
                            "UtcTime": "2022-07-29 19:44:53.446",
                            "SourceIsIpv6": "false",
                            "SourceHostname": "-",
                            "DestinationIp": "172.217.9.212",
                            "SourcePortName": "-",
                            "Initiated": "true",
                            "Image": "C:\\Users\\admin\\AppData\\Local\\Programs\\Python\\Python37\\pythonw.exe",
                            "EventID": "3",
                            "ProcessGuid": "5240FBE6-3862-62E4-3B00-000000002400",
                            "ProcessId": "1412",
                            "SourcePort": "49188",
                            "DestinationHostname": "-"
                        }
                    },
                    {
                        "values": {
                            "RuleName": "Usermode",
                            "DestinationPort": "443",
                            "User": "work\\admin",
                            "Protocol": "tcp",
                            "SourceIp": "192.168.122.84",
                            "DestinationIsIpv6": "false",
                            "DestinationPortName": "-",
                            "UtcTime": "2022-07-29 19:45:00.604",
                            "SourceIsIpv6": "false",
                            "SourceHostname": "-",
                            "Initiated": "true",
                            "SourcePortName": "-",
                            "DestinationIp": "172.217.9.212",
                            "Image": "C:\\Users\\admin\\AppData\\Local\\Programs\\Python\\Python37\\pythonw.exe",
                            "EventID": "3",
                            "ProcessGuid": "5240FBE6-3862-62E4-3B00-000000002400",
                            "ProcessId": "1412",
                            "SourcePort": "49189",
                            "DestinationHostname": "-"
                        }
                    },
                    {
                        "values": {
                            "SourceIsIpv6": "false",
                            "DestinationPort": "443",
                            "User": "work\\admin",
                            "Protocol": "tcp",
                            "SourceIp": "192.168.122.84",
                            "DestinationIsIpv6": "false",
                            "DestinationPortName": "-",
                            "UtcTime": "2022-07-29 19:45:02.175",
                            "RuleName": "Usermode",
                            "SourceHostname": "-",
                            "DestinationIp": "172.217.9.212",
                            "SourcePortName": "-",
                            "Initiated": "true",
                            "Image": "C:\\Users\\admin\\AppData\\Local\\Programs\\Python\\Python37\\pythonw.exe",
                            "EventID": "3",
                            "ProcessGuid": "5240FBE6-3862-62E4-3B00-000000002400",
                            "ProcessId": "1412",
                            "SourcePort": "49190",
                            "DestinationHostname": "-"
                        }
                    },
                    {
                        "values": {
                            "SourceIsIpv6": "false",
                            "DestinationPort": "443",
                            "User": "work\\admin",
                            "Protocol": "tcp",
                            "SourceIp": "192.168.122.84",
                            "DestinationIsIpv6": "false",
                            "DestinationPortName": "-",
                            "UtcTime": "2022-07-29 19:45:02.779",
                            "RuleName": "Usermode",
                            "SourceHostname": "-",
                            "DestinationIp": "172.217.9.212",
                            "SourcePortName": "-",
                            "Initiated": "true",
                            "Image": "C:\\Users\\admin\\AppData\\Local\\Programs\\Python\\Python37\\pythonw.exe",
                            "EventID": "3",
                            "ProcessGuid": "5240FBE6-3862-62E4-3B00-000000002400",
                            "ProcessId": "1412",
                            "SourcePort": "49191",
                            "DestinationHostname": "-"
                        }
                    },
                    {
                        "values": {
                            "SourceIsIpv6": "false",
                            "DestinationPort": "443",
                            "User": "work\\admin",
                            "Protocol": "tcp",
                            "SourceIp": "192.168.122.84",
                            "DestinationIsIpv6": "false",
                            "DestinationPortName": "-",
                            "UtcTime": "2022-07-29 19:45:08.033",
                            "RuleName": "Usermode",
                            "SourceHostname": "-",
                            "DestinationIp": "172.217.9.212",
                            "SourcePortName": "-",
                            "Initiated": "true",
                            "Image": "C:\\Users\\admin\\AppData\\Local\\Programs\\Python\\Python37\\pythonw.exe",
                            "EventID": "3",
                            "ProcessGuid": "5240FBE6-3862-62E4-3B00-000000002400",
                            "ProcessId": "1412",
                            "SourcePort": "49192",
                            "DestinationHostname": "-"
                        }
                    },
                    {
                        "values": {
                            "RuleName": "Usermode",
                            "DestinationPort": "12345",
                            "User": "work\\admin",
                            "Protocol": "udp",
                            "SourceIp": "192.168.122.84",
                            "DestinationIsIpv6": "false",
                            "DestinationPortName": "-",
                            "UtcTime": "2022-07-29 19:43:38.788",
                            "SourceIsIpv6": "false",
                            "Initiated": "true",
                            "SourceHostname": "-",
                            "SourcePortName": "-",
                            "DestinationIp": "255.255.255.255",
                            "Image": "C:\\Users\\admin\\AppData\\Local\\Programs\\Python\\Python37\\pythonw.exe",
                            "EventID": "3",
                            "ProcessGuid": "5240FBE6-3862-62E4-3B00-000000002400",
                            "ProcessId": "1412",
                            "SourcePort": "51331",
                            "DestinationHostname": "-"
                        }
                    },
                    {
                        "values": {
                            "SourceIsIpv6": "false",
                            "DestinationPort": "443",
                            "User": "work\\admin",
                            "Protocol": "tcp",
                            "SourceIp": "192.168.122.84",
                            "DestinationIsIpv6": "false",
                            "DestinationPortName": "-",
                            "UtcTime": "2022-07-29 19:43:54.457",
                            "RuleName": "Usermode",
                            "SourceHostname": "-",
                            "Initiated": "true",
                            "SourcePortName": "-",
                            "DestinationIp": "172.217.9.212",
                            "Image": "C:\\Users\\admin\\AppData\\Local\\Programs\\Python\\Python37\\pythonw.exe",
                            "EventID": "3",
                            "ProcessGuid": "5240FBE6-3862-62E4-3B00-000000002400",
                            "ProcessId": "1412",
                            "SourcePort": "49168",
                            "DestinationHostname": "-"
                        }
                    },
                    {
                        "values": {
                            "RuleName": "Usermode",
                            "DestinationPort": "443",
                            "User": "work\\admin",
                            "Protocol": "tcp",
                            "SourceIp": "192.168.122.84",
                            "DestinationIsIpv6": "false",
                            "DestinationPortName": "-",
                            "UtcTime": "2022-07-29 19:43:54.684",
                            "SourceIsIpv6": "false",
                            "Initiated": "true",
                            "SourceHostname": "-",
                            "SourcePortName": "-",
                            "DestinationIp": "172.217.9.212",
                            "Image": "C:\\Users\\admin\\AppData\\Local\\Programs\\Python\\Python37\\pythonw.exe",
                            "EventID": "3",
                            "ProcessGuid": "5240FBE6-3862-62E4-3B00-000000002400",
                            "ProcessId": "1412",
                            "SourcePort": "49169",
                            "DestinationHostname": "-"
                        }
                    },
                    {
                        "values": {
                            "SourceIsIpv6": "false",
                            "DestinationPort": "443",
                            "User": "work\\admin",
                            "Protocol": "tcp",
                            "SourceIp": "192.168.122.84",
                            "DestinationIsIpv6": "false",
                            "DestinationPortName": "-",
                            "UtcTime": "2022-07-29 19:44:00.308",
                            "RuleName": "Usermode",
                            "SourceHostname": "-",
                            "DestinationHostname": "-",
                            "SourcePortName": "-",
                            "Initiated": "true",
                            "Image": "C:\\Users\\admin\\AppData\\Local\\Programs\\Python\\Python37\\pythonw.exe",
                            "EventID": "3",
                            "ProcessGuid": "5240FBE6-3862-62E4-3B00-000000002400",
                            "ProcessId": "1412",
                            "SourcePort": "49170",
                            "DestinationIp": "172.217.9.212"
                        }
                    },
                    {
                        "values": {
                            "SourceIsIpv6": "false",
                            "DestinationPort": "443",
                            "User": "work\\admin",
                            "Protocol": "tcp",
                            "SourceIp": "192.168.122.84",
                            "DestinationIsIpv6": "false",
                            "DestinationPortName": "-",
                            "UtcTime": "2022-07-29 19:44:00.658",
                            "RuleName": "Usermode",
                            "SourceHostname": "-",
                            "DestinationHostname": "-",
                            "SourcePortName": "-",
                            "DestinationIp": "172.217.9.212",
                            "Image": "C:\\Users\\admin\\AppData\\Local\\Programs\\Python\\Python37\\pythonw.exe",
                            "EventID": "3",
                            "ProcessGuid": "5240FBE6-3862-62E4-3B00-000000002400",
                            "ProcessId": "1412",
                            "SourcePort": "49171",
                            "Initiated": "true"
                        }
                    },
                    {
                        "values": {
                            "SourceIsIpv6": "false",
                            "DestinationPort": "443",
                            "User": "work\\admin",
                            "Protocol": "tcp",
                            "SourceIp": "192.168.122.84",
                            "DestinationIsIpv6": "false",
                            "DestinationPortName": "-",
                            "UtcTime": "2022-07-29 19:44:05.912",
                            "RuleName": "Usermode",
                            "SourceHostname": "-",
                            "DestinationHostname": "-",
                            "SourcePortName": "-",
                            "DestinationIp": "172.217.9.212",
                            "Image": "C:\\Users\\admin\\AppData\\Local\\Programs\\Python\\Python37\\pythonw.exe",
                            "EventID": "3",
                            "ProcessGuid": "5240FBE6-3862-62E4-3B00-000000002400",
                            "ProcessId": "1412",
                            "SourcePort": "49172",
                            "Initiated": "true"
                        }
                    },
                    {
                        "values": {
                            "RuleName": "Usermode",
                            "DestinationPort": "443",
                            "User": "work\\admin",
                            "Protocol": "tcp",
                            "SourceIp": "192.168.122.84",
                            "DestinationIsIpv6": "false",
                            "DestinationPortName": "-",
                            "UtcTime": "2022-07-29 19:44:11.482",
                            "SourceIsIpv6": "false",
                            "Initiated": "true",
                            "SourceHostname": "-",
                            "SourcePortName": "-",
                            "DestinationIp": "172.217.9.212",
                            "Image": "C:\\Users\\admin\\AppData\\Local\\Programs\\Python\\Python37\\pythonw.exe",
                            "EventID": "3",
                            "ProcessGuid": "5240FBE6-3862-62E4-3B00-000000002400",
                            "ProcessId": "1412",
                            "SourcePort": "49175",
                            "DestinationHostname": "-"
                        }
                    },
                    {
                        "values": {
                            "RuleName": "Usermode",
                            "DestinationPort": "443",
                            "User": "work\\admin",
                            "Protocol": "tcp",
                            "SourceIp": "192.168.122.84",
                            "DestinationIsIpv6": "false",
                            "DestinationPortName": "-",
                            "UtcTime": "2022-07-29 19:44:11.984",
                            "SourceIsIpv6": "false",
                            "SourceHostname": "-",
                            "DestinationIp": "172.217.9.212",
                            "SourcePortName": "-",
                            "Initiated": "true",
                            "Image": "C:\\Users\\admin\\AppData\\Local\\Programs\\Python\\Python37\\pythonw.exe",
                            "EventID": "3",
                            "ProcessGuid": "5240FBE6-3862-62E4-3B00-000000002400",
                            "ProcessId": "1412",
                            "SourcePort": "49176",
                            "DestinationHostname": "-"
                        }
                    },
                    {
                        "values": {
                            "SourceIsIpv6": "false",
                            "DestinationPort": "443",
                            "User": "work\\admin",
                            "Protocol": "tcp",
                            "SourceIp": "192.168.122.84",
                            "DestinationIsIpv6": "false",
                            "DestinationPortName": "-",
                            "UtcTime": "2022-07-29 19:44:17.143",
                            "RuleName": "Usermode",
                            "SourceHostname": "-",
                            "DestinationHostname": "-",
                            "SourcePortName": "-",
                            "DestinationIp": "172.217.9.212",
                            "Image": "C:\\Users\\admin\\AppData\\Local\\Programs\\Python\\Python37\\pythonw.exe",
                            "EventID": "3",
                            "ProcessGuid": "5240FBE6-3862-62E4-3B00-000000002400",
                            "ProcessId": "1412",
                            "SourcePort": "49177",
                            "Initiated": "true"
                        }
                    },
                    {
                        "values": {
                            "RuleName": "Usermode",
                            "DestinationPort": "443",
                            "User": "work\\admin",
                            "Protocol": "tcp",
                            "SourceIp": "192.168.122.84",
                            "DestinationIsIpv6": "false",
                            "DestinationPortName": "-",
                            "UtcTime": "2022-07-29 19:44:22.863",
                            "SourceIsIpv6": "false",
                            "SourceHostname": "-",
                            "Initiated": "true",
                            "SourcePortName": "-",
                            "DestinationIp": "172.217.9.212",
                            "Image": "C:\\Users\\admin\\AppData\\Local\\Programs\\Python\\Python37\\pythonw.exe",
                            "EventID": "3",
                            "ProcessGuid": "5240FBE6-3862-62E4-3B00-000000002400",
                            "ProcessId": "1412",
                            "SourcePort": "49178",
                            "DestinationHostname": "-"
                        }
                    },
                    {
                        "values": {
                            "RuleName": "Usermode",
                            "DestinationPort": "443",
                            "User": "work\\admin",
                            "Protocol": "tcp",
                            "SourceIp": "192.168.122.84",
                            "DestinationIsIpv6": "false",
                            "DestinationPortName": "-",
                            "UtcTime": "2022-07-29 19:44:23.617",
                            "SourceIsIpv6": "false",
                            "Initiated": "true",
                            "SourceHostname": "-",
                            "SourcePortName": "-",
                            "DestinationIp": "172.217.9.212",
                            "Image": "C:\\Users\\admin\\AppData\\Local\\Programs\\Python\\Python37\\pythonw.exe",
                            "EventID": "3",
                            "ProcessGuid": "5240FBE6-3862-62E4-3B00-000000002400",
                            "ProcessId": "1412",
                            "SourcePort": "49179",
                            "DestinationHostname": "-"
                        }
                    },
                    {
                        "values": {
                            "SourceIsIpv6": "false",
                            "DestinationPort": "443",
                            "User": "work\\admin",
                            "Protocol": "tcp",
                            "SourceIp": "192.168.122.84",
                            "DestinationIsIpv6": "false",
                            "DestinationPortName": "-",
                            "UtcTime": "2022-07-29 19:44:28.842",
                            "RuleName": "Usermode",
                            "SourceHostname": "-",
                            "DestinationHostname": "-",
                            "SourcePortName": "-",
                            "Initiated": "true",
                            "Image": "C:\\Users\\admin\\AppData\\Local\\Programs\\Python\\Python37\\pythonw.exe",
                            "EventID": "3",
                            "ProcessGuid": "5240FBE6-3862-62E4-3B00-000000002400",
                            "ProcessId": "1412",
                            "SourcePort": "49180",
                            "DestinationIp": "172.217.9.212"
                        }
                    },
                    {
                        "values": {
                            "RuleName": "Usermode",
                            "DestinationPort": "443",
                            "User": "work\\admin",
                            "Protocol": "tcp",
                            "SourceIp": "192.168.122.84",
                            "DestinationIsIpv6": "false",
                            "DestinationPortName": "-",
                            "UtcTime": "2022-07-29 19:44:34.767",
                            "SourceIsIpv6": "false",
                            "SourceHostname": "-",
                            "Initiated": "true",
                            "SourcePortName": "-",
                            "DestinationIp": "172.217.9.212",
                            "Image": "C:\\Users\\admin\\AppData\\Local\\Programs\\Python\\Python37\\pythonw.exe",
                            "EventID": "3",
                            "ProcessGuid": "5240FBE6-3862-62E4-3B00-000000002400",
                            "ProcessId": "1412",
                            "SourcePort": "49183",
                            "DestinationHostname": "-"
                        }
                    },
                    {
                        "values": {
                            "SourceIsIpv6": "false",
                            "DestinationPort": "443",
                            "User": "work\\admin",
                            "Protocol": "tcp",
                            "SourceIp": "192.168.122.84",
                            "DestinationIsIpv6": "false",
                            "DestinationPortName": "-",
                            "UtcTime": "2022-07-29 19:44:35.678",
                            "RuleName": "Usermode",
                            "SourceHostname": "-",
                            "DestinationIp": "172.217.9.212",
                            "SourcePortName": "-",
                            "Initiated": "true",
                            "Image": "C:\\Users\\admin\\AppData\\Local\\Programs\\Python\\Python37\\pythonw.exe",
                            "EventID": "3",
                            "ProcessGuid": "5240FBE6-3862-62E4-3B00-000000002400",
                            "ProcessId": "1412",
                            "SourcePort": "49184",
                            "DestinationHostname": "-"
                        }
                    },
                    {
                        "values": {
                            "SourceIsIpv6": "false",
                            "DestinationPort": "443",
                            "User": "work\\admin",
                            "Protocol": "tcp",
                            "SourceIp": "192.168.122.84",
                            "DestinationIsIpv6": "false",
                            "DestinationPortName": "-",
                            "UtcTime": "2022-07-29 19:44:40.936",
                            "RuleName": "Usermode",
                            "SourceHostname": "-",
                            "DestinationHostname": "-",
                            "SourcePortName": "-",
                            "DestinationIp": "172.217.9.212",
                            "Image": "C:\\Users\\admin\\AppData\\Local\\Programs\\Python\\Python37\\pythonw.exe",
                            "EventID": "3",
                            "ProcessGuid": "5240FBE6-3862-62E4-3B00-000000002400",
                            "ProcessId": "1412",
                            "SourcePort": "49185",
                            "Initiated": "true"
                        }
                    },
                    {
                        "values": {
                            "RuleName": "Usermode",
                            "DestinationPort": "443",
                            "User": "work\\admin",
                            "Protocol": "tcp",
                            "SourceIp": "192.168.122.84",
                            "DestinationIsIpv6": "false",
                            "DestinationPortName": "-",
                            "UtcTime": "2022-07-29 19:44:47.133",
                            "SourceIsIpv6": "false",
                            "Initiated": "true",
                            "SourceHostname": "-",
                            "SourcePortName": "-",
                            "DestinationIp": "172.217.9.212",
                            "Image": "C:\\Users\\admin\\AppData\\Local\\Programs\\Python\\Python37\\pythonw.exe",
                            "EventID": "3",
                            "ProcessGuid": "5240FBE6-3862-62E4-3B00-000000002400",
                            "ProcessId": "1412",
                            "SourcePort": "49186",
                            "DestinationHostname": "-"
                        }
                    },
                    {
                        "values": {
                            "SourceIsIpv6": "false",
                            "DestinationPort": "443",
                            "User": "work\\admin",
                            "Protocol": "tcp",
                            "SourceIp": "192.168.122.84",
                            "DestinationIsIpv6": "false",
                            "DestinationPortName": "-",
                            "UtcTime": "2022-07-29 19:44:48.264",
                            "RuleName": "Usermode",
                            "SourceHostname": "-",
                            "Initiated": "true",
                            "SourcePortName": "-",
                            "DestinationIp": "172.217.9.212",
                            "Image": "C:\\Users\\admin\\AppData\\Local\\Programs\\Python\\Python37\\pythonw.exe",
                            "EventID": "3",
                            "ProcessGuid": "5240FBE6-3862-62E4-3B00-000000002400",
                            "ProcessId": "1412",
                            "SourcePort": "49187",
                            "DestinationHostname": "-"
                        }
                    },
                    {
                        "values": {
                            "SourceIsIpv6": "false",
                            "DestinationPort": "443",
                            "User": "work\\admin",
                            "Protocol": "tcp",
                            "SourceIp": "192.168.122.84",
                            "DestinationIsIpv6": "false",
                            "DestinationPortName": "-",
                            "UtcTime": "2022-07-29 19:44:53.446",
                            "RuleName": "Usermode",
                            "SourceHostname": "-",
                            "Initiated": "true",
                            "SourcePortName": "-",
                            "DestinationIp": "172.217.9.212",
                            "Image": "C:\\Users\\admin\\AppData\\Local\\Programs\\Python\\Python37\\pythonw.exe",
                            "EventID": "3",
                            "ProcessGuid": "5240FBE6-3862-62E4-3B00-000000002400",
                            "ProcessId": "1412",
                            "SourcePort": "49188",
                            "DestinationHostname": "-"
                        }
                    },
                    {
                        "values": {
                            "RuleName": "Usermode",
                            "DestinationPort": "443",
                            "User": "work\\admin",
                            "Protocol": "tcp",
                            "SourceIp": "192.168.122.84",
                            "DestinationIsIpv6": "false",
                            "DestinationPortName": "-",
                            "UtcTime": "2022-07-29 19:45:00.604",
                            "SourceIsIpv6": "false",
                            "SourceHostname": "-",
                            "Initiated": "true",
                            "SourcePortName": "-",
                            "DestinationIp": "172.217.9.212",
                            "Image": "C:\\Users\\admin\\AppData\\Local\\Programs\\Python\\Python37\\pythonw.exe",
                            "EventID": "3",
                            "ProcessGuid": "5240FBE6-3862-62E4-3B00-000000002400",
                            "ProcessId": "1412",
                            "SourcePort": "49189",
                            "DestinationHostname": "-"
                        }
                    },
                    {
                        "values": {
                            "SourceIsIpv6": "false",
                            "DestinationPort": "443",
                            "User": "work\\admin",
                            "Protocol": "tcp",
                            "SourceIp": "192.168.122.84",
                            "DestinationIsIpv6": "false",
                            "DestinationPortName": "-",
                            "UtcTime": "2022-07-29 19:45:02.175",
                            "RuleName": "Usermode",
                            "SourceHostname": "-",
                            "DestinationHostname": "-",
                            "SourcePortName": "-",
                            "Initiated": "true",
                            "Image": "C:\\Users\\admin\\AppData\\Local\\Programs\\Python\\Python37\\pythonw.exe",
                            "EventID": "3",
                            "ProcessGuid": "5240FBE6-3862-62E4-3B00-000000002400",
                            "ProcessId": "1412",
                            "SourcePort": "49190",
                            "DestinationIp": "172.217.9.212"
                        }
                    },
                    {
                        "values": {
                            "RuleName": "Usermode",
                            "DestinationPort": "443",
                            "User": "work\\admin",
                            "Protocol": "tcp",
                            "SourceIp": "192.168.122.84",
                            "DestinationIsIpv6": "false",
                            "DestinationPortName": "-",
                            "UtcTime": "2022-07-29 19:45:02.779",
                            "SourceIsIpv6": "false",
                            "SourceHostname": "-",
                            "Initiated": "true",
                            "SourcePortName": "-",
                            "DestinationIp": "172.217.9.212",
                            "Image": "C:\\Users\\admin\\AppData\\Local\\Programs\\Python\\Python37\\pythonw.exe",
                            "EventID": "3",
                            "ProcessGuid": "5240FBE6-3862-62E4-3B00-000000002400",
                            "ProcessId": "1412",
                            "SourcePort": "49191",
                            "DestinationHostname": "-"
                        }
                    },
                    {
                        "values": {
                            "SourceIsIpv6": "false",
                            "DestinationPort": "443",
                            "User": "work\\admin",
                            "Protocol": "tcp",
                            "SourceIp": "192.168.122.84",
                            "DestinationIsIpv6": "false",
                            "DestinationPortName": "-",
                            "UtcTime": "2022-07-29 19:45:08.033",
                            "RuleName": "Usermode",
                            "SourceHostname": "-",
                            "DestinationHostname": "-",
                            "SourcePortName": "-",
                            "Initiated": "true",
                            "Image": "C:\\Users\\admin\\AppData\\Local\\Programs\\Python\\Python37\\pythonw.exe",
                            "EventID": "3",
                            "ProcessGuid": "5240FBE6-3862-62E4-3B00-000000002400",
                            "ProcessId": "1412",
                            "SourcePort": "49192",
                            "DestinationIp": "172.217.9.212"
                        }
                    }
                ],
                "rule_level": "high",
                "rule_id": "e4d5f1be0673fa786cc8379c15338af08cdd11eed433bead9e801d6204d42a2d",
                "rule_source": "Sigma Integrated Rule Set (GitHub)",
                "rule_title": "Python Initiated Connection",
                "rule_description": "Adversaries may attempt to get a listing of services running on remote hosts, including those that may be vulnerable to remote software exploitation",
                "rule_author": "frack113"
            },
            {
                "match_context": [
                    {
                        "values": {
                            "RuleName": "EXE",
                            "CreationUtcTime": "2022-07-29 19:43:45.171",
                            "UtcTime": "2022-07-29 19:43:45.171",
                            "EventID": "11",
                            "ProcessGuid": "5240FBE6-3862-62E4-3B00-000000002400",
                            "ProcessId": "1412",
                            "Image": "C:\\Users\\admin\\AppData\\Local\\Programs\\Python\\Python37\\pythonw.exe",
                            "TargetFilename": "C:\\Users\\admin\\AppData\\Local\\Temp\\frida-1295070079f0ac49eea252ad5313dd94\\frida-winjector-helper-32.exe"
                        }
                    },
                    {
                        "values": {
                            "RuleName": "EXE",
                            "CreationUtcTime": "2022-07-29 19:43:46.468",
                            "UtcTime": "2022-07-29 19:43:46.468",
                            "EventID": "11",
                            "ProcessGuid": "5240FBE6-3862-62E4-3B00-000000002400",
                            "ProcessId": "1412",
                            "Image": "C:\\Users\\admin\\AppData\\Local\\Programs\\Python\\Python37\\pythonw.exe",
                            "TargetFilename": "C:\\Users\\admin\\AppData\\Local\\Temp\\frida-1295070079f0ac49eea252ad5313dd94\\frida-winjector-helper-64.exe"
                        }
                    },
