                    {
                        "values": {
                            "RuleName": "-",
                            "CurrentDirectory": "C:\\Program Files (x86)\\AutoIt3\\",
                            "LogonId": "274951",
                            "OriginalFileName": "net.exe",
                            "UtcTime": "2022-08-18 09:29:18.897",
                            "Description": "Net Command",
                            "User": "DESKTOP-B0T93D6\\george",
                            "Hashes": "MD5=DD0561156F62BC1958CE0E370B23711B,SHA256=FD41D0261C6D22572DA448BCB5CBBB98F78A2922D1F1074D25237CC82C8CE432,IMPHASH=86350518EAE83E4A09BBF6317BA1C570",
                            "ParentImage": "C:\\Windows\\SysWOW64\\cmd.exe",
                            "IntegrityLevel": "High",
                            "TerminalSessionId": "1",
                            "Image": "C:\\Windows\\SysWOW64\\net.exe",
                            "ParentProcessId": "7156",
                            "ParentProcessGuid": "C784477D-066E-62FE-580A-000000004700",
                            "Product": "Microsoft\u00ae Windows\u00ae Operating System",
                            "LogonGuid": "C784477D-051D-62FE-0732-040000000000",
                            "EventID": "1",
                            "ProcessGuid": "C784477D-066E-62FE-5D0A-000000004700",
                            "CommandLine": "net  stop sppsvc",
                            "ParentCommandLine": "C:\\Windows\\system32\\cmd.exe /c net stop sppsvc",
                            "ProcessId": "5052",
                            "FileVersion": "10.0.17134.1 (WinBuild.160101.0800)",
                            "Company": "Microsoft Corporation"
                        }
                    },
                    {
                        "values": {
                            "RuleName": "-",
                            "CurrentDirectory": "C:\\Program Files (x86)\\AutoIt3\\",
                            "LogonId": "274951",
                            "OriginalFileName": "net1.exe",
                            "UtcTime": "2022-08-18 09:29:18.906",
                            "Description": "Net Command",
                            "User": "DESKTOP-B0T93D6\\george",
                            "Hashes": "MD5=B5A26C2BF17222E86B91D26F1247AF3E,SHA256=14CC5BE4C833ACC652195DEAD113E1C3B4AC0B98EA1AEAD11957836F9AE721CF,IMPHASH=3D3E7537BD3BA07738DC5CA8AD01B073",
                            "ParentImage": "C:\\Windows\\SysWOW64\\net.exe",
                            "IntegrityLevel": "High",
                            "TerminalSessionId": "1",
                            "Image": "C:\\Windows\\SysWOW64\\net1.exe",
                            "ParentProcessId": "3852",
                            "ParentProcessGuid": "C784477D-066E-62FE-5C0A-000000004700",
                            "Product": "Microsoft\u00ae Windows\u00ae Operating System",
                            "LogonGuid": "C784477D-051D-62FE-0732-040000000000",
                            "EventID": "1",
                            "ProcessGuid": "C784477D-066E-62FE-5F0A-000000004700",
                            "CommandLine": "C:\\Windows\\system32\\net1  stop \"OneDrive Updater Service\"",
                            "ParentCommandLine": "net  stop \"OneDrive Updater Service\"",
                            "ProcessId": "6012",
                            "FileVersion": "10.0.17134.1 (WinBuild.160101.0800)",
                            "Company": "Microsoft Corporation"
                        }
                    },
                    {
                        "values": {
                            "RuleName": "-",
                            "CurrentDirectory": "C:\\Program Files (x86)\\AutoIt3\\",
                            "LogonId": "274951",
                            "OriginalFileName": "net1.exe",
                            "UtcTime": "2022-08-18 09:29:18.906",
                            "Description": "Net Command",
                            "User": "DESKTOP-B0T93D6\\george",
                            "Hashes": "MD5=B5A26C2BF17222E86B91D26F1247AF3E,SHA256=14CC5BE4C833ACC652195DEAD113E1C3B4AC0B98EA1AEAD11957836F9AE721CF,IMPHASH=3D3E7537BD3BA07738DC5CA8AD01B073",
                            "ParentImage": "C:\\Windows\\SysWOW64\\net.exe",
                            "IntegrityLevel": "High",
                            "TerminalSessionId": "1",
                            "Image": "C:\\Windows\\SysWOW64\\net1.exe",
                            "ParentProcessId": "5052",
                            "ParentProcessGuid": "C784477D-066E-62FE-5D0A-000000004700",
                            "Product": "Microsoft\u00ae Windows\u00ae Operating System",
                            "LogonGuid": "C784477D-051D-62FE-0732-040000000000",
                            "EventID": "1",
                            "ProcessGuid": "C784477D-066E-62FE-600A-000000004700",
                            "CommandLine": "C:\\Windows\\system32\\net1  stop sppsvc",
                            "ParentCommandLine": "net  stop sppsvc",
                            "ProcessId": "6164",
                            "FileVersion": "10.0.17134.1 (WinBuild.160101.0800)",
                            "Company": "Microsoft Corporation"
                        }
                    },
                    {
                        "values": {
                            "RuleName": "-",
                            "CurrentDirectory": "C:\\Program Files (x86)\\AutoIt3\\",
                            "LogonId": "274951",
                            "OriginalFileName": "net.exe",
                            "UtcTime": "2022-08-18 09:29:18.976",
                            "Description": "Net Command",
                            "User": "DESKTOP-B0T93D6\\george",
                            "Hashes": "MD5=DD0561156F62BC1958CE0E370B23711B,SHA256=FD41D0261C6D22572DA448BCB5CBBB98F78A2922D1F1074D25237CC82C8CE432,IMPHASH=86350518EAE83E4A09BBF6317BA1C570",
                            "ParentImage": "C:\\Windows\\SysWOW64\\cmd.exe",
                            "IntegrityLevel": "High",
                            "TerminalSessionId": "1",
                            "Image": "C:\\Windows\\SysWOW64\\net.exe",
                            "ParentProcessId": "1532",
                            "ParentProcessGuid": "C784477D-066E-62FE-610A-000000004700",
                            "Product": "Microsoft\u00ae Windows\u00ae Operating System",
                            "LogonGuid": "C784477D-051D-62FE-0732-040000000000",
                            "EventID": "1",
                            "ProcessGuid": "C784477D-066E-62FE-660A-000000004700",
                            "CommandLine": "net  stop DPS",
                            "ParentCommandLine": "C:\\Windows\\system32\\cmd.exe /c net stop DPS",
                            "ProcessId": "6584",
                            "FileVersion": "10.0.17134.1 (WinBuild.160101.0800)",
                            "Company": "Microsoft Corporation"
                        }
                    },
                    {
                        "values": {
                            "RuleName": "-",
                            "CurrentDirectory": "C:\\Program Files (x86)\\AutoIt3\\",
                            "LogonId": "274951",
                            "OriginalFileName": "net1.exe",
                            "UtcTime": "2022-08-18 09:29:18.986",
                            "Description": "Net Command",
                            "User": "DESKTOP-B0T93D6\\george",
                            "Hashes": "MD5=B5A26C2BF17222E86B91D26F1247AF3E,SHA256=14CC5BE4C833ACC652195DEAD113E1C3B4AC0B98EA1AEAD11957836F9AE721CF,IMPHASH=3D3E7537BD3BA07738DC5CA8AD01B073",
                            "ParentImage": "C:\\Windows\\SysWOW64\\net.exe",
                            "IntegrityLevel": "High",
                            "TerminalSessionId": "1",
                            "Image": "C:\\Windows\\SysWOW64\\net1.exe",
                            "ParentProcessId": "6584",
                            "ParentProcessGuid": "C784477D-066E-62FE-660A-000000004700",
                            "Product": "Microsoft\u00ae Windows\u00ae Operating System",
                            "LogonGuid": "C784477D-051D-62FE-0732-040000000000",
                            "EventID": "1",
                            "ProcessGuid": "C784477D-066E-62FE-670A-000000004700",
                            "CommandLine": "C:\\Windows\\system32\\net1  stop DPS",
                            "ParentCommandLine": "net  stop DPS",
                            "ProcessId": "6200",
                            "FileVersion": "10.0.17134.1 (WinBuild.160101.0800)",
                            "Company": "Microsoft Corporation"
                        }
                    },
                    {
                        "values": {
                            "RuleName": "-",
                            "CurrentDirectory": "C:\\Program Files (x86)\\AutoIt3\\",
                            "LogonId": "274951",
                            "OriginalFileName": "net.exe",
                            "UtcTime": "2022-08-18 09:29:19.023",
                            "Description": "Net Command",
                            "User": "DESKTOP-B0T93D6\\george",
                            "Hashes": "MD5=DD0561156F62BC1958CE0E370B23711B,SHA256=FD41D0261C6D22572DA448BCB5CBBB98F78A2922D1F1074D25237CC82C8CE432,IMPHASH=86350518EAE83E4A09BBF6317BA1C570",
                            "ParentImage": "C:\\Windows\\SysWOW64\\cmd.exe",
                            "IntegrityLevel": "High",
                            "TerminalSessionId": "1",
                            "Image": "C:\\Windows\\SysWOW64\\net.exe",
                            "ParentProcessId": "3244",
                            "ParentProcessGuid": "C784477D-066E-62FE-680A-000000004700",
                            "Product": "Microsoft\u00ae Windows\u00ae Operating System",
                            "LogonGuid": "C784477D-051D-62FE-0732-040000000000",
                            "EventID": "1",
                            "ProcessGuid": "C784477D-066F-62FE-6C0A-000000004700",
                            "CommandLine": "net  stop TrustedInstaller",
                            "ParentCommandLine": "C:\\Windows\\system32\\cmd.exe /c net stop TrustedInstaller",
                            "ProcessId": "4612",
                            "FileVersion": "10.0.17134.1 (WinBuild.160101.0800)",
                            "Company": "Microsoft Corporation"
                        }
                    },
                    {
                        "values": {
                            "RuleName": "-",
                            "CurrentDirectory": "C:\\Program Files (x86)\\AutoIt3\\",
                            "LogonId": "274951",
                            "OriginalFileName": "net1.exe",
                            "UtcTime": "2022-08-18 09:29:19.033",
                            "Description": "Net Command",
                            "User": "DESKTOP-B0T93D6\\george",
                            "Hashes": "MD5=B5A26C2BF17222E86B91D26F1247AF3E,SHA256=14CC5BE4C833ACC652195DEAD113E1C3B4AC0B98EA1AEAD11957836F9AE721CF,IMPHASH=3D3E7537BD3BA07738DC5CA8AD01B073",
                            "ParentImage": "C:\\Windows\\SysWOW64\\net.exe",
                            "IntegrityLevel": "High",
                            "TerminalSessionId": "1",
                            "Image": "C:\\Windows\\SysWOW64\\net1.exe",
                            "ParentProcessId": "4612",
                            "ParentProcessGuid": "C784477D-066F-62FE-6C0A-000000004700",
                            "Product": "Microsoft\u00ae Windows\u00ae Operating System",
                            "LogonGuid": "C784477D-051D-62FE-0732-040000000000",
                            "EventID": "1",
                            "ProcessGuid": "C784477D-066F-62FE-6E0A-000000004700",
                            "CommandLine": "C:\\Windows\\system32\\net1  stop TrustedInstaller",
                            "ParentCommandLine": "net  stop TrustedInstaller",
                            "ProcessId": "6568",
                            "FileVersion": "10.0.17134.1 (WinBuild.160101.0800)",
                            "Company": "Microsoft Corporation"
                        }
                    },
                    {
                        "values": {
                            "RuleName": "-",
                            "CurrentDirectory": "C:\\Program Files (x86)\\AutoIt3\\",
                            "LogonId": "274951",
                            "OriginalFileName": "net.exe",
                            "UtcTime": "2022-08-18 09:29:19.095",
                            "Description": "Net Command",
                            "User": "DESKTOP-B0T93D6\\george",
                            "Hashes": "MD5=DD0561156F62BC1958CE0E370B23711B,SHA256=FD41D0261C6D22572DA448BCB5CBBB98F78A2922D1F1074D25237CC82C8CE432,IMPHASH=86350518EAE83E4A09BBF6317BA1C570",
                            "ParentImage": "C:\\Windows\\SysWOW64\\cmd.exe",
                            "IntegrityLevel": "High",
                            "TerminalSessionId": "1",
                            "Image": "C:\\Windows\\SysWOW64\\net.exe",
                            "ParentProcessId": "3276",
                            "ParentProcessGuid": "C784477D-066F-62FE-6F0A-000000004700",
                            "Product": "Microsoft\u00ae Windows\u00ae Operating System",
                            "LogonGuid": "C784477D-051D-62FE-0732-040000000000",
                            "EventID": "1",
                            "ProcessGuid": "C784477D-066F-62FE-730A-000000004700",
                            "CommandLine": "net  stop \".NET Runtime Optimization Service\"",
                            "ParentCommandLine": "C:\\Windows\\system32\\cmd.exe /c net stop \".NET Runtime Optimization Service\"",
                            "ProcessId": "6744",
                            "FileVersion": "10.0.17134.1 (WinBuild.160101.0800)",
                            "Company": "Microsoft Corporation"
                        }
                    },
                    {
                        "values": {
                            "RuleName": "-",
                            "CurrentDirectory": "C:\\Program Files (x86)\\AutoIt3\\",
                            "LogonId": "274951",
                            "OriginalFileName": "net1.exe",
                            "UtcTime": "2022-08-18 09:29:19.105",
                            "Description": "Net Command",
                            "User": "DESKTOP-B0T93D6\\george",
                            "Hashes": "MD5=B5A26C2BF17222E86B91D26F1247AF3E,SHA256=14CC5BE4C833ACC652195DEAD113E1C3B4AC0B98EA1AEAD11957836F9AE721CF,IMPHASH=3D3E7537BD3BA07738DC5CA8AD01B073",
                            "ParentImage": "C:\\Windows\\SysWOW64\\net.exe",
                            "IntegrityLevel": "High",
                            "TerminalSessionId": "1",
                            "Image": "C:\\Windows\\SysWOW64\\net1.exe",
                            "ParentProcessId": "6744",
                            "ParentProcessGuid": "C784477D-066F-62FE-730A-000000004700",
                            "Product": "Microsoft\u00ae Windows\u00ae Operating System",
                            "LogonGuid": "C784477D-051D-62FE-0732-040000000000",
                            "EventID": "1",
                            "ProcessGuid": "C784477D-066F-62FE-750A-000000004700",
                            "CommandLine": "C:\\Windows\\system32\\net1  stop \".NET Runtime Optimization Service\"",
                            "ParentCommandLine": "net  stop \".NET Runtime Optimization Service\"",
                            "ProcessId": "6664",
                            "FileVersion": "10.0.17134.1 (WinBuild.160101.0800)",
                            "Company": "Microsoft Corporation"
                        }
                    },
                    {
                        "values": {
                            "RuleName": "-",
                            "CurrentDirectory": "C:\\Program Files (x86)\\AutoIt3\\",
                            "LogonId": "274951",
                            "OriginalFileName": "net.exe",
                            "UtcTime": "2022-08-18 09:29:19.238",
                            "Description": "Net Command",
                            "User": "DESKTOP-B0T93D6\\george",
                            "Hashes": "MD5=DD0561156F62BC1958CE0E370B23711B,SHA256=FD41D0261C6D22572DA448BCB5CBBB98F78A2922D1F1074D25237CC82C8CE432,IMPHASH=86350518EAE83E4A09BBF6317BA1C570",
                            "ParentImage": "C:\\Windows\\SysWOW64\\cmd.exe",
                            "IntegrityLevel": "High",
                            "TerminalSessionId": "1",
                            "Image": "C:\\Windows\\SysWOW64\\net.exe",
                            "ParentProcessId": "6480",
                            "ParentProcessGuid": "C784477D-066F-62FE-7F0A-000000004700",
                            "Product": "Microsoft\u00ae Windows\u00ae Operating System",
                            "LogonGuid": "C784477D-051D-62FE-0732-040000000000",
                            "EventID": "1",
                            "ProcessGuid": "C784477D-066F-62FE-840A-000000004700",
                            "CommandLine": "net  stop OfficeClickToRun",
                            "ParentCommandLine": "C:\\Windows\\system32\\cmd.exe /c net stop OfficeClickToRun",
                            "ProcessId": "6460",
                            "FileVersion": "10.0.17134.1 (WinBuild.160101.0800)",
                            "Company": "Microsoft Corporation"
                        }
                    },
                    {
                        "values": {
                            "RuleName": "-",
                            "CurrentDirectory": "C:\\Program Files (x86)\\AutoIt3\\",
                            "LogonId": "274951",
                            "OriginalFileName": "net.exe",
                            "UtcTime": "2022-08-18 09:29:19.248",
                            "Description": "Net Command",
                            "User": "DESKTOP-B0T93D6\\george",
                            "Hashes": "MD5=DD0561156F62BC1958CE0E370B23711B,SHA256=FD41D0261C6D22572DA448BCB5CBBB98F78A2922D1F1074D25237CC82C8CE432,IMPHASH=86350518EAE83E4A09BBF6317BA1C570",
                            "ParentImage": "C:\\Windows\\SysWOW64\\cmd.exe",
                            "IntegrityLevel": "High",
                            "TerminalSessionId": "1",
                            "Image": "C:\\Windows\\SysWOW64\\net.exe",
                            "ParentProcessId": "6776",
                            "ParentProcessGuid": "C784477D-066F-62FE-7E0A-000000004700",
                            "Product": "Microsoft\u00ae Windows\u00ae Operating System",
                            "LogonGuid": "C784477D-051D-62FE-0732-040000000000",
                            "EventID": "1",
                            "ProcessGuid": "C784477D-066F-62FE-850A-000000004700",
                            "CommandLine": "net  stop msiserver",
                            "ParentCommandLine": "C:\\Windows\\system32\\cmd.exe /c net stop msiserver",
                            "ProcessId": "3432",
                            "FileVersion": "10.0.17134.1 (WinBuild.160101.0800)",
                            "Company": "Microsoft Corporation"
                        }
                    },
                    {
                        "values": {
                            "RuleName": "-",
                            "CurrentDirectory": "C:\\Program Files (x86)\\AutoIt3\\",
                            "LogonId": "274951",
                            "OriginalFileName": "net1.exe",
                            "UtcTime": "2022-08-18 09:29:19.250",
                            "Description": "Net Command",
                            "User": "DESKTOP-B0T93D6\\george",
                            "Hashes": "MD5=B5A26C2BF17222E86B91D26F1247AF3E,SHA256=14CC5BE4C833ACC652195DEAD113E1C3B4AC0B98EA1AEAD11957836F9AE721CF,IMPHASH=3D3E7537BD3BA07738DC5CA8AD01B073",
                            "ParentImage": "C:\\Windows\\SysWOW64\\net.exe",
                            "IntegrityLevel": "High",
                            "TerminalSessionId": "1",
                            "Image": "C:\\Windows\\SysWOW64\\net1.exe",
                            "ParentProcessId": "6460",
                            "ParentProcessGuid": "C784477D-066F-62FE-840A-000000004700",
                            "Product": "Microsoft\u00ae Windows\u00ae Operating System",
                            "LogonGuid": "C784477D-051D-62FE-0732-040000000000",
                            "EventID": "1",
                            "ProcessGuid": "C784477D-066F-62FE-860A-000000004700",
                            "CommandLine": "C:\\Windows\\system32\\net1  stop OfficeClickToRun",
                            "ParentCommandLine": "net  stop OfficeClickToRun",
                            "ProcessId": "7128",
                            "FileVersion": "10.0.17134.1 (WinBuild.160101.0800)",
                            "Company": "Microsoft Corporation"
                        }
                    },
                    {
                        "values": {
                            "RuleName": "-",
                            "CurrentDirectory": "C:\\Program Files (x86)\\AutoIt3\\",
                            "LogonId": "274951",
                            "OriginalFileName": "net1.exe",
                            "UtcTime": "2022-08-18 09:29:19.260",
                            "Description": "Net Command",
                            "User": "DESKTOP-B0T93D6\\george",
                            "Hashes": "MD5=B5A26C2BF17222E86B91D26F1247AF3E,SHA256=14CC5BE4C833ACC652195DEAD113E1C3B4AC0B98EA1AEAD11957836F9AE721CF,IMPHASH=3D3E7537BD3BA07738DC5CA8AD01B073",
                            "ParentImage": "C:\\Windows\\SysWOW64\\net.exe",
                            "IntegrityLevel": "High",
                            "TerminalSessionId": "1",
                            "Image": "C:\\Windows\\SysWOW64\\net1.exe",
                            "ParentProcessId": "3432",
                            "ParentProcessGuid": "C784477D-066F-62FE-850A-000000004700",
                            "Product": "Microsoft\u00ae Windows\u00ae Operating System",
                            "LogonGuid": "C784477D-051D-62FE-0732-040000000000",
                            "EventID": "1",
                            "ProcessGuid": "C784477D-066F-62FE-880A-000000004700",
                            "CommandLine": "C:\\Windows\\system32\\net1  stop msiserver",
                            "ParentCommandLine": "net  stop msiserver",
                            "ProcessId": "7088",
                            "FileVersion": "10.0.17134.1 (WinBuild.160101.0800)",
                            "Company": "Microsoft Corporation"
                        }
                    }
                ],
                "rule_level": "low",
                "rule_id": "9afc79c8a56e6e5c4cbd55d203a7dce8efc4ed28aa315b736c842a88b1d3dd0e",
                "rule_source": "Sigma Integrated Rule Set (GitHub)",
                "rule_title": "Stop Windows Service",
                "rule_description": "Detects a windows service to be stopped",
                "rule_author": "Jakob Weinzettl, oscd.community, Nasreddine Bencherchali"
            },
            {
                "match_context": [
                    {
                        "values": {
                            "ScriptBlockText": "fghklmnoprstuvwxyz123456789 '\r\n\t\t\t$newClass.Properties.Add($pr.Name, $value, $pr.Type)\r\n\t\t} elseif($pr.Name -eq \"Domain\")\r\n\t\t{\r\n\t\t\t$value = Get-RandomCharacters -length 5 -characters 'ABCDEFGHKLMNOPRSTUVWXYZabcdefghklmnoprstuvwxyz123456789'\r\n\t\t\t$newClass.Properties.Add($pr.Name, $value, $pr.Type)\r\n\t\t} elseif($pr.Name -eq \"OEMStringArray\")\r\n\t\t{\r\n\t\t\t$value = Get-RandomCharacters -length 10 -characters 'ABCDEFGHKLMNOPRSTUVWXYZabcdefghklmnoprstuvwxyz123456789'\r\n\t\t\t$newClass.Properties.Add($pr.Name, @($value), $pr.Type)\r\n\t\t} else\r\n\t\t{\r\n\t\t\t$newClass.Properties.Add($pr.Name, $pr.Value, $pr.Type)\r\n\t\t}\r\n\t}\r\n}\r\n\r\n$newClass.Put()\r\nSet-WmiInstance -Path \\\\.\\root\\cimv2:Win32_ComputerSystem \r\n\r\n#Joebox\r\n\r\n#Creating Win32_PnPEntity fake class\r\n$newClass = New-Object System.Management.ManagementClass(\"root\\cimv2\", [String]::Empty, $null); \r\n$newClass[\"__CLASS\"] = \"Win32_PnPEntity\";\r\n$newClass.Qualifiers.Add(\"Static\", $true);\r\n\r\n$objWMi = get-wmiobject -computername localhost -Namespace root\\CIMV2 -Query \"Select * from Win32_PnPEntity\"\r\n\r\nforeach ($pr in $objWmi[0].Properties)\r\n{\r\n\t$newClass.Properties.Add($pr.Name, $pr.Type, $false)\t\r\n\tif($pr.Name -eq \"DeviceID\")\r\n\t{\r\n\t\t$newClass.Properties[$pr.Name].Qualifiers.Add(\"Key\", $true)\r\n\t}\r\n\t$newClass.Properties[$pr.Name].Qualifiers.Add(\"read\", $true)\r\n}\r\n\r\n$newClass.Put()\r\n\r\nforeach ($obj in $objWmi)\r\n{\t\r\n\t$args = @{}\r\n\tforeach ($pr in $obj.Properties)\r\n\t{\t\r\n\t\tif(($pr.Name -eq \"DeviceId\" -or $pr.Name -eq \"Caption\" -or $pr.Name -eq \"Name\" -or $pr.Name -eq \"PNPDeviceID\"  -or $pr.Name -eq \"Service\") -and ($pr.Value -match 'VEN_80EE' -or $pr.Value -match 'VEN_15AD' -or $pr.Value -match 'VBOX' -or $pr.Value -match 'VBox' -or $pr.Value -match 'VMWARE' -or $pr.Value -match '82801FB' -or $pr.Value -match '82441FX' -or $pr.Value -match '82371SB' -or $pr.Value -match 'OpenHCD'))\r\n\t\t{\r\n\t\t\t$value = Get-RandomCharacters -length 8 -characters 'ABCDEFGHKLMNOPRSTUVWXYZ123456789_'\r\n\t\t\t$value = $pr.Value.replace(\"VEN_80EE\", $value).replace(\"VEN_15AD\", $value).replace(\"VBOX\", $value).replace(\"VBox\", $value).replace(\"VMWARE\", $value).replace(\"82801FB\", $value).replace(\"82441FX\", $value).replace(\"82371SB\", $value).replace(\"OpenHCD\", $value)\r\n\t\t\t\r\n\t\t\t# 82801FB 82441FX 82371SB OpenHCD\r\n\t\t\t\t\r\n\t\t\t$args.add($pr.Name, $value)\r\n\t\t\t\r\n\t\t} else\r\n\t\t{\r\n\t\t\t$args.add($pr.Name, $pr.Value)\r\n\t\t}\r\n\t}\r\n\t\r\n\tSet-WmiInstance -Path \\\\.\\root\\cimv2:Win32_PnPEntity -Arguments $args\r\n}\r\n\r\n#Joebox\r\n\r\n#Creating Win32_DiskDrive fake class\r\n$newClass = New-Object System.Management.ManagementClass(\"root\\cimv2\", [String]::Empty, $null); \r\n$newClass[\"__CLASS\"] = \"Win32_DiskDrive\";\r\n$newClass.Qualifiers.Add(\"Static\", $true);\r\n\r\n$objWMi = get-wmiobject -computername localhost -Namespace root\\CIMV2 -Query \"Select * from Win32_DiskDrive\"\r\n\r\nif(-Not ($objWMi -is [array]))\r\n{\r\n\t$objWMi = @($objWMi)\r\n}\r\n\r\nforeach ($pr in $objWmi[0].Properties)\r\n{\r\n\t$newClass.Properties.Add($pr.Name, $pr.Type, $false)\t\r\n\tif($pr.Name -eq \"DeviceID\")\r\n\t{\r\n\t\t$newClass.Properties[$pr.Name].Qualifiers.Add(\"Key\", $true)\r\n\t}\r\n\t$newClass.Properties[$pr.Name].Qualifiers.Add(\"read\", $true)\r\n}\r\n\r\n$newClass.Put()\r\n\r\nforeach ($obj in $objWmi)\r\n{\t\r\n\t$args = @{}\r\n\tforeach ($pr in $obj.Properties)\r\n\t{\t\r\n\t\tif(($pr.Name -eq \"DeviceId\" -or $pr.Name -eq \"Caption\" -or $pr.Name -eq \"Model\" -or $pr.Name -eq \"PNPDeviceID\") -and ($pr.Value -match 'VBOX' -or $pr.Value -match 'VBox' -or $pr.Value -match 'VMWARE' -or $pr.Value -match 'VMware'))\r\n\t\t{\r\n\t\t\t$value = Get-RandomCharacters -length 8 -characters 'ABCDEFGHKLMNOPRSTUVWXYZ123456789_'\r\n\t\t\t$value = $pr.Value.replace(\"VBOX\", $value).replace(\"VBox\", $value).replace(\"VMWARE\", $value).replace(\"VMware Virtual disk\", $value).replace(\"VMware\", $value).replace(\"HARDDISK\", \"WDC\").replace(\"VIRTUAL_DISK\", $value)\r\n\t\t\t\t\r\n\t\t\t$args.add($pr.Name, $value)\r\n\t\t\r\n\t\t# Change disk size\r\n\t\t} elseif($pr.Name -eq \"Size\" -and $pr.Value -lt 200000000000)\r\n\t\t{\r\n\t\t\t$args.add($pr.Name, 412300001200)\r\n\t\t} elseif(-Not($pr.Name -eq \"Capabilities\"))\r\n\t\t{\r\n\t\t\t$args.add($pr.Name, $pr.Value)\r\n\t\t}\r\n\t}\r\n\t\r\n\tSet-WmiInstance -Path \\\\.\\root\\cimv2:Win32_DiskDrive -Arguments $args\r\n}\r\n\r\n#Joebox\r\n\r\n#Creating Win32_VideoController fake class\r\n$newClass = New-Object System.Management.ManagementClass(\"root\\cimv2\", [String]::Empty, $null); \r\n$newClass[\"__CLASS\"] = \"Win32_VideoController\";\r\n$newClass.Qualifiers.Add(\"Static\", $true);\r\n\r\n$objWMi = get-wmiobject -computername localhost -Namespace root\\CIMV2 -Query \"Select * from Win32_VideoController\"\r\n\r\nif(-Not ($objWMi -is [array]))\r\n{\r\n\t$objWMi = @($objWMi)\r\n}\r\n\r\nforeach ($pr in $objWmi[0].Properties)\r\n{\r\n\t$newClass.Properties.Add($pr.Name, $pr.Type, $false)\t\r\n\tif($pr.Name -eq \"DeviceID\")\r\n\t{\r\n\t\t$newClass.Properties[$pr.Name].Qualifiers.Add(\"Key\", $true)\r\n\t}\r\n\t$newClass.Properties[$pr.Name].Qualifiers.Add(\"read\", $true)\r\n}\r\n\r\n$newClass.Put()\r\n\r\nforeach ($obj in $objWmi)\r\n{\t\r\n\t$args = @{}\r\n\tforeach ($pr in $obj.Properties)\r\n\t{\t\r\n\t\tif(($pr.Name -eq \"Caption\" -or $pr.Name -eq \"Name\" -or $pr.Name -eq \"PNPDeviceID\" -or $pr.Name -eq \"AdapterCompatibility\" -or $pr.Name -eq \"Description\" -or $pr.Name -eq \"InfSection\" -or $pr.Name -eq \"VideoProcessor\") -and ($pr.Value -match 'VBOX' -or $pr.Value -match 'VBox' -or $pr.Value -match 'VMWARE' -or $pr.Value -match 'VirtualBox' -or $pr.Value -match 'VMware' -or $pr.Value -match 'Oracle Corporation' -or $pr.Value -match 'Microsoft Basic Display Adapter'))\r\n\t\t{\r\n\t\t\t$value = Get-RandomCharacters -length 8 -characters 'ABCDEFGHKLMNOPRSTUVWXYZ123456789_'\r\n\t\t\t$value = $pr.Value.replace(\"VBOX\", $value).replace(\"VBox\", $value).replace(\"VMWARE\", $value).replace(\"VMware\", $value).replace(\"VirtualBox\", $value).replace(\"Oracle Corporation\", $value).replace(\"Microsoft Basic Display Adapter\", $value)\r\n\t\t\t\t\r\n\t\t\t$args.add($pr.Name, $value)\r\n\t\t\r\n\r\n\t\t} elseif($pr.Name -eq \"DriverVersion\")\r\n\t\t{\r\n\t\t\t$value = Get-RandomCharacters -length 8 -characters '1234567890.'\r\n\t\t\t$args.add($pr.Name, $value)\r\n\t\t} elseif($pr.Name -eq \"AdapterRAM\" -and $pr.Value -lt 1000000000)\r\n\t\t{\r\n\t\t\t$args.add($pr.Name, 1073741824)\r\n\t\t} else\r\n\t\t{\r\n\t\t\t$args.add($pr.Name, $pr.Value)\r\n\t\t}\r\n\t}\r\n\t\r\n\tSet-WmiInstance -Path \\\\.\\root\\cimv2:Win32_VideoController -Arguments $args\r\n}\r\n\r\n#Joebox\r\n\r\n# Creating Win32_BaseBoard fake class\r\n$newClass = New-Object System.Management.ManagementClass(\"root\\cimv2\", [String]::Empty, $null); \r\n$newClass[\"__CLASS\"] = \"Win32_BaseBoard\";\r\n$newClass.Qualifiers.Add(\"Static\", $true)\r\n\u00e2\u20ac\u2039\r\n$objWMi = get-wmiobject -computername localhost -Namespace root\\CIMV2 -Query \"Select * from Win32_BaseBoard\"\r\n\u00e2\u20ac\u2039\r\nforeach ($obj in $objWmi)\r\n{\r\n\tforeach ($pr in $obj.Properties)\r\n\t{\r\n\t\t$name = $pr.Name\r\n\t\t$value = $pr.Value\r\n\t\t$qualifier = $false\r\n\u00e2\u20ac\u2039\r\n\t\tswitch ($name)\r\n\t\t{\r\n\t\t\t\"Tag\" {\r\n\t\t\t\t$qualifier = $true\r\n\t\t\t}\r\n\t\t\t\"SerialNumber\" {\r\n\t\t\t\t$value = Get-RandomCharacters -length 16 -characters '1234567890'\r\n\t\t\t}\r\n\t\t\t{\"Product\", \"Manufacturer\" -eq $_} {\r\n\t\t\t\t$value = Get-RandomCharacters -length 10 -characters 'ABCDEFGHKLMNOPRSTUVWXYZ123456789'\r\n\t\t\t}\r\n\t\t}\r\n\u00e2\u20ac\u2039\r\n\t\t$newClass.Properties.Add($name, $value, $pr.Type)\r\n\t\tif ($qualifier) {\r\n\t\t\t$newClass.Properties[$name].Qualifiers.Add(\"Key\", $true)\r\n\t\t}\r\n\t}\r\n}\r\n\u00e2\u20ac\u2039\r\n$newClass.Put()\r\nSet-WmiInstance -Path \\\\.\\root\\cimv2:Win32_BaseBoard\r\n\r\n\r\n#Creating Win32_ComputerSystemProduct fake class\r\n$newClass = New-Object System.Management.ManagementClass(\"root\\cimv2\", [String]::Empty, $null); \r\n$newClass[\"__CLASS\"] = \"Win32_ComputerSystemProduct\";\r\n$newClass.Qualifiers.Add(\"Static\", $true)\r\n\r\n$objWMi = get-wmiobject -computername localhost -Namespace root\\CIMV2 -Query \"Select * from Win32_ComputerSystemProduct\"\r\n\r\nforeach ($obj in $objWmi)\r\n{\r\n\tforeach ($pr in $obj.Properties)\r\n\t{\r\n\t\tif($pr.Name -eq \"Name\")\r\n\t\t{\t\r\n\t\t\t$newClass.Properties.Add($pr.Name, $pr.$value, $pr.Type)\r\n\t\t\t$newClass.Properties[$pr.Name].Qualifiers.Add(\"Key\", $true)\r\n\t\t} elseif($pr.Name -eq \"IdentifyingNumber\")\r\n\t\t{\r\n\t\t\t$value = Get-RandomCharacters -length 6 -characters 'ABCDEFGHKLMNOPRSTUVWXYZ123456789'\r\n\t\t\t$newClass.Properties.Add($pr.Name, $value, $pr.Type)\r\n\t\t} else\r\n\t\t{\r\n\t\t\t$newClass.Properties.Add($pr.Name, $pr.Value, $pr.Type)\r\n\t\t}\r\n\t}\r\n}\r\n\r\n$newClass.Put()\r\nSet-WmiInstance -Path \\\\.\\root\\cimv2:Win32_ComputerSystemProduct\r\n\r\n\r\n\r\n#Creating Win32_LogicalDisk fake class\r\n$newClass = New-Object System.Management.ManagementClass(\"root\\cimv2\", [String]::Empty, $null); \r\n$newClass[\"__CLASS\"] = \"Win32_LogicalDisk\";\r\n$newClass.Qualifiers.Add(\"Static\", $true);\r\n\r\n$objWMi = get-wmiobject -computername localhost -Namespace root\\CIMV2 -Query \"Select * from Win32_LogicalDisk WHERE DriveType = 3\"\r\n\r\nif(-Not ($objWMi -is [array]))\r\n{\r\n\t$objWMi = @($objWMi)\r\n}\r\n\r\nforeach ($pr in $objWmi[0].Properties)\r\n{\r\n\t$newClass.Properties.Add($pr.Name, $pr.Type, $false)\t\r\n\tif($pr.Name -eq \"DeviceID\")\r\n\t{\r\n\t\t$newClass.Properties[$pr.Name].Qualifiers.Add(\"Key\", $true)\r\n\t}\r\n\t$newClass.Properties[$pr.Name].Qualifiers.Add(\"read\", $true)\r\n}\r\n\r\n$newClass.Put()\r\n\r\nforeach ($obj in $objWmi)\r\n{\t\r\n\t$args = @{}\r\n\tforeach ($pr in $obj.Properties)\r\n\t{\t\r\n\t\tif($pr.Name -eq \"Size\")\r\n\t\t{\r\n\t\t\t$args.add($pr.Name, \"223496729601\")\r\n\t\t} else\r\n\t\t{\r\n\t\t\t$args.add($pr.Name, $pr.Value)\r\n\t\t}\r\n\t}\r\n\t\r\n\tSet-WmiInstance -Path \\\\.\\root\\cimv2:Win32_LogicalDisk -Arguments $args\r\n}\r\n\r\n\r\n#Creating Win32_ComputerSystemProduct fake class\r\n$newClass = New-Object System.Management.ManagementClass(\"root\\cimv2\", [String]::Empty, $null); \r\n$newClass[\"__CLASS\"] = \"Win32_OperatingSystem\";\r\n$newClass.Qualifiers.Add(\"Static\", $true)\r\n\r\n$objWMi = get-wmiobject -computername localhost -Namespace root\\CIMV2 -Query \"Select * from Win32_OperatingSystem\"\r\n\r\n\r\nforeach ($obj in $objWmi)\r\n{\r\n\tforeach ($pr in $obj.Properties)\r\n\t{\r\n\t\tif($pr.Name -eq \"CreationClassName\")\r\n\t\t{\t\r\n\t\t\t$newClass.Properties.Add($pr.Name, $pr.$value, $pr.Type)\r\n\t\t\t$newClass.Properties[$pr.Name].Qualifiers.Add(\"Key\", $true)\r\n\t\t} elseif($pr.Name -eq \"LastBootUpTime\")\r\n\t\t{\r\n\t\t\t$d = [System.Management.ManagementDateTimeConverter]::ToDateTime($pr.Value)\r\n\t\t\t$d = $d.addDays(-10)\r\n\t\t\t$d = [System.Management.ManagementDateTimeConverter]::ToDmtfDateTime($d)\r\n\t\t\t\r\n\t\t\t$newClass.Properties.Add($pr.Name, $d, $pr.Type)\r\n\t\t\t\r\n\t\t} else\r\n\t\t{\r\n\t\t\t$newClass.Properties.Add($pr.Name, $pr.Value, $pr.Type)\r\n\t\t}\r\n\t}\r\n}\r\n\r\n$newClass.Put()\r\nSet-WmiInstance -Path \\\\.\\root\\cimv2:Win32_OperatingSystem\r\n\r\n\r\nfunction Delete() {\r\n    $Invocation = (Get-Variable MyInvocation -Scope 1).Value\r\n    $Path =  $Invocation.MyCommand.Path \r\n    Write-Host $Path\r\n    Remove-Item $Path -force\r\n} \r\n     \r\nDelete \r\n",
                            "Path": "C:\\Program Files (x86)\\Joebox\\unpack\\wmievasions.ps1",
                            "ScriptBlockId": "b1b5a279-a95b-4f8d-bb4c-98d8d47bdda8",
                            "MessageTotal": "\u0002",
                            "MessageNumber": "\u0002",
                            "EventID": "4104"
                        }
                    }
                ],
                "rule_level": "low",
                "rule_id": "d9b2eb00753c3049fbb4ed4f7d88f29b65a0c50bec45ff4723b95bb637f8f83d",
                "rule_source": "Sigma Integrated Rule Set (GitHub)",
                "rule_title": "Use Remove-Item to Delete File",
                "rule_description": "Powershell Remove-Item  with -Path to delete a file or a folder with \"-Recurse\"",
                "rule_author": "frack113"
            },
            {
                "match_context": [
                    {
                        "values": {
                            "RuleName": "-",
                            "CurrentDirectory": "C:\\Windows\\system32\\",
                            "LogonId": "274951",
                            "OriginalFileName": "Cmd.Exe",
                            "UtcTime": "2022-08-18 09:28:58.962",
                            "Description": "Windows Command Processor",
                            "User": "DESKTOP-B0T93D6\\george",
                            "Hashes": "MD5=F3BDBE3BB6F734E357235F4D5898582D,SHA256=3685495D051137B1C4EFDE22C26DF0883614B6453B762FA84588DA55ED2E7744,IMPHASH=0AF8419BE362159398343D7B31721726",
                            "ParentImage": "C:\\Program Files (x86)\\AutoIt3\\AutoIt3.exe",
                            "IntegrityLevel": "High",
                            "TerminalSessionId": "1",
                            "Image": "C:\\Windows\\SysWOW64\\cmd.exe",
                            "ParentProcessId": "6008",
                            "ParentProcessGuid": "C784477D-065A-62FE-E709-000000004700",
                            "Product": "Microsoft\u00ae Windows\u00ae Operating System",
                            "LogonGuid": "C784477D-051D-62FE-0732-040000000000",
                            "EventID": "1",
                            "ProcessGuid": "C784477D-065A-62FE-F109-000000004700",
                            "CommandLine": "cmd /C powershell.exe -executionpolicy bypass -File \"C:\\Program Files (x86)\\Joebox\\unpack\\wmievasions.ps1\" > wmi.log 2>&1",
                            "ParentCommandLine": "\"C:\\Program Files (x86)\\AutoIt3\\AutoIt3.exe\" X:\\loadjoeboxvm.au3",
                            "ProcessId": "5148",
                            "FileVersion": "10.0.17134.1 (WinBuild.160101.0800)",
                            "Company": "Microsoft Corporation"
                        }
                    },
                    {
                        "values": {
                            "RuleName": "-",
                            "CurrentDirectory": "C:\\Program Files (x86)\\Joebox\\control\\",
                            "LogonId": "274951",
                            "OriginalFileName": "Cmd.Exe",
                            "UtcTime": "2022-08-18 09:29:11.937",
                            "Description": "Windows Command Processor",
                            "User": "DESKTOP-B0T93D6\\george",
                            "Hashes": "MD5=4E2ACF4F8A396486AB4268C94A6A245F,SHA256=9A7C58BD98D70631AA1473F7B57B426DB367D72429A5455B433A05EE251F3236,IMPHASH=8542FB14699D84D7E8DA92F66145C7FE",
                            "ParentImage": "C:\\Program Files (x86)\\Joebox\\control\\joeboxcontrol.exe",
                            "IntegrityLevel": "High",
                            "TerminalSessionId": "1",
                            "Image": "C:\\Windows\\System32\\cmd.exe",
                            "ParentProcessId": "6544",
                            "ParentProcessGuid": "C784477D-0667-62FE-FA09-000000004700",
                            "Product": "Microsoft\u00ae Windows\u00ae Operating System",
                            "LogonGuid": "C784477D-051D-62FE-0732-040000000000",
                            "EventID": "1",
                            "ProcessGuid": "C784477D-0667-62FE-FC09-000000004700",
                            "CommandLine": "C:\\Windows\\system32\\cmd.exe /c icacls \\\\192.168.2.1\\joe-windows-g15-3\\syscalls\\ /setintegritylevel (CI)(OI)L > nul",
                            "ParentCommandLine": "\"C:\\Program Files (x86)\\Joebox\\control\\joeboxcontrol.exe\"",
                            "ProcessId": "5620",
                            "FileVersion": "10.0.17134.1 (WinBuild.160101.0800)",
                            "Company": "Microsoft Corporation"
                        }
                    },
                    {
                        "values": {
                            "RuleName": "-",
                            "CurrentDirectory": "C:\\Program Files (x86)\\AutoIt3\\",
                            "LogonId": "274951",
                            "OriginalFileName": "Cmd.Exe",
                            "UtcTime": "2022-08-18 09:29:16.603",
                            "Description": "Windows Command Processor",
                            "User": "DESKTOP-B0T93D6\\george",
                            "Hashes": "MD5=F3BDBE3BB6F734E357235F4D5898582D,SHA256=3685495D051137B1C4EFDE22C26DF0883614B6453B762FA84588DA55ED2E7744,IMPHASH=0AF8419BE362159398343D7B31721726",
                            "ParentImage": "C:\\Program Files (x86)\\AutoIt3\\AutoIt3.exe",
                            "IntegrityLevel": "High",
                            "TerminalSessionId": "1",
                            "Image": "C:\\Windows\\SysWOW64\\cmd.exe",
                            "ParentProcessId": "1664",
                            "ParentProcessGuid": "C784477D-066C-62FE-020A-000000004700",
                            "Product": "Microsoft\u00ae Windows\u00ae Operating System",
                            "LogonGuid": "C784477D-051D-62FE-0732-040000000000",
                            "EventID": "1",
                            "ProcessGuid": "C784477D-066C-62FE-060A-000000004700",
                            "CommandLine": "C:\\Windows\\system32\\cmd.exe /c arp -a > C:\\windows\\runiso.out 2>&1",
                            "ParentCommandLine": "\"C:\\Program Files (x86)\\AutoIt3\\AutoIt3.exe\" \"C:\\Users\\george\\Desktop\\script.0.au3\"",
                            "ProcessId": "6640",
                            "FileVersion": "10.0.17134.1 (WinBuild.160101.0800)",
                            "Company": "Microsoft Corporation"
                        }
                    },
                    {
                        "values": {
                            "RuleName": "-",
                            "CurrentDirectory": "C:\\Program Files (x86)\\AutoIt3\\",
                            "LogonId": "274951",
                            "OriginalFileName": "Cmd.Exe",
                            "UtcTime": "2022-08-18 09:29:17.367",
                            "Description": "Windows Command Processor",
                            "User": "DESKTOP-B0T93D6\\george",
                            "Hashes": "MD5=F3BDBE3BB6F734E357235F4D5898582D,SHA256=3685495D051137B1C4EFDE22C26DF0883614B6453B762FA84588DA55ED2E7744,IMPHASH=0AF8419BE362159398343D7B31721726",
                            "ParentImage": "C:\\Program Files (x86)\\AutoIt3\\AutoIt3.exe",
                            "IntegrityLevel": "High",
                            "TerminalSessionId": "1",
                            "Image": "C:\\Windows\\SysWOW64\\cmd.exe",
                            "ParentProcessId": "1664",
                            "ParentProcessGuid": "C784477D-066C-62FE-020A-000000004700",
                            "Product": "Microsoft\u00ae Windows\u00ae Operating System",
                            "LogonGuid": "C784477D-051D-62FE-0732-040000000000",
                            "EventID": "1",
                            "ProcessGuid": "C784477D-066D-62FE-110A-000000004700",
                            "CommandLine": "C:\\Windows\\system32\\cmd.exe /c tasklist /svc | find \"svchost.exe\" >> \\\\192.168.2.1\\joe-windows-g15-3\\logs\\services.log",
                            "ParentCommandLine": "\"C:\\Program Files (x86)\\AutoIt3\\AutoIt3.exe\" \"C:\\Users\\george\\Desktop\\script.0.au3\"",
                            "ProcessId": "6900",
                            "FileVersion": "10.0.17134.1 (WinBuild.160101.0800)",
                            "Company": "Microsoft Corporation"
                        }
                    },
                    {
                        "values": {
                            "RuleName": "-",
                            "CurrentDirectory": "C:\\Program Files (x86)\\AutoIt3\\",
                            "LogonId": "274951",
                            "OriginalFileName": "Cmd.Exe",
                            "UtcTime": "2022-08-18 09:29:17.371",
                            "Description": "Windows Command Processor",
                            "User": "DESKTOP-B0T93D6\\george",
                            "Hashes": "MD5=F3BDBE3BB6F734E357235F4D5898582D,SHA256=3685495D051137B1C4EFDE22C26DF0883614B6453B762FA84588DA55ED2E7744,IMPHASH=0AF8419BE362159398343D7B31721726",
                            "ParentImage": "C:\\Program Files (x86)\\AutoIt3\\AutoIt3.exe",
                            "IntegrityLevel": "High",
                            "TerminalSessionId": "1",
                            "Image": "C:\\Windows\\SysWOW64\\cmd.exe",
                            "ParentProcessId": "1664",
                            "ParentProcessGuid": "C784477D-066C-62FE-020A-000000004700",
                            "Product": "Microsoft\u00ae Windows\u00ae Operating System",
                            "LogonGuid": "C784477D-051D-62FE-0732-040000000000",
                            "EventID": "1",
                            "ProcessGuid": "C784477D-066D-62FE-120A-000000004700",
                            "CommandLine": "C:\\Windows\\system32\\cmd.exe /c powershell.exe -ex bypass -command \"Get-ScheduledTask | Disable-ScheduledTask\" > \\\\192.168.2.1\\joe-windows-g15-3\\logs\\taskdeletion.log 2>&1",
                            "ParentCommandLine": "\"C:\\Program Files (x86)\\AutoIt3\\AutoIt3.exe\" \"C:\\Users\\george\\Desktop\\script.0.au3\"",
                            "ProcessId": "6908",
                            "FileVersion": "10.0.17134.1 (WinBuild.160101.0800)",
                            "Company": "Microsoft Corporation"
                        }
                    },
                    {
                        "values": {
                            "RuleName": "-",
                            "CurrentDirectory": "C:\\Program Files (x86)\\AutoIt3\\",
                            "LogonId": "274951",
                            "OriginalFileName": "Cmd.Exe",
                            "UtcTime": "2022-08-18 09:29:17.373",
                            "Description": "Windows Command Processor",
                            "User": "DESKTOP-B0T93D6\\george",
                            "Hashes": "MD5=F3BDBE3BB6F734E357235F4D5898582D,SHA256=3685495D051137B1C4EFDE22C26DF0883614B6453B762FA84588DA55ED2E7744,IMPHASH=0AF8419BE362159398343D7B31721726",
                            "ParentImage": "C:\\Program Files (x86)\\AutoIt3\\AutoIt3.exe",
                            "IntegrityLevel": "High",
                            "TerminalSessionId": "1",
                            "Image": "C:\\Windows\\SysWOW64\\cmd.exe",
                            "ParentProcessId": "1664",
                            "ParentProcessGuid": "C784477D-066C-62FE-020A-000000004700",
                            "Product": "Microsoft\u00ae Windows\u00ae Operating System",
                            "LogonGuid": "C784477D-051D-62FE-0732-040000000000",
                            "EventID": "1",
                            "ProcessGuid": "C784477D-066D-62FE-140A-000000004700",
                            "CommandLine": "C:\\Windows\\system32\\cmd.exe /c powershell.exe -ex bypass -command \"Get-ScheduledTask | Stop-ScheduledTask\" > \\\\192.168.2.1\\joe-windows-g15-3\\logs\\taskstop.log 2>&1",
                            "ParentCommandLine": "\"C:\\Program Files (x86)\\AutoIt3\\AutoIt3.exe\" \"C:\\Users\\george\\Desktop\\script.0.au3\"",
                            "ProcessId": "6924",
                            "FileVersion": "10.0.17134.1 (WinBuild.160101.0800)",
                            "Company": "Microsoft Corporation"
                        }
                    },
