            {
                "match_context": [
                    {
                        "values": {
                            "RuleName": "-",
                            "CurrentDirectory": "C:\\Windows\\system32\\",
                            "LogonId": "274951",
                            "OriginalFileName": "CertUtil.exe",
                            "UtcTime": "2022-08-18 09:29:11.751",
                            "Description": "CertUtil.exe",
                            "User": "DESKTOP-B0T93D6\\george",
                            "Hashes": "MD5=4067B1D5C80CCEACA9DF621F7B80771E,SHA256=5C2493777E2D11AA088B9E927219F5BF02BA91E7E94235A14436D16D939C0101,IMPHASH=3AF01BA0826B0D465AAE017584D0BBB3",
                            "ParentImage": "C:\\Program Files (x86)\\AutoIt3\\AutoIt3.exe",
                            "IntegrityLevel": "High",
                            "TerminalSessionId": "1",
                            "Image": "C:\\Windows\\SysWOW64\\certutil.exe",
                            "ParentProcessId": "6008",
                            "ParentProcessGuid": "C784477D-065A-62FE-E709-000000004700",
                            "Product": "Microsoft\u00ae Windows\u00ae Operating System",
                            "LogonGuid": "C784477D-051D-62FE-0732-040000000000",
                            "EventID": "1",
                            "ProcessGuid": "C784477D-0667-62FE-F809-000000004700",
                            "CommandLine": "certutil -addstore -f \"root\" \\\\192.168.2.1\\all\\install\\JoeSecurityLLC.cer",
                            "ParentCommandLine": "\"C:\\Program Files (x86)\\AutoIt3\\AutoIt3.exe\" X:\\loadjoeboxvm.au3",
                            "ProcessId": "6460",
                            "FileVersion": "10.0.17134.254 (WinBuild.160101.0800)",
                            "Company": "Microsoft Corporation"
                        }
                    }
                ],
                "rule_level": "medium",
                "rule_id": "aaa442da8065368308d21225f195c966f7aacd66f4a7703b37f095739a0752d4",
                "rule_source": "Sigma Integrated Rule Set (GitHub)",
                "rule_title": "Root Certificate Installed",
                "rule_description": "Adversaries may install a root certificate on a compromised system to avoid warnings when connecting to adversary controlled web servers.",
                "rule_author": "oscd.community, @redcanary, Zach Stanford @svch0st"
            },
            {
                "match_context": [
                    {
                        "values": {
                            "RuleName": "-",
                            "CurrentDirectory": "C:\\Program Files (x86)\\AutoIt3\\",
                            "LogonId": "274951",
                            "OriginalFileName": "sc.exe",
                            "UtcTime": "2022-08-18 09:29:17.316",
                            "Description": "Service Control Manager Configuration Tool",
                            "User": "DESKTOP-B0T93D6\\george",
                            "Hashes": "MD5=24A3E2603E63BCB9695A2935D3B24695,SHA256=3047D5C22A245D1E4294FCD547EC5FB0F2E5EF030B764424ACC74E7744FBE32E,IMPHASH=B037D0ADB81BF9CFC651DE01742089F1",
                            "ParentImage": "C:\\Windows\\SysWOW64\\cmd.exe",
                            "IntegrityLevel": "High",
                            "TerminalSessionId": "1",
                            "Image": "C:\\Windows\\SysWOW64\\sc.exe",
                            "ParentProcessId": "6724",
                            "ParentProcessGuid": "C784477D-066D-62FE-0A0A-000000004700",
                            "Product": "Microsoft\u00ae Windows\u00ae Operating System",
                            "LogonGuid": "C784477D-051D-62FE-0732-040000000000",
                            "EventID": "1",
                            "ProcessGuid": "C784477D-066D-62FE-0C0A-000000004700",
                            "CommandLine": "sc  config SysMain start= disabled",
                            "ParentCommandLine": "C:\\Windows\\system32\\cmd.exe /c sc config SysMain start= disabled",
                            "ProcessId": "6804",
                            "FileVersion": "10.0.17134.1 (WinBuild.160101.0800)",
                            "Company": "Microsoft Corporation"
                        }
                    },
                    {
                        "values": {
                            "RuleName": "-",
                            "CurrentDirectory": "C:\\Program Files (x86)\\AutoIt3\\",
                            "LogonId": "274951",
                            "OriginalFileName": "sc.exe",
                            "UtcTime": "2022-08-18 09:29:17.628",
                            "Description": "Service Control Manager Configuration Tool",
                            "User": "DESKTOP-B0T93D6\\george",
                            "Hashes": "MD5=24A3E2603E63BCB9695A2935D3B24695,SHA256=3047D5C22A245D1E4294FCD547EC5FB0F2E5EF030B764424ACC74E7744FBE32E,IMPHASH=B037D0ADB81BF9CFC651DE01742089F1",
                            "ParentImage": "C:\\Windows\\SysWOW64\\cmd.exe",
                            "IntegrityLevel": "High",
                            "TerminalSessionId": "1",
                            "Image": "C:\\Windows\\SysWOW64\\sc.exe",
                            "ParentProcessId": "7092",
                            "ParentProcessGuid": "C784477D-066D-62FE-1B0A-000000004700",
                            "Product": "Microsoft\u00ae Windows\u00ae Operating System",
                            "LogonGuid": "C784477D-051D-62FE-0732-040000000000",
                            "EventID": "1",
                            "ProcessGuid": "C784477D-066D-62FE-1D0A-000000004700",
                            "CommandLine": "sc  config AdobeARMservice start= disabled",
                            "ParentCommandLine": "C:\\Windows\\system32\\cmd.exe /c sc config AdobeARMservice start= disabled",
                            "ProcessId": "1120",
                            "FileVersion": "10.0.17134.1 (WinBuild.160101.0800)",
                            "Company": "Microsoft Corporation"
                        }
                    },
                    {
                        "values": {
                            "RuleName": "-",
                            "CurrentDirectory": "C:\\Program Files (x86)\\AutoIt3\\",
                            "LogonId": "274951",
                            "OriginalFileName": "sc.exe",
                            "UtcTime": "2022-08-18 09:29:18.259",
                            "Description": "Service Control Manager Configuration Tool",
                            "User": "DESKTOP-B0T93D6\\george",
                            "Hashes": "MD5=24A3E2603E63BCB9695A2935D3B24695,SHA256=3047D5C22A245D1E4294FCD547EC5FB0F2E5EF030B764424ACC74E7744FBE32E,IMPHASH=B037D0ADB81BF9CFC651DE01742089F1",
                            "ParentImage": "C:\\Windows\\SysWOW64\\cmd.exe",
                            "IntegrityLevel": "High",
                            "TerminalSessionId": "1",
                            "Image": "C:\\Windows\\SysWOW64\\sc.exe",
                            "ParentProcessId": "4212",
                            "ParentProcessGuid": "C784477D-066D-62FE-210A-000000004700",
                            "Product": "Microsoft\u00ae Windows\u00ae Operating System",
                            "LogonGuid": "C784477D-051D-62FE-0732-040000000000",
                            "EventID": "1",
                            "ProcessGuid": "C784477D-066E-62FE-240A-000000004700",
                            "CommandLine": "sc  config gupdate start= disabled",
                            "ParentCommandLine": "C:\\Windows\\system32\\cmd.exe /c sc config gupdate start= disabled",
                            "ProcessId": "3432",
                            "FileVersion": "10.0.17134.1 (WinBuild.160101.0800)",
                            "Company": "Microsoft Corporation"
                        }
                    },
                    {
                        "values": {
                            "RuleName": "-",
                            "CurrentDirectory": "C:\\Program Files (x86)\\AutoIt3\\",
                            "LogonId": "274951",
                            "OriginalFileName": "sc.exe",
                            "UtcTime": "2022-08-18 09:29:18.351",
                            "Description": "Service Control Manager Configuration Tool",
                            "User": "DESKTOP-B0T93D6\\george",
                            "Hashes": "MD5=24A3E2603E63BCB9695A2935D3B24695,SHA256=3047D5C22A245D1E4294FCD547EC5FB0F2E5EF030B764424ACC74E7744FBE32E,IMPHASH=B037D0ADB81BF9CFC651DE01742089F1",
                            "ParentImage": "C:\\Windows\\SysWOW64\\cmd.exe",
                            "IntegrityLevel": "High",
                            "TerminalSessionId": "1",
                            "Image": "C:\\Windows\\SysWOW64\\sc.exe",
                            "ParentProcessId": "2272",
                            "ParentProcessGuid": "C784477D-066E-62FE-250A-000000004700",
                            "Product": "Microsoft\u00ae Windows\u00ae Operating System",
                            "LogonGuid": "C784477D-051D-62FE-0732-040000000000",
                            "EventID": "1",
                            "ProcessGuid": "C784477D-066E-62FE-270A-000000004700",
                            "CommandLine": "sc  config gupdatem start= disabled",
                            "ParentCommandLine": "C:\\Windows\\system32\\cmd.exe /c sc config gupdatem start= disabled",
                            "ProcessId": "6544",
                            "FileVersion": "10.0.17134.1 (WinBuild.160101.0800)",
                            "Company": "Microsoft Corporation"
                        }
                    },
                    {
                        "values": {
                            "RuleName": "-",
                            "CurrentDirectory": "C:\\Program Files (x86)\\AutoIt3\\",
                            "LogonId": "274951",
                            "OriginalFileName": "sc.exe",
                            "UtcTime": "2022-08-18 09:29:18.460",
                            "Description": "Service Control Manager Configuration Tool",
                            "User": "DESKTOP-B0T93D6\\george",
                            "Hashes": "MD5=24A3E2603E63BCB9695A2935D3B24695,SHA256=3047D5C22A245D1E4294FCD547EC5FB0F2E5EF030B764424ACC74E7744FBE32E,IMPHASH=B037D0ADB81BF9CFC651DE01742089F1",
                            "ParentImage": "C:\\Windows\\SysWOW64\\cmd.exe",
                            "IntegrityLevel": "High",
                            "TerminalSessionId": "1",
                            "Image": "C:\\Windows\\SysWOW64\\sc.exe",
                            "ParentProcessId": "6012",
                            "ParentProcessGuid": "C784477D-066E-62FE-2C0A-000000004700",
                            "Product": "Microsoft\u00ae Windows\u00ae Operating System",
                            "LogonGuid": "C784477D-051D-62FE-0732-040000000000",
                            "EventID": "1",
                            "ProcessGuid": "C784477D-066E-62FE-300A-000000004700",
                            "CommandLine": "sc  config MozillaMaintenance start= disabled",
                            "ParentCommandLine": "C:\\Windows\\system32\\cmd.exe /c sc config MozillaMaintenance start= disabled",
                            "ProcessId": "6172",
                            "FileVersion": "10.0.17134.1 (WinBuild.160101.0800)",
                            "Company": "Microsoft Corporation"
                        }
                    },
                    {
                        "values": {
                            "RuleName": "-",
                            "CurrentDirectory": "C:\\Program Files (x86)\\AutoIt3\\",
                            "LogonId": "274951",
                            "OriginalFileName": "sc.exe",
                            "UtcTime": "2022-08-18 09:29:18.539",
                            "Description": "Service Control Manager Configuration Tool",
                            "User": "DESKTOP-B0T93D6\\george",
                            "Hashes": "MD5=24A3E2603E63BCB9695A2935D3B24695,SHA256=3047D5C22A245D1E4294FCD547EC5FB0F2E5EF030B764424ACC74E7744FBE32E,IMPHASH=B037D0ADB81BF9CFC651DE01742089F1",
                            "ParentImage": "C:\\Windows\\SysWOW64\\cmd.exe",
                            "IntegrityLevel": "High",
                            "TerminalSessionId": "1",
                            "Image": "C:\\Windows\\SysWOW64\\sc.exe",
                            "ParentProcessId": "1616",
                            "ParentProcessGuid": "C784477D-066E-62FE-340A-000000004700",
                            "Product": "Microsoft\u00ae Windows\u00ae Operating System",
                            "LogonGuid": "C784477D-051D-62FE-0732-040000000000",
                            "EventID": "1",
                            "ProcessGuid": "C784477D-066E-62FE-380A-000000004700",
                            "CommandLine": "sc  config edgeupdatem start= disabled",
                            "ParentCommandLine": "C:\\Windows\\system32\\cmd.exe /c sc config edgeupdatem start= disabled",
                            "ProcessId": "1660",
                            "FileVersion": "10.0.17134.1 (WinBuild.160101.0800)",
                            "Company": "Microsoft Corporation"
                        }
                    },
                    {
                        "values": {
                            "RuleName": "-",
                            "CurrentDirectory": "C:\\Program Files (x86)\\AutoIt3\\",
                            "LogonId": "274951",
                            "OriginalFileName": "sc.exe",
                            "UtcTime": "2022-08-18 09:29:18.609",
                            "Description": "Service Control Manager Configuration Tool",
                            "User": "DESKTOP-B0T93D6\\george",
                            "Hashes": "MD5=24A3E2603E63BCB9695A2935D3B24695,SHA256=3047D5C22A245D1E4294FCD547EC5FB0F2E5EF030B764424ACC74E7744FBE32E,IMPHASH=B037D0ADB81BF9CFC651DE01742089F1",
                            "ParentImage": "C:\\Windows\\SysWOW64\\cmd.exe",
                            "IntegrityLevel": "High",
                            "TerminalSessionId": "1",
                            "Image": "C:\\Windows\\SysWOW64\\sc.exe",
                            "ParentProcessId": "6532",
                            "ParentProcessGuid": "C784477D-066E-62FE-3B0A-000000004700",
                            "Product": "Microsoft\u00ae Windows\u00ae Operating System",
                            "LogonGuid": "C784477D-051D-62FE-0732-040000000000",
                            "EventID": "1",
                            "ProcessGuid": "C784477D-066E-62FE-3E0A-000000004700",
                            "CommandLine": "sc  config dnscache start= disabled",
                            "ParentCommandLine": "C:\\Windows\\system32\\cmd.exe /c sc config dnscache start= disabled",
                            "ProcessId": "168",
                            "FileVersion": "10.0.17134.1 (WinBuild.160101.0800)",
                            "Company": "Microsoft Corporation"
                        }
                    },
                    {
                        "values": {
                            "RuleName": "-",
                            "CurrentDirectory": "C:\\Program Files (x86)\\AutoIt3\\",
                            "LogonId": "274951",
                            "OriginalFileName": "sc.exe",
                            "UtcTime": "2022-08-18 09:29:18.699",
                            "Description": "Service Control Manager Configuration Tool",
                            "User": "DESKTOP-B0T93D6\\george",
                            "Hashes": "MD5=24A3E2603E63BCB9695A2935D3B24695,SHA256=3047D5C22A245D1E4294FCD547EC5FB0F2E5EF030B764424ACC74E7744FBE32E,IMPHASH=B037D0ADB81BF9CFC651DE01742089F1",
                            "ParentImage": "C:\\Windows\\SysWOW64\\cmd.exe",
                            "IntegrityLevel": "High",
                            "TerminalSessionId": "1",
                            "Image": "C:\\Windows\\SysWOW64\\sc.exe",
                            "ParentProcessId": "6652",
                            "ParentProcessGuid": "C784477D-066E-62FE-420A-000000004700",
                            "Product": "Microsoft\u00ae Windows\u00ae Operating System",
                            "LogonGuid": "C784477D-051D-62FE-0732-040000000000",
                            "EventID": "1",
                            "ProcessGuid": "C784477D-066E-62FE-470A-000000004700",
                            "CommandLine": "sc  config sedsvc start= disabled",
                            "ParentCommandLine": "C:\\Windows\\system32\\cmd.exe /c sc config sedsvc start= disabled",
                            "ProcessId": "6808",
                            "FileVersion": "10.0.17134.1 (WinBuild.160101.0800)",
                            "Company": "Microsoft Corporation"
                        }
                    },
                    {
                        "values": {
                            "RuleName": "-",
                            "CurrentDirectory": "C:\\Program Files (x86)\\AutoIt3\\",
                            "LogonId": "274951",
                            "OriginalFileName": "sc.exe",
                            "UtcTime": "2022-08-18 09:29:18.769",
                            "Description": "Service Control Manager Configuration Tool",
                            "User": "DESKTOP-B0T93D6\\george",
                            "Hashes": "MD5=24A3E2603E63BCB9695A2935D3B24695,SHA256=3047D5C22A245D1E4294FCD547EC5FB0F2E5EF030B764424ACC74E7744FBE32E,IMPHASH=B037D0ADB81BF9CFC651DE01742089F1",
                            "ParentImage": "C:\\Windows\\SysWOW64\\cmd.exe",
                            "IntegrityLevel": "High",
                            "TerminalSessionId": "1",
                            "Image": "C:\\Windows\\SysWOW64\\sc.exe",
                            "ParentProcessId": "6748",
                            "ParentProcessGuid": "C784477D-066E-62FE-490A-000000004700",
                            "Product": "Microsoft\u00ae Windows\u00ae Operating System",
                            "LogonGuid": "C784477D-051D-62FE-0732-040000000000",
                            "EventID": "1",
                            "ProcessGuid": "C784477D-066E-62FE-4E0A-000000004700",
                            "CommandLine": "sc  config PcaSvc start= disabled",
                            "ParentCommandLine": "C:\\Windows\\system32\\cmd.exe /c sc config PcaSvc start= disabled",
                            "ProcessId": "7164",
                            "FileVersion": "10.0.17134.1 (WinBuild.160101.0800)",
                            "Company": "Microsoft Corporation"
                        }
                    },
                    {
                        "values": {
                            "RuleName": "-",
                            "CurrentDirectory": "C:\\Program Files (x86)\\AutoIt3\\",
                            "LogonId": "274951",
                            "OriginalFileName": "sc.exe",
                            "UtcTime": "2022-08-18 09:29:18.812",
                            "Description": "Service Control Manager Configuration Tool",
                            "User": "DESKTOP-B0T93D6\\george",
                            "Hashes": "MD5=24A3E2603E63BCB9695A2935D3B24695,SHA256=3047D5C22A245D1E4294FCD547EC5FB0F2E5EF030B764424ACC74E7744FBE32E,IMPHASH=B037D0ADB81BF9CFC651DE01742089F1",
                            "ParentImage": "C:\\Windows\\SysWOW64\\cmd.exe",
                            "IntegrityLevel": "High",
                            "TerminalSessionId": "1",
                            "Image": "C:\\Windows\\SysWOW64\\sc.exe",
                            "ParentProcessId": "7092",
                            "ParentProcessGuid": "C784477D-066E-62FE-500A-000000004700",
                            "Product": "Microsoft\u00ae Windows\u00ae Operating System",
                            "LogonGuid": "C784477D-051D-62FE-0732-040000000000",
                            "EventID": "1",
                            "ProcessGuid": "C784477D-066E-62FE-530A-000000004700",
                            "CommandLine": "sc  config \"OneDrive Updater Service\" start= disabled",
                            "ParentCommandLine": "C:\\Windows\\system32\\cmd.exe /c sc config \"OneDrive Updater Service\" start= disabled",
                            "ProcessId": "4848",
                            "FileVersion": "10.0.17134.1 (WinBuild.160101.0800)",
                            "Company": "Microsoft Corporation"
                        }
                    },
                    {
                        "values": {
                            "RuleName": "-",
                            "CurrentDirectory": "C:\\Program Files (x86)\\AutoIt3\\",
                            "LogonId": "274951",
                            "OriginalFileName": "sc.exe",
                            "UtcTime": "2022-08-18 09:29:18.902",
                            "Description": "Service Control Manager Configuration Tool",
                            "User": "DESKTOP-B0T93D6\\george",
                            "Hashes": "MD5=24A3E2603E63BCB9695A2935D3B24695,SHA256=3047D5C22A245D1E4294FCD547EC5FB0F2E5EF030B764424ACC74E7744FBE32E,IMPHASH=B037D0ADB81BF9CFC651DE01742089F1",
                            "ParentImage": "C:\\Windows\\SysWOW64\\cmd.exe",
                            "IntegrityLevel": "High",
                            "TerminalSessionId": "1",
                            "Image": "C:\\Windows\\SysWOW64\\sc.exe",
                            "ParentProcessId": "2972",
                            "ParentProcessGuid": "C784477D-066E-62FE-590A-000000004700",
                            "Product": "Microsoft\u00ae Windows\u00ae Operating System",
                            "LogonGuid": "C784477D-051D-62FE-0732-040000000000",
                            "EventID": "1",
                            "ProcessGuid": "C784477D-066E-62FE-5E0A-000000004700",
                            "CommandLine": "sc  config DPS start= disabled",
                            "ParentCommandLine": "C:\\Windows\\system32\\cmd.exe /c sc config DPS start= disabled",
                            "ProcessId": "3488",
                            "FileVersion": "10.0.17134.1 (WinBuild.160101.0800)",
                            "Company": "Microsoft Corporation"
                        }
                    },
                    {
                        "values": {
                            "RuleName": "-",
                            "CurrentDirectory": "C:\\Program Files (x86)\\AutoIt3\\",
                            "LogonId": "274951",
                            "OriginalFileName": "sc.exe",
                            "UtcTime": "2022-08-18 09:29:18.975",
                            "Description": "Service Control Manager Configuration Tool",
                            "User": "DESKTOP-B0T93D6\\george",
                            "Hashes": "MD5=24A3E2603E63BCB9695A2935D3B24695,SHA256=3047D5C22A245D1E4294FCD547EC5FB0F2E5EF030B764424ACC74E7744FBE32E,IMPHASH=B037D0ADB81BF9CFC651DE01742089F1",
                            "ParentImage": "C:\\Windows\\SysWOW64\\cmd.exe",
                            "IntegrityLevel": "High",
                            "TerminalSessionId": "1",
                            "Image": "C:\\Windows\\SysWOW64\\sc.exe",
                            "ParentProcessId": "5180",
                            "ParentProcessGuid": "C784477D-066E-62FE-620A-000000004700",
                            "Product": "Microsoft\u00ae Windows\u00ae Operating System",
                            "LogonGuid": "C784477D-051D-62FE-0732-040000000000",
                            "EventID": "1",
                            "ProcessGuid": "C784477D-066E-62FE-650A-000000004700",
                            "CommandLine": "sc  config TrustedInstaller start= disabled",
                            "ParentCommandLine": "C:\\Windows\\system32\\cmd.exe /c sc config TrustedInstaller start= disabled",
                            "ProcessId": "2096",
                            "FileVersion": "10.0.17134.1 (WinBuild.160101.0800)",
                            "Company": "Microsoft Corporation"
                        }
                    },
                    {
                        "values": {
                            "RuleName": "-",
                            "CurrentDirectory": "C:\\Program Files (x86)\\AutoIt3\\",
                            "LogonId": "274951",
                            "OriginalFileName": "sc.exe",
                            "UtcTime": "2022-08-18 09:29:19.031",
                            "Description": "Service Control Manager Configuration Tool",
                            "User": "DESKTOP-B0T93D6\\george",
                            "Hashes": "MD5=24A3E2603E63BCB9695A2935D3B24695,SHA256=3047D5C22A245D1E4294FCD547EC5FB0F2E5EF030B764424ACC74E7744FBE32E,IMPHASH=B037D0ADB81BF9CFC651DE01742089F1",
                            "ParentImage": "C:\\Windows\\SysWOW64\\cmd.exe",
                            "IntegrityLevel": "High",
                            "TerminalSessionId": "1",
                            "Image": "C:\\Windows\\SysWOW64\\sc.exe",
                            "ParentProcessId": "2280",
                            "ParentProcessGuid": "C784477D-066E-62FE-690A-000000004700",
                            "Product": "Microsoft\u00ae Windows\u00ae Operating System",
                            "LogonGuid": "C784477D-051D-62FE-0732-040000000000",
                            "EventID": "1",
                            "ProcessGuid": "C784477D-066F-62FE-6D0A-000000004700",
                            "CommandLine": "sc  config \".NET Runtime Optimization Service\" start= disabled",
                            "ParentCommandLine": "C:\\Windows\\system32\\cmd.exe /c sc config \".NET Runtime Optimization Service\" start= disabled",
                            "ProcessId": "6532",
                            "FileVersion": "10.0.17134.1 (WinBuild.160101.0800)",
                            "Company": "Microsoft Corporation"
                        }
                    },
                    {
                        "values": {
                            "RuleName": "-",
                            "CurrentDirectory": "C:\\Program Files (x86)\\AutoIt3\\",
                            "LogonId": "274951",
                            "OriginalFileName": "sc.exe",
                            "UtcTime": "2022-08-18 09:29:19.096",
                            "Description": "Service Control Manager Configuration Tool",
                            "User": "DESKTOP-B0T93D6\\george",
                            "Hashes": "MD5=24A3E2603E63BCB9695A2935D3B24695,SHA256=3047D5C22A245D1E4294FCD547EC5FB0F2E5EF030B764424ACC74E7744FBE32E,IMPHASH=B037D0ADB81BF9CFC651DE01742089F1",
                            "ParentImage": "C:\\Windows\\SysWOW64\\cmd.exe",
                            "IntegrityLevel": "High",
                            "TerminalSessionId": "1",
                            "Image": "C:\\Windows\\SysWOW64\\sc.exe",
                            "ParentProcessId": "572",
                            "ParentProcessGuid": "C784477D-066F-62FE-700A-000000004700",
                            "Product": "Microsoft\u00ae Windows\u00ae Operating System",
                            "LogonGuid": "C784477D-051D-62FE-0732-040000000000",
                            "EventID": "1",
                            "ProcessGuid": "C784477D-066F-62FE-740A-000000004700",
                            "CommandLine": "sc  config \"BITS\" start= demand",
                            "ParentCommandLine": "C:\\Windows\\system32\\cmd.exe /c sc config \"BITS\" start= demand",
                            "ProcessId": "6760",
                            "FileVersion": "10.0.17134.1 (WinBuild.160101.0800)",
                            "Company": "Microsoft Corporation"
                        }
                    },
                    {
                        "values": {
                            "RuleName": "-",
                            "CurrentDirectory": "C:\\Program Files (x86)\\AutoIt3\\",
                            "LogonId": "274951",
                            "OriginalFileName": "sc.exe",
                            "UtcTime": "2022-08-18 09:29:19.161",
                            "Description": "Service Control Manager Configuration Tool",
                            "User": "DESKTOP-B0T93D6\\george",
                            "Hashes": "MD5=24A3E2603E63BCB9695A2935D3B24695,SHA256=3047D5C22A245D1E4294FCD547EC5FB0F2E5EF030B764424ACC74E7744FBE32E,IMPHASH=B037D0ADB81BF9CFC651DE01742089F1",
                            "ParentImage": "C:\\Windows\\SysWOW64\\cmd.exe",
                            "IntegrityLevel": "High",
                            "TerminalSessionId": "1",
                            "Image": "C:\\Windows\\SysWOW64\\sc.exe",
                            "ParentProcessId": "6700",
                            "ParentProcessGuid": "C784477D-066F-62FE-770A-000000004700",
                            "Product": "Microsoft\u00ae Windows\u00ae Operating System",
                            "LogonGuid": "C784477D-051D-62FE-0732-040000000000",
                            "EventID": "1",
                            "ProcessGuid": "C784477D-066F-62FE-7C0A-000000004700",
                            "CommandLine": "sc  config msiserver start= demand",
                            "ParentCommandLine": "C:\\Windows\\system32\\cmd.exe /c sc config msiserver start= demand",
                            "ProcessId": "6920",
                            "FileVersion": "10.0.17134.1 (WinBuild.160101.0800)",
                            "Company": "Microsoft Corporation"
                        }
                    },
                    {
                        "values": {
                            "RuleName": "-",
                            "CurrentDirectory": "C:\\Program Files (x86)\\AutoIt3\\",
                            "LogonId": "274951",
                            "OriginalFileName": "sc.exe",
                            "UtcTime": "2022-08-18 09:29:19.449",
                            "Description": "Service Control Manager Configuration Tool",
                            "User": "DESKTOP-B0T93D6\\george",
                            "Hashes": "MD5=24A3E2603E63BCB9695A2935D3B24695,SHA256=3047D5C22A245D1E4294FCD547EC5FB0F2E5EF030B764424ACC74E7744FBE32E,IMPHASH=B037D0ADB81BF9CFC651DE01742089F1",
                            "ParentImage": "C:\\Windows\\SysWOW64\\cmd.exe",
                            "IntegrityLevel": "High",
                            "TerminalSessionId": "1",
                            "Image": "C:\\Windows\\SysWOW64\\sc.exe",
                            "ParentProcessId": "4880",
                            "ParentProcessGuid": "C784477D-066F-62FE-8F0A-000000004700",
                            "Product": "Microsoft\u00ae Windows\u00ae Operating System",
                            "LogonGuid": "C784477D-051D-62FE-0732-040000000000",
                            "EventID": "1",
                            "ProcessGuid": "C784477D-066F-62FE-910A-000000004700",
                            "CommandLine": "sc  config NlaSvc start= demand",
                            "ParentCommandLine": "C:\\Windows\\system32\\cmd.exe /c sc config NlaSvc start= demand",
                            "ProcessId": "5920",
                            "FileVersion": "10.0.17134.1 (WinBuild.160101.0800)",
                            "Company": "Microsoft Corporation"
                        }
                    },
                    {
                        "values": {
                            "RuleName": "-",
                            "CurrentDirectory": "C:\\Program Files (x86)\\AutoIt3\\",
                            "LogonId": "274951",
                            "OriginalFileName": "sc.exe",
                            "UtcTime": "2022-08-18 09:29:19.492",
                            "Description": "Service Control Manager Configuration Tool",
                            "User": "DESKTOP-B0T93D6\\george",
                            "Hashes": "MD5=24A3E2603E63BCB9695A2935D3B24695,SHA256=3047D5C22A245D1E4294FCD547EC5FB0F2E5EF030B764424ACC74E7744FBE32E,IMPHASH=B037D0ADB81BF9CFC651DE01742089F1",
                            "ParentImage": "C:\\Windows\\SysWOW64\\cmd.exe",
                            "IntegrityLevel": "High",
                            "TerminalSessionId": "1",
                            "Image": "C:\\Windows\\SysWOW64\\sc.exe",
                            "ParentProcessId": "2704",
                            "ParentProcessGuid": "C784477D-066F-62FE-930A-000000004700",
                            "Product": "Microsoft\u00ae Windows\u00ae Operating System",
                            "LogonGuid": "C784477D-051D-62FE-0732-040000000000",
                            "EventID": "1",
                            "ProcessGuid": "C784477D-066F-62FE-960A-000000004700",
                            "CommandLine": "sc  config netprofm start= demand",
                            "ParentCommandLine": "C:\\Windows\\system32\\cmd.exe /c sc config netprofm start= demand",
                            "ProcessId": "6496",
                            "FileVersion": "10.0.17134.1 (WinBuild.160101.0800)",
                            "Company": "Microsoft Corporation"
                        }
                    }
                ],
                "rule_level": "medium",
                "rule_id": "b55af83c751d2c7bca8dbba245a97017e34109bff34fd50b02f60a91111ea703",
                "rule_source": "Sigma Integrated Rule Set (GitHub)",
                "rule_title": "Sc Or Set-Service Cmdlet Execution to Disable Services",
                "rule_description": "Detects when attackers use \"sc.exe\" or the powershell \"Set-Service\" cmdlet to change the startup type of a service to \"disabled\"",
                "rule_author": "Nasreddine Bencherchali"
            },
            {
                "match_context": [
                    {
                        "values": {
                            "param1": "\\Device\\HarddiskVolume4\\Windows\\System32\\drivers\\filetrace.sys",
                            "EventID": "5038"
                        }
                    },
                    {
                        "values": {
                            "param1": "\\Device\\HarddiskVolume4\\Program Files (x86)\\sandbox\\driver\\sandbox-driver.sys",
                            "EventID": "5038"
                        }
                    }
                ],
                "rule_level": "low",
                "rule_id": "134564d292d785dff102940b8a1ee06dba2d462c5fb852124b3771a49d7885f1",
                "rule_source": "Sigma Integrated Rule Set (GitHub)",
                "rule_title": "Failed Code Integrity Checks",
                "rule_description": "Code integrity failures may indicate tampered executables.",
                "rule_author": "Thomas Patzke"
            },
            {
                "match_context": [
                    {
                        "values": {
                            "RuleName": "-",
                            "CurrentDirectory": "C:\\Windows\\system32\\",
                            "LogonId": "274951",
                            "OriginalFileName": "PowerShell.EXE",
                            "UtcTime": "2022-08-18 09:28:58.214",
                            "Description": "Windows PowerShell",
                            "User": "DESKTOP-B0T93D6\\george",
                            "Hashes": "MD5=DBA3E6449E97D4E3DF64527EF7012A10,SHA256=E0C662D10B852B23F2D8A240AFC82A72B099519FA71CDDF9D5D0F0BE08169B6E,IMPHASH=D1A922C94A1F407CB2BBCAD033C8ED7A",
                            "ParentImage": "C:\\Windows\\SysWOW64\\cmd.exe",
                            "IntegrityLevel": "High",
                            "TerminalSessionId": "1",
                            "Image": "C:\\Windows\\SysWOW64\\WindowsPowerShell\\v1.0\\powershell.exe",
                            "ParentProcessId": "168",
                            "ParentProcessGuid": "C784477D-065A-62FE-E809-000000004700",
                            "Product": "Microsoft\u00ae Windows\u00ae Operating System",
                            "LogonGuid": "C784477D-051D-62FE-0732-040000000000",
                            "EventID": "1",
                            "ProcessGuid": "C784477D-065A-62FE-EC09-000000004700",
                            "CommandLine": "powershell.exe  -ex bypass -command \"Get-ScheduledTask | Disable-ScheduledTask",
                            "ParentCommandLine": "C:\\Windows\\system32\\cmd.exe /c powershell.exe -ex bypass -command \"Get-ScheduledTask | Disable-ScheduledTask",
                            "ProcessId": "1344",
                            "FileVersion": "10.0.17134.1 (WinBuild.160101.0800)",
                            "Company": "Microsoft Corporation"
                        }
                    },
                    {
                        "values": {
                            "RuleName": "-",
                            "CurrentDirectory": "C:\\Windows\\system32\\",
                            "LogonId": "274951",
                            "OriginalFileName": "PowerShell.EXE",
                            "UtcTime": "2022-08-18 09:28:58.214",
                            "Description": "Windows PowerShell",
                            "User": "DESKTOP-B0T93D6\\george",
                            "Hashes": "MD5=DBA3E6449E97D4E3DF64527EF7012A10,SHA256=E0C662D10B852B23F2D8A240AFC82A72B099519FA71CDDF9D5D0F0BE08169B6E,IMPHASH=D1A922C94A1F407CB2BBCAD033C8ED7A",
                            "ParentImage": "C:\\Windows\\SysWOW64\\cmd.exe",
                            "IntegrityLevel": "High",
                            "TerminalSessionId": "1",
                            "Image": "C:\\Windows\\SysWOW64\\WindowsPowerShell\\v1.0\\powershell.exe",
                            "ParentProcessId": "4456",
                            "ParentProcessGuid": "C784477D-065A-62FE-E909-000000004700",
                            "Product": "Microsoft\u00ae Windows\u00ae Operating System",
                            "LogonGuid": "C784477D-051D-62FE-0732-040000000000",
                            "EventID": "1",
                            "ProcessGuid": "C784477D-065A-62FE-ED09-000000004700",
                            "CommandLine": "powershell.exe  -ex bypass -command \"Get-ScheduledTask | Stop-ScheduledTask",
                            "ParentCommandLine": "C:\\Windows\\system32\\cmd.exe /c powershell.exe -ex bypass -command \"Get-ScheduledTask | Stop-ScheduledTask",
                            "ProcessId": "4640",
                            "FileVersion": "10.0.17134.1 (WinBuild.160101.0800)",
                            "Company": "Microsoft Corporation"
                        }
                    },
                    {
                        "values": {
                            "RuleName": "-",
                            "CurrentDirectory": "C:\\Windows\\system32\\",
                            "LogonId": "274951",
                            "OriginalFileName": "PowerShell.EXE",
                            "UtcTime": "2022-08-18 09:28:58.991",
                            "Description": "Windows PowerShell",
                            "User": "DESKTOP-B0T93D6\\george",
                            "Hashes": "MD5=DBA3E6449E97D4E3DF64527EF7012A10,SHA256=E0C662D10B852B23F2D8A240AFC82A72B099519FA71CDDF9D5D0F0BE08169B6E,IMPHASH=D1A922C94A1F407CB2BBCAD033C8ED7A",
                            "ParentImage": "C:\\Windows\\SysWOW64\\cmd.exe",
                            "IntegrityLevel": "High",
                            "TerminalSessionId": "1",
                            "Image": "C:\\Windows\\SysWOW64\\WindowsPowerShell\\v1.0\\powershell.exe",
                            "ParentProcessId": "5148",
                            "ParentProcessGuid": "C784477D-065A-62FE-F109-000000004700",
                            "Product": "Microsoft\u00ae Windows\u00ae Operating System",
                            "LogonGuid": "C784477D-051D-62FE-0732-040000000000",
                            "EventID": "1",
                            "ProcessGuid": "C784477D-065A-62FE-F309-000000004700",
                            "CommandLine": "powershell.exe  -executionpolicy bypass -File \"C:\\Program Files (x86)\\Joebox\\unpack\\wmievasions.ps1\" ",
                            "ParentCommandLine": "cmd /C powershell.exe -executionpolicy bypass -File \"C:\\Program Files (x86)\\Joebox\\unpack\\wmievasions.ps1\" > wmi.log 2>&1",
                            "ProcessId": "4024",
                            "FileVersion": "10.0.17134.1 (WinBuild.160101.0800)",
                            "Company": "Microsoft Corporation"
                        }
                    },
                    {
                        "values": {
                            "RuleName": "-",
                            "CurrentDirectory": "C:\\Program Files (x86)\\AutoIt3\\",
                            "LogonId": "274951",
                            "OriginalFileName": "PowerShell.EXE",
                            "UtcTime": "2022-08-18 09:29:17.410",
                            "Description": "Windows PowerShell",
                            "User": "DESKTOP-B0T93D6\\george",
                            "Hashes": "MD5=DBA3E6449E97D4E3DF64527EF7012A10,SHA256=E0C662D10B852B23F2D8A240AFC82A72B099519FA71CDDF9D5D0F0BE08169B6E,IMPHASH=D1A922C94A1F407CB2BBCAD033C8ED7A",
                            "ParentImage": "C:\\Windows\\SysWOW64\\cmd.exe",
                            "IntegrityLevel": "High",
                            "TerminalSessionId": "1",
                            "Image": "C:\\Windows\\SysWOW64\\WindowsPowerShell\\v1.0\\powershell.exe",
                            "ParentProcessId": "6908",
                            "ParentProcessGuid": "C784477D-066D-62FE-120A-000000004700",
                            "Product": "Microsoft\u00ae Windows\u00ae Operating System",
                            "LogonGuid": "C784477D-051D-62FE-0732-040000000000",
                            "EventID": "1",
                            "ProcessGuid": "C784477D-066D-62FE-180A-000000004700",
                            "CommandLine": "powershell.exe  -ex bypass -command \"Get-ScheduledTask | Disable-ScheduledTask\" ",
                            "ParentCommandLine": "C:\\Windows\\system32\\cmd.exe /c powershell.exe -ex bypass -command \"Get-ScheduledTask | Disable-ScheduledTask\" > \\\\192.168.2.1\\joe-windows-g15-3\\logs\\taskdeletion.log 2>&1",
                            "ProcessId": "7056",
                            "FileVersion": "10.0.17134.1 (WinBuild.160101.0800)",
                            "Company": "Microsoft Corporation"
                        }
                    },
