                    {
                        "values": {
                            "RuleName": "-",
                            "CurrentDirectory": "C:\\Program Files (x86)\\AutoIt3\\",
                            "LogonId": "274951",
                            "OriginalFileName": "net1.exe",
                            "UtcTime": "2022-08-18 09:29:18.906",
                            "Description": "Net Command",
                            "User": "DESKTOP-B0T93D6\\george",
                            "Hashes": "MD5=B5A26C2BF17222E86B91D26F1247AF3E,SHA256=14CC5BE4C833ACC652195DEAD113E1C3B4AC0B98EA1AEAD11957836F9AE721CF,IMPHASH=3D3E7537BD3BA07738DC5CA8AD01B073",
                            "ParentImage": "C:\\Windows\\SysWOW64\\net.exe",
                            "IntegrityLevel": "High",
                            "TerminalSessionId": "1",
                            "Image": "C:\\Windows\\SysWOW64\\net1.exe",
                            "ParentProcessId": "5052",
                            "ParentProcessGuid": "C784477D-066E-62FE-5D0A-000000004700",
                            "Product": "Microsoft\u00ae Windows\u00ae Operating System",
                            "LogonGuid": "C784477D-051D-62FE-0732-040000000000",
                            "EventID": "1",
                            "ProcessGuid": "C784477D-066E-62FE-600A-000000004700",
                            "CommandLine": "C:\\Windows\\system32\\net1  stop sppsvc",
                            "ParentCommandLine": "net  stop sppsvc",
                            "ProcessId": "6164",
                            "FileVersion": "10.0.17134.1 (WinBuild.160101.0800)",
                            "Company": "Microsoft Corporation"
                        }
                    },
                    {
                        "values": {
                            "RuleName": "-",
                            "CurrentDirectory": "C:\\Program Files (x86)\\AutoIt3\\",
                            "LogonId": "274951",
                            "OriginalFileName": "net.exe",
                            "UtcTime": "2022-08-18 09:29:18.976",
                            "Description": "Net Command",
                            "User": "DESKTOP-B0T93D6\\george",
                            "Hashes": "MD5=DD0561156F62BC1958CE0E370B23711B,SHA256=FD41D0261C6D22572DA448BCB5CBBB98F78A2922D1F1074D25237CC82C8CE432,IMPHASH=86350518EAE83E4A09BBF6317BA1C570",
                            "ParentImage": "C:\\Windows\\SysWOW64\\cmd.exe",
                            "IntegrityLevel": "High",
                            "TerminalSessionId": "1",
                            "Image": "C:\\Windows\\SysWOW64\\net.exe",
                            "ParentProcessId": "1532",
                            "ParentProcessGuid": "C784477D-066E-62FE-610A-000000004700",
                            "Product": "Microsoft\u00ae Windows\u00ae Operating System",
                            "LogonGuid": "C784477D-051D-62FE-0732-040000000000",
                            "EventID": "1",
                            "ProcessGuid": "C784477D-066E-62FE-660A-000000004700",
                            "CommandLine": "net  stop DPS",
                            "ParentCommandLine": "C:\\Windows\\system32\\cmd.exe /c net stop DPS",
                            "ProcessId": "6584",
                            "FileVersion": "10.0.17134.1 (WinBuild.160101.0800)",
                            "Company": "Microsoft Corporation"
                        }
                    },
                    {
                        "values": {
                            "RuleName": "-",
                            "CurrentDirectory": "C:\\Program Files (x86)\\AutoIt3\\",
                            "LogonId": "274951",
                            "OriginalFileName": "net1.exe",
                            "UtcTime": "2022-08-18 09:29:18.986",
                            "Description": "Net Command",
                            "User": "DESKTOP-B0T93D6\\george",
                            "Hashes": "MD5=B5A26C2BF17222E86B91D26F1247AF3E,SHA256=14CC5BE4C833ACC652195DEAD113E1C3B4AC0B98EA1AEAD11957836F9AE721CF,IMPHASH=3D3E7537BD3BA07738DC5CA8AD01B073",
                            "ParentImage": "C:\\Windows\\SysWOW64\\net.exe",
                            "IntegrityLevel": "High",
                            "TerminalSessionId": "1",
                            "Image": "C:\\Windows\\SysWOW64\\net1.exe",
                            "ParentProcessId": "6584",
                            "ParentProcessGuid": "C784477D-066E-62FE-660A-000000004700",
                            "Product": "Microsoft\u00ae Windows\u00ae Operating System",
                            "LogonGuid": "C784477D-051D-62FE-0732-040000000000",
                            "EventID": "1",
                            "ProcessGuid": "C784477D-066E-62FE-670A-000000004700",
                            "CommandLine": "C:\\Windows\\system32\\net1  stop DPS",
                            "ParentCommandLine": "net  stop DPS",
                            "ProcessId": "6200",
                            "FileVersion": "10.0.17134.1 (WinBuild.160101.0800)",
                            "Company": "Microsoft Corporation"
                        }
                    },
                    {
                        "values": {
                            "RuleName": "-",
                            "CurrentDirectory": "C:\\Program Files (x86)\\AutoIt3\\",
                            "LogonId": "274951",
                            "OriginalFileName": "net.exe",
                            "UtcTime": "2022-08-18 09:29:19.023",
                            "Description": "Net Command",
                            "User": "DESKTOP-B0T93D6\\george",
                            "Hashes": "MD5=DD0561156F62BC1958CE0E370B23711B,SHA256=FD41D0261C6D22572DA448BCB5CBBB98F78A2922D1F1074D25237CC82C8CE432,IMPHASH=86350518EAE83E4A09BBF6317BA1C570",
                            "ParentImage": "C:\\Windows\\SysWOW64\\cmd.exe",
                            "IntegrityLevel": "High",
                            "TerminalSessionId": "1",
                            "Image": "C:\\Windows\\SysWOW64\\net.exe",
                            "ParentProcessId": "3244",
                            "ParentProcessGuid": "C784477D-066E-62FE-680A-000000004700",
                            "Product": "Microsoft\u00ae Windows\u00ae Operating System",
                            "LogonGuid": "C784477D-051D-62FE-0732-040000000000",
                            "EventID": "1",
                            "ProcessGuid": "C784477D-066F-62FE-6C0A-000000004700",
                            "CommandLine": "net  stop TrustedInstaller",
                            "ParentCommandLine": "C:\\Windows\\system32\\cmd.exe /c net stop TrustedInstaller",
                            "ProcessId": "4612",
                            "FileVersion": "10.0.17134.1 (WinBuild.160101.0800)",
                            "Company": "Microsoft Corporation"
                        }
                    },
                    {
                        "values": {
                            "RuleName": "-",
                            "CurrentDirectory": "C:\\Program Files (x86)\\AutoIt3\\",
                            "LogonId": "274951",
                            "OriginalFileName": "net1.exe",
                            "UtcTime": "2022-08-18 09:29:19.033",
                            "Description": "Net Command",
                            "User": "DESKTOP-B0T93D6\\george",
                            "Hashes": "MD5=B5A26C2BF17222E86B91D26F1247AF3E,SHA256=14CC5BE4C833ACC652195DEAD113E1C3B4AC0B98EA1AEAD11957836F9AE721CF,IMPHASH=3D3E7537BD3BA07738DC5CA8AD01B073",
                            "ParentImage": "C:\\Windows\\SysWOW64\\net.exe",
                            "IntegrityLevel": "High",
                            "TerminalSessionId": "1",
                            "Image": "C:\\Windows\\SysWOW64\\net1.exe",
                            "ParentProcessId": "4612",
                            "ParentProcessGuid": "C784477D-066F-62FE-6C0A-000000004700",
                            "Product": "Microsoft\u00ae Windows\u00ae Operating System",
                            "LogonGuid": "C784477D-051D-62FE-0732-040000000000",
                            "EventID": "1",
                            "ProcessGuid": "C784477D-066F-62FE-6E0A-000000004700",
                            "CommandLine": "C:\\Windows\\system32\\net1  stop TrustedInstaller",
                            "ParentCommandLine": "net  stop TrustedInstaller",
                            "ProcessId": "6568",
                            "FileVersion": "10.0.17134.1 (WinBuild.160101.0800)",
                            "Company": "Microsoft Corporation"
                        }
                    },
                    {
                        "values": {
                            "RuleName": "-",
                            "CurrentDirectory": "C:\\Program Files (x86)\\AutoIt3\\",
                            "LogonId": "274951",
                            "OriginalFileName": "net.exe",
                            "UtcTime": "2022-08-18 09:29:19.095",
                            "Description": "Net Command",
                            "User": "DESKTOP-B0T93D6\\george",
                            "Hashes": "MD5=DD0561156F62BC1958CE0E370B23711B,SHA256=FD41D0261C6D22572DA448BCB5CBBB98F78A2922D1F1074D25237CC82C8CE432,IMPHASH=86350518EAE83E4A09BBF6317BA1C570",
                            "ParentImage": "C:\\Windows\\SysWOW64\\cmd.exe",
                            "IntegrityLevel": "High",
                            "TerminalSessionId": "1",
                            "Image": "C:\\Windows\\SysWOW64\\net.exe",
                            "ParentProcessId": "3276",
                            "ParentProcessGuid": "C784477D-066F-62FE-6F0A-000000004700",
                            "Product": "Microsoft\u00ae Windows\u00ae Operating System",
                            "LogonGuid": "C784477D-051D-62FE-0732-040000000000",
                            "EventID": "1",
                            "ProcessGuid": "C784477D-066F-62FE-730A-000000004700",
                            "CommandLine": "net  stop \".NET Runtime Optimization Service\"",
                            "ParentCommandLine": "C:\\Windows\\system32\\cmd.exe /c net stop \".NET Runtime Optimization Service\"",
                            "ProcessId": "6744",
                            "FileVersion": "10.0.17134.1 (WinBuild.160101.0800)",
                            "Company": "Microsoft Corporation"
                        }
                    },
                    {
                        "values": {
                            "RuleName": "-",
                            "CurrentDirectory": "C:\\Program Files (x86)\\AutoIt3\\",
                            "LogonId": "274951",
                            "OriginalFileName": "net1.exe",
                            "UtcTime": "2022-08-18 09:29:19.105",
                            "Description": "Net Command",
                            "User": "DESKTOP-B0T93D6\\george",
                            "Hashes": "MD5=B5A26C2BF17222E86B91D26F1247AF3E,SHA256=14CC5BE4C833ACC652195DEAD113E1C3B4AC0B98EA1AEAD11957836F9AE721CF,IMPHASH=3D3E7537BD3BA07738DC5CA8AD01B073",
                            "ParentImage": "C:\\Windows\\SysWOW64\\net.exe",
                            "IntegrityLevel": "High",
                            "TerminalSessionId": "1",
                            "Image": "C:\\Windows\\SysWOW64\\net1.exe",
                            "ParentProcessId": "6744",
                            "ParentProcessGuid": "C784477D-066F-62FE-730A-000000004700",
                            "Product": "Microsoft\u00ae Windows\u00ae Operating System",
                            "LogonGuid": "C784477D-051D-62FE-0732-040000000000",
                            "EventID": "1",
                            "ProcessGuid": "C784477D-066F-62FE-750A-000000004700",
                            "CommandLine": "C:\\Windows\\system32\\net1  stop \".NET Runtime Optimization Service\"",
                            "ParentCommandLine": "net  stop \".NET Runtime Optimization Service\"",
                            "ProcessId": "6664",
                            "FileVersion": "10.0.17134.1 (WinBuild.160101.0800)",
                            "Company": "Microsoft Corporation"
                        }
                    },
                    {
                        "values": {
                            "RuleName": "-",
                            "CurrentDirectory": "C:\\Program Files (x86)\\AutoIt3\\",
                            "LogonId": "274951",
                            "OriginalFileName": "net.exe",
                            "UtcTime": "2022-08-18 09:29:19.142",
                            "Description": "Net Command",
                            "User": "DESKTOP-B0T93D6\\george",
                            "Hashes": "MD5=DD0561156F62BC1958CE0E370B23711B,SHA256=FD41D0261C6D22572DA448BCB5CBBB98F78A2922D1F1074D25237CC82C8CE432,IMPHASH=86350518EAE83E4A09BBF6317BA1C570",
                            "ParentImage": "C:\\Windows\\SysWOW64\\cmd.exe",
                            "IntegrityLevel": "High",
                            "TerminalSessionId": "1",
                            "Image": "C:\\Windows\\SysWOW64\\net.exe",
                            "ParentProcessId": "6684",
                            "ParentProcessGuid": "C784477D-066F-62FE-760A-000000004700",
                            "Product": "Microsoft\u00ae Windows\u00ae Operating System",
                            "LogonGuid": "C784477D-051D-62FE-0732-040000000000",
                            "EventID": "1",
                            "ProcessGuid": "C784477D-066F-62FE-7A0A-000000004700",
                            "CommandLine": "net  start \"BITS\"",
                            "ParentCommandLine": "C:\\Windows\\system32\\cmd.exe /c net start \"BITS\"",
                            "ProcessId": "2724",
                            "FileVersion": "10.0.17134.1 (WinBuild.160101.0800)",
                            "Company": "Microsoft Corporation"
                        }
                    },
                    {
                        "values": {
                            "RuleName": "-",
                            "CurrentDirectory": "C:\\Program Files (x86)\\AutoIt3\\",
                            "LogonId": "274951",
                            "OriginalFileName": "net1.exe",
                            "UtcTime": "2022-08-18 09:29:19.158",
                            "Description": "Net Command",
                            "User": "DESKTOP-B0T93D6\\george",
                            "Hashes": "MD5=B5A26C2BF17222E86B91D26F1247AF3E,SHA256=14CC5BE4C833ACC652195DEAD113E1C3B4AC0B98EA1AEAD11957836F9AE721CF,IMPHASH=3D3E7537BD3BA07738DC5CA8AD01B073",
                            "ParentImage": "C:\\Windows\\SysWOW64\\net.exe",
                            "IntegrityLevel": "High",
                            "TerminalSessionId": "1",
                            "Image": "C:\\Windows\\SysWOW64\\net1.exe",
                            "ParentProcessId": "2724",
                            "ParentProcessGuid": "C784477D-066F-62FE-7A0A-000000004700",
                            "Product": "Microsoft\u00ae Windows\u00ae Operating System",
                            "LogonGuid": "C784477D-051D-62FE-0732-040000000000",
                            "EventID": "1",
                            "ProcessGuid": "C784477D-066F-62FE-7B0A-000000004700",
                            "CommandLine": "C:\\Windows\\system32\\net1  start \"BITS\"",
                            "ParentCommandLine": "net  start \"BITS\"",
                            "ProcessId": "6968",
                            "FileVersion": "10.0.17134.1 (WinBuild.160101.0800)",
                            "Company": "Microsoft Corporation"
                        }
                    },
                    {
                        "values": {
                            "RuleName": "-",
                            "CurrentDirectory": "C:\\Program Files (x86)\\AutoIt3\\",
                            "LogonId": "274951",
                            "OriginalFileName": "net.exe",
                            "UtcTime": "2022-08-18 09:29:19.238",
                            "Description": "Net Command",
                            "User": "DESKTOP-B0T93D6\\george",
                            "Hashes": "MD5=DD0561156F62BC1958CE0E370B23711B,SHA256=FD41D0261C6D22572DA448BCB5CBBB98F78A2922D1F1074D25237CC82C8CE432,IMPHASH=86350518EAE83E4A09BBF6317BA1C570",
                            "ParentImage": "C:\\Windows\\SysWOW64\\cmd.exe",
                            "IntegrityLevel": "High",
                            "TerminalSessionId": "1",
                            "Image": "C:\\Windows\\SysWOW64\\net.exe",
                            "ParentProcessId": "6480",
                            "ParentProcessGuid": "C784477D-066F-62FE-7F0A-000000004700",
                            "Product": "Microsoft\u00ae Windows\u00ae Operating System",
                            "LogonGuid": "C784477D-051D-62FE-0732-040000000000",
                            "EventID": "1",
                            "ProcessGuid": "C784477D-066F-62FE-840A-000000004700",
                            "CommandLine": "net  stop OfficeClickToRun",
                            "ParentCommandLine": "C:\\Windows\\system32\\cmd.exe /c net stop OfficeClickToRun",
                            "ProcessId": "6460",
                            "FileVersion": "10.0.17134.1 (WinBuild.160101.0800)",
                            "Company": "Microsoft Corporation"
                        }
                    },
                    {
                        "values": {
                            "RuleName": "-",
                            "CurrentDirectory": "C:\\Program Files (x86)\\AutoIt3\\",
                            "LogonId": "274951",
                            "OriginalFileName": "net.exe",
                            "UtcTime": "2022-08-18 09:29:19.248",
                            "Description": "Net Command",
                            "User": "DESKTOP-B0T93D6\\george",
                            "Hashes": "MD5=DD0561156F62BC1958CE0E370B23711B,SHA256=FD41D0261C6D22572DA448BCB5CBBB98F78A2922D1F1074D25237CC82C8CE432,IMPHASH=86350518EAE83E4A09BBF6317BA1C570",
                            "ParentImage": "C:\\Windows\\SysWOW64\\cmd.exe",
                            "IntegrityLevel": "High",
                            "TerminalSessionId": "1",
                            "Image": "C:\\Windows\\SysWOW64\\net.exe",
                            "ParentProcessId": "6776",
                            "ParentProcessGuid": "C784477D-066F-62FE-7E0A-000000004700",
                            "Product": "Microsoft\u00ae Windows\u00ae Operating System",
                            "LogonGuid": "C784477D-051D-62FE-0732-040000000000",
                            "EventID": "1",
                            "ProcessGuid": "C784477D-066F-62FE-850A-000000004700",
                            "CommandLine": "net  stop msiserver",
                            "ParentCommandLine": "C:\\Windows\\system32\\cmd.exe /c net stop msiserver",
                            "ProcessId": "3432",
                            "FileVersion": "10.0.17134.1 (WinBuild.160101.0800)",
                            "Company": "Microsoft Corporation"
                        }
                    },
                    {
                        "values": {
                            "RuleName": "-",
                            "CurrentDirectory": "C:\\Program Files (x86)\\AutoIt3\\",
                            "LogonId": "274951",
                            "OriginalFileName": "net1.exe",
                            "UtcTime": "2022-08-18 09:29:19.250",
                            "Description": "Net Command",
                            "User": "DESKTOP-B0T93D6\\george",
                            "Hashes": "MD5=B5A26C2BF17222E86B91D26F1247AF3E,SHA256=14CC5BE4C833ACC652195DEAD113E1C3B4AC0B98EA1AEAD11957836F9AE721CF,IMPHASH=3D3E7537BD3BA07738DC5CA8AD01B073",
                            "ParentImage": "C:\\Windows\\SysWOW64\\net.exe",
                            "IntegrityLevel": "High",
                            "TerminalSessionId": "1",
                            "Image": "C:\\Windows\\SysWOW64\\net1.exe",
                            "ParentProcessId": "6460",
                            "ParentProcessGuid": "C784477D-066F-62FE-840A-000000004700",
                            "Product": "Microsoft\u00ae Windows\u00ae Operating System",
                            "LogonGuid": "C784477D-051D-62FE-0732-040000000000",
                            "EventID": "1",
                            "ProcessGuid": "C784477D-066F-62FE-860A-000000004700",
                            "CommandLine": "C:\\Windows\\system32\\net1  stop OfficeClickToRun",
                            "ParentCommandLine": "net  stop OfficeClickToRun",
                            "ProcessId": "7128",
                            "FileVersion": "10.0.17134.1 (WinBuild.160101.0800)",
                            "Company": "Microsoft Corporation"
                        }
                    },
                    {
                        "values": {
                            "RuleName": "-",
                            "CurrentDirectory": "C:\\Program Files (x86)\\AutoIt3\\",
                            "LogonId": "274951",
                            "OriginalFileName": "net1.exe",
                            "UtcTime": "2022-08-18 09:29:19.260",
                            "Description": "Net Command",
                            "User": "DESKTOP-B0T93D6\\george",
                            "Hashes": "MD5=B5A26C2BF17222E86B91D26F1247AF3E,SHA256=14CC5BE4C833ACC652195DEAD113E1C3B4AC0B98EA1AEAD11957836F9AE721CF,IMPHASH=3D3E7537BD3BA07738DC5CA8AD01B073",
                            "ParentImage": "C:\\Windows\\SysWOW64\\net.exe",
                            "IntegrityLevel": "High",
                            "TerminalSessionId": "1",
                            "Image": "C:\\Windows\\SysWOW64\\net1.exe",
                            "ParentProcessId": "3432",
                            "ParentProcessGuid": "C784477D-066F-62FE-850A-000000004700",
                            "Product": "Microsoft\u00ae Windows\u00ae Operating System",
                            "LogonGuid": "C784477D-051D-62FE-0732-040000000000",
                            "EventID": "1",
                            "ProcessGuid": "C784477D-066F-62FE-880A-000000004700",
                            "CommandLine": "C:\\Windows\\system32\\net1  stop msiserver",
                            "ParentCommandLine": "net  stop msiserver",
                            "ProcessId": "7088",
                            "FileVersion": "10.0.17134.1 (WinBuild.160101.0800)",
                            "Company": "Microsoft Corporation"
                        }
                    },
                    {
                        "values": {
                            "RuleName": "-",
                            "CurrentDirectory": "C:\\Program Files (x86)\\AutoIt3\\",
                            "LogonId": "274951",
                            "OriginalFileName": "net.exe",
                            "UtcTime": "2022-08-18 09:29:19.492",
                            "Description": "Net Command",
                            "User": "DESKTOP-B0T93D6\\george",
                            "Hashes": "MD5=DD0561156F62BC1958CE0E370B23711B,SHA256=FD41D0261C6D22572DA448BCB5CBBB98F78A2922D1F1074D25237CC82C8CE432,IMPHASH=86350518EAE83E4A09BBF6317BA1C570",
                            "ParentImage": "C:\\Windows\\SysWOW64\\cmd.exe",
                            "IntegrityLevel": "High",
                            "TerminalSessionId": "1",
                            "Image": "C:\\Windows\\SysWOW64\\net.exe",
                            "ParentProcessId": "5752",
                            "ParentProcessGuid": "C784477D-066F-62FE-920A-000000004700",
                            "Product": "Microsoft\u00ae Windows\u00ae Operating System",
                            "LogonGuid": "C784477D-051D-62FE-0732-040000000000",
                            "EventID": "1",
                            "ProcessGuid": "C784477D-066F-62FE-970A-000000004700",
                            "CommandLine": "net  start NlaSvc",
                            "ParentCommandLine": "C:\\Windows\\system32\\cmd.exe /c net start NlaSvc",
                            "ProcessId": "168",
                            "FileVersion": "10.0.17134.1 (WinBuild.160101.0800)",
                            "Company": "Microsoft Corporation"
                        }
                    },
                    {
                        "values": {
                            "RuleName": "-",
                            "CurrentDirectory": "C:\\Program Files (x86)\\AutoIt3\\",
                            "LogonId": "274951",
                            "OriginalFileName": "net1.exe",
                            "UtcTime": "2022-08-18 09:29:19.506",
                            "Description": "Net Command",
                            "User": "DESKTOP-B0T93D6\\george",
                            "Hashes": "MD5=B5A26C2BF17222E86B91D26F1247AF3E,SHA256=14CC5BE4C833ACC652195DEAD113E1C3B4AC0B98EA1AEAD11957836F9AE721CF,IMPHASH=3D3E7537BD3BA07738DC5CA8AD01B073",
                            "ParentImage": "C:\\Windows\\SysWOW64\\net.exe",
                            "IntegrityLevel": "High",
                            "TerminalSessionId": "1",
                            "Image": "C:\\Windows\\SysWOW64\\net1.exe",
                            "ParentProcessId": "168",
                            "ParentProcessGuid": "C784477D-066F-62FE-970A-000000004700",
                            "Product": "Microsoft\u00ae Windows\u00ae Operating System",
                            "LogonGuid": "C784477D-051D-62FE-0732-040000000000",
                            "EventID": "1",
                            "ProcessGuid": "C784477D-066F-62FE-990A-000000004700",
                            "CommandLine": "C:\\Windows\\system32\\net1  start NlaSvc",
                            "ParentCommandLine": "net  start NlaSvc",
                            "ProcessId": "6160",
                            "FileVersion": "10.0.17134.1 (WinBuild.160101.0800)",
                            "Company": "Microsoft Corporation"
                        }
                    },
                    {
                        "values": {
                            "RuleName": "-",
                            "CurrentDirectory": "C:\\Program Files (x86)\\AutoIt3\\",
                            "LogonId": "274951",
                            "OriginalFileName": "net.exe",
                            "UtcTime": "2022-08-18 09:29:19.562",
                            "Description": "Net Command",
                            "User": "DESKTOP-B0T93D6\\george",
                            "Hashes": "MD5=DD0561156F62BC1958CE0E370B23711B,SHA256=FD41D0261C6D22572DA448BCB5CBBB98F78A2922D1F1074D25237CC82C8CE432,IMPHASH=86350518EAE83E4A09BBF6317BA1C570",
                            "ParentImage": "C:\\Windows\\SysWOW64\\cmd.exe",
                            "IntegrityLevel": "High",
                            "TerminalSessionId": "1",
                            "Image": "C:\\Windows\\SysWOW64\\net.exe",
                            "ParentProcessId": "6528",
                            "ParentProcessGuid": "C784477D-066F-62FE-980A-000000004700",
                            "Product": "Microsoft\u00ae Windows\u00ae Operating System",
                            "LogonGuid": "C784477D-051D-62FE-0732-040000000000",
                            "EventID": "1",
                            "ProcessGuid": "C784477D-066F-62FE-9F0A-000000004700",
                            "CommandLine": "net  start netprofm",
                            "ParentCommandLine": "C:\\Windows\\system32\\cmd.exe /c net start netprofm",
                            "ProcessId": "464",
                            "FileVersion": "10.0.17134.1 (WinBuild.160101.0800)",
                            "Company": "Microsoft Corporation"
                        }
                    },
