                    {
                        "values": {
                            "RuleName": "-",
                            "CurrentDirectory": "C:\\",
                            "LogonId": "274951",
                            "OriginalFileName": "wevtutil.exe",
                            "UtcTime": "2022-08-18 09:24:06.424",
                            "Description": "Eventing Command Line Utility",
                            "User": "DESKTOP-B0T93D6\\george",
                            "Hashes": "MD5=0269064AA2DD91125F13635FB194F499,SHA256=AB86C6C090FA85C2920A637D2BE274335A86FBC0A7FB706E893493B50840DC0A,IMPHASH=89A3D9DE9FED48F734C9553D16342280",
                            "ParentImage": "C:\\Windows\\System32\\cmd.exe",
                            "IntegrityLevel": "High",
                            "TerminalSessionId": "1",
                            "Image": "C:\\Windows\\System32\\wevtutil.exe",
                            "ParentProcessId": "4648",
                            "ParentProcessGuid": "C784477D-0529-62FE-9B00-000000004700",
                            "Product": "Microsoft\u00ae Windows\u00ae Operating System",
                            "LogonGuid": "C784477D-051D-62FE-0732-040000000000",
                            "EventID": "1",
                            "ProcessGuid": "C784477D-0536-62FE-AD07-000000004700",
                            "CommandLine": "wevtutil  cl \"Microsoft-Windows-Tethering-Manager/Analytic\"",
                            "ParentCommandLine": "\"C:\\Windows\\System32\\cmd.exe\" /C \"C:\\startup.bat\" ",
                            "ProcessId": "856",
                            "FileVersion": "10.0.17134.81 (WinBuild.160101.0800)",
                            "Company": "Microsoft Corporation"
                        }
                    },
                    {
                        "values": {
                            "RuleName": "-",
                            "CurrentDirectory": "C:\\",
                            "LogonId": "274951",
                            "OriginalFileName": "wevtutil.exe",
                            "UtcTime": "2022-08-18 09:24:06.435",
                            "Description": "Eventing Command Line Utility",
                            "User": "DESKTOP-B0T93D6\\george",
                            "Hashes": "MD5=0269064AA2DD91125F13635FB194F499,SHA256=AB86C6C090FA85C2920A637D2BE274335A86FBC0A7FB706E893493B50840DC0A,IMPHASH=89A3D9DE9FED48F734C9553D16342280",
                            "ParentImage": "C:\\Windows\\System32\\cmd.exe",
                            "IntegrityLevel": "High",
                            "TerminalSessionId": "1",
                            "Image": "C:\\Windows\\System32\\wevtutil.exe",
                            "ParentProcessId": "4648",
                            "ParentProcessGuid": "C784477D-0529-62FE-9B00-000000004700",
                            "Product": "Microsoft\u00ae Windows\u00ae Operating System",
                            "LogonGuid": "C784477D-051D-62FE-0732-040000000000",
                            "EventID": "1",
                            "ProcessGuid": "C784477D-0536-62FE-AE07-000000004700",
                            "CommandLine": "wevtutil  cl \"Microsoft-Windows-Tethering-Station/Analytic\"",
                            "ParentCommandLine": "\"C:\\Windows\\System32\\cmd.exe\" /C \"C:\\startup.bat\" ",
                            "ProcessId": "3556",
                            "FileVersion": "10.0.17134.81 (WinBuild.160101.0800)",
                            "Company": "Microsoft Corporation"
                        }
                    },
                    {
                        "values": {
                            "RuleName": "-",
                            "CurrentDirectory": "C:\\Windows\\system32\\",
                            "LogonId": "274951",
                            "OriginalFileName": "wevtutil.exe",
                            "UtcTime": "2022-08-18 09:24:06.439",
                            "Description": "Eventing Command Line Utility",
                            "User": "DESKTOP-B0T93D6\\george",
                            "Hashes": "MD5=0269064AA2DD91125F13635FB194F499,SHA256=AB86C6C090FA85C2920A637D2BE274335A86FBC0A7FB706E893493B50840DC0A,IMPHASH=89A3D9DE9FED48F734C9553D16342280",
                            "ParentImage": "C:\\Windows\\System32\\cmd.exe",
                            "IntegrityLevel": "High",
                            "TerminalSessionId": "1",
                            "Image": "C:\\Windows\\System32\\wevtutil.exe",
                            "ParentProcessId": "4176",
                            "ParentProcessGuid": "C784477D-051D-62FE-7700-000000004700",
                            "Product": "Microsoft\u00ae Windows\u00ae Operating System",
                            "LogonGuid": "C784477D-051D-62FE-0732-040000000000",
                            "EventID": "1",
                            "ProcessGuid": "C784477D-0536-62FE-AF07-000000004700",
                            "CommandLine": "wevtutil  cl \"Microsoft-Windows-TerminalServices-Printers/Admin\"",
                            "ParentCommandLine": "C:\\Windows\\SYSTEM32\\cmd.exe /c \"C:\\startup.bat\"",
                            "ProcessId": "560",
                            "FileVersion": "10.0.17134.81 (WinBuild.160101.0800)",
                            "Company": "Microsoft Corporation"
                        }
                    },
                    {
                        "values": {
                            "RuleName": "-",
                            "CurrentDirectory": "C:\\",
                            "LogonId": "274951",
                            "OriginalFileName": "wevtutil.exe",
                            "UtcTime": "2022-08-18 09:24:06.448",
                            "Description": "Eventing Command Line Utility",
                            "User": "DESKTOP-B0T93D6\\george",
                            "Hashes": "MD5=0269064AA2DD91125F13635FB194F499,SHA256=AB86C6C090FA85C2920A637D2BE274335A86FBC0A7FB706E893493B50840DC0A,IMPHASH=89A3D9DE9FED48F734C9553D16342280",
                            "ParentImage": "C:\\Windows\\System32\\cmd.exe",
                            "IntegrityLevel": "High",
                            "TerminalSessionId": "1",
                            "Image": "C:\\Windows\\System32\\wevtutil.exe",
                            "ParentProcessId": "4648",
                            "ParentProcessGuid": "C784477D-0529-62FE-9B00-000000004700",
                            "Product": "Microsoft\u00ae Windows\u00ae Operating System",
                            "LogonGuid": "C784477D-051D-62FE-0732-040000000000",
                            "EventID": "1",
                            "ProcessGuid": "C784477D-0536-62FE-B007-000000004700",
                            "CommandLine": "wevtutil  cl \"Microsoft-Windows-ThemeCPL/Diagnostic\"",
                            "ParentCommandLine": "\"C:\\Windows\\System32\\cmd.exe\" /C \"C:\\startup.bat\" ",
                            "ProcessId": "2268",
                            "FileVersion": "10.0.17134.81 (WinBuild.160101.0800)",
                            "Company": "Microsoft Corporation"
                        }
                    },
                    {
                        "values": {
                            "RuleName": "-",
                            "CurrentDirectory": "C:\\Windows\\system32\\",
                            "LogonId": "274951",
                            "OriginalFileName": "wevtutil.exe",
                            "UtcTime": "2022-08-18 09:24:06.457",
                            "Description": "Eventing Command Line Utility",
                            "User": "DESKTOP-B0T93D6\\george",
                            "Hashes": "MD5=0269064AA2DD91125F13635FB194F499,SHA256=AB86C6C090FA85C2920A637D2BE274335A86FBC0A7FB706E893493B50840DC0A,IMPHASH=89A3D9DE9FED48F734C9553D16342280",
                            "ParentImage": "C:\\Windows\\System32\\cmd.exe",
                            "IntegrityLevel": "High",
                            "TerminalSessionId": "1",
                            "Image": "C:\\Windows\\System32\\wevtutil.exe",
                            "ParentProcessId": "4176",
                            "ParentProcessGuid": "C784477D-051D-62FE-7700-000000004700",
                            "Product": "Microsoft\u00ae Windows\u00ae Operating System",
                            "LogonGuid": "C784477D-051D-62FE-0732-040000000000",
                            "EventID": "1",
                            "ProcessGuid": "C784477D-0536-62FE-B107-000000004700",
                            "CommandLine": "wevtutil  cl \"Microsoft-Windows-TerminalServices-Printers/Analytic\"",
                            "ParentCommandLine": "C:\\Windows\\SYSTEM32\\cmd.exe /c \"C:\\startup.bat\"",
                            "ProcessId": "752",
                            "FileVersion": "10.0.17134.81 (WinBuild.160101.0800)",
                            "Company": "Microsoft Corporation"
                        }
                    },
                    {
                        "values": {
                            "RuleName": "-",
                            "CurrentDirectory": "C:\\",
                            "LogonId": "274951",
                            "OriginalFileName": "wevtutil.exe",
                            "UtcTime": "2022-08-18 09:24:06.462",
                            "Description": "Eventing Command Line Utility",
                            "User": "DESKTOP-B0T93D6\\george",
                            "Hashes": "MD5=0269064AA2DD91125F13635FB194F499,SHA256=AB86C6C090FA85C2920A637D2BE274335A86FBC0A7FB706E893493B50840DC0A,IMPHASH=89A3D9DE9FED48F734C9553D16342280",
                            "ParentImage": "C:\\Windows\\System32\\cmd.exe",
                            "IntegrityLevel": "High",
                            "TerminalSessionId": "1",
                            "Image": "C:\\Windows\\System32\\wevtutil.exe",
                            "ParentProcessId": "4648",
                            "ParentProcessGuid": "C784477D-0529-62FE-9B00-000000004700",
                            "Product": "Microsoft\u00ae Windows\u00ae Operating System",
                            "LogonGuid": "C784477D-051D-62FE-0732-040000000000",
                            "EventID": "1",
                            "ProcessGuid": "C784477D-0536-62FE-B207-000000004700",
                            "CommandLine": "wevtutil  cl \"Microsoft-Windows-ThemeUI/Diagnostic\"",
                            "ParentCommandLine": "\"C:\\Windows\\System32\\cmd.exe\" /C \"C:\\startup.bat\" ",
                            "ProcessId": "5356",
                            "FileVersion": "10.0.17134.81 (WinBuild.160101.0800)",
                            "Company": "Microsoft Corporation"
                        }
                    },
                    {
                        "values": {
                            "RuleName": "-",
                            "CurrentDirectory": "C:\\Windows\\system32\\",
                            "LogonId": "274951",
                            "OriginalFileName": "wevtutil.exe",
                            "UtcTime": "2022-08-18 09:24:06.471",
                            "Description": "Eventing Command Line Utility",
                            "User": "DESKTOP-B0T93D6\\george",
                            "Hashes": "MD5=0269064AA2DD91125F13635FB194F499,SHA256=AB86C6C090FA85C2920A637D2BE274335A86FBC0A7FB706E893493B50840DC0A,IMPHASH=89A3D9DE9FED48F734C9553D16342280",
                            "ParentImage": "C:\\Windows\\System32\\cmd.exe",
                            "IntegrityLevel": "High",
                            "TerminalSessionId": "1",
                            "Image": "C:\\Windows\\System32\\wevtutil.exe",
                            "ParentProcessId": "4176",
                            "ParentProcessGuid": "C784477D-051D-62FE-7700-000000004700",
                            "Product": "Microsoft\u00ae Windows\u00ae Operating System",
                            "LogonGuid": "C784477D-051D-62FE-0732-040000000000",
                            "EventID": "1",
                            "ProcessGuid": "C784477D-0536-62FE-B307-000000004700",
                            "CommandLine": "wevtutil  cl \"Microsoft-Windows-TerminalServices-Printers/Debug\"",
                            "ParentCommandLine": "C:\\Windows\\SYSTEM32\\cmd.exe /c \"C:\\startup.bat\"",
                            "ProcessId": "5256",
                            "FileVersion": "10.0.17134.81 (WinBuild.160101.0800)",
                            "Company": "Microsoft Corporation"
                        }
                    },
                    {
                        "values": {
                            "RuleName": "-",
                            "CurrentDirectory": "C:\\",
                            "LogonId": "274951",
                            "OriginalFileName": "wevtutil.exe",
                            "UtcTime": "2022-08-18 09:24:06.474",
                            "Description": "Eventing Command Line Utility",
                            "User": "DESKTOP-B0T93D6\\george",
                            "Hashes": "MD5=0269064AA2DD91125F13635FB194F499,SHA256=AB86C6C090FA85C2920A637D2BE274335A86FBC0A7FB706E893493B50840DC0A,IMPHASH=89A3D9DE9FED48F734C9553D16342280",
                            "ParentImage": "C:\\Windows\\System32\\cmd.exe",
                            "IntegrityLevel": "High",
                            "TerminalSessionId": "1",
                            "Image": "C:\\Windows\\System32\\wevtutil.exe",
                            "ParentProcessId": "4648",
                            "ParentProcessGuid": "C784477D-0529-62FE-9B00-000000004700",
                            "Product": "Microsoft\u00ae Windows\u00ae Operating System",
                            "LogonGuid": "C784477D-051D-62FE-0732-040000000000",
                            "EventID": "1",
                            "ProcessGuid": "C784477D-0536-62FE-B407-000000004700",
                            "CommandLine": "wevtutil  cl \"Microsoft-Windows-Threat-Intelligence/Analytic\"",
                            "ParentCommandLine": "\"C:\\Windows\\System32\\cmd.exe\" /C \"C:\\startup.bat\" ",
                            "ProcessId": "5672",
                            "FileVersion": "10.0.17134.81 (WinBuild.160101.0800)",
                            "Company": "Microsoft Corporation"
                        }
                    },
                    {
                        "values": {
                            "RuleName": "-",
                            "CurrentDirectory": "C:\\Windows\\system32\\",
                            "LogonId": "274951",
                            "OriginalFileName": "wevtutil.exe",
                            "UtcTime": "2022-08-18 09:24:06.483",
                            "Description": "Eventing Command Line Utility",
                            "User": "DESKTOP-B0T93D6\\george",
                            "Hashes": "MD5=0269064AA2DD91125F13635FB194F499,SHA256=AB86C6C090FA85C2920A637D2BE274335A86FBC0A7FB706E893493B50840DC0A,IMPHASH=89A3D9DE9FED48F734C9553D16342280",
                            "ParentImage": "C:\\Windows\\System32\\cmd.exe",
                            "IntegrityLevel": "High",
                            "TerminalSessionId": "1",
                            "Image": "C:\\Windows\\System32\\wevtutil.exe",
                            "ParentProcessId": "4176",
                            "ParentProcessGuid": "C784477D-051D-62FE-7700-000000004700",
                            "Product": "Microsoft\u00ae Windows\u00ae Operating System",
                            "LogonGuid": "C784477D-051D-62FE-0732-040000000000",
                            "EventID": "1",
                            "ProcessGuid": "C784477D-0536-62FE-B507-000000004700",
                            "CommandLine": "wevtutil  cl \"Microsoft-Windows-TerminalServices-Printers/Operational\"",
                            "ParentCommandLine": "C:\\Windows\\SYSTEM32\\cmd.exe /c \"C:\\startup.bat\"",
                            "ProcessId": "972",
                            "FileVersion": "10.0.17134.81 (WinBuild.160101.0800)",
                            "Company": "Microsoft Corporation"
                        }
                    },
                    {
                        "values": {
                            "RuleName": "-",
                            "CurrentDirectory": "C:\\",
                            "LogonId": "274951",
                            "OriginalFileName": "wevtutil.exe",
                            "UtcTime": "2022-08-18 09:24:06.485",
                            "Description": "Eventing Command Line Utility",
                            "User": "DESKTOP-B0T93D6\\george",
                            "Hashes": "MD5=0269064AA2DD91125F13635FB194F499,SHA256=AB86C6C090FA85C2920A637D2BE274335A86FBC0A7FB706E893493B50840DC0A,IMPHASH=89A3D9DE9FED48F734C9553D16342280",
                            "ParentImage": "C:\\Windows\\System32\\cmd.exe",
                            "IntegrityLevel": "High",
                            "TerminalSessionId": "1",
                            "Image": "C:\\Windows\\System32\\wevtutil.exe",
                            "ParentProcessId": "4648",
                            "ParentProcessGuid": "C784477D-0529-62FE-9B00-000000004700",
                            "Product": "Microsoft\u00ae Windows\u00ae Operating System",
                            "LogonGuid": "C784477D-051D-62FE-0732-040000000000",
                            "EventID": "1",
                            "ProcessGuid": "C784477D-0536-62FE-B607-000000004700",
                            "CommandLine": "wevtutil  cl \"Microsoft-Windows-Time-Service/Operational\"",
                            "ParentCommandLine": "\"C:\\Windows\\System32\\cmd.exe\" /C \"C:\\startup.bat\" ",
                            "ProcessId": "5828",
                            "FileVersion": "10.0.17134.81 (WinBuild.160101.0800)",
                            "Company": "Microsoft Corporation"
                        }
                    },
                    {
                        "values": {
                            "RuleName": "-",
                            "CurrentDirectory": "C:\\Windows\\system32\\",
                            "LogonId": "274951",
                            "OriginalFileName": "wevtutil.exe",
                            "UtcTime": "2022-08-18 09:24:06.502",
                            "Description": "Eventing Command Line Utility",
                            "User": "DESKTOP-B0T93D6\\george",
                            "Hashes": "MD5=0269064AA2DD91125F13635FB194F499,SHA256=AB86C6C090FA85C2920A637D2BE274335A86FBC0A7FB706E893493B50840DC0A,IMPHASH=89A3D9DE9FED48F734C9553D16342280",
                            "ParentImage": "C:\\Windows\\System32\\cmd.exe",
                            "IntegrityLevel": "High",
                            "TerminalSessionId": "1",
                            "Image": "C:\\Windows\\System32\\wevtutil.exe",
                            "ParentProcessId": "4176",
                            "ParentProcessGuid": "C784477D-051D-62FE-7700-000000004700",
                            "Product": "Microsoft\u00ae Windows\u00ae Operating System",
                            "LogonGuid": "C784477D-051D-62FE-0732-040000000000",
                            "EventID": "1",
                            "ProcessGuid": "C784477D-0536-62FE-B707-000000004700",
                            "CommandLine": "wevtutil  cl \"Microsoft-Windows-TerminalServices-RDPClient/Analytic\"",
                            "ParentCommandLine": "C:\\Windows\\SYSTEM32\\cmd.exe /c \"C:\\startup.bat\"",
                            "ProcessId": "5772",
                            "FileVersion": "10.0.17134.81 (WinBuild.160101.0800)",
                            "Company": "Microsoft Corporation"
                        }
                    },
                    {
                        "values": {
                            "RuleName": "-",
                            "CurrentDirectory": "C:\\",
                            "LogonId": "274951",
                            "OriginalFileName": "wevtutil.exe",
                            "UtcTime": "2022-08-18 09:24:06.502",
                            "Description": "Eventing Command Line Utility",
                            "User": "DESKTOP-B0T93D6\\george",
                            "Hashes": "MD5=0269064AA2DD91125F13635FB194F499,SHA256=AB86C6C090FA85C2920A637D2BE274335A86FBC0A7FB706E893493B50840DC0A,IMPHASH=89A3D9DE9FED48F734C9553D16342280",
                            "ParentImage": "C:\\Windows\\System32\\cmd.exe",
                            "IntegrityLevel": "High",
                            "TerminalSessionId": "1",
                            "Image": "C:\\Windows\\System32\\wevtutil.exe",
                            "ParentProcessId": "4648",
                            "ParentProcessGuid": "C784477D-0529-62FE-9B00-000000004700",
                            "Product": "Microsoft\u00ae Windows\u00ae Operating System",
                            "LogonGuid": "C784477D-051D-62FE-0732-040000000000",
                            "EventID": "1",
                            "ProcessGuid": "C784477D-0536-62FE-B807-000000004700",
                            "CommandLine": "wevtutil  cl \"Microsoft-Windows-TunnelDriver\"",
                            "ParentCommandLine": "\"C:\\Windows\\System32\\cmd.exe\" /C \"C:\\startup.bat\" ",
                            "ProcessId": "5212",
                            "FileVersion": "10.0.17134.81 (WinBuild.160101.0800)",
                            "Company": "Microsoft Corporation"
                        }
                    },
                    {
                        "values": {
                            "RuleName": "-",
                            "CurrentDirectory": "C:\\Windows\\system32\\",
                            "LogonId": "274951",
                            "OriginalFileName": "wevtutil.exe",
                            "UtcTime": "2022-08-18 09:24:06.516",
                            "Description": "Eventing Command Line Utility",
                            "User": "DESKTOP-B0T93D6\\george",
                            "Hashes": "MD5=0269064AA2DD91125F13635FB194F499,SHA256=AB86C6C090FA85C2920A637D2BE274335A86FBC0A7FB706E893493B50840DC0A,IMPHASH=89A3D9DE9FED48F734C9553D16342280",
                            "ParentImage": "C:\\Windows\\System32\\cmd.exe",
                            "IntegrityLevel": "High",
                            "TerminalSessionId": "1",
                            "Image": "C:\\Windows\\System32\\wevtutil.exe",
                            "ParentProcessId": "4176",
                            "ParentProcessGuid": "C784477D-051D-62FE-7700-000000004700",
                            "Product": "Microsoft\u00ae Windows\u00ae Operating System",
                            "LogonGuid": "C784477D-051D-62FE-0732-040000000000",
                            "EventID": "1",
                            "ProcessGuid": "C784477D-0536-62FE-BA07-000000004700",
                            "CommandLine": "wevtutil  cl \"Microsoft-Windows-TerminalServices-RDPClient/Debug\"",
                            "ParentCommandLine": "C:\\Windows\\SYSTEM32\\cmd.exe /c \"C:\\startup.bat\"",
                            "ProcessId": "5816",
                            "FileVersion": "10.0.17134.81 (WinBuild.160101.0800)",
                            "Company": "Microsoft Corporation"
                        }
                    },
                    {
                        "values": {
                            "RuleName": "-",
                            "CurrentDirectory": "C:\\",
                            "LogonId": "274951",
                            "OriginalFileName": "wevtutil.exe",
                            "UtcTime": "2022-08-18 09:24:06.516",
                            "Description": "Eventing Command Line Utility",
                            "User": "DESKTOP-B0T93D6\\george",
                            "Hashes": "MD5=0269064AA2DD91125F13635FB194F499,SHA256=AB86C6C090FA85C2920A637D2BE274335A86FBC0A7FB706E893493B50840DC0A,IMPHASH=89A3D9DE9FED48F734C9553D16342280",
                            "ParentImage": "C:\\Windows\\System32\\cmd.exe",
                            "IntegrityLevel": "High",
                            "TerminalSessionId": "1",
                            "Image": "C:\\Windows\\System32\\wevtutil.exe",
                            "ParentProcessId": "4648",
                            "ParentProcessGuid": "C784477D-0529-62FE-9B00-000000004700",
                            "Product": "Microsoft\u00ae Windows\u00ae Operating System",
                            "LogonGuid": "C784477D-051D-62FE-0732-040000000000",
                            "EventID": "1",
                            "ProcessGuid": "C784477D-0536-62FE-B907-000000004700",
                            "CommandLine": "wevtutil  cl \"Microsoft-Windows-UAC-FileVirtualization/Operational\"",
                            "ParentCommandLine": "\"C:\\Windows\\System32\\cmd.exe\" /C \"C:\\startup.bat\" ",
                            "ProcessId": "812",
                            "FileVersion": "10.0.17134.81 (WinBuild.160101.0800)",
                            "Company": "Microsoft Corporation"
                        }
                    },
                    {
                        "values": {
                            "RuleName": "-",
                            "CurrentDirectory": "C:\\Windows\\system32\\",
                            "LogonId": "274951",
                            "OriginalFileName": "wevtutil.exe",
                            "UtcTime": "2022-08-18 09:24:06.527",
                            "Description": "Eventing Command Line Utility",
                            "User": "DESKTOP-B0T93D6\\george",
                            "Hashes": "MD5=0269064AA2DD91125F13635FB194F499,SHA256=AB86C6C090FA85C2920A637D2BE274335A86FBC0A7FB706E893493B50840DC0A,IMPHASH=89A3D9DE9FED48F734C9553D16342280",
                            "ParentImage": "C:\\Windows\\System32\\cmd.exe",
                            "IntegrityLevel": "High",
                            "TerminalSessionId": "1",
                            "Image": "C:\\Windows\\System32\\wevtutil.exe",
                            "ParentProcessId": "4176",
                            "ParentProcessGuid": "C784477D-051D-62FE-7700-000000004700",
                            "Product": "Microsoft\u00ae Windows\u00ae Operating System",
                            "LogonGuid": "C784477D-051D-62FE-0732-040000000000",
                            "EventID": "1",
                            "ProcessGuid": "C784477D-0536-62FE-BB07-000000004700",
                            "CommandLine": "wevtutil  cl \"Microsoft-Windows-TerminalServices-RDPClient/Operational\"",
                            "ParentCommandLine": "C:\\Windows\\SYSTEM32\\cmd.exe /c \"C:\\startup.bat\"",
                            "ProcessId": "5204",
                            "FileVersion": "10.0.17134.81 (WinBuild.160101.0800)",
                            "Company": "Microsoft Corporation"
                        }
                    },
                    {
                        "values": {
                            "RuleName": "-",
                            "CurrentDirectory": "C:\\",
                            "LogonId": "274951",
                            "OriginalFileName": "wevtutil.exe",
                            "UtcTime": "2022-08-18 09:24:06.532",
                            "Description": "Eventing Command Line Utility",
                            "User": "DESKTOP-B0T93D6\\george",
                            "Hashes": "MD5=0269064AA2DD91125F13635FB194F499,SHA256=AB86C6C090FA85C2920A637D2BE274335A86FBC0A7FB706E893493B50840DC0A,IMPHASH=89A3D9DE9FED48F734C9553D16342280",
                            "ParentImage": "C:\\Windows\\System32\\cmd.exe",
                            "IntegrityLevel": "High",
                            "TerminalSessionId": "1",
                            "Image": "C:\\Windows\\System32\\wevtutil.exe",
                            "ParentProcessId": "4648",
                            "ParentProcessGuid": "C784477D-0529-62FE-9B00-000000004700",
                            "Product": "Microsoft\u00ae Windows\u00ae Operating System",
                            "LogonGuid": "C784477D-051D-62FE-0732-040000000000",
                            "EventID": "1",
                            "ProcessGuid": "C784477D-0536-62FE-BC07-000000004700",
                            "CommandLine": "wevtutil  cl \"Microsoft-Windows-UAC/Operational\"",
                            "ParentCommandLine": "\"C:\\Windows\\System32\\cmd.exe\" /C \"C:\\startup.bat\" ",
                            "ProcessId": "4576",
                            "FileVersion": "10.0.17134.81 (WinBuild.160101.0800)",
                            "Company": "Microsoft Corporation"
                        }
                    },
                    {
                        "values": {
                            "RuleName": "-",
                            "CurrentDirectory": "C:\\Windows\\system32\\",
                            "LogonId": "274951",
                            "OriginalFileName": "wevtutil.exe",
                            "UtcTime": "2022-08-18 09:24:06.543",
                            "Description": "Eventing Command Line Utility",
                            "User": "DESKTOP-B0T93D6\\george",
                            "Hashes": "MD5=0269064AA2DD91125F13635FB194F499,SHA256=AB86C6C090FA85C2920A637D2BE274335A86FBC0A7FB706E893493B50840DC0A,IMPHASH=89A3D9DE9FED48F734C9553D16342280",
                            "ParentImage": "C:\\Windows\\System32\\cmd.exe",
                            "IntegrityLevel": "High",
                            "TerminalSessionId": "1",
                            "Image": "C:\\Windows\\System32\\wevtutil.exe",
                            "ParentProcessId": "4176",
                            "ParentProcessGuid": "C784477D-051D-62FE-7700-000000004700",
                            "Product": "Microsoft\u00ae Windows\u00ae Operating System",
                            "LogonGuid": "C784477D-051D-62FE-0732-040000000000",
                            "EventID": "1",
                            "ProcessGuid": "C784477D-0536-62FE-BD07-000000004700",
                            "CommandLine": "wevtutil  cl \"Microsoft-Windows-TerminalServices-RdpSoundDriver/Capture\"",
                            "ParentCommandLine": "C:\\Windows\\SYSTEM32\\cmd.exe /c \"C:\\startup.bat\"",
                            "ProcessId": "5836",
                            "FileVersion": "10.0.17134.81 (WinBuild.160101.0800)",
                            "Company": "Microsoft Corporation"
                        }
                    },
                    {
                        "values": {
                            "RuleName": "-",
                            "CurrentDirectory": "C:\\",
                            "LogonId": "274951",
                            "OriginalFileName": "wevtutil.exe",
                            "UtcTime": "2022-08-18 09:24:06.548",
                            "Description": "Eventing Command Line Utility",
                            "User": "DESKTOP-B0T93D6\\george",
                            "Hashes": "MD5=0269064AA2DD91125F13635FB194F499,SHA256=AB86C6C090FA85C2920A637D2BE274335A86FBC0A7FB706E893493B50840DC0A,IMPHASH=89A3D9DE9FED48F734C9553D16342280",
                            "ParentImage": "C:\\Windows\\System32\\cmd.exe",
                            "IntegrityLevel": "High",
                            "TerminalSessionId": "1",
                            "Image": "C:\\Windows\\System32\\wevtutil.exe",
                            "ParentProcessId": "4648",
                            "ParentProcessGuid": "C784477D-0529-62FE-9B00-000000004700",
                            "Product": "Microsoft\u00ae Windows\u00ae Operating System",
                            "LogonGuid": "C784477D-051D-62FE-0732-040000000000",
                            "EventID": "1",
                            "ProcessGuid": "C784477D-0536-62FE-BE07-000000004700",
                            "CommandLine": "wevtutil  cl \"Microsoft-Windows-UI-Shell/Diagnostic\"",
                            "ParentCommandLine": "\"C:\\Windows\\System32\\cmd.exe\" /C \"C:\\startup.bat\" ",
                            "ProcessId": "3512",
                            "FileVersion": "10.0.17134.81 (WinBuild.160101.0800)",
                            "Company": "Microsoft Corporation"
                        }
                    },
                    {
                        "values": {
                            "RuleName": "-",
                            "CurrentDirectory": "C:\\Windows\\system32\\",
                            "LogonId": "274951",
                            "OriginalFileName": "wevtutil.exe",
                            "UtcTime": "2022-08-18 09:24:06.555",
                            "Description": "Eventing Command Line Utility",
                            "User": "DESKTOP-B0T93D6\\george",
                            "Hashes": "MD5=0269064AA2DD91125F13635FB194F499,SHA256=AB86C6C090FA85C2920A637D2BE274335A86FBC0A7FB706E893493B50840DC0A,IMPHASH=89A3D9DE9FED48F734C9553D16342280",
                            "ParentImage": "C:\\Windows\\System32\\cmd.exe",
                            "IntegrityLevel": "High",
                            "TerminalSessionId": "1",
                            "Image": "C:\\Windows\\System32\\wevtutil.exe",
                            "ParentProcessId": "4176",
                            "ParentProcessGuid": "C784477D-051D-62FE-7700-000000004700",
                            "Product": "Microsoft\u00ae Windows\u00ae Operating System",
                            "LogonGuid": "C784477D-051D-62FE-0732-040000000000",
                            "EventID": "1",
                            "ProcessGuid": "C784477D-0536-62FE-BF07-000000004700",
                            "CommandLine": "wevtutil  cl \"Microsoft-Windows-TerminalServices-RdpSoundDriver/Playback\"",
                            "ParentCommandLine": "C:\\Windows\\SYSTEM32\\cmd.exe /c \"C:\\startup.bat\"",
                            "ProcessId": "5700",
                            "FileVersion": "10.0.17134.81 (WinBuild.160101.0800)",
                            "Company": "Microsoft Corporation"
                        }
                    },
                    {
                        "values": {
                            "RuleName": "-",
                            "CurrentDirectory": "C:\\",
                            "LogonId": "274951",
                            "OriginalFileName": "wevtutil.exe",
                            "UtcTime": "2022-08-18 09:24:06.559",
                            "Description": "Eventing Command Line Utility",
                            "User": "DESKTOP-B0T93D6\\george",
                            "Hashes": "MD5=0269064AA2DD91125F13635FB194F499,SHA256=AB86C6C090FA85C2920A637D2BE274335A86FBC0A7FB706E893493B50840DC0A,IMPHASH=89A3D9DE9FED48F734C9553D16342280",
                            "ParentImage": "C:\\Windows\\System32\\cmd.exe",
                            "IntegrityLevel": "High",
                            "TerminalSessionId": "1",
                            "Image": "C:\\Windows\\System32\\wevtutil.exe",
                            "ParentProcessId": "4648",
                            "ParentProcessGuid": "C784477D-0529-62FE-9B00-000000004700",
                            "Product": "Microsoft\u00ae Windows\u00ae Operating System",
                            "LogonGuid": "C784477D-051D-62FE-0732-040000000000",
                            "EventID": "1",
                            "ProcessGuid": "C784477D-0536-62FE-C007-000000004700",
                            "CommandLine": "wevtutil  cl \"Microsoft-Windows-UIAnimation/Diagnostic\"",
                            "ParentCommandLine": "\"C:\\Windows\\System32\\cmd.exe\" /C \"C:\\startup.bat\" ",
                            "ProcessId": "1344",
                            "FileVersion": "10.0.17134.81 (WinBuild.160101.0800)",
                            "Company": "Microsoft Corporation"
                        }
                    },
                    {
                        "values": {
                            "RuleName": "-",
                            "CurrentDirectory": "C:\\Windows\\system32\\",
                            "LogonId": "274951",
                            "OriginalFileName": "wevtutil.exe",
                            "UtcTime": "2022-08-18 09:24:06.567",
                            "Description": "Eventing Command Line Utility",
                            "User": "DESKTOP-B0T93D6\\george",
                            "Hashes": "MD5=0269064AA2DD91125F13635FB194F499,SHA256=AB86C6C090FA85C2920A637D2BE274335A86FBC0A7FB706E893493B50840DC0A,IMPHASH=89A3D9DE9FED48F734C9553D16342280",
                            "ParentImage": "C:\\Windows\\System32\\cmd.exe",
                            "IntegrityLevel": "High",
                            "TerminalSessionId": "1",
                            "Image": "C:\\Windows\\System32\\wevtutil.exe",
                            "ParentProcessId": "4176",
                            "ParentProcessGuid": "C784477D-051D-62FE-7700-000000004700",
                            "Product": "Microsoft\u00ae Windows\u00ae Operating System",
                            "LogonGuid": "C784477D-051D-62FE-0732-040000000000",
                            "EventID": "1",
                            "ProcessGuid": "C784477D-0536-62FE-C107-000000004700",
                            "CommandLine": "wevtutil  cl \"Microsoft-Windows-TerminalServices-RemoteConnectionManager/Admin\"",
                            "ParentCommandLine": "C:\\Windows\\SYSTEM32\\cmd.exe /c \"C:\\startup.bat\"",
                            "ProcessId": "4644",
                            "FileVersion": "10.0.17134.81 (WinBuild.160101.0800)",
                            "Company": "Microsoft Corporation"
                        }
                    },
                    {
                        "values": {
                            "RuleName": "-",
                            "CurrentDirectory": "C:\\",
                            "LogonId": "274951",
                            "OriginalFileName": "wevtutil.exe",
                            "UtcTime": "2022-08-18 09:24:06.570",
                            "Description": "Eventing Command Line Utility",
                            "User": "DESKTOP-B0T93D6\\george",
                            "Hashes": "MD5=0269064AA2DD91125F13635FB194F499,SHA256=AB86C6C090FA85C2920A637D2BE274335A86FBC0A7FB706E893493B50840DC0A,IMPHASH=89A3D9DE9FED48F734C9553D16342280",
                            "ParentImage": "C:\\Windows\\System32\\cmd.exe",
                            "IntegrityLevel": "High",
                            "TerminalSessionId": "1",
                            "Image": "C:\\Windows\\System32\\wevtutil.exe",
                            "ParentProcessId": "4648",
                            "ParentProcessGuid": "C784477D-0529-62FE-9B00-000000004700",
                            "Product": "Microsoft\u00ae Windows\u00ae Operating System",
                            "LogonGuid": "C784477D-051D-62FE-0732-040000000000",
                            "EventID": "1",
                            "ProcessGuid": "C784477D-0536-62FE-C207-000000004700",
                            "CommandLine": "wevtutil  cl \"Microsoft-Windows-UIAutomationCore/Debug\"",
                            "ParentCommandLine": "\"C:\\Windows\\System32\\cmd.exe\" /C \"C:\\startup.bat\" ",
                            "ProcessId": "3556",
                            "FileVersion": "10.0.17134.81 (WinBuild.160101.0800)",
                            "Company": "Microsoft Corporation"
                        }
                    }
                ],
                "rule_level": "high",
                "rule_id": "b8f19be4c7bf862dce0d4d1f7885f2207ddf93b3a33d8a6e16f3968c4fbb6491",
                "rule_source": "Sigma Integrated Rule Set (GitHub)",
                "rule_title": "Suspicious Eventlog Clear or Configuration Using Wevtutil",
                "rule_description": "Detects clearing or configuration of eventlogs using wevtutil, powershell and wmic. Might be used by ransomwares during the attack (seen by NotPetya and others).",
                "rule_author": "Ecco, Daniil Yugoslavskiy, oscd.community"
            },
            {
                "match_context": [
                    {
                        "values": {
                            "RuleName": "T1122",
                            "UtcTime": "2022-10-04 21:37:58.475",
                            "Details": "C:\\Users\\george\\AppData\\Local\\Temp\\JSAMSIProvider64.dll",
                            "ProcessGuid": "C784477D-066C-62FE-020A-000000004700",
                            "EventID": "13",
                            "ProcessId": "1664",
                            "Image": "C:\\Program Files (x86)\\AutoIt3\\AutoIt3.exe",
                            "EventType": "SetValue",
                            "TargetObject": "HKCR\\CLSID\\{0EE7644B-1BAD-48B1-9889-0281C206EB85}\\InprocServer32\\(Default)"
                        }
                    }
                ],
                "rule_level": "high",
                "rule_id": "c64a541b46d176ef960f347f5e86ee15927eb668f86a5f9f6260bbc94b1d2f3a",
                "rule_source": "Sigma Integrated Rule Set (GitHub)",
                "rule_title": "COM Hijacking For Persistence With Suspicious Locations",
                "rule_description": "Detects potential COM object hijacking where the \"Server\" (In/Out) is pointing to a supsicious or unsuale location",
                "rule_author": "Nasreddine Bencherchali"
            },
            {
                "match_context": [
                    {
                        "values": {
                            "RuleName": "-",
                            "CurrentDirectory": "C:\\Program Files (x86)\\Joebox\\client\\",
                            "LogonId": "274951",
                            "OriginalFileName": "cscript.exe",
                            "UtcTime": "2022-08-18 09:29:15.647",
                            "Description": "Microsoft \u00ae Console Based Script Host",
                            "User": "DESKTOP-B0T93D6\\george",
                            "Hashes": "MD5=00D3041E47F99E48DD5FFFEDF60F6304,SHA256=10ECC451723E74B7831D01B84790B74EB27201BD86AAFB31317AA9A4AD02900A,IMPHASH=749C19E6DF62E73141CC1DA2D5DDADEB",
                            "ParentImage": "C:\\Program Files (x86)\\Joebox\\client\\joeboxclient.exe",
                            "IntegrityLevel": "High",
                            "TerminalSessionId": "1",
                            "Image": "C:\\Windows\\SysWOW64\\cscript.exe",
                            "ParentProcessId": "2888",
                            "ParentProcessGuid": "C784477D-0668-62FE-FE09-000000004700",
                            "Product": "Microsoft \u00ae Windows Script Host",
                            "LogonGuid": "C784477D-051D-62FE-0732-040000000000",
                            "EventID": "1",
                            "ProcessGuid": "C784477D-066B-62FE-FF09-000000004700",
                            "CommandLine": "\"cscript\" C:\\Windows\\System32\\slmgr.vbs /xpr",
                            "ParentCommandLine": "\"C:\\Program Files (x86)\\Joebox\\client\\joeboxclient.exe\"",
                            "ProcessId": "4456",
                            "FileVersion": "5.812.10240.16384",
                            "Company": "Microsoft Corporation"
                        }
                    }
                ],
                "rule_level": "medium",
                "rule_id": "140aa55cb94f2ee1de560a395631283b557b8f771117a7991289298e2c6e7f6e",
                "rule_source": "Sigma Integrated Rule Set (GitHub)",
                "rule_title": "Cscript Visual Basic Script Execution",
                "rule_description": "Adversaries may abuse Visual Basic (VB) for execution",
                "rule_author": "frack113"
            },
            {
                "match_context": [
                    {
                        "values": {
                            "RuleName": "-",
                            "CurrentDirectory": "C:\\Program Files (x86)\\AutoIt3\\",
                            "LogonId": "274951",
                            "OriginalFileName": "bcdedit.exe",
                            "UtcTime": "2022-08-18 09:29:19.989",
                            "Description": "Boot Configuration Data Editor",
                            "User": "DESKTOP-B0T93D6\\george",
                            "Hashes": "MD5=C46E3768DB01E7DC3B92EF42CC1B9C73,SHA256=3AD26DB8DC988EAD9E73FECF4D8D888A66F7965AC09F8AF4E3CFCD09028A5B59,IMPHASH=5590A306D0FA939852B69E8411CA102B",
                            "ParentImage": "C:\\Windows\\SysWOW64\\cmd.exe",
                            "IntegrityLevel": "High",
                            "TerminalSessionId": "1",
                            "Image": "C:\\Windows\\System32\\bcdedit.exe",
                            "ParentProcessId": "5836",
                            "ParentProcessGuid": "C784477D-066F-62FE-B40A-000000004700",
                            "Product": "Microsoft\u00ae Windows\u00ae Operating System",
                            "LogonGuid": "C784477D-051D-62FE-0732-040000000000",
                            "EventID": "1",
                            "ProcessGuid": "C784477D-066F-62FE-B70A-000000004700",
                            "CommandLine": "C:\\Windows\\Sysnative\\bcdedit.exe  ",
                            "ParentCommandLine": "C:\\Windows\\system32\\cmd.exe /c C:\\Windows\\Sysnative\\bcdedit.exe 1> bcdedit 2>&1",
                            "ProcessId": "2452",
                            "FileVersion": "10.0.17134.950 (WinBuild.160101.0800)",
                            "Company": "Microsoft Corporation"
                        }
                    }
                ],
                "rule_level": "medium",
                "rule_id": "1dfbc92aba26dc597751f9cf42ff3eac446b827525d1a38ea6fb4141c9f9af01",
                "rule_source": "Sigma Integrated Rule Set (GitHub)",
                "rule_title": "Process Creation Using Sysnative Folder",
                "rule_description": "Detects process creation events that use the Sysnative folder (common for CobaltStrike spawns)",
                "rule_author": "Max Altgelt"
            },
            {
                "match_context": [
                    {
                        "values": {
                            "RuleName": "-",
                            "UtcTime": "2022-10-04 21:38:11.397",
                            "Details": "x264vfw.dll",
                            "ProcessGuid": "C784477D-0668-62FE-FE09-000000004700",
                            "EventID": "13",
                            "ProcessId": "2888",
                            "Image": "C:\\Program Files (x86)\\Joebox\\client\\joeboxclient.exe",
                            "EventType": "SetValue",
                            "TargetObject": "HKLM\\SOFTWARE\\WOW6432Node\\Microsoft\\Windows NT\\CurrentVersion\\Drivers32\\vidc.x264"
                        }
                    },
                    {
                        "values": {
                            "RuleName": "-",
                            "UtcTime": "1664919491",
                            "Details": "x264vfw.dll",
                            "ProcessGuid": "{C784477D-0668-62FE-FE09-000000004700}",
                            "EventID": "13",
                            "ProcessId": "2888",
                            "Image": "C:\\Program Files (x86)\\sandbox\\client\\sandbox-client.exe",
                            "EventType": "SetValue",
                            "TargetObject": "HKLM\\SOFTWARE\\WOW6432Node\\Microsoft\\Windows NT\\CurrentVersion\\Drivers32\\vidc.x264"
                        }
                    }
                ],
                "rule_level": "medium",
                "rule_id": "3e5fe19fbbb767b861e93022c3f95d25e1618fc86be75b05326ee57b2f75633c",
                "rule_source": "Sigma Integrated Rule Set (GitHub)",
                "rule_title": "Wow6432Node CurrentVersion Autorun Keys Modification",
                "rule_description": "Detects modification of autostart extensibility point (ASEP) in registry.",
                "rule_author": "Victor Sergeev, Daniil Yugoslavskiy, Gleb Sukhodolskiy, Timur Zinniatullin, oscd.community, Tim Shelton, frack113 (split)"
            },
