{
    "data": {
        "modules_loaded": [
            "%SAMPLEPATH%\\cic.exe"
        ],
        "files_dropped": [
            {
                "path": "C:\\Windows\\System32\\spp\\store\\2.0\\data.dat.tmp"
            },
            {
                "path": "C:\\Windows\\System32\\spp\\store\\2.0\\cache\\cache.dat"
            },
            {
                "path": "C:\\ProgramData\\Microsoft\\Windows\\WER\\Temp\\WERDCD3.tmp"
            },
            {
                "path": "C:\\ProgramData\\Microsoft\\Windows\\WER\\Temp\\WERDCD3.tmp.WERInternalMetadata.xml"
            },
            {
                "path": "C:\\ProgramData\\Microsoft\\Windows\\WER\\Temp\\WERDE4A.tmp"
            },
            {
                "path": "C:\\ProgramData\\Microsoft\\Windows\\WER\\Temp\\WERDE4A.tmp.csv"
            },
            {
                "path": "C:\\ProgramData\\Microsoft\\Windows\\WER\\Temp\\WERDE89.tmp"
            },
            {
                "path": "C:\\ProgramData\\Microsoft\\Windows\\WER\\Temp\\WERDE89.tmp.txt"
            },
            {
                "path": "C:\\ProgramData\\Microsoft\\Windows\\WER\\Temp\\WER7BB.tmp"
            },
            {
                "path": "C:\\ProgramData\\Microsoft\\Windows\\WER\\Temp\\WER7BB.tmp.WERInternalMetadata.xml"
            },
            {
                "path": "C:\\ProgramData\\Microsoft\\Windows\\WER\\Temp\\WER7CD.tmp"
            },
            {
                "path": "C:\\ProgramData\\Microsoft\\Windows\\WER\\Temp\\WER7CD.tmp.csv"
            },
            {
                "path": "C:\\ProgramData\\Microsoft\\Windows\\WER\\Temp\\WER7DD.tmp"
            },
            {
                "path": "C:\\ProgramData\\Microsoft\\Windows\\WER\\Temp\\WER7DD.tmp.txt"
            }
        ],
        "ip_traffic": [
            {
                "destination_ip": "20.99.133.109",
                "destination_port": 443,
                "transport_layer_protocol": "TCP"
            },
            {
                "destination_ip": "131.253.33.203",
                "destination_port": 80,
                "transport_layer_protocol": "TCP"
            },
            {
                "destination_ip": "23.216.147.76",
                "destination_port": 443,
                "transport_layer_protocol": "TCP"
            },
            {
                "destination_ip": "a83f:8110:0:0:1b00:100:2800:0",
                "destination_port": 53,
                "transport_layer_protocol": "UDP"
            },
            {
                "destination_ip": "20.22.113.133",
                "destination_port": 443,
                "transport_layer_protocol": "TCP"
            },
            {
                "destination_ip": "121.1.151.223",
                "destination_port": 443,
                "transport_layer_protocol": "TCP"
            },
            {
                "destination_ip": "201.161.20.77",
                "destination_port": 443,
                "transport_layer_protocol": "TCP"
            }
        ],
        "sigma_analysis_results": [
            {
                "match_context": [
                    {
                        "values": {
                            "RuleName": "-",
                            "CurrentDirectory": "C:\\Windows\\system32\\",
                            "LogonId": "274951",
                            "OriginalFileName": "wevtutil.exe",
                            "UtcTime": "2022-08-18 09:24:05.871",
                            "Description": "Eventing Command Line Utility",
                            "User": "DESKTOP-B0T93D6\\george",
                            "Hashes": "MD5=0269064AA2DD91125F13635FB194F499,SHA256=AB86C6C090FA85C2920A637D2BE274335A86FBC0A7FB706E893493B50840DC0A,IMPHASH=89A3D9DE9FED48F734C9553D16342280",
                            "ParentImage": "C:\\Windows\\System32\\cmd.exe",
                            "IntegrityLevel": "High",
                            "TerminalSessionId": "1",
                            "Image": "C:\\Windows\\System32\\wevtutil.exe",
                            "ParentProcessId": "4176",
                            "ParentProcessGuid": "C784477D-051D-62FE-7700-000000004700",
                            "Product": "Microsoft\u00ae Windows\u00ae Operating System",
                            "LogonGuid": "C784477D-051D-62FE-0732-040000000000",
                            "EventID": "1",
                            "ProcessGuid": "C784477D-0535-62FE-5F07-000000004700",
                            "CommandLine": "wevtutil  cl \"Microsoft-Windows-Superfetch/PfApLog\"",
                            "ParentCommandLine": "C:\\Windows\\SYSTEM32\\cmd.exe /c \"C:\\startup.bat\"",
                            "ProcessId": "5936",
                            "FileVersion": "10.0.17134.81 (WinBuild.160101.0800)",
                            "Company": "Microsoft Corporation"
                        }
                    },
                    {
                        "values": {
                            "RuleName": "-",
                            "CurrentDirectory": "C:\\",
                            "LogonId": "274951",
                            "OriginalFileName": "wevtutil.exe",
                            "UtcTime": "2022-08-18 09:24:05.871",
                            "Description": "Eventing Command Line Utility",
                            "User": "DESKTOP-B0T93D6\\george",
                            "Hashes": "MD5=0269064AA2DD91125F13635FB194F499,SHA256=AB86C6C090FA85C2920A637D2BE274335A86FBC0A7FB706E893493B50840DC0A,IMPHASH=89A3D9DE9FED48F734C9553D16342280",
                            "ParentImage": "C:\\Windows\\System32\\cmd.exe",
                            "IntegrityLevel": "High",
                            "TerminalSessionId": "1",
                            "Image": "C:\\Windows\\System32\\wevtutil.exe",
                            "ParentProcessId": "4648",
                            "ParentProcessGuid": "C784477D-0529-62FE-9B00-000000004700",
                            "Product": "Microsoft\u00ae Windows\u00ae Operating System",
                            "LogonGuid": "C784477D-051D-62FE-0732-040000000000",
                            "EventID": "1",
                            "ProcessGuid": "C784477D-0535-62FE-6007-000000004700",
                            "CommandLine": "wevtutil  cl \"Microsoft-Windows-TZSync/Analytic\"",
                            "ParentCommandLine": "\"C:\\Windows\\System32\\cmd.exe\" /C \"C:\\startup.bat\" ",
                            "ProcessId": "3952",
                            "FileVersion": "10.0.17134.81 (WinBuild.160101.0800)",
                            "Company": "Microsoft Corporation"
                        }
                    },
                    {
                        "values": {
                            "RuleName": "-",
                            "CurrentDirectory": "C:\\",
                            "LogonId": "274951",
                            "OriginalFileName": "wevtutil.exe",
                            "UtcTime": "2022-08-18 09:24:05.886",
                            "Description": "Eventing Command Line Utility",
                            "User": "DESKTOP-B0T93D6\\george",
                            "Hashes": "MD5=0269064AA2DD91125F13635FB194F499,SHA256=AB86C6C090FA85C2920A637D2BE274335A86FBC0A7FB706E893493B50840DC0A,IMPHASH=89A3D9DE9FED48F734C9553D16342280",
                            "ParentImage": "C:\\Windows\\System32\\cmd.exe",
                            "IntegrityLevel": "High",
                            "TerminalSessionId": "1",
                            "Image": "C:\\Windows\\System32\\wevtutil.exe",
                            "ParentProcessId": "4648",
                            "ParentProcessGuid": "C784477D-0529-62FE-9B00-000000004700",
                            "Product": "Microsoft\u00ae Windows\u00ae Operating System",
                            "LogonGuid": "C784477D-051D-62FE-0732-040000000000",
                            "EventID": "1",
                            "ProcessGuid": "C784477D-0535-62FE-6107-000000004700",
                            "CommandLine": "wevtutil  cl \"Microsoft-Windows-TZSync/Operational\"",
                            "ParentCommandLine": "\"C:\\Windows\\System32\\cmd.exe\" /C \"C:\\startup.bat\" ",
                            "ProcessId": "464",
                            "FileVersion": "10.0.17134.81 (WinBuild.160101.0800)",
                            "Company": "Microsoft Corporation"
                        }
                    },
                    {
                        "values": {
                            "RuleName": "-",
                            "CurrentDirectory": "C:\\Windows\\system32\\",
                            "LogonId": "274951",
                            "OriginalFileName": "wevtutil.exe",
                            "UtcTime": "2022-08-18 09:24:05.887",
                            "Description": "Eventing Command Line Utility",
                            "User": "DESKTOP-B0T93D6\\george",
                            "Hashes": "MD5=0269064AA2DD91125F13635FB194F499,SHA256=AB86C6C090FA85C2920A637D2BE274335A86FBC0A7FB706E893493B50840DC0A,IMPHASH=89A3D9DE9FED48F734C9553D16342280",
                            "ParentImage": "C:\\Windows\\System32\\cmd.exe",
                            "IntegrityLevel": "High",
                            "TerminalSessionId": "1",
                            "Image": "C:\\Windows\\System32\\wevtutil.exe",
                            "ParentProcessId": "4176",
                            "ParentProcessGuid": "C784477D-051D-62FE-7700-000000004700",
                            "Product": "Microsoft\u00ae Windows\u00ae Operating System",
                            "LogonGuid": "C784477D-051D-62FE-0732-040000000000",
                            "EventID": "1",
                            "ProcessGuid": "C784477D-0535-62FE-6207-000000004700",
                            "CommandLine": "wevtutil  cl \"Microsoft-Windows-Superfetch/StoreLog\"",
                            "ParentCommandLine": "C:\\Windows\\SYSTEM32\\cmd.exe /c \"C:\\startup.bat\"",
                            "ProcessId": "5840",
                            "FileVersion": "10.0.17134.81 (WinBuild.160101.0800)",
                            "Company": "Microsoft Corporation"
                        }
                    },
                    {
                        "values": {
                            "RuleName": "-",
                            "CurrentDirectory": "C:\\Windows\\system32\\",
                            "LogonId": "274951",
                            "OriginalFileName": "wevtutil.exe",
                            "UtcTime": "2022-08-18 09:24:05.899",
                            "Description": "Eventing Command Line Utility",
                            "User": "DESKTOP-B0T93D6\\george",
                            "Hashes": "MD5=0269064AA2DD91125F13635FB194F499,SHA256=AB86C6C090FA85C2920A637D2BE274335A86FBC0A7FB706E893493B50840DC0A,IMPHASH=89A3D9DE9FED48F734C9553D16342280",
                            "ParentImage": "C:\\Windows\\System32\\cmd.exe",
                            "IntegrityLevel": "High",
                            "TerminalSessionId": "1",
                            "Image": "C:\\Windows\\System32\\wevtutil.exe",
                            "ParentProcessId": "4176",
                            "ParentProcessGuid": "C784477D-051D-62FE-7700-000000004700",
                            "Product": "Microsoft\u00ae Windows\u00ae Operating System",
                            "LogonGuid": "C784477D-051D-62FE-0732-040000000000",
                            "EventID": "1",
                            "ProcessGuid": "C784477D-0535-62FE-6307-000000004700",
                            "CommandLine": "wevtutil  cl \"Microsoft-Windows-Sysmon/Operational\"",
                            "ParentCommandLine": "C:\\Windows\\SYSTEM32\\cmd.exe /c \"C:\\startup.bat\"",
                            "ProcessId": "5364",
                            "FileVersion": "10.0.17134.81 (WinBuild.160101.0800)",
                            "Company": "Microsoft Corporation"
                        }
                    },
                    {
                        "values": {
                            "RuleName": "-",
                            "CurrentDirectory": "C:\\",
                            "LogonId": "274951",
                            "OriginalFileName": "wevtutil.exe",
                            "UtcTime": "2022-08-18 09:24:05.906",
                            "Description": "Eventing Command Line Utility",
                            "User": "DESKTOP-B0T93D6\\george",
                            "Hashes": "MD5=0269064AA2DD91125F13635FB194F499,SHA256=AB86C6C090FA85C2920A637D2BE274335A86FBC0A7FB706E893493B50840DC0A,IMPHASH=89A3D9DE9FED48F734C9553D16342280",
                            "ParentImage": "C:\\Windows\\System32\\cmd.exe",
                            "IntegrityLevel": "High",
                            "TerminalSessionId": "1",
                            "Image": "C:\\Windows\\System32\\wevtutil.exe",
                            "ParentProcessId": "4648",
                            "ParentProcessGuid": "C784477D-0529-62FE-9B00-000000004700",
                            "Product": "Microsoft\u00ae Windows\u00ae Operating System",
                            "LogonGuid": "C784477D-051D-62FE-0732-040000000000",
                            "EventID": "1",
                            "ProcessGuid": "C784477D-0535-62FE-6407-000000004700",
                            "CommandLine": "wevtutil  cl \"Microsoft-Windows-TZUtil/Operational\"",
                            "ParentCommandLine": "\"C:\\Windows\\System32\\cmd.exe\" /C \"C:\\startup.bat\" ",
                            "ProcessId": "5728",
                            "FileVersion": "10.0.17134.81 (WinBuild.160101.0800)",
                            "Company": "Microsoft Corporation"
                        }
                    },
                    {
                        "values": {
                            "RuleName": "-",
                            "CurrentDirectory": "C:\\Windows\\system32\\",
                            "LogonId": "274951",
                            "OriginalFileName": "wevtutil.exe",
                            "UtcTime": "2022-08-18 09:24:05.917",
                            "Description": "Eventing Command Line Utility",
                            "User": "DESKTOP-B0T93D6\\george",
                            "Hashes": "MD5=0269064AA2DD91125F13635FB194F499,SHA256=AB86C6C090FA85C2920A637D2BE274335A86FBC0A7FB706E893493B50840DC0A,IMPHASH=89A3D9DE9FED48F734C9553D16342280",
                            "ParentImage": "C:\\Windows\\System32\\cmd.exe",
                            "IntegrityLevel": "High",
                            "TerminalSessionId": "1",
                            "Image": "C:\\Windows\\System32\\wevtutil.exe",
                            "ParentProcessId": "4176",
                            "ParentProcessGuid": "C784477D-051D-62FE-7700-000000004700",
                            "Product": "Microsoft\u00ae Windows\u00ae Operating System",
                            "LogonGuid": "C784477D-051D-62FE-0732-040000000000",
                            "EventID": "1",
                            "ProcessGuid": "C784477D-0535-62FE-6507-000000004700",
                            "CommandLine": "wevtutil  cl \"Microsoft-Windows-Sysprep/Analytic\"",
                            "ParentCommandLine": "C:\\Windows\\SYSTEM32\\cmd.exe /c \"C:\\startup.bat\"",
                            "ProcessId": "5700",
                            "FileVersion": "10.0.17134.81 (WinBuild.160101.0800)",
                            "Company": "Microsoft Corporation"
                        }
                    },
                    {
                        "values": {
                            "RuleName": "-",
                            "CurrentDirectory": "C:\\",
                            "LogonId": "274951",
                            "OriginalFileName": "wevtutil.exe",
                            "UtcTime": "2022-08-18 09:24:05.925",
                            "Description": "Eventing Command Line Utility",
                            "User": "DESKTOP-B0T93D6\\george",
                            "Hashes": "MD5=0269064AA2DD91125F13635FB194F499,SHA256=AB86C6C090FA85C2920A637D2BE274335A86FBC0A7FB706E893493B50840DC0A,IMPHASH=89A3D9DE9FED48F734C9553D16342280",
                            "ParentImage": "C:\\Windows\\System32\\cmd.exe",
                            "IntegrityLevel": "High",
                            "TerminalSessionId": "1",
                            "Image": "C:\\Windows\\System32\\wevtutil.exe",
                            "ParentProcessId": "4648",
                            "ParentProcessGuid": "C784477D-0529-62FE-9B00-000000004700",
                            "Product": "Microsoft\u00ae Windows\u00ae Operating System",
                            "LogonGuid": "C784477D-051D-62FE-0732-040000000000",
                            "EventID": "1",
                            "ProcessGuid": "C784477D-0535-62FE-6607-000000004700",
                            "CommandLine": "wevtutil  cl \"Microsoft-Windows-TaskScheduler/Debug\"",
                            "ParentCommandLine": "\"C:\\Windows\\System32\\cmd.exe\" /C \"C:\\startup.bat\" ",
                            "ProcessId": "4692",
                            "FileVersion": "10.0.17134.81 (WinBuild.160101.0800)",
                            "Company": "Microsoft Corporation"
                        }
                    },
                    {
                        "values": {
                            "RuleName": "-",
                            "CurrentDirectory": "C:\\Windows\\system32\\",
                            "LogonId": "274951",
                            "OriginalFileName": "wevtutil.exe",
                            "UtcTime": "2022-08-18 09:24:05.932",
                            "Description": "Eventing Command Line Utility",
                            "User": "DESKTOP-B0T93D6\\george",
                            "Hashes": "MD5=0269064AA2DD91125F13635FB194F499,SHA256=AB86C6C090FA85C2920A637D2BE274335A86FBC0A7FB706E893493B50840DC0A,IMPHASH=89A3D9DE9FED48F734C9553D16342280",
                            "ParentImage": "C:\\Windows\\System32\\cmd.exe",
                            "IntegrityLevel": "High",
                            "TerminalSessionId": "1",
                            "Image": "C:\\Windows\\System32\\wevtutil.exe",
                            "ParentProcessId": "4176",
                            "ParentProcessGuid": "C784477D-051D-62FE-7700-000000004700",
                            "Product": "Microsoft\u00ae Windows\u00ae Operating System",
                            "LogonGuid": "C784477D-051D-62FE-0732-040000000000",
                            "EventID": "1",
                            "ProcessGuid": "C784477D-0535-62FE-6707-000000004700",
                            "CommandLine": "wevtutil  cl \"Microsoft-Windows-System-Profile-HardwareId/Diagnostic\"",
                            "ParentCommandLine": "C:\\Windows\\SYSTEM32\\cmd.exe /c \"C:\\startup.bat\"",
                            "ProcessId": "3488",
                            "FileVersion": "10.0.17134.81 (WinBuild.160101.0800)",
                            "Company": "Microsoft Corporation"
                        }
                    },
                    {
                        "values": {
                            "RuleName": "-",
                            "CurrentDirectory": "C:\\",
                            "LogonId": "274951",
                            "OriginalFileName": "wevtutil.exe",
                            "UtcTime": "2022-08-18 09:24:05.939",
                            "Description": "Eventing Command Line Utility",
                            "User": "DESKTOP-B0T93D6\\george",
                            "Hashes": "MD5=0269064AA2DD91125F13635FB194F499,SHA256=AB86C6C090FA85C2920A637D2BE274335A86FBC0A7FB706E893493B50840DC0A,IMPHASH=89A3D9DE9FED48F734C9553D16342280",
                            "ParentImage": "C:\\Windows\\System32\\cmd.exe",
                            "IntegrityLevel": "High",
                            "TerminalSessionId": "1",
                            "Image": "C:\\Windows\\System32\\wevtutil.exe",
                            "ParentProcessId": "4648",
                            "ParentProcessGuid": "C784477D-0529-62FE-9B00-000000004700",
                            "Product": "Microsoft\u00ae Windows\u00ae Operating System",
                            "LogonGuid": "C784477D-051D-62FE-0732-040000000000",
                            "EventID": "1",
                            "ProcessGuid": "C784477D-0535-62FE-6807-000000004700",
                            "CommandLine": "wevtutil  cl \"Microsoft-Windows-TaskScheduler/Diagnostic\"",
                            "ParentCommandLine": "\"C:\\Windows\\System32\\cmd.exe\" /C \"C:\\startup.bat\" ",
                            "ProcessId": "4280",
                            "FileVersion": "10.0.17134.81 (WinBuild.160101.0800)",
                            "Company": "Microsoft Corporation"
                        }
                    },
                    {
                        "values": {
                            "RuleName": "-",
                            "CurrentDirectory": "C:\\Windows\\system32\\",
                            "LogonId": "274951",
                            "OriginalFileName": "wevtutil.exe",
                            "UtcTime": "2022-08-18 09:24:05.948",
                            "Description": "Eventing Command Line Utility",
                            "User": "DESKTOP-B0T93D6\\george",
                            "Hashes": "MD5=0269064AA2DD91125F13635FB194F499,SHA256=AB86C6C090FA85C2920A637D2BE274335A86FBC0A7FB706E893493B50840DC0A,IMPHASH=89A3D9DE9FED48F734C9553D16342280",
                            "ParentImage": "C:\\Windows\\System32\\cmd.exe",
                            "IntegrityLevel": "High",
                            "TerminalSessionId": "1",
                            "Image": "C:\\Windows\\System32\\wevtutil.exe",
                            "ParentProcessId": "4176",
                            "ParentProcessGuid": "C784477D-051D-62FE-7700-000000004700",
                            "Product": "Microsoft\u00ae Windows\u00ae Operating System",
                            "LogonGuid": "C784477D-051D-62FE-0732-040000000000",
                            "EventID": "1",
                            "ProcessGuid": "C784477D-0535-62FE-6907-000000004700",
                            "CommandLine": "wevtutil  cl \"Microsoft-Windows-SystemSettingsHandlers/Debug\"",
                            "ParentCommandLine": "C:\\Windows\\SYSTEM32\\cmd.exe /c \"C:\\startup.bat\"",
                            "ProcessId": "5820",
                            "FileVersion": "10.0.17134.81 (WinBuild.160101.0800)",
                            "Company": "Microsoft Corporation"
                        }
                    },
                    {
                        "values": {
                            "RuleName": "-",
                            "CurrentDirectory": "C:\\",
                            "LogonId": "274951",
                            "OriginalFileName": "wevtutil.exe",
                            "UtcTime": "2022-08-18 09:24:05.955",
                            "Description": "Eventing Command Line Utility",
                            "User": "DESKTOP-B0T93D6\\george",
                            "Hashes": "MD5=0269064AA2DD91125F13635FB194F499,SHA256=AB86C6C090FA85C2920A637D2BE274335A86FBC0A7FB706E893493B50840DC0A,IMPHASH=89A3D9DE9FED48F734C9553D16342280",
                            "ParentImage": "C:\\Windows\\System32\\cmd.exe",
                            "IntegrityLevel": "High",
                            "TerminalSessionId": "1",
                            "Image": "C:\\Windows\\System32\\wevtutil.exe",
                            "ParentProcessId": "4648",
                            "ParentProcessGuid": "C784477D-0529-62FE-9B00-000000004700",
                            "Product": "Microsoft\u00ae Windows\u00ae Operating System",
                            "LogonGuid": "C784477D-051D-62FE-0732-040000000000",
                            "EventID": "1",
                            "ProcessGuid": "C784477D-0535-62FE-6A07-000000004700",
                            "CommandLine": "wevtutil  cl \"Microsoft-Windows-TaskScheduler/Maintenance\"",
                            "ParentCommandLine": "\"C:\\Windows\\System32\\cmd.exe\" /C \"C:\\startup.bat\" ",
                            "ProcessId": "1000",
                            "FileVersion": "10.0.17134.81 (WinBuild.160101.0800)",
                            "Company": "Microsoft Corporation"
                        }
                    },
                    {
                        "values": {
                            "RuleName": "-",
                            "CurrentDirectory": "C:\\Windows\\system32\\",
                            "LogonId": "274951",
                            "OriginalFileName": "wevtutil.exe",
                            "UtcTime": "2022-08-18 09:24:05.963",
                            "Description": "Eventing Command Line Utility",
                            "User": "DESKTOP-B0T93D6\\george",
                            "Hashes": "MD5=0269064AA2DD91125F13635FB194F499,SHA256=AB86C6C090FA85C2920A637D2BE274335A86FBC0A7FB706E893493B50840DC0A,IMPHASH=89A3D9DE9FED48F734C9553D16342280",
                            "ParentImage": "C:\\Windows\\System32\\cmd.exe",
                            "IntegrityLevel": "High",
                            "TerminalSessionId": "1",
                            "Image": "C:\\Windows\\System32\\wevtutil.exe",
                            "ParentProcessId": "4176",
                            "ParentProcessGuid": "C784477D-051D-62FE-7700-000000004700",
                            "Product": "Microsoft\u00ae Windows\u00ae Operating System",
                            "LogonGuid": "C784477D-051D-62FE-0732-040000000000",
                            "EventID": "1",
                            "ProcessGuid": "C784477D-0535-62FE-6B07-000000004700",
                            "CommandLine": "wevtutil  cl \"Microsoft-Windows-SystemSettingsThreshold/Debug\"",
                            "ParentCommandLine": "C:\\Windows\\SYSTEM32\\cmd.exe /c \"C:\\startup.bat\"",
                            "ProcessId": "5496",
                            "FileVersion": "10.0.17134.81 (WinBuild.160101.0800)",
                            "Company": "Microsoft Corporation"
                        }
                    },
                    {
                        "values": {
                            "RuleName": "-",
                            "CurrentDirectory": "C:\\",
                            "LogonId": "274951",
                            "OriginalFileName": "wevtutil.exe",
                            "UtcTime": "2022-08-18 09:24:05.972",
                            "Description": "Eventing Command Line Utility",
                            "User": "DESKTOP-B0T93D6\\george",
                            "Hashes": "MD5=0269064AA2DD91125F13635FB194F499,SHA256=AB86C6C090FA85C2920A637D2BE274335A86FBC0A7FB706E893493B50840DC0A,IMPHASH=89A3D9DE9FED48F734C9553D16342280",
                            "ParentImage": "C:\\Windows\\System32\\cmd.exe",
                            "IntegrityLevel": "High",
                            "TerminalSessionId": "1",
                            "Image": "C:\\Windows\\System32\\wevtutil.exe",
                            "ParentProcessId": "4648",
                            "ParentProcessGuid": "C784477D-0529-62FE-9B00-000000004700",
                            "Product": "Microsoft\u00ae Windows\u00ae Operating System",
                            "LogonGuid": "C784477D-051D-62FE-0732-040000000000",
                            "EventID": "1",
                            "ProcessGuid": "C784477D-0535-62FE-6C07-000000004700",
                            "CommandLine": "wevtutil  cl \"Microsoft-Windows-TaskScheduler/Operational\"",
                            "ParentCommandLine": "\"C:\\Windows\\System32\\cmd.exe\" /C \"C:\\startup.bat\" ",
                            "ProcessId": "2004",
                            "FileVersion": "10.0.17134.81 (WinBuild.160101.0800)",
                            "Company": "Microsoft Corporation"
                        }
                    },
                    {
                        "values": {
                            "RuleName": "-",
                            "CurrentDirectory": "C:\\Windows\\system32\\",
                            "LogonId": "274951",
                            "OriginalFileName": "wevtutil.exe",
                            "UtcTime": "2022-08-18 09:24:05.977",
                            "Description": "Eventing Command Line Utility",
                            "User": "DESKTOP-B0T93D6\\george",
                            "Hashes": "MD5=0269064AA2DD91125F13635FB194F499,SHA256=AB86C6C090FA85C2920A637D2BE274335A86FBC0A7FB706E893493B50840DC0A,IMPHASH=89A3D9DE9FED48F734C9553D16342280",
                            "ParentImage": "C:\\Windows\\System32\\cmd.exe",
                            "IntegrityLevel": "High",
                            "TerminalSessionId": "1",
                            "Image": "C:\\Windows\\System32\\wevtutil.exe",
                            "ParentProcessId": "4176",
                            "ParentProcessGuid": "C784477D-051D-62FE-7700-000000004700",
                            "Product": "Microsoft\u00ae Windows\u00ae Operating System",
                            "LogonGuid": "C784477D-051D-62FE-0732-040000000000",
                            "EventID": "1",
                            "ProcessGuid": "C784477D-0535-62FE-6D07-000000004700",
                            "CommandLine": "wevtutil  cl \"Microsoft-Windows-SystemSettingsThreshold/Diagnostic\"",
                            "ParentCommandLine": "C:\\Windows\\SYSTEM32\\cmd.exe /c \"C:\\startup.bat\"",
                            "ProcessId": "4636",
                            "FileVersion": "10.0.17134.81 (WinBuild.160101.0800)",
                            "Company": "Microsoft Corporation"
                        }
                    },
                    {
                        "values": {
                            "RuleName": "-",
                            "CurrentDirectory": "C:\\",
                            "LogonId": "274951",
                            "OriginalFileName": "wevtutil.exe",
                            "UtcTime": "2022-08-18 09:24:05.986",
                            "Description": "Eventing Command Line Utility",
                            "User": "DESKTOP-B0T93D6\\george",
                            "Hashes": "MD5=0269064AA2DD91125F13635FB194F499,SHA256=AB86C6C090FA85C2920A637D2BE274335A86FBC0A7FB706E893493B50840DC0A,IMPHASH=89A3D9DE9FED48F734C9553D16342280",
                            "ParentImage": "C:\\Windows\\System32\\cmd.exe",
                            "IntegrityLevel": "High",
                            "TerminalSessionId": "1",
                            "Image": "C:\\Windows\\System32\\wevtutil.exe",
                            "ParentProcessId": "4648",
                            "ParentProcessGuid": "C784477D-0529-62FE-9B00-000000004700",
                            "Product": "Microsoft\u00ae Windows\u00ae Operating System",
                            "LogonGuid": "C784477D-051D-62FE-0732-040000000000",
                            "EventID": "1",
                            "ProcessGuid": "C784477D-0535-62FE-6E07-000000004700",
                            "CommandLine": "wevtutil  cl \"Microsoft-Windows-TaskbarCPL/Diagnostic\"",
                            "ParentCommandLine": "\"C:\\Windows\\System32\\cmd.exe\" /C \"C:\\startup.bat\" ",
                            "ProcessId": "4684",
                            "FileVersion": "10.0.17134.81 (WinBuild.160101.0800)",
                            "Company": "Microsoft Corporation"
                        }
                    },
                    {
                        "values": {
                            "RuleName": "-",
                            "CurrentDirectory": "C:\\Windows\\system32\\",
                            "LogonId": "274951",
                            "OriginalFileName": "wevtutil.exe",
                            "UtcTime": "2022-08-18 09:24:05.989",
                            "Description": "Eventing Command Line Utility",
                            "User": "DESKTOP-B0T93D6\\george",
                            "Hashes": "MD5=0269064AA2DD91125F13635FB194F499,SHA256=AB86C6C090FA85C2920A637D2BE274335A86FBC0A7FB706E893493B50840DC0A,IMPHASH=89A3D9DE9FED48F734C9553D16342280",
                            "ParentImage": "C:\\Windows\\System32\\cmd.exe",
                            "IntegrityLevel": "High",
                            "TerminalSessionId": "1",
                            "Image": "C:\\Windows\\System32\\wevtutil.exe",
                            "ParentProcessId": "4176",
                            "ParentProcessGuid": "C784477D-051D-62FE-7700-000000004700",
                            "Product": "Microsoft\u00ae Windows\u00ae Operating System",
                            "LogonGuid": "C784477D-051D-62FE-0732-040000000000",
                            "EventID": "1",
                            "ProcessGuid": "C784477D-0535-62FE-6F07-000000004700",
                            "CommandLine": "wevtutil  cl \"Microsoft-Windows-SystemSettingsThreshold/Operational\"",
                            "ParentCommandLine": "C:\\Windows\\SYSTEM32\\cmd.exe /c \"C:\\startup.bat\"",
                            "ProcessId": "4752",
                            "FileVersion": "10.0.17134.81 (WinBuild.160101.0800)",
                            "Company": "Microsoft Corporation"
                        }
                    },
                    {
                        "values": {
                            "RuleName": "-",
                            "CurrentDirectory": "C:\\",
                            "LogonId": "274951",
                            "OriginalFileName": "wevtutil.exe",
                            "UtcTime": "2022-08-18 09:24:05.997",
                            "Description": "Eventing Command Line Utility",
                            "User": "DESKTOP-B0T93D6\\george",
                            "Hashes": "MD5=0269064AA2DD91125F13635FB194F499,SHA256=AB86C6C090FA85C2920A637D2BE274335A86FBC0A7FB706E893493B50840DC0A,IMPHASH=89A3D9DE9FED48F734C9553D16342280",
                            "ParentImage": "C:\\Windows\\System32\\cmd.exe",
                            "IntegrityLevel": "High",
                            "TerminalSessionId": "1",
                            "Image": "C:\\Windows\\System32\\wevtutil.exe",
                            "ParentProcessId": "4648",
                            "ParentProcessGuid": "C784477D-0529-62FE-9B00-000000004700",
                            "Product": "Microsoft\u00ae Windows\u00ae Operating System",
                            "LogonGuid": "C784477D-051D-62FE-0732-040000000000",
                            "EventID": "1",
                            "ProcessGuid": "C784477D-0535-62FE-7007-000000004700",
                            "CommandLine": "wevtutil  cl \"Microsoft-Windows-TerminalServices-ClientUSBDevices/Admin\"",
                            "ParentCommandLine": "\"C:\\Windows\\System32\\cmd.exe\" /C \"C:\\startup.bat\" ",
                            "ProcessId": "5984",
                            "FileVersion": "10.0.17134.81 (WinBuild.160101.0800)",
                            "Company": "Microsoft Corporation"
                        }
                    },
                    {
                        "values": {
                            "RuleName": "-",
                            "CurrentDirectory": "C:\\Windows\\system32\\",
                            "LogonId": "274951",
                            "OriginalFileName": "wevtutil.exe",
                            "UtcTime": "2022-08-18 09:24:06.005",
                            "Description": "Eventing Command Line Utility",
                            "User": "DESKTOP-B0T93D6\\george",
                            "Hashes": "MD5=0269064AA2DD91125F13635FB194F499,SHA256=AB86C6C090FA85C2920A637D2BE274335A86FBC0A7FB706E893493B50840DC0A,IMPHASH=89A3D9DE9FED48F734C9553D16342280",
                            "ParentImage": "C:\\Windows\\System32\\cmd.exe",
                            "IntegrityLevel": "High",
                            "TerminalSessionId": "1",
                            "Image": "C:\\Windows\\System32\\wevtutil.exe",
                            "ParentProcessId": "4176",
                            "ParentProcessGuid": "C784477D-051D-62FE-7700-000000004700",
                            "Product": "Microsoft\u00ae Windows\u00ae Operating System",
                            "LogonGuid": "C784477D-051D-62FE-0732-040000000000",
                            "EventID": "1",
                            "ProcessGuid": "C784477D-0536-62FE-7107-000000004700",
                            "CommandLine": "wevtutil  cl \"Microsoft-Windows-TCPIP/Diagnostic\"",
                            "ParentCommandLine": "C:\\Windows\\SYSTEM32\\cmd.exe /c \"C:\\startup.bat\"",
                            "ProcessId": "4816",
                            "FileVersion": "10.0.17134.81 (WinBuild.160101.0800)",
                            "Company": "Microsoft Corporation"
                        }
                    },
                    {
                        "values": {
                            "RuleName": "-",
                            "CurrentDirectory": "C:\\",
                            "LogonId": "274951",
                            "OriginalFileName": "wevtutil.exe",
                            "UtcTime": "2022-08-18 09:24:06.015",
                            "Description": "Eventing Command Line Utility",
                            "User": "DESKTOP-B0T93D6\\george",
                            "Hashes": "MD5=0269064AA2DD91125F13635FB194F499,SHA256=AB86C6C090FA85C2920A637D2BE274335A86FBC0A7FB706E893493B50840DC0A,IMPHASH=89A3D9DE9FED48F734C9553D16342280",
                            "ParentImage": "C:\\Windows\\System32\\cmd.exe",
                            "IntegrityLevel": "High",
                            "TerminalSessionId": "1",
                            "Image": "C:\\Windows\\System32\\wevtutil.exe",
                            "ParentProcessId": "4648",
                            "ParentProcessGuid": "C784477D-0529-62FE-9B00-000000004700",
                            "Product": "Microsoft\u00ae Windows\u00ae Operating System",
                            "LogonGuid": "C784477D-051D-62FE-0732-040000000000",
                            "EventID": "1",
                            "ProcessGuid": "C784477D-0536-62FE-7207-000000004700",
                            "CommandLine": "wevtutil  cl \"Microsoft-Windows-TerminalServices-ClientUSBDevices/Analytic\"",
                            "ParentCommandLine": "\"C:\\Windows\\System32\\cmd.exe\" /C \"C:\\startup.bat\" ",
                            "ProcessId": "5572",
                            "FileVersion": "10.0.17134.81 (WinBuild.160101.0800)",
                            "Company": "Microsoft Corporation"
                        }
                    },
                    {
                        "values": {
                            "RuleName": "-",
                            "CurrentDirectory": "C:\\Windows\\system32\\",
                            "LogonId": "274951",
                            "OriginalFileName": "wevtutil.exe",
                            "UtcTime": "2022-08-18 09:24:06.018",
                            "Description": "Eventing Command Line Utility",
                            "User": "DESKTOP-B0T93D6\\george",
                            "Hashes": "MD5=0269064AA2DD91125F13635FB194F499,SHA256=AB86C6C090FA85C2920A637D2BE274335A86FBC0A7FB706E893493B50840DC0A,IMPHASH=89A3D9DE9FED48F734C9553D16342280",
                            "ParentImage": "C:\\Windows\\System32\\cmd.exe",
                            "IntegrityLevel": "High",
                            "TerminalSessionId": "1",
                            "Image": "C:\\Windows\\System32\\wevtutil.exe",
                            "ParentProcessId": "4176",
                            "ParentProcessGuid": "C784477D-051D-62FE-7700-000000004700",
                            "Product": "Microsoft\u00ae Windows\u00ae Operating System",
                            "LogonGuid": "C784477D-051D-62FE-0732-040000000000",
                            "EventID": "1",
                            "ProcessGuid": "C784477D-0536-62FE-7307-000000004700",
                            "CommandLine": "wevtutil  cl \"Microsoft-Windows-TCPIP/Operational\"",
                            "ParentCommandLine": "C:\\Windows\\SYSTEM32\\cmd.exe /c \"C:\\startup.bat\"",
                            "ProcessId": "4628",
                            "FileVersion": "10.0.17134.81 (WinBuild.160101.0800)",
                            "Company": "Microsoft Corporation"
                        }
                    },
                    {
                        "values": {
                            "RuleName": "-",
                            "CurrentDirectory": "C:\\",
                            "LogonId": "274951",
                            "OriginalFileName": "wevtutil.exe",
                            "UtcTime": "2022-08-18 09:24:06.028",
                            "Description": "Eventing Command Line Utility",
                            "User": "DESKTOP-B0T93D6\\george",
                            "Hashes": "MD5=0269064AA2DD91125F13635FB194F499,SHA256=AB86C6C090FA85C2920A637D2BE274335A86FBC0A7FB706E893493B50840DC0A,IMPHASH=89A3D9DE9FED48F734C9553D16342280",
                            "ParentImage": "C:\\Windows\\System32\\cmd.exe",
                            "IntegrityLevel": "High",
                            "TerminalSessionId": "1",
                            "Image": "C:\\Windows\\System32\\wevtutil.exe",
                            "ParentProcessId": "4648",
                            "ParentProcessGuid": "C784477D-0529-62FE-9B00-000000004700",
                            "Product": "Microsoft\u00ae Windows\u00ae Operating System",
                            "LogonGuid": "C784477D-051D-62FE-0732-040000000000",
                            "EventID": "1",
                            "ProcessGuid": "C784477D-0536-62FE-7407-000000004700",
                            "CommandLine": "wevtutil  cl \"Microsoft-Windows-TerminalServices-ClientUSBDevices/Debug\"",
                            "ParentCommandLine": "\"C:\\Windows\\System32\\cmd.exe\" /C \"C:\\startup.bat\" ",
                            "ProcessId": "4644",
                            "FileVersion": "10.0.17134.81 (WinBuild.160101.0800)",
                            "Company": "Microsoft Corporation"
                        }
                    },
                    {
                        "values": {
                            "RuleName": "-",
                            "CurrentDirectory": "C:\\Windows\\system32\\",
                            "LogonId": "274951",
                            "OriginalFileName": "wevtutil.exe",
                            "UtcTime": "2022-08-18 09:24:06.035",
                            "Description": "Eventing Command Line Utility",
                            "User": "DESKTOP-B0T93D6\\george",
                            "Hashes": "MD5=0269064AA2DD91125F13635FB194F499,SHA256=AB86C6C090FA85C2920A637D2BE274335A86FBC0A7FB706E893493B50840DC0A,IMPHASH=89A3D9DE9FED48F734C9553D16342280",
                            "ParentImage": "C:\\Windows\\System32\\cmd.exe",
                            "IntegrityLevel": "High",
                            "TerminalSessionId": "1",
                            "Image": "C:\\Windows\\System32\\wevtutil.exe",
                            "ParentProcessId": "4176",
                            "ParentProcessGuid": "C784477D-051D-62FE-7700-000000004700",
                            "Product": "Microsoft\u00ae Windows\u00ae Operating System",
                            "LogonGuid": "C784477D-051D-62FE-0732-040000000000",
                            "EventID": "1",
                            "ProcessGuid": "C784477D-0536-62FE-7507-000000004700",
                            "CommandLine": "wevtutil  cl \"Microsoft-Windows-TSF-msctf/Debug\"",
                            "ParentCommandLine": "C:\\Windows\\SYSTEM32\\cmd.exe /c \"C:\\startup.bat\"",
                            "ProcessId": "1360",
                            "FileVersion": "10.0.17134.81 (WinBuild.160101.0800)",
                            "Company": "Microsoft Corporation"
                        }
                    },
                    {
                        "values": {
                            "RuleName": "-",
                            "CurrentDirectory": "C:\\",
                            "LogonId": "274951",
                            "OriginalFileName": "wevtutil.exe",
                            "UtcTime": "2022-08-18 09:24:06.040",
                            "Description": "Eventing Command Line Utility",
                            "User": "DESKTOP-B0T93D6\\george",
                            "Hashes": "MD5=0269064AA2DD91125F13635FB194F499,SHA256=AB86C6C090FA85C2920A637D2BE274335A86FBC0A7FB706E893493B50840DC0A,IMPHASH=89A3D9DE9FED48F734C9553D16342280",
                            "ParentImage": "C:\\Windows\\System32\\cmd.exe",
                            "IntegrityLevel": "High",
                            "TerminalSessionId": "1",
                            "Image": "C:\\Windows\\System32\\wevtutil.exe",
                            "ParentProcessId": "4648",
                            "ParentProcessGuid": "C784477D-0529-62FE-9B00-000000004700",
                            "Product": "Microsoft\u00ae Windows\u00ae Operating System",
                            "LogonGuid": "C784477D-051D-62FE-0732-040000000000",
                            "EventID": "1",
                            "ProcessGuid": "C784477D-0536-62FE-7607-000000004700",
                            "CommandLine": "wevtutil  cl \"Microsoft-Windows-TerminalServices-ClientUSBDevices/Operational\"",
                            "ParentCommandLine": "\"C:\\Windows\\System32\\cmd.exe\" /C \"C:\\startup.bat\" ",
                            "ProcessId": "684",
                            "FileVersion": "10.0.17134.81 (WinBuild.160101.0800)",
                            "Company": "Microsoft Corporation"
                        }
                    },
                    {
                        "values": {
                            "RuleName": "-",
                            "CurrentDirectory": "C:\\Windows\\system32\\",
                            "LogonId": "274951",
                            "OriginalFileName": "wevtutil.exe",
                            "UtcTime": "2022-08-18 09:24:06.049",
                            "Description": "Eventing Command Line Utility",
                            "User": "DESKTOP-B0T93D6\\george",
                            "Hashes": "MD5=0269064AA2DD91125F13635FB194F499,SHA256=AB86C6C090FA85C2920A637D2BE274335A86FBC0A7FB706E893493B50840DC0A,IMPHASH=89A3D9DE9FED48F734C9553D16342280",
                            "ParentImage": "C:\\Windows\\System32\\cmd.exe",
                            "IntegrityLevel": "High",
                            "TerminalSessionId": "1",
                            "Image": "C:\\Windows\\System32\\wevtutil.exe",
                            "ParentProcessId": "4176",
                            "ParentProcessGuid": "C784477D-051D-62FE-7700-000000004700",
                            "Product": "Microsoft\u00ae Windows\u00ae Operating System",
                            "LogonGuid": "C784477D-051D-62FE-0732-040000000000",
                            "EventID": "1",
                            "ProcessGuid": "C784477D-0536-62FE-7707-000000004700",
                            "CommandLine": "wevtutil  cl \"Microsoft-Windows-TSF-msctf/Diagnostic\"",
                            "ParentCommandLine": "C:\\Windows\\SYSTEM32\\cmd.exe /c \"C:\\startup.bat\"",
                            "ProcessId": "2268",
                            "FileVersion": "10.0.17134.81 (WinBuild.160101.0800)",
                            "Company": "Microsoft Corporation"
                        }
                    },
