                    {
                        "values": {
                            "RuleName": "-",
                            "CurrentDirectory": "C:\\Program Files (x86)\\AutoIt3\\",
                            "LogonId": "274951",
                            "OriginalFileName": "Cmd.Exe",
                            "UtcTime": "2022-08-18 09:29:19.270",
                            "Description": "Windows Command Processor",
                            "User": "DESKTOP-B0T93D6\\george",
                            "Hashes": "MD5=F3BDBE3BB6F734E357235F4D5898582D,SHA256=3685495D051137B1C4EFDE22C26DF0883614B6453B762FA84588DA55ED2E7744,IMPHASH=0AF8419BE362159398343D7B31721726",
                            "ParentImage": "C:\\Program Files (x86)\\AutoIt3\\AutoIt3.exe",
                            "IntegrityLevel": "High",
                            "TerminalSessionId": "1",
                            "Image": "C:\\Windows\\SysWOW64\\cmd.exe",
                            "ParentProcessId": "1664",
                            "ParentProcessGuid": "C784477D-066C-62FE-020A-000000004700",
                            "Product": "Microsoft\u00ae Windows\u00ae Operating System",
                            "LogonGuid": "C784477D-051D-62FE-0732-040000000000",
                            "EventID": "1",
                            "ProcessGuid": "C784477D-066F-62FE-890A-000000004700",
                            "CommandLine": "C:\\Windows\\system32\\cmd.exe /c \"sc start MpsSvc\" 1> fw 2>&1",
                            "ParentCommandLine": "\"C:\\Program Files (x86)\\AutoIt3\\AutoIt3.exe\" \"C:\\Users\\george\\Desktop\\script.0.au3\"",
                            "ProcessId": "6192",
                            "FileVersion": "10.0.17134.1 (WinBuild.160101.0800)",
                            "Company": "Microsoft Corporation"
                        }
                    },
                    {
                        "values": {
                            "RuleName": "-",
                            "CurrentDirectory": "C:\\Program Files (x86)\\AutoIt3\\",
                            "LogonId": "274951",
                            "OriginalFileName": "Cmd.Exe",
                            "UtcTime": "2022-08-18 09:29:19.332",
                            "Description": "Windows Command Processor",
                            "User": "DESKTOP-B0T93D6\\george",
                            "Hashes": "MD5=F3BDBE3BB6F734E357235F4D5898582D,SHA256=3685495D051137B1C4EFDE22C26DF0883614B6453B762FA84588DA55ED2E7744,IMPHASH=0AF8419BE362159398343D7B31721726",
                            "ParentImage": "C:\\Program Files (x86)\\AutoIt3\\AutoIt3.exe",
                            "IntegrityLevel": "High",
                            "TerminalSessionId": "1",
                            "Image": "C:\\Windows\\SysWOW64\\cmd.exe",
                            "ParentProcessId": "1664",
                            "ParentProcessGuid": "C784477D-066C-62FE-020A-000000004700",
                            "Product": "Microsoft\u00ae Windows\u00ae Operating System",
                            "LogonGuid": "C784477D-051D-62FE-0732-040000000000",
                            "EventID": "1",
                            "ProcessGuid": "C784477D-066F-62FE-8C0A-000000004700",
                            "CommandLine": "C:\\Windows\\system32\\cmd.exe /c \"netsh advfirewall set allprofiles state off\" 1> fw 2>&1",
                            "ParentCommandLine": "\"C:\\Program Files (x86)\\AutoIt3\\AutoIt3.exe\" \"C:\\Users\\george\\Desktop\\script.0.au3\"",
                            "ProcessId": "6624",
                            "FileVersion": "10.0.17134.1 (WinBuild.160101.0800)",
                            "Company": "Microsoft Corporation"
                        }
                    },
                    {
                        "values": {
                            "RuleName": "-",
                            "CurrentDirectory": "C:\\Program Files (x86)\\AutoIt3\\",
                            "LogonId": "274951",
                            "OriginalFileName": "Cmd.Exe",
                            "UtcTime": "2022-08-18 09:29:19.810",
                            "Description": "Windows Command Processor",
                            "User": "DESKTOP-B0T93D6\\george",
                            "Hashes": "MD5=F3BDBE3BB6F734E357235F4D5898582D,SHA256=3685495D051137B1C4EFDE22C26DF0883614B6453B762FA84588DA55ED2E7744,IMPHASH=0AF8419BE362159398343D7B31721726",
                            "ParentImage": "C:\\Program Files (x86)\\AutoIt3\\AutoIt3.exe",
                            "IntegrityLevel": "High",
                            "TerminalSessionId": "1",
                            "Image": "C:\\Windows\\SysWOW64\\cmd.exe",
                            "ParentProcessId": "1664",
                            "ParentProcessGuid": "C784477D-066C-62FE-020A-000000004700",
                            "Product": "Microsoft\u00ae Windows\u00ae Operating System",
                            "LogonGuid": "C784477D-051D-62FE-0732-040000000000",
                            "EventID": "1",
                            "ProcessGuid": "C784477D-066F-62FE-B40A-000000004700",
                            "CommandLine": "C:\\Windows\\system32\\cmd.exe /c C:\\Windows\\Sysnative\\bcdedit.exe 1> bcdedit 2>&1",
                            "ParentCommandLine": "\"C:\\Program Files (x86)\\AutoIt3\\AutoIt3.exe\" \"C:\\Users\\george\\Desktop\\script.0.au3\"",
                            "ProcessId": "5836",
                            "FileVersion": "10.0.17134.1 (WinBuild.160101.0800)",
                            "Company": "Microsoft Corporation"
                        }
                    },
                    {
                        "values": {
                            "RuleName": "-",
                            "CurrentDirectory": "C:\\Program Files (x86)\\AutoIt3\\",
                            "LogonId": "274951",
                            "OriginalFileName": "Cmd.Exe",
                            "UtcTime": "2022-08-18 09:29:20.595",
                            "Description": "Windows Command Processor",
                            "User": "DESKTOP-B0T93D6\\george",
                            "Hashes": "MD5=F3BDBE3BB6F734E357235F4D5898582D,SHA256=3685495D051137B1C4EFDE22C26DF0883614B6453B762FA84588DA55ED2E7744,IMPHASH=0AF8419BE362159398343D7B31721726",
                            "ParentImage": "C:\\Program Files (x86)\\AutoIt3\\AutoIt3.exe",
                            "IntegrityLevel": "High",
                            "TerminalSessionId": "1",
                            "Image": "C:\\Windows\\SysWOW64\\cmd.exe",
                            "ParentProcessId": "1664",
                            "ParentProcessGuid": "C784477D-066C-62FE-020A-000000004700",
                            "Product": "Microsoft\u00ae Windows\u00ae Operating System",
                            "LogonGuid": "C784477D-051D-62FE-0732-040000000000",
                            "EventID": "1",
                            "ProcessGuid": "C784477D-0670-62FE-BF0A-000000004700",
                            "CommandLine": "C:\\Windows\\system32\\cmd.exe /c netsh advfirewall firewall add rule name=\"FkwRk\" dir=in action=allow protocol=UDP localport=74 1> fw.out 2>&1",
                            "ParentCommandLine": "\"C:\\Program Files (x86)\\AutoIt3\\AutoIt3.exe\" \"C:\\Users\\george\\Desktop\\script.0.au3\"",
                            "ProcessId": "6616",
                            "FileVersion": "10.0.17134.1 (WinBuild.160101.0800)",
                            "Company": "Microsoft Corporation"
                        }
                    },
                    {
                        "values": {
                            "RuleName": "-",
                            "CurrentDirectory": "C:\\Program Files (x86)\\AutoIt3\\",
                            "LogonId": "274951",
                            "OriginalFileName": "Cmd.Exe",
                            "UtcTime": "2022-08-18 09:29:20.775",
                            "Description": "Windows Command Processor",
                            "User": "DESKTOP-B0T93D6\\george",
                            "Hashes": "MD5=F3BDBE3BB6F734E357235F4D5898582D,SHA256=3685495D051137B1C4EFDE22C26DF0883614B6453B762FA84588DA55ED2E7744,IMPHASH=0AF8419BE362159398343D7B31721726",
                            "ParentImage": "C:\\Program Files (x86)\\AutoIt3\\AutoIt3.exe",
                            "IntegrityLevel": "High",
                            "TerminalSessionId": "1",
                            "Image": "C:\\Windows\\SysWOW64\\cmd.exe",
                            "ParentProcessId": "1664",
                            "ParentProcessGuid": "C784477D-066C-62FE-020A-000000004700",
                            "Product": "Microsoft\u00ae Windows\u00ae Operating System",
                            "LogonGuid": "C784477D-051D-62FE-0732-040000000000",
                            "EventID": "1",
                            "ProcessGuid": "C784477D-0670-62FE-C20A-000000004700",
                            "CommandLine": "C:\\Windows\\system32\\cmd.exe /c netsh advfirewall firewall add rule name=\"QmOuA\" dir=out action=allow protocol=UDP localport=74 1> fw.out 2>&1",
                            "ParentCommandLine": "\"C:\\Program Files (x86)\\AutoIt3\\AutoIt3.exe\" \"C:\\Users\\george\\Desktop\\script.0.au3\"",
                            "ProcessId": "6500",
                            "FileVersion": "10.0.17134.1 (WinBuild.160101.0800)",
                            "Company": "Microsoft Corporation"
                        }
                    },
                    {
                        "values": {
                            "RuleName": "-",
                            "CurrentDirectory": "C:\\Program Files (x86)\\Joebox\\control\\",
                            "LogonId": "274951",
                            "OriginalFileName": "Cmd.Exe",
                            "UtcTime": "2022-10-04 21:37:55.827",
                            "Description": "Windows Command Processor",
                            "User": "DESKTOP-B0T93D6\\george",
                            "Hashes": "MD5=4E2ACF4F8A396486AB4268C94A6A245F,SHA256=9A7C58BD98D70631AA1473F7B57B426DB367D72429A5455B433A05EE251F3236,IMPHASH=8542FB14699D84D7E8DA92F66145C7FE",
                            "ParentImage": "C:\\Program Files (x86)\\Joebox\\control\\joeboxcontrol.exe",
                            "IntegrityLevel": "High",
                            "TerminalSessionId": "1",
                            "Image": "C:\\Windows\\System32\\cmd.exe",
                            "ParentProcessId": "7396",
                            "ParentProcessGuid": "C784477D-0671-62FE-C60A-000000004700",
                            "Product": "Microsoft\u00ae Windows\u00ae Operating System",
                            "LogonGuid": "C784477D-051D-62FE-0732-040000000000",
                            "EventID": "1",
                            "ProcessGuid": "C784477D-A7B3-633C-DA0A-000000004700",
                            "CommandLine": "C:\\Windows\\system32\\cmd.exe /c icacls \\\\192.168.2.1\\joe-windows-g15-3\\syscalls\\ /setintegritylevel (CI)(OI)L > nul",
                            "ParentCommandLine": "\"C:\\Program Files (x86)\\Joebox\\control\\joeboxcontrol.exe\"",
                            "ProcessId": "8164",
                            "FileVersion": "10.0.17134.1 (WinBuild.160101.0800)",
                            "Company": "Microsoft Corporation"
                        }
                    }
                ],
                "rule_level": "low",
                "rule_id": "e77646c39db7fa011a5223aeb73c738046787fc7f62a99394e883d76a54341f7",
                "rule_source": "Sigma Integrated Rule Set (GitHub)",
                "rule_title": "Redirect Output in CommandLine",
                "rule_description": "Use \">\" to redicrect information in commandline",
                "rule_author": "frack113"
            },
            {
                "match_context": [
                    {
                        "values": {
                            "RuleName": "-",
                            "CurrentDirectory": "C:\\Program Files (x86)\\AutoIt3\\",
                            "LogonId": "274951",
                            "OriginalFileName": "net.exe",
                            "UtcTime": "2022-08-18 09:29:17.355",
                            "Description": "Net Command",
                            "User": "DESKTOP-B0T93D6\\george",
                            "Hashes": "MD5=DD0561156F62BC1958CE0E370B23711B,SHA256=FD41D0261C6D22572DA448BCB5CBBB98F78A2922D1F1074D25237CC82C8CE432,IMPHASH=86350518EAE83E4A09BBF6317BA1C570",
                            "ParentImage": "C:\\Windows\\SysWOW64\\cmd.exe",
                            "IntegrityLevel": "High",
                            "TerminalSessionId": "1",
                            "Image": "C:\\Windows\\SysWOW64\\net.exe",
                            "ParentProcessId": "6820",
                            "ParentProcessGuid": "C784477D-066D-62FE-0D0A-000000004700",
                            "Product": "Microsoft\u00ae Windows\u00ae Operating System",
                            "LogonGuid": "C784477D-051D-62FE-0732-040000000000",
                            "EventID": "1",
                            "ProcessGuid": "C784477D-066D-62FE-0F0A-000000004700",
                            "CommandLine": "net  stop SysMain",
                            "ParentCommandLine": "C:\\Windows\\system32\\cmd.exe /c net stop SysMain",
                            "ProcessId": "6872",
                            "FileVersion": "10.0.17134.1 (WinBuild.160101.0800)",
                            "Company": "Microsoft Corporation"
                        }
                    },
                    {
                        "values": {
                            "RuleName": "-",
                            "CurrentDirectory": "C:\\Program Files (x86)\\AutoIt3\\",
                            "LogonId": "274951",
                            "OriginalFileName": "net1.exe",
                            "UtcTime": "2022-08-18 09:29:17.367",
                            "Description": "Net Command",
                            "User": "DESKTOP-B0T93D6\\george",
                            "Hashes": "MD5=B5A26C2BF17222E86B91D26F1247AF3E,SHA256=14CC5BE4C833ACC652195DEAD113E1C3B4AC0B98EA1AEAD11957836F9AE721CF,IMPHASH=3D3E7537BD3BA07738DC5CA8AD01B073",
                            "ParentImage": "C:\\Windows\\SysWOW64\\net.exe",
                            "IntegrityLevel": "High",
                            "TerminalSessionId": "1",
                            "Image": "C:\\Windows\\SysWOW64\\net1.exe",
                            "ParentProcessId": "6872",
                            "ParentProcessGuid": "C784477D-066D-62FE-0F0A-000000004700",
                            "Product": "Microsoft\u00ae Windows\u00ae Operating System",
                            "LogonGuid": "C784477D-051D-62FE-0732-040000000000",
                            "EventID": "1",
                            "ProcessGuid": "C784477D-066D-62FE-100A-000000004700",
                            "CommandLine": "C:\\Windows\\system32\\net1  stop SysMain",
                            "ParentCommandLine": "net  stop SysMain",
                            "ProcessId": "6892",
                            "FileVersion": "10.0.17134.1 (WinBuild.160101.0800)",
                            "Company": "Microsoft Corporation"
                        }
                    },
                    {
                        "values": {
                            "RuleName": "-",
                            "CurrentDirectory": "C:\\Program Files (x86)\\AutoIt3\\",
                            "LogonId": "274951",
                            "OriginalFileName": "net.exe",
                            "UtcTime": "2022-08-18 09:29:17.934",
                            "Description": "Net Command",
                            "User": "DESKTOP-B0T93D6\\george",
                            "Hashes": "MD5=DD0561156F62BC1958CE0E370B23711B,SHA256=FD41D0261C6D22572DA448BCB5CBBB98F78A2922D1F1074D25237CC82C8CE432,IMPHASH=86350518EAE83E4A09BBF6317BA1C570",
                            "ParentImage": "C:\\Windows\\SysWOW64\\cmd.exe",
                            "IntegrityLevel": "High",
                            "TerminalSessionId": "1",
                            "Image": "C:\\Windows\\SysWOW64\\net.exe",
                            "ParentProcessId": "4240",
                            "ParentProcessGuid": "C784477D-066D-62FE-1E0A-000000004700",
                            "Product": "Microsoft\u00ae Windows\u00ae Operating System",
                            "LogonGuid": "C784477D-051D-62FE-0732-040000000000",
                            "EventID": "1",
                            "ProcessGuid": "C784477D-066D-62FE-200A-000000004700",
                            "CommandLine": "net  stop AdobeARMservice",
                            "ParentCommandLine": "C:\\Windows\\system32\\cmd.exe /c net stop AdobeARMservice",
                            "ProcessId": "4196",
                            "FileVersion": "10.0.17134.1 (WinBuild.160101.0800)",
                            "Company": "Microsoft Corporation"
                        }
                    },
                    {
                        "values": {
                            "RuleName": "-",
                            "CurrentDirectory": "C:\\Program Files (x86)\\AutoIt3\\",
                            "LogonId": "274951",
                            "OriginalFileName": "net1.exe",
                            "UtcTime": "2022-08-18 09:29:18.118",
                            "Description": "Net Command",
                            "User": "DESKTOP-B0T93D6\\george",
                            "Hashes": "MD5=B5A26C2BF17222E86B91D26F1247AF3E,SHA256=14CC5BE4C833ACC652195DEAD113E1C3B4AC0B98EA1AEAD11957836F9AE721CF,IMPHASH=3D3E7537BD3BA07738DC5CA8AD01B073",
                            "ParentImage": "C:\\Windows\\SysWOW64\\net.exe",
                            "IntegrityLevel": "High",
                            "TerminalSessionId": "1",
                            "Image": "C:\\Windows\\SysWOW64\\net1.exe",
                            "ParentProcessId": "4196",
                            "ParentProcessGuid": "C784477D-066D-62FE-200A-000000004700",
                            "Product": "Microsoft\u00ae Windows\u00ae Operating System",
                            "LogonGuid": "C784477D-051D-62FE-0732-040000000000",
                            "EventID": "1",
                            "ProcessGuid": "C784477D-066E-62FE-230A-000000004700",
                            "CommandLine": "C:\\Windows\\system32\\net1  stop AdobeARMservice",
                            "ParentCommandLine": "net  stop AdobeARMservice",
                            "ProcessId": "6548",
                            "FileVersion": "10.0.17134.1 (WinBuild.160101.0800)",
                            "Company": "Microsoft Corporation"
                        }
                    },
                    {
                        "values": {
                            "RuleName": "-",
                            "CurrentDirectory": "C:\\Program Files (x86)\\AutoIt3\\",
                            "LogonId": "274951",
                            "OriginalFileName": "net.exe",
                            "UtcTime": "2022-08-18 09:29:18.451",
                            "Description": "Net Command",
                            "User": "DESKTOP-B0T93D6\\george",
                            "Hashes": "MD5=DD0561156F62BC1958CE0E370B23711B,SHA256=FD41D0261C6D22572DA448BCB5CBBB98F78A2922D1F1074D25237CC82C8CE432,IMPHASH=86350518EAE83E4A09BBF6317BA1C570",
                            "ParentImage": "C:\\Windows\\SysWOW64\\cmd.exe",
                            "IntegrityLevel": "High",
                            "TerminalSessionId": "1",
                            "Image": "C:\\Windows\\SysWOW64\\net.exe",
                            "ParentProcessId": "2624",
                            "ParentProcessGuid": "C784477D-066E-62FE-280A-000000004700",
                            "Product": "Microsoft\u00ae Windows\u00ae Operating System",
                            "LogonGuid": "C784477D-051D-62FE-0732-040000000000",
                            "EventID": "1",
                            "ProcessGuid": "C784477D-066E-62FE-2E0A-000000004700",
                            "CommandLine": "net  stop gupdate",
                            "ParentCommandLine": "C:\\Windows\\system32\\cmd.exe /c net stop gupdate",
                            "ProcessId": "5356",
                            "FileVersion": "10.0.17134.1 (WinBuild.160101.0800)",
                            "Company": "Microsoft Corporation"
                        }
                    },
                    {
                        "values": {
                            "RuleName": "-",
                            "CurrentDirectory": "C:\\Program Files (x86)\\AutoIt3\\",
                            "LogonId": "274951",
                            "OriginalFileName": "net.exe",
                            "UtcTime": "2022-08-18 09:29:18.459",
                            "Description": "Net Command",
                            "User": "DESKTOP-B0T93D6\\george",
                            "Hashes": "MD5=DD0561156F62BC1958CE0E370B23711B,SHA256=FD41D0261C6D22572DA448BCB5CBBB98F78A2922D1F1074D25237CC82C8CE432,IMPHASH=86350518EAE83E4A09BBF6317BA1C570",
                            "ParentImage": "C:\\Windows\\SysWOW64\\cmd.exe",
                            "IntegrityLevel": "High",
                            "TerminalSessionId": "1",
                            "Image": "C:\\Windows\\SysWOW64\\net.exe",
                            "ParentProcessId": "6036",
                            "ParentProcessGuid": "C784477D-066E-62FE-290A-000000004700",
                            "Product": "Microsoft\u00ae Windows\u00ae Operating System",
                            "LogonGuid": "C784477D-051D-62FE-0732-040000000000",
                            "EventID": "1",
                            "ProcessGuid": "C784477D-066E-62FE-2F0A-000000004700",
                            "CommandLine": "net  stop gupdatem",
                            "ParentCommandLine": "C:\\Windows\\system32\\cmd.exe /c net stop gupdatem",
                            "ProcessId": "5688",
                            "FileVersion": "10.0.17134.1 (WinBuild.160101.0800)",
                            "Company": "Microsoft Corporation"
                        }
                    },
                    {
                        "values": {
                            "RuleName": "-",
                            "CurrentDirectory": "C:\\Program Files (x86)\\AutoIt3\\",
                            "LogonId": "274951",
                            "OriginalFileName": "net1.exe",
                            "UtcTime": "2022-08-18 09:29:18.469",
                            "Description": "Net Command",
                            "User": "DESKTOP-B0T93D6\\george",
                            "Hashes": "MD5=B5A26C2BF17222E86B91D26F1247AF3E,SHA256=14CC5BE4C833ACC652195DEAD113E1C3B4AC0B98EA1AEAD11957836F9AE721CF,IMPHASH=3D3E7537BD3BA07738DC5CA8AD01B073",
                            "ParentImage": "C:\\Windows\\SysWOW64\\net.exe",
                            "IntegrityLevel": "High",
                            "TerminalSessionId": "1",
                            "Image": "C:\\Windows\\SysWOW64\\net1.exe",
                            "ParentProcessId": "5356",
                            "ParentProcessGuid": "C784477D-066E-62FE-2E0A-000000004700",
                            "Product": "Microsoft\u00ae Windows\u00ae Operating System",
                            "LogonGuid": "C784477D-051D-62FE-0732-040000000000",
                            "EventID": "1",
                            "ProcessGuid": "C784477D-066E-62FE-310A-000000004700",
                            "CommandLine": "C:\\Windows\\system32\\net1  stop gupdate",
                            "ParentCommandLine": "net  stop gupdate",
                            "ProcessId": "6196",
                            "FileVersion": "10.0.17134.1 (WinBuild.160101.0800)",
                            "Company": "Microsoft Corporation"
                        }
                    },
                    {
                        "values": {
                            "RuleName": "-",
                            "CurrentDirectory": "C:\\Program Files (x86)\\AutoIt3\\",
                            "LogonId": "274951",
                            "OriginalFileName": "net1.exe",
                            "UtcTime": "2022-08-18 09:29:18.475",
                            "Description": "Net Command",
                            "User": "DESKTOP-B0T93D6\\george",
                            "Hashes": "MD5=B5A26C2BF17222E86B91D26F1247AF3E,SHA256=14CC5BE4C833ACC652195DEAD113E1C3B4AC0B98EA1AEAD11957836F9AE721CF,IMPHASH=3D3E7537BD3BA07738DC5CA8AD01B073",
                            "ParentImage": "C:\\Windows\\SysWOW64\\net.exe",
                            "IntegrityLevel": "High",
                            "TerminalSessionId": "1",
                            "Image": "C:\\Windows\\SysWOW64\\net1.exe",
                            "ParentProcessId": "5688",
                            "ParentProcessGuid": "C784477D-066E-62FE-2F0A-000000004700",
                            "Product": "Microsoft\u00ae Windows\u00ae Operating System",
                            "LogonGuid": "C784477D-051D-62FE-0732-040000000000",
                            "EventID": "1",
                            "ProcessGuid": "C784477D-066E-62FE-320A-000000004700",
                            "CommandLine": "C:\\Windows\\system32\\net1  stop gupdatem",
                            "ParentCommandLine": "net  stop gupdatem",
                            "ProcessId": "6168",
                            "FileVersion": "10.0.17134.1 (WinBuild.160101.0800)",
                            "Company": "Microsoft Corporation"
                        }
                    },
                    {
                        "values": {
                            "RuleName": "-",
                            "CurrentDirectory": "C:\\Program Files (x86)\\AutoIt3\\",
                            "LogonId": "274951",
                            "OriginalFileName": "net.exe",
                            "UtcTime": "2022-08-18 09:29:18.539",
                            "Description": "Net Command",
                            "User": "DESKTOP-B0T93D6\\george",
                            "Hashes": "MD5=DD0561156F62BC1958CE0E370B23711B,SHA256=FD41D0261C6D22572DA448BCB5CBBB98F78A2922D1F1074D25237CC82C8CE432,IMPHASH=86350518EAE83E4A09BBF6317BA1C570",
                            "ParentImage": "C:\\Windows\\SysWOW64\\cmd.exe",
                            "IntegrityLevel": "High",
                            "TerminalSessionId": "1",
                            "Image": "C:\\Windows\\SysWOW64\\net.exe",
                            "ParentProcessId": "3988",
                            "ParentProcessGuid": "C784477D-066E-62FE-330A-000000004700",
                            "Product": "Microsoft\u00ae Windows\u00ae Operating System",
                            "LogonGuid": "C784477D-051D-62FE-0732-040000000000",
                            "EventID": "1",
                            "ProcessGuid": "C784477D-066E-62FE-370A-000000004700",
                            "CommandLine": "net  stop MozillaMaintenance",
                            "ParentCommandLine": "C:\\Windows\\system32\\cmd.exe /c net stop MozillaMaintenance",
                            "ProcessId": "4856",
                            "FileVersion": "10.0.17134.1 (WinBuild.160101.0800)",
                            "Company": "Microsoft Corporation"
                        }
                    },
                    {
                        "values": {
                            "RuleName": "-",
                            "CurrentDirectory": "C:\\Program Files (x86)\\AutoIt3\\",
                            "LogonId": "274951",
                            "OriginalFileName": "net1.exe",
                            "UtcTime": "2022-08-18 09:29:18.549",
                            "Description": "Net Command",
                            "User": "DESKTOP-B0T93D6\\george",
                            "Hashes": "MD5=B5A26C2BF17222E86B91D26F1247AF3E,SHA256=14CC5BE4C833ACC652195DEAD113E1C3B4AC0B98EA1AEAD11957836F9AE721CF,IMPHASH=3D3E7537BD3BA07738DC5CA8AD01B073",
                            "ParentImage": "C:\\Windows\\SysWOW64\\net.exe",
                            "IntegrityLevel": "High",
                            "TerminalSessionId": "1",
                            "Image": "C:\\Windows\\SysWOW64\\net1.exe",
                            "ParentProcessId": "4856",
                            "ParentProcessGuid": "C784477D-066E-62FE-370A-000000004700",
                            "Product": "Microsoft\u00ae Windows\u00ae Operating System",
                            "LogonGuid": "C784477D-051D-62FE-0732-040000000000",
                            "EventID": "1",
                            "ProcessGuid": "C784477D-066E-62FE-390A-000000004700",
                            "CommandLine": "C:\\Windows\\system32\\net1  stop MozillaMaintenance",
                            "ParentCommandLine": "net  stop MozillaMaintenance",
                            "ProcessId": "5948",
                            "FileVersion": "10.0.17134.1 (WinBuild.160101.0800)",
                            "Company": "Microsoft Corporation"
                        }
                    },
                    {
                        "values": {
                            "RuleName": "-",
                            "CurrentDirectory": "C:\\Program Files (x86)\\AutoIt3\\",
                            "LogonId": "274951",
                            "OriginalFileName": "net.exe",
                            "UtcTime": "2022-08-18 09:29:18.619",
                            "Description": "Net Command",
                            "User": "DESKTOP-B0T93D6\\george",
                            "Hashes": "MD5=DD0561156F62BC1958CE0E370B23711B,SHA256=FD41D0261C6D22572DA448BCB5CBBB98F78A2922D1F1074D25237CC82C8CE432,IMPHASH=86350518EAE83E4A09BBF6317BA1C570",
                            "ParentImage": "C:\\Windows\\SysWOW64\\cmd.exe",
                            "IntegrityLevel": "High",
                            "TerminalSessionId": "1",
                            "Image": "C:\\Windows\\SysWOW64\\net.exe",
                            "ParentProcessId": "6572",
                            "ParentProcessGuid": "C784477D-066E-62FE-3A0A-000000004700",
                            "Product": "Microsoft\u00ae Windows\u00ae Operating System",
                            "LogonGuid": "C784477D-051D-62FE-0732-040000000000",
                            "EventID": "1",
                            "ProcessGuid": "C784477D-066E-62FE-3F0A-000000004700",
                            "CommandLine": "net  stop edgeupdatem",
                            "ParentCommandLine": "C:\\Windows\\system32\\cmd.exe /c net stop edgeupdatem",
                            "ProcessId": "1140",
                            "FileVersion": "10.0.17134.1 (WinBuild.160101.0800)",
                            "Company": "Microsoft Corporation"
                        }
                    },
                    {
                        "values": {
                            "RuleName": "-",
                            "CurrentDirectory": "C:\\Program Files (x86)\\AutoIt3\\",
                            "LogonId": "274951",
                            "OriginalFileName": "net1.exe",
                            "UtcTime": "2022-08-18 09:29:18.628",
                            "Description": "Net Command",
                            "User": "DESKTOP-B0T93D6\\george",
                            "Hashes": "MD5=B5A26C2BF17222E86B91D26F1247AF3E,SHA256=14CC5BE4C833ACC652195DEAD113E1C3B4AC0B98EA1AEAD11957836F9AE721CF,IMPHASH=3D3E7537BD3BA07738DC5CA8AD01B073",
                            "ParentImage": "C:\\Windows\\SysWOW64\\net.exe",
                            "IntegrityLevel": "High",
                            "TerminalSessionId": "1",
                            "Image": "C:\\Windows\\SysWOW64\\net1.exe",
                            "ParentProcessId": "1140",
                            "ParentProcessGuid": "C784477D-066E-62FE-3F0A-000000004700",
                            "Product": "Microsoft\u00ae Windows\u00ae Operating System",
                            "LogonGuid": "C784477D-051D-62FE-0732-040000000000",
                            "EventID": "1",
                            "ProcessGuid": "C784477D-066E-62FE-400A-000000004700",
                            "CommandLine": "C:\\Windows\\system32\\net1  stop edgeupdatem",
                            "ParentCommandLine": "net  stop edgeupdatem",
                            "ProcessId": "540",
                            "FileVersion": "10.0.17134.1 (WinBuild.160101.0800)",
                            "Company": "Microsoft Corporation"
                        }
                    },
                    {
                        "values": {
                            "RuleName": "-",
                            "CurrentDirectory": "C:\\Program Files (x86)\\AutoIt3\\",
                            "LogonId": "274951",
                            "OriginalFileName": "net.exe",
                            "UtcTime": "2022-08-18 09:29:18.673",
                            "Description": "Net Command",
                            "User": "DESKTOP-B0T93D6\\george",
                            "Hashes": "MD5=DD0561156F62BC1958CE0E370B23711B,SHA256=FD41D0261C6D22572DA448BCB5CBBB98F78A2922D1F1074D25237CC82C8CE432,IMPHASH=86350518EAE83E4A09BBF6317BA1C570",
                            "ParentImage": "C:\\Windows\\SysWOW64\\cmd.exe",
                            "IntegrityLevel": "High",
                            "TerminalSessionId": "1",
                            "Image": "C:\\Windows\\SysWOW64\\net.exe",
                            "ParentProcessId": "6660",
                            "ParentProcessGuid": "C784477D-066E-62FE-410A-000000004700",
                            "Product": "Microsoft\u00ae Windows\u00ae Operating System",
                            "LogonGuid": "C784477D-051D-62FE-0732-040000000000",
                            "EventID": "1",
                            "ProcessGuid": "C784477D-066E-62FE-450A-000000004700",
                            "CommandLine": "net  stop dnscache",
                            "ParentCommandLine": "C:\\Windows\\system32\\cmd.exe /c net stop dnscache",
                            "ProcessId": "6676",
                            "FileVersion": "10.0.17134.1 (WinBuild.160101.0800)",
                            "Company": "Microsoft Corporation"
                        }
                    },
                    {
                        "values": {
                            "RuleName": "-",
                            "CurrentDirectory": "C:\\Program Files (x86)\\AutoIt3\\",
                            "LogonId": "274951",
                            "OriginalFileName": "net1.exe",
                            "UtcTime": "2022-08-18 09:29:18.683",
                            "Description": "Net Command",
                            "User": "DESKTOP-B0T93D6\\george",
                            "Hashes": "MD5=B5A26C2BF17222E86B91D26F1247AF3E,SHA256=14CC5BE4C833ACC652195DEAD113E1C3B4AC0B98EA1AEAD11957836F9AE721CF,IMPHASH=3D3E7537BD3BA07738DC5CA8AD01B073",
                            "ParentImage": "C:\\Windows\\SysWOW64\\net.exe",
                            "IntegrityLevel": "High",
                            "TerminalSessionId": "1",
                            "Image": "C:\\Windows\\SysWOW64\\net1.exe",
                            "ParentProcessId": "6676",
                            "ParentProcessGuid": "C784477D-066E-62FE-450A-000000004700",
                            "Product": "Microsoft\u00ae Windows\u00ae Operating System",
                            "LogonGuid": "C784477D-051D-62FE-0732-040000000000",
                            "EventID": "1",
                            "ProcessGuid": "C784477D-066E-62FE-460A-000000004700",
                            "CommandLine": "C:\\Windows\\system32\\net1  stop dnscache",
                            "ParentCommandLine": "net  stop dnscache",
                            "ProcessId": "6760",
                            "FileVersion": "10.0.17134.1 (WinBuild.160101.0800)",
                            "Company": "Microsoft Corporation"
                        }
                    },
                    {
                        "values": {
                            "RuleName": "-",
                            "CurrentDirectory": "C:\\Program Files (x86)\\AutoIt3\\",
                            "LogonId": "274951",
                            "OriginalFileName": "net.exe",
                            "UtcTime": "2022-08-18 09:29:18.742",
                            "Description": "Net Command",
                            "User": "DESKTOP-B0T93D6\\george",
                            "Hashes": "MD5=DD0561156F62BC1958CE0E370B23711B,SHA256=FD41D0261C6D22572DA448BCB5CBBB98F78A2922D1F1074D25237CC82C8CE432,IMPHASH=86350518EAE83E4A09BBF6317BA1C570",
                            "ParentImage": "C:\\Windows\\SysWOW64\\cmd.exe",
                            "IntegrityLevel": "High",
                            "TerminalSessionId": "1",
                            "Image": "C:\\Windows\\SysWOW64\\net.exe",
                            "ParentProcessId": "6792",
                            "ParentProcessGuid": "C784477D-066E-62FE-480A-000000004700",
                            "Product": "Microsoft\u00ae Windows\u00ae Operating System",
                            "LogonGuid": "C784477D-051D-62FE-0732-040000000000",
                            "EventID": "1",
                            "ProcessGuid": "C784477D-066E-62FE-4C0A-000000004700",
                            "CommandLine": "net  stop sedsvc",
                            "ParentCommandLine": "C:\\Windows\\system32\\cmd.exe /c net stop sedsvc",
                            "ProcessId": "6920",
                            "FileVersion": "10.0.17134.1 (WinBuild.160101.0800)",
                            "Company": "Microsoft Corporation"
                        }
                    },
                    {
                        "values": {
                            "RuleName": "-",
                            "CurrentDirectory": "C:\\Program Files (x86)\\AutoIt3\\",
                            "LogonId": "274951",
                            "OriginalFileName": "net1.exe",
                            "UtcTime": "2022-08-18 09:29:18.752",
                            "Description": "Net Command",
                            "User": "DESKTOP-B0T93D6\\george",
                            "Hashes": "MD5=B5A26C2BF17222E86B91D26F1247AF3E,SHA256=14CC5BE4C833ACC652195DEAD113E1C3B4AC0B98EA1AEAD11957836F9AE721CF,IMPHASH=3D3E7537BD3BA07738DC5CA8AD01B073",
                            "ParentImage": "C:\\Windows\\SysWOW64\\net.exe",
                            "IntegrityLevel": "High",
                            "TerminalSessionId": "1",
                            "Image": "C:\\Windows\\SysWOW64\\net1.exe",
                            "ParentProcessId": "6920",
                            "ParentProcessGuid": "C784477D-066E-62FE-4C0A-000000004700",
                            "Product": "Microsoft\u00ae Windows\u00ae Operating System",
                            "LogonGuid": "C784477D-051D-62FE-0732-040000000000",
                            "EventID": "1",
                            "ProcessGuid": "C784477D-066E-62FE-4D0A-000000004700",
                            "CommandLine": "C:\\Windows\\system32\\net1  stop sedsvc",
                            "ParentCommandLine": "net  stop sedsvc",
                            "ProcessId": "6968",
                            "FileVersion": "10.0.17134.1 (WinBuild.160101.0800)",
                            "Company": "Microsoft Corporation"
                        }
                    },
                    {
                        "values": {
                            "RuleName": "-",
                            "CurrentDirectory": "C:\\Program Files (x86)\\AutoIt3\\",
                            "LogonId": "274951",
                            "OriginalFileName": "net.exe",
                            "UtcTime": "2022-08-18 09:29:18.814",
                            "Description": "Net Command",
                            "User": "DESKTOP-B0T93D6\\george",
                            "Hashes": "MD5=DD0561156F62BC1958CE0E370B23711B,SHA256=FD41D0261C6D22572DA448BCB5CBBB98F78A2922D1F1074D25237CC82C8CE432,IMPHASH=86350518EAE83E4A09BBF6317BA1C570",
                            "ParentImage": "C:\\Windows\\SysWOW64\\cmd.exe",
                            "IntegrityLevel": "High",
                            "TerminalSessionId": "1",
                            "Image": "C:\\Windows\\SysWOW64\\net.exe",
                            "ParentProcessId": "7128",
                            "ParentProcessGuid": "C784477D-066E-62FE-4F0A-000000004700",
                            "Product": "Microsoft\u00ae Windows\u00ae Operating System",
                            "LogonGuid": "C784477D-051D-62FE-0732-040000000000",
                            "EventID": "1",
                            "ProcessGuid": "C784477D-066E-62FE-540A-000000004700",
                            "CommandLine": "net  stop PcaSvc",
                            "ParentCommandLine": "C:\\Windows\\system32\\cmd.exe /c net stop PcaSvc",
                            "ProcessId": "6460",
                            "FileVersion": "10.0.17134.1 (WinBuild.160101.0800)",
                            "Company": "Microsoft Corporation"
                        }
                    },
                    {
                        "values": {
                            "RuleName": "-",
                            "CurrentDirectory": "C:\\Program Files (x86)\\AutoIt3\\",
                            "LogonId": "274951",
                            "OriginalFileName": "net1.exe",
                            "UtcTime": "2022-08-18 09:29:18.823",
                            "Description": "Net Command",
                            "User": "DESKTOP-B0T93D6\\george",
                            "Hashes": "MD5=B5A26C2BF17222E86B91D26F1247AF3E,SHA256=14CC5BE4C833ACC652195DEAD113E1C3B4AC0B98EA1AEAD11957836F9AE721CF,IMPHASH=3D3E7537BD3BA07738DC5CA8AD01B073",
                            "ParentImage": "C:\\Windows\\SysWOW64\\net.exe",
                            "IntegrityLevel": "High",
                            "TerminalSessionId": "1",
                            "Image": "C:\\Windows\\SysWOW64\\net1.exe",
                            "ParentProcessId": "6460",
                            "ParentProcessGuid": "C784477D-066E-62FE-540A-000000004700",
                            "Product": "Microsoft\u00ae Windows\u00ae Operating System",
                            "LogonGuid": "C784477D-051D-62FE-0732-040000000000",
                            "EventID": "1",
                            "ProcessGuid": "C784477D-066E-62FE-550A-000000004700",
                            "CommandLine": "C:\\Windows\\system32\\net1  stop PcaSvc",
                            "ParentCommandLine": "net  stop PcaSvc",
                            "ProcessId": "4140",
                            "FileVersion": "10.0.17134.1 (WinBuild.160101.0800)",
                            "Company": "Microsoft Corporation"
                        }
                    },
                    {
                        "values": {
                            "RuleName": "-",
                            "CurrentDirectory": "C:\\Program Files (x86)\\AutoIt3\\",
                            "LogonId": "274951",
                            "OriginalFileName": "net.exe",
                            "UtcTime": "2022-08-18 09:29:18.896",
                            "Description": "Net Command",
                            "User": "DESKTOP-B0T93D6\\george",
                            "Hashes": "MD5=DD0561156F62BC1958CE0E370B23711B,SHA256=FD41D0261C6D22572DA448BCB5CBBB98F78A2922D1F1074D25237CC82C8CE432,IMPHASH=86350518EAE83E4A09BBF6317BA1C570",
                            "ParentImage": "C:\\Windows\\SysWOW64\\cmd.exe",
                            "IntegrityLevel": "High",
                            "TerminalSessionId": "1",
                            "Image": "C:\\Windows\\SysWOW64\\net.exe",
                            "ParentProcessId": "1408",
                            "ParentProcessGuid": "C784477D-066E-62FE-560A-000000004700",
                            "Product": "Microsoft\u00ae Windows\u00ae Operating System",
                            "LogonGuid": "C784477D-051D-62FE-0732-040000000000",
                            "EventID": "1",
                            "ProcessGuid": "C784477D-066E-62FE-5C0A-000000004700",
                            "CommandLine": "net  stop \"OneDrive Updater Service\"",
                            "ParentCommandLine": "C:\\Windows\\system32\\cmd.exe /c net stop \"OneDrive Updater Service\"",
                            "ProcessId": "3852",
                            "FileVersion": "10.0.17134.1 (WinBuild.160101.0800)",
                            "Company": "Microsoft Corporation"
                        }
                    },
                    {
                        "values": {
                            "RuleName": "-",
                            "CurrentDirectory": "C:\\Program Files (x86)\\AutoIt3\\",
                            "LogonId": "274951",
                            "OriginalFileName": "net.exe",
                            "UtcTime": "2022-08-18 09:29:18.897",
                            "Description": "Net Command",
                            "User": "DESKTOP-B0T93D6\\george",
                            "Hashes": "MD5=DD0561156F62BC1958CE0E370B23711B,SHA256=FD41D0261C6D22572DA448BCB5CBBB98F78A2922D1F1074D25237CC82C8CE432,IMPHASH=86350518EAE83E4A09BBF6317BA1C570",
                            "ParentImage": "C:\\Windows\\SysWOW64\\cmd.exe",
                            "IntegrityLevel": "High",
                            "TerminalSessionId": "1",
                            "Image": "C:\\Windows\\SysWOW64\\net.exe",
                            "ParentProcessId": "7156",
                            "ParentProcessGuid": "C784477D-066E-62FE-580A-000000004700",
                            "Product": "Microsoft\u00ae Windows\u00ae Operating System",
                            "LogonGuid": "C784477D-051D-62FE-0732-040000000000",
                            "EventID": "1",
                            "ProcessGuid": "C784477D-066E-62FE-5D0A-000000004700",
                            "CommandLine": "net  stop sppsvc",
                            "ParentCommandLine": "C:\\Windows\\system32\\cmd.exe /c net stop sppsvc",
                            "ProcessId": "5052",
                            "FileVersion": "10.0.17134.1 (WinBuild.160101.0800)",
                            "Company": "Microsoft Corporation"
                        }
                    },
                    {
                        "values": {
                            "RuleName": "-",
                            "CurrentDirectory": "C:\\Program Files (x86)\\AutoIt3\\",
                            "LogonId": "274951",
                            "OriginalFileName": "net1.exe",
                            "UtcTime": "2022-08-18 09:29:18.906",
                            "Description": "Net Command",
                            "User": "DESKTOP-B0T93D6\\george",
                            "Hashes": "MD5=B5A26C2BF17222E86B91D26F1247AF3E,SHA256=14CC5BE4C833ACC652195DEAD113E1C3B4AC0B98EA1AEAD11957836F9AE721CF,IMPHASH=3D3E7537BD3BA07738DC5CA8AD01B073",
                            "ParentImage": "C:\\Windows\\SysWOW64\\net.exe",
                            "IntegrityLevel": "High",
                            "TerminalSessionId": "1",
                            "Image": "C:\\Windows\\SysWOW64\\net1.exe",
                            "ParentProcessId": "3852",
                            "ParentProcessGuid": "C784477D-066E-62FE-5C0A-000000004700",
                            "Product": "Microsoft\u00ae Windows\u00ae Operating System",
                            "LogonGuid": "C784477D-051D-62FE-0732-040000000000",
                            "EventID": "1",
                            "ProcessGuid": "C784477D-066E-62FE-5F0A-000000004700",
                            "CommandLine": "C:\\Windows\\system32\\net1  stop \"OneDrive Updater Service\"",
                            "ParentCommandLine": "net  stop \"OneDrive Updater Service\"",
                            "ProcessId": "6012",
                            "FileVersion": "10.0.17134.1 (WinBuild.160101.0800)",
                            "Company": "Microsoft Corporation"
                        }
                    },
